[0.022s] Invoking command in '/root/research-1/build/mymsg': CMAKE_PREFIX_PATH=${CMAKE_PREFIX_PATH}:/root/research-1/install/chaser_navigation_system:/root/Pose_waypointmaker/install/tf2_pifpaf:/root/Pose_waypointmaker/install/ros2_pifpaf:/root/Pose_waypointmaker/install/pifpaf_navi:/root/sirius/sirius_ws/install/turtlebot3_teleop:/root/sirius/sirius_ws/install/turtlebot3_example:/opt/ros/foxy /usr/bin/cmake --build /root/research-1/build/mymsg -- -j12 -l12
[0.090s] [  1%] Built target mymsg__cpp
[0.093s] [ 12%] Built target mymsg__rosidl_generator_c
[0.126s] [ 23%] Built target mymsg__rosidl_typesupport_cpp
[0.127s] [ 34%] Built target mymsg__rosidl_typesupport_c
[0.127s] [ 45%] Built target mymsg__rosidl_typesupport_introspection_cpp
[0.128s] [ 56%] Built target mymsg__rosidl_typesupport_introspection_c
[0.132s] [ 67%] Built target mymsg__rosidl_typesupport_fastrtps_cpp
[0.169s] [ 78%] Built target mymsg__rosidl_typesupport_fastrtps_c
[0.195s] [ 78%] Built target mymsg
[0.223s] [ 80%] Built target mymsg__py
[0.260s] [ 89%] Built target mymsg__python
[0.296s] [100%] Built target mymsg__rosidl_typesupport_c__pyext
[0.296s] [100%] Built target mymsg__rosidl_typesupport_introspection_c__pyext
[0.296s] [100%] Built target mymsg__rosidl_typesupport_fastrtps_c__pyext
[0.311s] Invoked command in '/root/research-1/build/mymsg' returned '0': CMAKE_PREFIX_PATH=${CMAKE_PREFIX_PATH}:/root/research-1/install/chaser_navigation_system:/root/Pose_waypointmaker/install/tf2_pifpaf:/root/Pose_waypointmaker/install/ros2_pifpaf:/root/Pose_waypointmaker/install/pifpaf_navi:/root/sirius/sirius_ws/install/turtlebot3_teleop:/root/sirius/sirius_ws/install/turtlebot3_example:/opt/ros/foxy /usr/bin/cmake --build /root/research-1/build/mymsg -- -j12 -l12
[0.510s] Invoking command in '/root/research-1/build/mymsg': CMAKE_PREFIX_PATH=${CMAKE_PREFIX_PATH}:/root/research-1/install/chaser_navigation_system:/root/Pose_waypointmaker/install/tf2_pifpaf:/root/Pose_waypointmaker/install/ros2_pifpaf:/root/Pose_waypointmaker/install/pifpaf_navi:/root/sirius/sirius_ws/install/turtlebot3_teleop:/root/sirius/sirius_ws/install/turtlebot3_example:/opt/ros/foxy /usr/bin/cmake --install /root/research-1/build/mymsg
[0.523s] -- Install configuration: ""
[0.524s] -- Execute custom install script
[0.524s] -- Up-to-date symlink: /root/research-1/install/mymsg/share/ament_index/resource_index/rosidl_interfaces/mymsg
[0.525s] -- Up-to-date symlink: /root/research-1/install/mymsg/include/mymsg/msg/detail/multi_transform__functions.h
[0.525s] -- Up-to-date symlink: /root/research-1/install/mymsg/include/mymsg/msg/detail/multi_transform__struct.h
[0.525s] -- Up-to-date symlink: /root/research-1/install/mymsg/include/mymsg/msg/detail/multi_transform__type_support.h
[0.526s] -- Up-to-date symlink: /root/research-1/install/mymsg/include/mymsg/msg/detail/pose__functions.h
[0.526s] -- Up-to-date symlink: /root/research-1/install/mymsg/include/mymsg/msg/detail/pose__struct.h
[0.526s] -- Up-to-date symlink: /root/research-1/install/mymsg/include/mymsg/msg/detail/pose__type_support.h
[0.526s] -- Up-to-date symlink: /root/research-1/install/mymsg/include/mymsg/msg/detail/poses__functions.h
[0.526s] -- Up-to-date symlink: /root/research-1/install/mymsg/include/mymsg/msg/detail/poses__struct.h
[0.527s] -- Up-to-date symlink: /root/research-1/install/mymsg/include/mymsg/msg/detail/poses__type_support.h
[0.527s] -- Up-to-date symlink: /root/research-1/install/mymsg/include/mymsg/msg/detail/transform__functions.h
[0.527s] -- Up-to-date symlink: /root/research-1/install/mymsg/include/mymsg/msg/detail/transform__struct.h
[0.527s] -- Up-to-date symlink: /root/research-1/install/mymsg/include/mymsg/msg/detail/transform__type_support.h
[0.527s] -- Up-to-date symlink: /root/research-1/install/mymsg/include/mymsg/msg/multi_transform.h
[0.527s] -- Up-to-date symlink: /root/research-1/install/mymsg/include/mymsg/msg/pose.h
[0.528s] -- Up-to-date symlink: /root/research-1/install/mymsg/include/mymsg/msg/poses.h
[0.528s] -- Up-to-date symlink: /root/research-1/install/mymsg/include/mymsg/msg/rosidl_generator_c__visibility_control.h
[0.528s] -- Up-to-date symlink: /root/research-1/install/mymsg/include/mymsg/msg/transform.h
[0.528s] -- Up-to-date symlink: /root/research-1/install/mymsg/share/mymsg/environment/library_path.sh
[0.528s] -- Up-to-date symlink: /root/research-1/install/mymsg/share/mymsg/environment/library_path.dsv
[0.529s] -- Up-to-date symlink: /root/research-1/install/mymsg/include/mymsg/msg/detail/multi_transform__rosidl_typesupport_fastrtps_c.h
[0.529s] -- Up-to-date symlink: /root/research-1/install/mymsg/include/mymsg/msg/detail/pose__rosidl_typesupport_fastrtps_c.h
[0.529s] -- Up-to-date symlink: /root/research-1/install/mymsg/include/mymsg/msg/detail/poses__rosidl_typesupport_fastrtps_c.h
[0.530s] -- Up-to-date symlink: /root/research-1/install/mymsg/include/mymsg/msg/detail/transform__rosidl_typesupport_fastrtps_c.h
[0.530s] -- Up-to-date symlink: /root/research-1/install/mymsg/include/mymsg/msg/rosidl_typesupport_fastrtps_c__visibility_control.h
[0.530s] -- Up-to-date symlink: /root/research-1/install/mymsg/lib/libmymsg__rosidl_typesupport_fastrtps_c.so
[0.531s] -- Up-to-date symlink: /root/research-1/install/mymsg/include/mymsg/msg/detail/multi_transform__rosidl_typesupport_fastrtps_cpp.hpp
[0.531s] -- Up-to-date symlink: /root/research-1/install/mymsg/include/mymsg/msg/detail/pose__rosidl_typesupport_fastrtps_cpp.hpp
[0.531s] -- Up-to-date symlink: /root/research-1/install/mymsg/include/mymsg/msg/detail/poses__rosidl_typesupport_fastrtps_cpp.hpp
[0.531s] -- Up-to-date symlink: /root/research-1/install/mymsg/include/mymsg/msg/detail/transform__rosidl_typesupport_fastrtps_cpp.hpp
[0.532s] -- Up-to-date symlink: /root/research-1/install/mymsg/include/mymsg/msg/rosidl_typesupport_fastrtps_cpp__visibility_control.h
[0.532s] -- Up-to-date symlink: /root/research-1/install/mymsg/lib/libmymsg__rosidl_typesupport_fastrtps_cpp.so
[0.532s] -- Up-to-date symlink: /root/research-1/install/mymsg/include/mymsg/msg/detail/multi_transform__rosidl_typesupport_introspection_c.h
[0.533s] -- Up-to-date symlink: /root/research-1/install/mymsg/include/mymsg/msg/detail/pose__rosidl_typesupport_introspection_c.h
[0.533s] -- Up-to-date symlink: /root/research-1/install/mymsg/include/mymsg/msg/detail/poses__rosidl_typesupport_introspection_c.h
[0.533s] -- Up-to-date symlink: /root/research-1/install/mymsg/include/mymsg/msg/detail/transform__rosidl_typesupport_introspection_c.h
[0.533s] -- Up-to-date symlink: /root/research-1/install/mymsg/include/mymsg/msg/rosidl_typesupport_introspection_c__visibility_control.h
[0.534s] -- Up-to-date symlink: /root/research-1/install/mymsg/include/mymsg/msg/detail/multi_transform__builder.hpp
[0.534s] -- Up-to-date symlink: /root/research-1/install/mymsg/include/mymsg/msg/detail/multi_transform__struct.hpp
[0.534s] -- Up-to-date symlink: /root/research-1/install/mymsg/include/mymsg/msg/detail/multi_transform__traits.hpp
[0.534s] -- Up-to-date symlink: /root/research-1/install/mymsg/include/mymsg/msg/detail/pose__builder.hpp
[0.534s] -- Up-to-date symlink: /root/research-1/install/mymsg/include/mymsg/msg/detail/pose__struct.hpp
[0.535s] -- Up-to-date symlink: /root/research-1/install/mymsg/include/mymsg/msg/detail/pose__traits.hpp
[0.535s] -- Up-to-date symlink: /root/research-1/install/mymsg/include/mymsg/msg/detail/poses__builder.hpp
[0.535s] -- Up-to-date symlink: /root/research-1/install/mymsg/include/mymsg/msg/detail/poses__struct.hpp
[0.535s] -- Up-to-date symlink: /root/research-1/install/mymsg/include/mymsg/msg/detail/poses__traits.hpp
[0.536s] -- Up-to-date symlink: /root/research-1/install/mymsg/include/mymsg/msg/detail/transform__builder.hpp
[0.536s] -- Up-to-date symlink: /root/research-1/install/mymsg/include/mymsg/msg/detail/transform__struct.hpp
[0.536s] -- Up-to-date symlink: /root/research-1/install/mymsg/include/mymsg/msg/detail/transform__traits.hpp
[0.536s] -- Up-to-date symlink: /root/research-1/install/mymsg/include/mymsg/msg/multi_transform.hpp
[0.536s] -- Up-to-date symlink: /root/research-1/install/mymsg/include/mymsg/msg/pose.hpp
[0.536s] -- Up-to-date symlink: /root/research-1/install/mymsg/include/mymsg/msg/poses.hpp
[0.537s] -- Up-to-date symlink: /root/research-1/install/mymsg/include/mymsg/msg/transform.hpp
[0.537s] -- Up-to-date symlink: /root/research-1/install/mymsg/include/mymsg/msg/detail/multi_transform__rosidl_typesupport_introspection_cpp.hpp
[0.537s] -- Up-to-date symlink: /root/research-1/install/mymsg/include/mymsg/msg/detail/pose__rosidl_typesupport_introspection_cpp.hpp
[0.537s] -- Up-to-date symlink: /root/research-1/install/mymsg/include/mymsg/msg/detail/poses__rosidl_typesupport_introspection_cpp.hpp
[0.538s] -- Up-to-date symlink: /root/research-1/install/mymsg/include/mymsg/msg/detail/transform__rosidl_typesupport_introspection_cpp.hpp
[0.538s] -- Up-to-date symlink: /root/research-1/install/mymsg/share/mymsg/environment/pythonpath.sh
[0.538s] -- Up-to-date symlink: /root/research-1/install/mymsg/share/mymsg/environment/pythonpath.dsv
[0.538s] -- Up-to-date symlink: /root/research-1/install/mymsg/lib/python3.8/site-packages/mymsg/__init__.py
[0.539s] -- Up-to-date symlink: /root/research-1/install/mymsg/lib/python3.8/site-packages/mymsg/msg/__init__.py
[0.539s] -- Up-to-date symlink: /root/research-1/install/mymsg/lib/python3.8/site-packages/mymsg/msg/_multi_transform.py
[0.539s] -- Up-to-date symlink: /root/research-1/install/mymsg/lib/python3.8/site-packages/mymsg/msg/_pose.py
[0.539s] -- Up-to-date symlink: /root/research-1/install/mymsg/lib/python3.8/site-packages/mymsg/msg/_poses.py
[0.540s] -- Up-to-date symlink: /root/research-1/install/mymsg/lib/python3.8/site-packages/mymsg/msg/_transform.py
[0.540s] -- Up-to-date symlink: /root/research-1/install/mymsg/lib/python3.8/site-packages/mymsg/mymsg_s__rosidl_typesupport_fastrtps_c.cpython-38-x86_64-linux-gnu.so
[0.540s] -- Up-to-date symlink: /root/research-1/install/mymsg/lib/python3.8/site-packages/mymsg/mymsg_s__rosidl_typesupport_introspection_c.cpython-38-x86_64-linux-gnu.so
[0.541s] -- Up-to-date symlink: /root/research-1/install/mymsg/lib/python3.8/site-packages/mymsg/mymsg_s__rosidl_typesupport_c.cpython-38-x86_64-linux-gnu.so
[0.541s] -- Up-to-date symlink: /root/research-1/install/mymsg/lib/libmymsg__python.so
[0.541s] -- Up-to-date symlink: /root/research-1/install/mymsg/share/mymsg/msg/Pose.idl
[0.541s] -- Up-to-date symlink: /root/research-1/install/mymsg/share/mymsg/msg/Poses.idl
[0.542s] -- Up-to-date symlink: /root/research-1/install/mymsg/share/mymsg/msg/Transform.idl
[0.542s] -- Up-to-date symlink: /root/research-1/install/mymsg/share/mymsg/msg/MultiTransform.idl
[0.542s] -- Up-to-date symlink: /root/research-1/install/mymsg/share/mymsg/msg/Pose.msg
[0.542s] -- Up-to-date symlink: /root/research-1/install/mymsg/share/mymsg/msg/Poses.msg
[0.543s] -- Up-to-date symlink: /root/research-1/install/mymsg/share/mymsg/msg/Transform.msg
[0.543s] -- Up-to-date symlink: /root/research-1/install/mymsg/share/mymsg/msg/MultiTransform.msg
[0.543s] -- Up-to-date symlink: /root/research-1/install/mymsg/share/ament_index/resource_index/package_run_dependencies/mymsg
[0.543s] -- Up-to-date symlink: /root/research-1/install/mymsg/share/ament_index/resource_index/parent_prefix_path/mymsg
[0.544s] -- Up-to-date symlink: /root/research-1/install/mymsg/share/mymsg/environment/ament_prefix_path.sh
[0.544s] -- Up-to-date symlink: /root/research-1/install/mymsg/share/mymsg/environment/ament_prefix_path.dsv
[0.544s] -- Up-to-date symlink: /root/research-1/install/mymsg/share/mymsg/environment/path.sh
[0.544s] -- Up-to-date symlink: /root/research-1/install/mymsg/share/mymsg/environment/path.dsv
[0.545s] -- Up-to-date symlink: /root/research-1/install/mymsg/share/mymsg/local_setup.bash
[0.545s] -- Up-to-date symlink: /root/research-1/install/mymsg/share/mymsg/local_setup.sh
[0.545s] -- Up-to-date symlink: /root/research-1/install/mymsg/share/mymsg/local_setup.zsh
[0.545s] -- Up-to-date symlink: /root/research-1/install/mymsg/share/mymsg/local_setup.dsv
[0.545s] -- Symlinking: /root/research-1/install/mymsg/share/mymsg/package.dsv
[0.557s] -- Up-to-date symlink: /root/research-1/install/mymsg/share/ament_index/resource_index/packages/mymsg
[0.557s] -- Up-to-date symlink: /root/research-1/install/mymsg/share/mymsg/cmake/rosidl_cmake-extras.cmake
[0.557s] -- Up-to-date symlink: /root/research-1/install/mymsg/share/mymsg/cmake/ament_cmake_export_dependencies-extras.cmake
[0.557s] -- Up-to-date symlink: /root/research-1/install/mymsg/share/mymsg/cmake/ament_cmake_export_libraries-extras.cmake
[0.558s] -- Up-to-date symlink: /root/research-1/install/mymsg/share/mymsg/cmake/ament_cmake_export_targets-extras.cmake
[0.558s] -- Up-to-date symlink: /root/research-1/install/mymsg/share/mymsg/cmake/ament_cmake_export_include_directories-extras.cmake
[0.558s] -- Up-to-date symlink: /root/research-1/install/mymsg/share/mymsg/cmake/rosidl_cmake_export_typesupport_libraries-extras.cmake
[0.558s] -- Up-to-date symlink: /root/research-1/install/mymsg/share/mymsg/cmake/rosidl_cmake_export_typesupport_targets-extras.cmake
[0.558s] -- Up-to-date symlink: /root/research-1/install/mymsg/share/mymsg/cmake/mymsgConfig.cmake
[0.559s] -- Up-to-date symlink: /root/research-1/install/mymsg/share/mymsg/cmake/mymsgConfig-version.cmake
[0.559s] -- Up-to-date symlink: /root/research-1/install/mymsg/share/mymsg/package.xml
[0.559s] -- Up-to-date: /root/research-1/install/mymsg/lib/libmymsg__rosidl_generator_c.so
[0.560s] -- Up-to-date: /root/research-1/install/mymsg/lib/libmymsg__rosidl_typesupport_introspection_c.so
[0.560s] -- Up-to-date: /root/research-1/install/mymsg/lib/libmymsg__rosidl_typesupport_c.so
[0.560s] -- Up-to-date: /root/research-1/install/mymsg/lib/libmymsg__rosidl_typesupport_introspection_cpp.so
[0.561s] -- Up-to-date: /root/research-1/install/mymsg/lib/libmymsg__rosidl_typesupport_cpp.so
[0.598s] -- Up-to-date: /root/research-1/install/mymsg/share/mymsg/cmake/mymsg__rosidl_generator_cExport.cmake
[0.598s] -- Up-to-date: /root/research-1/install/mymsg/share/mymsg/cmake/mymsg__rosidl_generator_cExport-noconfig.cmake
[0.599s] -- Up-to-date: /root/research-1/install/mymsg/share/mymsg/cmake/mymsg__rosidl_typesupport_introspection_cExport.cmake
[0.599s] -- Up-to-date: /root/research-1/install/mymsg/share/mymsg/cmake/mymsg__rosidl_typesupport_introspection_cExport-noconfig.cmake
[0.599s] -- Up-to-date: /root/research-1/install/mymsg/share/mymsg/cmake/mymsg__rosidl_typesupport_cExport.cmake
[0.599s] -- Up-to-date: /root/research-1/install/mymsg/share/mymsg/cmake/mymsg__rosidl_typesupport_cExport-noconfig.cmake
[0.599s] -- Up-to-date: /root/research-1/install/mymsg/share/mymsg/cmake/mymsg__rosidl_generator_cppExport.cmake
[0.600s] -- Up-to-date: /root/research-1/install/mymsg/share/mymsg/cmake/mymsg__rosidl_typesupport_introspection_cppExport.cmake
[0.600s] -- Up-to-date: /root/research-1/install/mymsg/share/mymsg/cmake/mymsg__rosidl_typesupport_introspection_cppExport-noconfig.cmake
[0.600s] -- Up-to-date: /root/research-1/install/mymsg/share/mymsg/cmake/mymsg__rosidl_typesupport_cppExport.cmake
[0.600s] -- Up-to-date: /root/research-1/install/mymsg/share/mymsg/cmake/mymsg__rosidl_typesupport_cppExport-noconfig.cmake
[0.602s] Invoked command in '/root/research-1/build/mymsg' returned '0': CMAKE_PREFIX_PATH=${CMAKE_PREFIX_PATH}:/root/research-1/install/chaser_navigation_system:/root/Pose_waypointmaker/install/tf2_pifpaf:/root/Pose_waypointmaker/install/ros2_pifpaf:/root/Pose_waypointmaker/install/pifpaf_navi:/root/sirius/sirius_ws/install/turtlebot3_teleop:/root/sirius/sirius_ws/install/turtlebot3_example:/opt/ros/foxy /usr/bin/cmake --install /root/research-1/build/mymsg
