[0.289s] Invoking command in '/root/research-1/build/mymsg': CMAKE_PREFIX_PATH=${CMAKE_PREFIX_PATH}:/root/chapter2/install/hello:/root/chapter2/install/happy_topic:/root/chapter2/install/happy_service:/root/chapter2/install/happy_pub_sub:/root/chapter2/install/bringme_service:/root/chapter2/install/happy_action:/root/chapter2/install/happy:/root/research_version_two/install/pose_chaser:/root/research-1/install/chaser_navigation_system:/root/Pose_waypointmaker/install/tf2_pifpaf:/root/Pose_waypointmaker/install/ros2_pifpaf:/root/Pose_waypointmaker/install/pifpaf_navi:/root/sirius/sirius_ws/install/turtlebot3_teleop:/root/sirius/sirius_ws/install/turtlebot3_example:/opt/ros/foxy /usr/bin/cmake --build /root/research-1/build/mymsg -- -j12 -l12
[0.379s] [  1%] Built target mymsg__cpp
[0.379s] [  1%] Built target mymsg__dds_connext_idl
[0.405s] [  8%] Built target mymsg__rosidl_generator_c
[0.425s] [ 14%] Built target mymsg__rosidl_typesupport_cpp
[0.425s] [ 21%] Built target mymsg__rosidl_typesupport_introspection_cpp
[0.437s] [ 27%] Built target mymsg__rosidl_typesupport_fastrtps_cpp
[0.449s] [ 37%] Built target mymsg__rosidl_typesupport_introspection_c
[0.449s] [ 40%] Built target mymsg__rosidl_typesupport_c
[0.490s] [ 46%] Built target mymsg__rosidl_typesupport_fastrtps_c
[0.495s] [ 66%] Built target mymsg__rosidl_typesupport_connext_cpp
[0.597s] [ 87%] Built target mymsg__rosidl_typesupport_connext_c
[0.638s] [ 87%] Built target mymsg
[0.678s] [ 88%] Built target mymsg__py
[0.726s] [ 93%] Built target mymsg__python
[0.776s] [ 96%] Built target mymsg__rosidl_typesupport_introspection_c__pyext
[0.777s] [ 98%] Built target mymsg__rosidl_typesupport_c__pyext
[0.777s] [ 98%] Built target mymsg__rosidl_typesupport_connext_c__pyext
[0.777s] [100%] Built target mymsg__rosidl_typesupport_fastrtps_c__pyext
[0.796s] Invoked command in '/root/research-1/build/mymsg' returned '0': CMAKE_PREFIX_PATH=${CMAKE_PREFIX_PATH}:/root/chapter2/install/hello:/root/chapter2/install/happy_topic:/root/chapter2/install/happy_service:/root/chapter2/install/happy_pub_sub:/root/chapter2/install/bringme_service:/root/chapter2/install/happy_action:/root/chapter2/install/happy:/root/research_version_two/install/pose_chaser:/root/research-1/install/chaser_navigation_system:/root/Pose_waypointmaker/install/tf2_pifpaf:/root/Pose_waypointmaker/install/ros2_pifpaf:/root/Pose_waypointmaker/install/pifpaf_navi:/root/sirius/sirius_ws/install/turtlebot3_teleop:/root/sirius/sirius_ws/install/turtlebot3_example:/opt/ros/foxy /usr/bin/cmake --build /root/research-1/build/mymsg -- -j12 -l12
[1.151s] Invoking command in '/root/research-1/build/mymsg': CMAKE_PREFIX_PATH=${CMAKE_PREFIX_PATH}:/root/chapter2/install/hello:/root/chapter2/install/happy_topic:/root/chapter2/install/happy_service:/root/chapter2/install/happy_pub_sub:/root/chapter2/install/bringme_service:/root/chapter2/install/happy_action:/root/chapter2/install/happy:/root/research_version_two/install/pose_chaser:/root/research-1/install/chaser_navigation_system:/root/Pose_waypointmaker/install/tf2_pifpaf:/root/Pose_waypointmaker/install/ros2_pifpaf:/root/Pose_waypointmaker/install/pifpaf_navi:/root/sirius/sirius_ws/install/turtlebot3_teleop:/root/sirius/sirius_ws/install/turtlebot3_example:/opt/ros/foxy /usr/bin/cmake --install /root/research-1/build/mymsg
[1.167s] -- Install configuration: ""
[1.167s] -- Up-to-date: /root/research-1/install/mymsg/share/ament_index/resource_index/rosidl_interfaces/mymsg
[1.167s] -- Up-to-date: /root/research-1/install/mymsg/include/mymsg
[1.168s] -- Up-to-date: /root/research-1/install/mymsg/include/mymsg/srv
[1.168s] -- Up-to-date: /root/research-1/install/mymsg/include/mymsg/srv/imagedata.h
[1.168s] -- Up-to-date: /root/research-1/install/mymsg/include/mymsg/srv/detail
[1.168s] -- Up-to-date: /root/research-1/install/mymsg/include/mymsg/srv/detail/imagedata__functions.c
[1.168s] -- Up-to-date: /root/research-1/install/mymsg/include/mymsg/srv/detail/imagedata__functions.h
[1.169s] -- Up-to-date: /root/research-1/install/mymsg/include/mymsg/srv/detail/imagedata__struct.h
[1.169s] -- Up-to-date: /root/research-1/install/mymsg/include/mymsg/srv/detail/imagedata__type_support.h
[1.169s] -- Up-to-date: /root/research-1/install/mymsg/include/mymsg/msg
[1.169s] -- Up-to-date: /root/research-1/install/mymsg/include/mymsg/msg/multi_transform.h
[1.169s] -- Up-to-date: /root/research-1/install/mymsg/include/mymsg/msg/rosidl_generator_c__visibility_control.h
[1.169s] -- Up-to-date: /root/research-1/install/mymsg/include/mymsg/msg/poses.h
[1.169s] -- Up-to-date: /root/research-1/install/mymsg/include/mymsg/msg/detail
[1.170s] -- Up-to-date: /root/research-1/install/mymsg/include/mymsg/msg/detail/multi_transform__type_support.h
[1.170s] -- Up-to-date: /root/research-1/install/mymsg/include/mymsg/msg/detail/pose__functions.h
[1.170s] -- Up-to-date: /root/research-1/install/mymsg/include/mymsg/msg/detail/multi_transform__functions.h
[1.170s] -- Up-to-date: /root/research-1/install/mymsg/include/mymsg/msg/detail/transform__functions.c
[1.170s] -- Up-to-date: /root/research-1/install/mymsg/include/mymsg/msg/detail/pose__struct.h
[1.171s] -- Up-to-date: /root/research-1/install/mymsg/include/mymsg/msg/detail/multi_transform__struct.h
[1.171s] -- Up-to-date: /root/research-1/install/mymsg/include/mymsg/msg/detail/pose__type_support.h
[1.171s] -- Up-to-date: /root/research-1/install/mymsg/include/mymsg/msg/detail/poses__type_support.h
[1.171s] -- Up-to-date: /root/research-1/install/mymsg/include/mymsg/msg/detail/transform__type_support.h
[1.171s] -- Up-to-date: /root/research-1/install/mymsg/include/mymsg/msg/detail/transform__struct.h
[1.171s] -- Up-to-date: /root/research-1/install/mymsg/include/mymsg/msg/detail/poses__functions.c
[1.171s] -- Up-to-date: /root/research-1/install/mymsg/include/mymsg/msg/detail/multi_transform__functions.c
[1.171s] -- Up-to-date: /root/research-1/install/mymsg/include/mymsg/msg/detail/transform__functions.h
[1.171s] -- Up-to-date: /root/research-1/install/mymsg/include/mymsg/msg/detail/poses__struct.h
[1.172s] -- Up-to-date: /root/research-1/install/mymsg/include/mymsg/msg/detail/pose__functions.c
[1.172s] -- Up-to-date: /root/research-1/install/mymsg/include/mymsg/msg/detail/poses__functions.h
[1.172s] -- Up-to-date: /root/research-1/install/mymsg/include/mymsg/msg/transform.h
[1.172s] -- Up-to-date: /root/research-1/install/mymsg/include/mymsg/msg/pose.h
[1.172s] -- Up-to-date: /root/research-1/install/mymsg/share/mymsg/environment/library_path.sh
[1.172s] -- Up-to-date: /root/research-1/install/mymsg/share/mymsg/environment/library_path.dsv
[1.172s] -- Up-to-date: /root/research-1/install/mymsg/lib/libmymsg__rosidl_generator_c.so
[1.172s] -- Up-to-date: /root/research-1/install/mymsg/include/mymsg
[1.173s] -- Up-to-date: /root/research-1/install/mymsg/include/mymsg/srv
[1.173s] -- Up-to-date: /root/research-1/install/mymsg/include/mymsg/srv/dds_connext
[1.173s] -- Up-to-date: /root/research-1/install/mymsg/include/mymsg/srv/imagedata__rosidl_typesupport_connext_c.h
[1.173s] -- Up-to-date: /root/research-1/install/mymsg/include/mymsg/msg
[1.174s] -- Up-to-date: /root/research-1/install/mymsg/include/mymsg/msg/rosidl_typesupport_connext_c__visibility_control.h
[1.174s] -- Up-to-date: /root/research-1/install/mymsg/include/mymsg/msg/pose__rosidl_typesupport_connext_c.h
[1.174s] -- Up-to-date: /root/research-1/install/mymsg/include/mymsg/msg/poses__rosidl_typesupport_connext_c.h
[1.174s] -- Up-to-date: /root/research-1/install/mymsg/include/mymsg/msg/multi_transform__rosidl_typesupport_connext_c.h
[1.174s] -- Up-to-date: /root/research-1/install/mymsg/include/mymsg/msg/dds_connext
[1.174s] -- Up-to-date: /root/research-1/install/mymsg/include/mymsg/msg/transform__rosidl_typesupport_connext_c.h
[1.174s] -- Up-to-date: /root/research-1/install/mymsg/lib/libmymsg__rosidl_typesupport_connext_c.so
[1.174s] -- Up-to-date: /root/research-1/install/mymsg/share/mymsg/msg/dds_connext
[1.175s] -- Up-to-date: /root/research-1/install/mymsg/share/mymsg/msg/dds_connext/Poses_.idl
[1.175s] -- Up-to-date: /root/research-1/install/mymsg/share/mymsg/msg/dds_connext/Pose_.idl
[1.175s] -- Up-to-date: /root/research-1/install/mymsg/share/mymsg/msg/dds_connext/MultiTransform_.idl
[1.175s] -- Up-to-date: /root/research-1/install/mymsg/share/mymsg/msg/dds_connext/Transform_.idl
[1.175s] -- Up-to-date: /root/research-1/install/mymsg/share/mymsg/srv/dds_connext
[1.175s] -- Up-to-date: /root/research-1/install/mymsg/share/mymsg/srv/dds_connext/Imagedata_.idl
[1.175s] -- Up-to-date: /root/research-1/install/mymsg/include/mymsg
[1.176s] -- Up-to-date: /root/research-1/install/mymsg/include/mymsg/srv
[1.176s] -- Up-to-date: /root/research-1/install/mymsg/include/mymsg/srv/imagedata__rosidl_typesupport_connext_cpp.hpp
[1.176s] -- Up-to-date: /root/research-1/install/mymsg/include/mymsg/srv/dds_connext
[1.176s] -- Up-to-date: /root/research-1/install/mymsg/include/mymsg/srv/dds_connext/Imagedata_.cxx
[1.176s] -- Up-to-date: /root/research-1/install/mymsg/include/mymsg/srv/dds_connext/Imagedata_Support.h
[1.176s] -- Up-to-date: /root/research-1/install/mymsg/include/mymsg/srv/dds_connext/Imagedata_Plugin.cxx
[1.176s] -- Up-to-date: /root/research-1/install/mymsg/include/mymsg/srv/dds_connext/Imagedata_.h
[1.176s] -- Up-to-date: /root/research-1/install/mymsg/include/mymsg/srv/dds_connext/Imagedata_Plugin.h
[1.177s] -- Up-to-date: /root/research-1/install/mymsg/include/mymsg/srv/dds_connext/Imagedata_Support.cxx
[1.177s] -- Up-to-date: /root/research-1/install/mymsg/include/mymsg/msg
[1.177s] -- Up-to-date: /root/research-1/install/mymsg/include/mymsg/msg/rosidl_typesupport_connext_cpp__visibility_control.h
[1.177s] -- Up-to-date: /root/research-1/install/mymsg/include/mymsg/msg/multi_transform__rosidl_typesupport_connext_cpp.hpp
[1.177s] -- Up-to-date: /root/research-1/install/mymsg/include/mymsg/msg/transform__rosidl_typesupport_connext_cpp.hpp
[1.177s] -- Up-to-date: /root/research-1/install/mymsg/include/mymsg/msg/dds_connext
[1.178s] -- Up-to-date: /root/research-1/install/mymsg/include/mymsg/msg/dds_connext/Transform_Support.cxx
[1.178s] -- Up-to-date: /root/research-1/install/mymsg/include/mymsg/msg/dds_connext/Transform_.cxx
[1.178s] -- Up-to-date: /root/research-1/install/mymsg/include/mymsg/msg/dds_connext/Poses_Plugin.cxx
[1.178s] -- Up-to-date: /root/research-1/install/mymsg/include/mymsg/msg/dds_connext/Poses_.h
[1.178s] -- Up-to-date: /root/research-1/install/mymsg/include/mymsg/msg/dds_connext/Pose_Support.h
[1.178s] -- Up-to-date: /root/research-1/install/mymsg/include/mymsg/msg/dds_connext/Transform_Support.h
[1.178s] -- Up-to-date: /root/research-1/install/mymsg/include/mymsg/msg/dds_connext/Transform_Plugin.h
[1.179s] -- Up-to-date: /root/research-1/install/mymsg/include/mymsg/msg/dds_connext/MultiTransform_Plugin.cxx
[1.179s] -- Up-to-date: /root/research-1/install/mymsg/include/mymsg/msg/dds_connext/Poses_Support.h
[1.179s] -- Up-to-date: /root/research-1/install/mymsg/include/mymsg/msg/dds_connext/Pose_.h
[1.179s] -- Up-to-date: /root/research-1/install/mymsg/include/mymsg/msg/dds_connext/Poses_.cxx
[1.179s] -- Up-to-date: /root/research-1/install/mymsg/include/mymsg/msg/dds_connext/Pose_Support.cxx
[1.179s] -- Up-to-date: /root/research-1/install/mymsg/include/mymsg/msg/dds_connext/Poses_Plugin.h
[1.180s] -- Up-to-date: /root/research-1/install/mymsg/include/mymsg/msg/dds_connext/Transform_Plugin.cxx
[1.180s] -- Up-to-date: /root/research-1/install/mymsg/include/mymsg/msg/dds_connext/MultiTransform_.h
[1.180s] -- Up-to-date: /root/research-1/install/mymsg/include/mymsg/msg/dds_connext/Pose_.cxx
[1.180s] -- Up-to-date: /root/research-1/install/mymsg/include/mymsg/msg/dds_connext/Transform_.h
[1.180s] -- Up-to-date: /root/research-1/install/mymsg/include/mymsg/msg/dds_connext/MultiTransform_.cxx
[1.180s] -- Up-to-date: /root/research-1/install/mymsg/include/mymsg/msg/dds_connext/Pose_Plugin.cxx
[1.180s] -- Up-to-date: /root/research-1/install/mymsg/include/mymsg/msg/dds_connext/Poses_Support.cxx
[1.181s] -- Up-to-date: /root/research-1/install/mymsg/include/mymsg/msg/dds_connext/MultiTransform_Support.cxx
[1.181s] -- Up-to-date: /root/research-1/install/mymsg/include/mymsg/msg/dds_connext/Pose_Plugin.h
[1.181s] -- Up-to-date: /root/research-1/install/mymsg/include/mymsg/msg/dds_connext/MultiTransform_Support.h
[1.181s] -- Up-to-date: /root/research-1/install/mymsg/include/mymsg/msg/dds_connext/MultiTransform_Plugin.h
[1.181s] -- Up-to-date: /root/research-1/install/mymsg/include/mymsg/msg/pose__rosidl_typesupport_connext_cpp.hpp
[1.181s] -- Up-to-date: /root/research-1/install/mymsg/include/mymsg/msg/poses__rosidl_typesupport_connext_cpp.hpp
[1.181s] -- Up-to-date: /root/research-1/install/mymsg/lib/libmymsg__rosidl_typesupport_connext_cpp.so
[1.182s] -- Up-to-date: /root/research-1/install/mymsg/include/mymsg
[1.182s] -- Up-to-date: /root/research-1/install/mymsg/include/mymsg/srv
[1.182s] -- Up-to-date: /root/research-1/install/mymsg/include/mymsg/srv/detail
[1.182s] -- Up-to-date: /root/research-1/install/mymsg/include/mymsg/srv/detail/imagedata__rosidl_typesupport_fastrtps_c.h
[1.182s] -- Up-to-date: /root/research-1/install/mymsg/include/mymsg/msg
[1.182s] -- Up-to-date: /root/research-1/install/mymsg/include/mymsg/msg/detail
[1.182s] -- Up-to-date: /root/research-1/install/mymsg/include/mymsg/msg/detail/poses__rosidl_typesupport_fastrtps_c.h
[1.183s] -- Up-to-date: /root/research-1/install/mymsg/include/mymsg/msg/detail/multi_transform__rosidl_typesupport_fastrtps_c.h
[1.183s] -- Up-to-date: /root/research-1/install/mymsg/include/mymsg/msg/detail/transform__rosidl_typesupport_fastrtps_c.h
[1.183s] -- Up-to-date: /root/research-1/install/mymsg/include/mymsg/msg/detail/pose__rosidl_typesupport_fastrtps_c.h
[1.183s] -- Up-to-date: /root/research-1/install/mymsg/include/mymsg/msg/rosidl_typesupport_fastrtps_c__visibility_control.h
[1.183s] -- Up-to-date: /root/research-1/install/mymsg/lib/libmymsg__rosidl_typesupport_fastrtps_c.so
[1.183s] -- Up-to-date: /root/research-1/install/mymsg/include/mymsg
[1.183s] -- Up-to-date: /root/research-1/install/mymsg/include/mymsg/srv
[1.184s] -- Up-to-date: /root/research-1/install/mymsg/include/mymsg/srv/detail
[1.184s] -- Up-to-date: /root/research-1/install/mymsg/include/mymsg/srv/detail/imagedata__rosidl_typesupport_fastrtps_cpp.hpp
[1.184s] -- Up-to-date: /root/research-1/install/mymsg/include/mymsg/srv/detail/dds_fastrtps
[1.184s] -- Up-to-date: /root/research-1/install/mymsg/include/mymsg/msg
[1.184s] -- Up-to-date: /root/research-1/install/mymsg/include/mymsg/msg/detail
[1.184s] -- Up-to-date: /root/research-1/install/mymsg/include/mymsg/msg/detail/multi_transform__rosidl_typesupport_fastrtps_cpp.hpp
[1.185s] -- Up-to-date: /root/research-1/install/mymsg/include/mymsg/msg/detail/pose__rosidl_typesupport_fastrtps_cpp.hpp
[1.185s] -- Up-to-date: /root/research-1/install/mymsg/include/mymsg/msg/detail/transform__rosidl_typesupport_fastrtps_cpp.hpp
[1.185s] -- Up-to-date: /root/research-1/install/mymsg/include/mymsg/msg/detail/poses__rosidl_typesupport_fastrtps_cpp.hpp
[1.185s] -- Up-to-date: /root/research-1/install/mymsg/include/mymsg/msg/detail/dds_fastrtps
[1.185s] -- Up-to-date: /root/research-1/install/mymsg/include/mymsg/msg/rosidl_typesupport_fastrtps_cpp__visibility_control.h
[1.185s] -- Up-to-date: /root/research-1/install/mymsg/lib/libmymsg__rosidl_typesupport_fastrtps_cpp.so
[1.185s] -- Up-to-date: /root/research-1/install/mymsg/include/mymsg
[1.187s] -- Up-to-date: /root/research-1/install/mymsg/include/mymsg/srv
[1.187s] -- Up-to-date: /root/research-1/install/mymsg/include/mymsg/srv/detail
[1.187s] -- Up-to-date: /root/research-1/install/mymsg/include/mymsg/srv/detail/imagedata__type_support.c
[1.187s] -- Up-to-date: /root/research-1/install/mymsg/include/mymsg/srv/detail/imagedata__rosidl_typesupport_introspection_c.h
[1.187s] -- Up-to-date: /root/research-1/install/mymsg/include/mymsg/msg
[1.187s] -- Up-to-date: /root/research-1/install/mymsg/include/mymsg/msg/detail
[1.187s] -- Up-to-date: /root/research-1/install/mymsg/include/mymsg/msg/detail/pose__rosidl_typesupport_introspection_c.h
[1.188s] -- Up-to-date: /root/research-1/install/mymsg/include/mymsg/msg/detail/transform__type_support.c
[1.188s] -- Up-to-date: /root/research-1/install/mymsg/include/mymsg/msg/detail/multi_transform__rosidl_typesupport_introspection_c.h
[1.188s] -- Up-to-date: /root/research-1/install/mymsg/include/mymsg/msg/detail/transform__rosidl_typesupport_introspection_c.h
[1.188s] -- Up-to-date: /root/research-1/install/mymsg/include/mymsg/msg/detail/multi_transform__type_support.c
[1.188s] -- Up-to-date: /root/research-1/install/mymsg/include/mymsg/msg/detail/poses__type_support.c
[1.188s] -- Up-to-date: /root/research-1/install/mymsg/include/mymsg/msg/detail/pose__type_support.c
[1.188s] -- Up-to-date: /root/research-1/install/mymsg/include/mymsg/msg/detail/poses__rosidl_typesupport_introspection_c.h
[1.188s] -- Up-to-date: /root/research-1/install/mymsg/include/mymsg/msg/rosidl_typesupport_introspection_c__visibility_control.h
[1.189s] -- Up-to-date: /root/research-1/install/mymsg/lib/libmymsg__rosidl_typesupport_introspection_c.so
[1.189s] -- Up-to-date: /root/research-1/install/mymsg/lib/libmymsg__rosidl_typesupport_c.so
[1.189s] -- Up-to-date: /root/research-1/install/mymsg/include/mymsg
[1.189s] -- Up-to-date: /root/research-1/install/mymsg/include/mymsg/srv
[1.189s] -- Up-to-date: /root/research-1/install/mymsg/include/mymsg/srv/detail
[1.189s] -- Up-to-date: /root/research-1/install/mymsg/include/mymsg/srv/detail/imagedata__traits.hpp
[1.189s] -- Up-to-date: /root/research-1/install/mymsg/include/mymsg/srv/detail/imagedata__builder.hpp
[1.189s] -- Up-to-date: /root/research-1/install/mymsg/include/mymsg/srv/detail/imagedata__struct.hpp
[1.190s] -- Up-to-date: /root/research-1/install/mymsg/include/mymsg/srv/imagedata.hpp
[1.190s] -- Up-to-date: /root/research-1/install/mymsg/include/mymsg/msg
[1.190s] -- Up-to-date: /root/research-1/install/mymsg/include/mymsg/msg/multi_transform.hpp
[1.190s] -- Up-to-date: /root/research-1/install/mymsg/include/mymsg/msg/transform.hpp
[1.190s] -- Up-to-date: /root/research-1/install/mymsg/include/mymsg/msg/detail
[1.190s] -- Up-to-date: /root/research-1/install/mymsg/include/mymsg/msg/detail/poses__struct.hpp
[1.190s] -- Up-to-date: /root/research-1/install/mymsg/include/mymsg/msg/detail/multi_transform__struct.hpp
[1.190s] -- Up-to-date: /root/research-1/install/mymsg/include/mymsg/msg/detail/multi_transform__traits.hpp
[1.190s] -- Up-to-date: /root/research-1/install/mymsg/include/mymsg/msg/detail/poses__builder.hpp
[1.191s] -- Up-to-date: /root/research-1/install/mymsg/include/mymsg/msg/detail/transform__struct.hpp
[1.191s] -- Up-to-date: /root/research-1/install/mymsg/include/mymsg/msg/detail/pose__struct.hpp
[1.191s] -- Up-to-date: /root/research-1/install/mymsg/include/mymsg/msg/detail/pose__traits.hpp
[1.191s] -- Up-to-date: /root/research-1/install/mymsg/include/mymsg/msg/detail/transform__traits.hpp
[1.191s] -- Up-to-date: /root/research-1/install/mymsg/include/mymsg/msg/detail/poses__traits.hpp
[1.191s] -- Up-to-date: /root/research-1/install/mymsg/include/mymsg/msg/detail/transform__builder.hpp
[1.191s] -- Up-to-date: /root/research-1/install/mymsg/include/mymsg/msg/detail/multi_transform__builder.hpp
[1.191s] -- Up-to-date: /root/research-1/install/mymsg/include/mymsg/msg/detail/pose__builder.hpp
[1.191s] -- Up-to-date: /root/research-1/install/mymsg/include/mymsg/msg/pose.hpp
[1.191s] -- Up-to-date: /root/research-1/install/mymsg/include/mymsg/msg/poses.hpp
[1.192s] -- Up-to-date: /root/research-1/install/mymsg/include/mymsg
[1.192s] -- Up-to-date: /root/research-1/install/mymsg/include/mymsg/srv
[1.192s] -- Up-to-date: /root/research-1/install/mymsg/include/mymsg/srv/detail
[1.192s] -- Up-to-date: /root/research-1/install/mymsg/include/mymsg/srv/detail/imagedata__rosidl_typesupport_introspection_cpp.hpp
[1.192s] -- Up-to-date: /root/research-1/install/mymsg/include/mymsg/srv/detail/imagedata__type_support.cpp
[1.192s] -- Up-to-date: /root/research-1/install/mymsg/include/mymsg/msg
[1.193s] -- Up-to-date: /root/research-1/install/mymsg/include/mymsg/msg/detail
[1.193s] -- Up-to-date: /root/research-1/install/mymsg/include/mymsg/msg/detail/poses__type_support.cpp
[1.193s] -- Up-to-date: /root/research-1/install/mymsg/include/mymsg/msg/detail/multi_transform__type_support.cpp
[1.193s] -- Up-to-date: /root/research-1/install/mymsg/include/mymsg/msg/detail/transform__type_support.cpp
[1.193s] -- Up-to-date: /root/research-1/install/mymsg/include/mymsg/msg/detail/pose__type_support.cpp
[1.193s] -- Up-to-date: /root/research-1/install/mymsg/include/mymsg/msg/detail/multi_transform__rosidl_typesupport_introspection_cpp.hpp
[1.193s] -- Up-to-date: /root/research-1/install/mymsg/include/mymsg/msg/detail/pose__rosidl_typesupport_introspection_cpp.hpp
[1.193s] -- Up-to-date: /root/research-1/install/mymsg/include/mymsg/msg/detail/transform__rosidl_typesupport_introspection_cpp.hpp
[1.193s] -- Up-to-date: /root/research-1/install/mymsg/include/mymsg/msg/detail/poses__rosidl_typesupport_introspection_cpp.hpp
[1.194s] -- Up-to-date: /root/research-1/install/mymsg/lib/libmymsg__rosidl_typesupport_introspection_cpp.so
[1.194s] -- Up-to-date: /root/research-1/install/mymsg/lib/libmymsg__rosidl_typesupport_cpp.so
[1.194s] -- Up-to-date: /root/research-1/install/mymsg/share/mymsg/environment/pythonpath.sh
[1.194s] -- Up-to-date: /root/research-1/install/mymsg/share/mymsg/environment/pythonpath.dsv
[1.194s] -- Up-to-date: /root/research-1/install/mymsg/lib/python3.8/site-packages/mymsg/__init__.py
[1.268s] -- Up-to-date: /root/research-1/install/mymsg/lib/python3.8/site-packages/mymsg/msg
[1.268s] -- Up-to-date: /root/research-1/install/mymsg/lib/python3.8/site-packages/mymsg/msg/_transform_s.c
[1.268s] -- Up-to-date: /root/research-1/install/mymsg/lib/python3.8/site-packages/mymsg/msg/_multi_transform_s.c
[1.268s] -- Up-to-date: /root/research-1/install/mymsg/lib/python3.8/site-packages/mymsg/msg/_pose_s.c
[1.269s] -- Up-to-date: /root/research-1/install/mymsg/lib/python3.8/site-packages/mymsg/msg/_transform.py
[1.269s] -- Up-to-date: /root/research-1/install/mymsg/lib/python3.8/site-packages/mymsg/msg/_poses_s.c
[1.269s] -- Up-to-date: /root/research-1/install/mymsg/lib/python3.8/site-packages/mymsg/msg/_poses.py
[1.269s] -- Up-to-date: /root/research-1/install/mymsg/lib/python3.8/site-packages/mymsg/msg/__init__.py
[1.269s] -- Up-to-date: /root/research-1/install/mymsg/lib/python3.8/site-packages/mymsg/msg/_pose.py
[1.269s] -- Up-to-date: /root/research-1/install/mymsg/lib/python3.8/site-packages/mymsg/msg/_multi_transform.py
[1.269s] -- Up-to-date: /root/research-1/install/mymsg/lib/python3.8/site-packages/mymsg/srv
[1.270s] -- Up-to-date: /root/research-1/install/mymsg/lib/python3.8/site-packages/mymsg/srv/_imagedata_s.c
[1.270s] -- Up-to-date: /root/research-1/install/mymsg/lib/python3.8/site-packages/mymsg/srv/_imagedata.py
[1.270s] -- Up-to-date: /root/research-1/install/mymsg/lib/python3.8/site-packages/mymsg/srv/__init__.py
[1.270s] -- Up-to-date: /root/research-1/install/mymsg/lib/python3.8/site-packages/mymsg/mymsg_s__rosidl_typesupport_connext_c.cpython-38-x86_64-linux-gnu.so
[1.271s] -- Up-to-date: /root/research-1/install/mymsg/lib/python3.8/site-packages/mymsg/mymsg_s__rosidl_typesupport_fastrtps_c.cpython-38-x86_64-linux-gnu.so
[1.272s] -- Up-to-date: /root/research-1/install/mymsg/lib/python3.8/site-packages/mymsg/mymsg_s__rosidl_typesupport_introspection_c.cpython-38-x86_64-linux-gnu.so
[1.273s] -- Up-to-date: /root/research-1/install/mymsg/lib/python3.8/site-packages/mymsg/mymsg_s__rosidl_typesupport_c.cpython-38-x86_64-linux-gnu.so
[1.275s] -- Up-to-date: /root/research-1/install/mymsg/lib/libmymsg__python.so
[1.275s] -- Up-to-date: /root/research-1/install/mymsg/share/mymsg/msg/Pose.idl
[1.275s] -- Up-to-date: /root/research-1/install/mymsg/share/mymsg/msg/Poses.idl
[1.275s] -- Up-to-date: /root/research-1/install/mymsg/share/mymsg/msg/Transform.idl
[1.275s] -- Up-to-date: /root/research-1/install/mymsg/share/mymsg/msg/MultiTransform.idl
[1.276s] -- Up-to-date: /root/research-1/install/mymsg/share/mymsg/srv/Imagedata.idl
[1.276s] -- Up-to-date: /root/research-1/install/mymsg/share/mymsg/msg/Pose.msg
[1.276s] -- Up-to-date: /root/research-1/install/mymsg/share/mymsg/msg/Poses.msg
[1.276s] -- Up-to-date: /root/research-1/install/mymsg/share/mymsg/msg/Transform.msg
[1.276s] -- Up-to-date: /root/research-1/install/mymsg/share/mymsg/msg/MultiTransform.msg
[1.276s] -- Up-to-date: /root/research-1/install/mymsg/share/mymsg/srv/Imagedata.srv
[1.276s] -- Up-to-date: /root/research-1/install/mymsg/share/mymsg/srv/Imagedata_Request.msg
[1.277s] -- Up-to-date: /root/research-1/install/mymsg/share/mymsg/srv/Imagedata_Response.msg
[1.277s] -- Up-to-date: /root/research-1/install/mymsg/share/ament_index/resource_index/package_run_dependencies/mymsg
[1.277s] -- Up-to-date: /root/research-1/install/mymsg/share/ament_index/resource_index/parent_prefix_path/mymsg
[1.277s] -- Up-to-date: /root/research-1/install/mymsg/share/mymsg/environment/ament_prefix_path.sh
[1.277s] -- Up-to-date: /root/research-1/install/mymsg/share/mymsg/environment/ament_prefix_path.dsv
[1.277s] -- Up-to-date: /root/research-1/install/mymsg/share/mymsg/environment/path.sh
[1.278s] -- Up-to-date: /root/research-1/install/mymsg/share/mymsg/environment/path.dsv
[1.278s] -- Up-to-date: /root/research-1/install/mymsg/share/mymsg/local_setup.bash
[1.278s] -- Up-to-date: /root/research-1/install/mymsg/share/mymsg/local_setup.sh
[1.278s] -- Up-to-date: /root/research-1/install/mymsg/share/mymsg/local_setup.zsh
[1.278s] -- Up-to-date: /root/research-1/install/mymsg/share/mymsg/local_setup.dsv
[1.278s] -- Installing: /root/research-1/install/mymsg/share/mymsg/package.dsv
[1.278s] -- Up-to-date: /root/research-1/install/mymsg/share/ament_index/resource_index/packages/mymsg
[1.278s] -- Up-to-date: /root/research-1/install/mymsg/share/mymsg/cmake/mymsg__rosidl_generator_cExport.cmake
[1.278s] -- Up-to-date: /root/research-1/install/mymsg/share/mymsg/cmake/mymsg__rosidl_generator_cExport-noconfig.cmake
[1.279s] -- Up-to-date: /root/research-1/install/mymsg/share/mymsg/cmake/mymsg__rosidl_typesupport_introspection_cExport.cmake
[1.279s] -- Up-to-date: /root/research-1/install/mymsg/share/mymsg/cmake/mymsg__rosidl_typesupport_introspection_cExport-noconfig.cmake
[1.280s] -- Up-to-date: /root/research-1/install/mymsg/share/mymsg/cmake/mymsg__rosidl_typesupport_cExport.cmake
[1.280s] -- Up-to-date: /root/research-1/install/mymsg/share/mymsg/cmake/mymsg__rosidl_typesupport_cExport-noconfig.cmake
[1.281s] -- Up-to-date: /root/research-1/install/mymsg/share/mymsg/cmake/mymsg__rosidl_generator_cppExport.cmake
[1.282s] -- Up-to-date: /root/research-1/install/mymsg/share/mymsg/cmake/mymsg__rosidl_typesupport_introspection_cppExport.cmake
[1.282s] -- Up-to-date: /root/research-1/install/mymsg/share/mymsg/cmake/mymsg__rosidl_typesupport_introspection_cppExport-noconfig.cmake
[1.282s] -- Up-to-date: /root/research-1/install/mymsg/share/mymsg/cmake/mymsg__rosidl_typesupport_cppExport.cmake
[1.283s] -- Up-to-date: /root/research-1/install/mymsg/share/mymsg/cmake/mymsg__rosidl_typesupport_cppExport-noconfig.cmake
[1.283s] -- Up-to-date: /root/research-1/install/mymsg/share/mymsg/cmake/rosidl_cmake-extras.cmake
[1.283s] -- Up-to-date: /root/research-1/install/mymsg/share/mymsg/cmake/ament_cmake_export_dependencies-extras.cmake
[1.283s] -- Up-to-date: /root/research-1/install/mymsg/share/mymsg/cmake/ament_cmake_export_libraries-extras.cmake
[1.283s] -- Up-to-date: /root/research-1/install/mymsg/share/mymsg/cmake/ament_cmake_export_targets-extras.cmake
[1.283s] -- Up-to-date: /root/research-1/install/mymsg/share/mymsg/cmake/ament_cmake_export_include_directories-extras.cmake
[1.284s] -- Up-to-date: /root/research-1/install/mymsg/share/mymsg/cmake/rosidl_cmake_export_typesupport_libraries-extras.cmake
[1.284s] -- Up-to-date: /root/research-1/install/mymsg/share/mymsg/cmake/rosidl_cmake_export_typesupport_targets-extras.cmake
[1.284s] -- Up-to-date: /root/research-1/install/mymsg/share/mymsg/cmake/mymsgConfig.cmake
[1.284s] -- Up-to-date: /root/research-1/install/mymsg/share/mymsg/cmake/mymsgConfig-version.cmake
[1.284s] -- Up-to-date: /root/research-1/install/mymsg/share/mymsg/package.xml
[1.287s] Invoked command in '/root/research-1/build/mymsg' returned '0': CMAKE_PREFIX_PATH=${CMAKE_PREFIX_PATH}:/root/chapter2/install/hello:/root/chapter2/install/happy_topic:/root/chapter2/install/happy_service:/root/chapter2/install/happy_pub_sub:/root/chapter2/install/bringme_service:/root/chapter2/install/happy_action:/root/chapter2/install/happy:/root/research_version_two/install/pose_chaser:/root/research-1/install/chaser_navigation_system:/root/Pose_waypointmaker/install/tf2_pifpaf:/root/Pose_waypointmaker/install/ros2_pifpaf:/root/Pose_waypointmaker/install/pifpaf_navi:/root/sirius/sirius_ws/install/turtlebot3_teleop:/root/sirius/sirius_ws/install/turtlebot3_example:/opt/ros/foxy /usr/bin/cmake --install /root/research-1/build/mymsg
