[0.314s] Invoking command in '/root/research-1/build/mymsg': CMAKE_PREFIX_PATH=${CMAKE_PREFIX_PATH}:/root/research/install/chaser_navigation_system:/root/Pose_waypointmaker/install/tf2_pifpaf:/root/Pose_waypointmaker/install/ros2_pifpaf:/root/Pose_waypointmaker/install/pifpaf_navi:/opt/ros/foxy _=/usr/bin/env /usr/bin/cmake --build /root/research-1/build/mymsg -- -j12 -l12
[0.455s] [  1%] Built target mymsg__cpp
[0.481s] [ 12%] Built target mymsg__rosidl_generator_c
[0.494s] [ 34%] Built target mymsg__rosidl_typesupport_cpp
[0.495s] [ 34%] Built target mymsg__rosidl_typesupport_introspection_cpp
[0.502s] [ 46%] Built target mymsg__rosidl_typesupport_fastrtps_cpp
[0.519s] [ 57%] Built target mymsg__rosidl_typesupport_c
[0.520s] [ 68%] Built target mymsg__rosidl_typesupport_introspection_c
[0.547s] [ 79%] Built target mymsg__rosidl_typesupport_fastrtps_c
[0.575s] [ 79%] Built target mymsg
[0.605s] [ 80%] Built target mymsg__py
[0.647s] [ 90%] Built target mymsg__python
[0.687s] [ 96%] Built target mymsg__rosidl_typesupport_introspection_c__pyext
[0.688s] [ 96%] Built target mymsg__rosidl_typesupport_fastrtps_c__pyext
[0.688s] [100%] Built target mymsg__rosidl_typesupport_c__pyext
[0.703s] Invoked command in '/root/research-1/build/mymsg' returned '0': CMAKE_PREFIX_PATH=${CMAKE_PREFIX_PATH}:/root/research/install/chaser_navigation_system:/root/Pose_waypointmaker/install/tf2_pifpaf:/root/Pose_waypointmaker/install/ros2_pifpaf:/root/Pose_waypointmaker/install/pifpaf_navi:/opt/ros/foxy _=/usr/bin/env /usr/bin/cmake --build /root/research-1/build/mymsg -- -j12 -l12
[0.965s] Invoking command in '/root/research-1/build/mymsg': CMAKE_PREFIX_PATH=${CMAKE_PREFIX_PATH}:/root/research/install/chaser_navigation_system:/root/Pose_waypointmaker/install/tf2_pifpaf:/root/Pose_waypointmaker/install/ros2_pifpaf:/root/Pose_waypointmaker/install/pifpaf_navi:/opt/ros/foxy _=/usr/bin/env /usr/bin/cmake --install /root/research-1/build/mymsg
[0.978s] -- Install configuration: ""
[0.978s] -- Up-to-date: /root/research-1/install/mymsg/share/ament_index/resource_index/rosidl_interfaces/mymsg
[0.978s] -- Up-to-date: /root/research-1/install/mymsg/include/mymsg
[0.978s] -- Up-to-date: /root/research-1/install/mymsg/include/mymsg/srv
[0.978s] -- Up-to-date: /root/research-1/install/mymsg/include/mymsg/srv/imagedata.h
[0.978s] -- Up-to-date: /root/research-1/install/mymsg/include/mymsg/srv/detail
[0.978s] -- Up-to-date: /root/research-1/install/mymsg/include/mymsg/srv/detail/imagedata__functions.c
[0.979s] -- Up-to-date: /root/research-1/install/mymsg/include/mymsg/srv/detail/imagedata__functions.h
[0.979s] -- Up-to-date: /root/research-1/install/mymsg/include/mymsg/srv/detail/imagedata__struct.h
[0.979s] -- Up-to-date: /root/research-1/install/mymsg/include/mymsg/srv/detail/imagedata__type_support.h
[0.979s] -- Up-to-date: /root/research-1/install/mymsg/include/mymsg/msg
[0.979s] -- Up-to-date: /root/research-1/install/mymsg/include/mymsg/msg/multi_transform.h
[0.980s] -- Up-to-date: /root/research-1/install/mymsg/include/mymsg/msg/rosidl_generator_c__visibility_control.h
[0.980s] -- Up-to-date: /root/research-1/install/mymsg/include/mymsg/msg/poses.h
[0.980s] -- Up-to-date: /root/research-1/install/mymsg/include/mymsg/msg/detail
[0.980s] -- Up-to-date: /root/research-1/install/mymsg/include/mymsg/msg/detail/multi_transform__type_support.h
[0.980s] -- Up-to-date: /root/research-1/install/mymsg/include/mymsg/msg/detail/pose__functions.h
[0.980s] -- Up-to-date: /root/research-1/install/mymsg/include/mymsg/msg/detail/multi_transform__functions.h
[0.980s] -- Up-to-date: /root/research-1/install/mymsg/include/mymsg/msg/detail/transform__functions.c
[0.981s] -- Up-to-date: /root/research-1/install/mymsg/include/mymsg/msg/detail/pose__struct.h
[0.981s] -- Up-to-date: /root/research-1/install/mymsg/include/mymsg/msg/detail/multi_transform__struct.h
[0.981s] -- Up-to-date: /root/research-1/install/mymsg/include/mymsg/msg/detail/pose__type_support.h
[0.981s] -- Up-to-date: /root/research-1/install/mymsg/include/mymsg/msg/detail/poses__type_support.h
[0.981s] -- Up-to-date: /root/research-1/install/mymsg/include/mymsg/msg/detail/transform__type_support.h
[0.981s] -- Up-to-date: /root/research-1/install/mymsg/include/mymsg/msg/detail/transform__struct.h
[0.982s] -- Up-to-date: /root/research-1/install/mymsg/include/mymsg/msg/detail/poses__functions.c
[0.982s] -- Up-to-date: /root/research-1/install/mymsg/include/mymsg/msg/detail/multi_transform__functions.c
[0.982s] -- Up-to-date: /root/research-1/install/mymsg/include/mymsg/msg/detail/transform__functions.h
[0.982s] -- Up-to-date: /root/research-1/install/mymsg/include/mymsg/msg/detail/poses__struct.h
[0.982s] -- Up-to-date: /root/research-1/install/mymsg/include/mymsg/msg/detail/pose__functions.c
[0.982s] -- Up-to-date: /root/research-1/install/mymsg/include/mymsg/msg/detail/poses__functions.h
[0.982s] -- Up-to-date: /root/research-1/install/mymsg/include/mymsg/msg/transform.h
[0.983s] -- Up-to-date: /root/research-1/install/mymsg/include/mymsg/msg/pose.h
[0.983s] -- Up-to-date: /root/research-1/install/mymsg/share/mymsg/environment/library_path.sh
[0.983s] -- Up-to-date: /root/research-1/install/mymsg/share/mymsg/environment/library_path.dsv
[0.983s] -- Up-to-date: /root/research-1/install/mymsg/lib/libmymsg__rosidl_generator_c.so
[0.984s] -- Up-to-date: /root/research-1/install/mymsg/include/mymsg
[0.984s] -- Up-to-date: /root/research-1/install/mymsg/include/mymsg/srv
[0.984s] -- Up-to-date: /root/research-1/install/mymsg/include/mymsg/srv/detail
[0.984s] -- Up-to-date: /root/research-1/install/mymsg/include/mymsg/srv/detail/imagedata__rosidl_typesupport_fastrtps_c.h
[0.984s] -- Up-to-date: /root/research-1/install/mymsg/include/mymsg/msg
[0.985s] -- Up-to-date: /root/research-1/install/mymsg/include/mymsg/msg/detail
[0.985s] -- Up-to-date: /root/research-1/install/mymsg/include/mymsg/msg/detail/poses__rosidl_typesupport_fastrtps_c.h
[0.985s] -- Up-to-date: /root/research-1/install/mymsg/include/mymsg/msg/detail/multi_transform__rosidl_typesupport_fastrtps_c.h
[0.985s] -- Up-to-date: /root/research-1/install/mymsg/include/mymsg/msg/detail/transform__rosidl_typesupport_fastrtps_c.h
[0.985s] -- Up-to-date: /root/research-1/install/mymsg/include/mymsg/msg/detail/pose__rosidl_typesupport_fastrtps_c.h
[0.985s] -- Up-to-date: /root/research-1/install/mymsg/include/mymsg/msg/rosidl_typesupport_fastrtps_c__visibility_control.h
[0.985s] -- Up-to-date: /root/research-1/install/mymsg/lib/libmymsg__rosidl_typesupport_fastrtps_c.so
[0.985s] -- Up-to-date: /root/research-1/install/mymsg/include/mymsg
[0.986s] -- Up-to-date: /root/research-1/install/mymsg/include/mymsg/srv
[0.986s] -- Up-to-date: /root/research-1/install/mymsg/include/mymsg/srv/detail
[0.986s] -- Up-to-date: /root/research-1/install/mymsg/include/mymsg/srv/detail/imagedata__rosidl_typesupport_fastrtps_cpp.hpp
[0.986s] -- Up-to-date: /root/research-1/install/mymsg/include/mymsg/srv/detail/dds_fastrtps
[0.986s] -- Up-to-date: /root/research-1/install/mymsg/include/mymsg/msg
[0.986s] -- Up-to-date: /root/research-1/install/mymsg/include/mymsg/msg/detail
[0.986s] -- Up-to-date: /root/research-1/install/mymsg/include/mymsg/msg/detail/multi_transform__rosidl_typesupport_fastrtps_cpp.hpp
[0.987s] -- Up-to-date: /root/research-1/install/mymsg/include/mymsg/msg/detail/pose__rosidl_typesupport_fastrtps_cpp.hpp
[0.987s] -- Up-to-date: /root/research-1/install/mymsg/include/mymsg/msg/detail/transform__rosidl_typesupport_fastrtps_cpp.hpp
[0.987s] -- Up-to-date: /root/research-1/install/mymsg/include/mymsg/msg/detail/poses__rosidl_typesupport_fastrtps_cpp.hpp
[0.987s] -- Up-to-date: /root/research-1/install/mymsg/include/mymsg/msg/detail/dds_fastrtps
[0.987s] -- Up-to-date: /root/research-1/install/mymsg/include/mymsg/msg/rosidl_typesupport_fastrtps_cpp__visibility_control.h
[0.987s] -- Up-to-date: /root/research-1/install/mymsg/lib/libmymsg__rosidl_typesupport_fastrtps_cpp.so
[0.987s] -- Up-to-date: /root/research-1/install/mymsg/include/mymsg
[0.987s] -- Up-to-date: /root/research-1/install/mymsg/include/mymsg/srv
[0.988s] -- Up-to-date: /root/research-1/install/mymsg/include/mymsg/srv/detail
[0.988s] -- Up-to-date: /root/research-1/install/mymsg/include/mymsg/srv/detail/imagedata__type_support.c
[0.988s] -- Up-to-date: /root/research-1/install/mymsg/include/mymsg/srv/detail/imagedata__rosidl_typesupport_introspection_c.h
[0.988s] -- Up-to-date: /root/research-1/install/mymsg/include/mymsg/msg
[0.988s] -- Up-to-date: /root/research-1/install/mymsg/include/mymsg/msg/detail
[0.988s] -- Up-to-date: /root/research-1/install/mymsg/include/mymsg/msg/detail/pose__rosidl_typesupport_introspection_c.h
[0.988s] -- Up-to-date: /root/research-1/install/mymsg/include/mymsg/msg/detail/transform__type_support.c
[0.989s] -- Up-to-date: /root/research-1/install/mymsg/include/mymsg/msg/detail/multi_transform__rosidl_typesupport_introspection_c.h
[0.989s] -- Up-to-date: /root/research-1/install/mymsg/include/mymsg/msg/detail/transform__rosidl_typesupport_introspection_c.h
[0.989s] -- Up-to-date: /root/research-1/install/mymsg/include/mymsg/msg/detail/multi_transform__type_support.c
[0.989s] -- Up-to-date: /root/research-1/install/mymsg/include/mymsg/msg/detail/poses__type_support.c
[0.989s] -- Up-to-date: /root/research-1/install/mymsg/include/mymsg/msg/detail/pose__type_support.c
[0.989s] -- Up-to-date: /root/research-1/install/mymsg/include/mymsg/msg/detail/poses__rosidl_typesupport_introspection_c.h
[0.989s] -- Up-to-date: /root/research-1/install/mymsg/include/mymsg/msg/rosidl_typesupport_introspection_c__visibility_control.h
[0.989s] -- Up-to-date: /root/research-1/install/mymsg/lib/libmymsg__rosidl_typesupport_introspection_c.so
[0.990s] -- Up-to-date: /root/research-1/install/mymsg/lib/libmymsg__rosidl_typesupport_c.so
[0.990s] -- Up-to-date: /root/research-1/install/mymsg/include/mymsg
[0.990s] -- Up-to-date: /root/research-1/install/mymsg/include/mymsg/srv
[0.990s] -- Up-to-date: /root/research-1/install/mymsg/include/mymsg/srv/detail
[0.990s] -- Up-to-date: /root/research-1/install/mymsg/include/mymsg/srv/detail/imagedata__traits.hpp
[0.990s] -- Up-to-date: /root/research-1/install/mymsg/include/mymsg/srv/detail/imagedata__builder.hpp
[0.990s] -- Up-to-date: /root/research-1/install/mymsg/include/mymsg/srv/detail/imagedata__struct.hpp
[0.990s] -- Up-to-date: /root/research-1/install/mymsg/include/mymsg/srv/imagedata.hpp
[0.991s] -- Up-to-date: /root/research-1/install/mymsg/include/mymsg/msg
[0.991s] -- Up-to-date: /root/research-1/install/mymsg/include/mymsg/msg/multi_transform.hpp
[0.991s] -- Up-to-date: /root/research-1/install/mymsg/include/mymsg/msg/transform.hpp
[0.991s] -- Up-to-date: /root/research-1/install/mymsg/include/mymsg/msg/detail
[0.991s] -- Up-to-date: /root/research-1/install/mymsg/include/mymsg/msg/detail/poses__struct.hpp
[0.991s] -- Up-to-date: /root/research-1/install/mymsg/include/mymsg/msg/detail/multi_transform__struct.hpp
[0.991s] -- Up-to-date: /root/research-1/install/mymsg/include/mymsg/msg/detail/multi_transform__traits.hpp
[0.991s] -- Up-to-date: /root/research-1/install/mymsg/include/mymsg/msg/detail/poses__builder.hpp
[0.992s] -- Up-to-date: /root/research-1/install/mymsg/include/mymsg/msg/detail/transform__struct.hpp
[0.992s] -- Up-to-date: /root/research-1/install/mymsg/include/mymsg/msg/detail/pose__struct.hpp
[0.992s] -- Up-to-date: /root/research-1/install/mymsg/include/mymsg/msg/detail/pose__traits.hpp
[0.992s] -- Up-to-date: /root/research-1/install/mymsg/include/mymsg/msg/detail/transform__traits.hpp
[0.992s] -- Up-to-date: /root/research-1/install/mymsg/include/mymsg/msg/detail/poses__traits.hpp
[0.992s] -- Up-to-date: /root/research-1/install/mymsg/include/mymsg/msg/detail/transform__builder.hpp
[0.992s] -- Up-to-date: /root/research-1/install/mymsg/include/mymsg/msg/detail/multi_transform__builder.hpp
[0.993s] -- Up-to-date: /root/research-1/install/mymsg/include/mymsg/msg/detail/pose__builder.hpp
[0.993s] -- Up-to-date: /root/research-1/install/mymsg/include/mymsg/msg/pose.hpp
[0.993s] -- Up-to-date: /root/research-1/install/mymsg/include/mymsg/msg/poses.hpp
[0.993s] -- Up-to-date: /root/research-1/install/mymsg/include/mymsg
[0.993s] -- Up-to-date: /root/research-1/install/mymsg/include/mymsg/srv
[0.993s] -- Up-to-date: /root/research-1/install/mymsg/include/mymsg/srv/detail
[0.994s] -- Up-to-date: /root/research-1/install/mymsg/include/mymsg/srv/detail/imagedata__rosidl_typesupport_introspection_cpp.hpp
[0.994s] -- Up-to-date: /root/research-1/install/mymsg/include/mymsg/srv/detail/imagedata__type_support.cpp
[0.994s] -- Up-to-date: /root/research-1/install/mymsg/include/mymsg/msg
[0.994s] -- Up-to-date: /root/research-1/install/mymsg/include/mymsg/msg/detail
[0.994s] -- Up-to-date: /root/research-1/install/mymsg/include/mymsg/msg/detail/poses__type_support.cpp
[0.994s] -- Up-to-date: /root/research-1/install/mymsg/include/mymsg/msg/detail/multi_transform__type_support.cpp
[0.994s] -- Up-to-date: /root/research-1/install/mymsg/include/mymsg/msg/detail/transform__type_support.cpp
[0.994s] -- Up-to-date: /root/research-1/install/mymsg/include/mymsg/msg/detail/pose__type_support.cpp
[0.994s] -- Up-to-date: /root/research-1/install/mymsg/include/mymsg/msg/detail/multi_transform__rosidl_typesupport_introspection_cpp.hpp
[0.995s] -- Up-to-date: /root/research-1/install/mymsg/include/mymsg/msg/detail/pose__rosidl_typesupport_introspection_cpp.hpp
[0.995s] -- Up-to-date: /root/research-1/install/mymsg/include/mymsg/msg/detail/transform__rosidl_typesupport_introspection_cpp.hpp
[0.995s] -- Up-to-date: /root/research-1/install/mymsg/include/mymsg/msg/detail/poses__rosidl_typesupport_introspection_cpp.hpp
[0.995s] -- Up-to-date: /root/research-1/install/mymsg/lib/libmymsg__rosidl_typesupport_introspection_cpp.so
[0.995s] -- Up-to-date: /root/research-1/install/mymsg/lib/libmymsg__rosidl_typesupport_cpp.so
[0.995s] -- Up-to-date: /root/research-1/install/mymsg/share/mymsg/environment/pythonpath.sh
[0.995s] -- Up-to-date: /root/research-1/install/mymsg/share/mymsg/environment/pythonpath.dsv
[0.995s] -- Up-to-date: /root/research-1/install/mymsg/lib/python3.8/site-packages/mymsg/__init__.py
[1.038s] -- Up-to-date: /root/research-1/install/mymsg/lib/python3.8/site-packages/mymsg/msg
[1.038s] -- Up-to-date: /root/research-1/install/mymsg/lib/python3.8/site-packages/mymsg/msg/_transform_s.c
[1.039s] -- Up-to-date: /root/research-1/install/mymsg/lib/python3.8/site-packages/mymsg/msg/_multi_transform_s.c
[1.039s] -- Up-to-date: /root/research-1/install/mymsg/lib/python3.8/site-packages/mymsg/msg/_pose_s.c
[1.039s] -- Up-to-date: /root/research-1/install/mymsg/lib/python3.8/site-packages/mymsg/msg/_transform.py
[1.039s] -- Up-to-date: /root/research-1/install/mymsg/lib/python3.8/site-packages/mymsg/msg/_poses_s.c
[1.040s] -- Up-to-date: /root/research-1/install/mymsg/lib/python3.8/site-packages/mymsg/msg/_poses.py
[1.040s] -- Up-to-date: /root/research-1/install/mymsg/lib/python3.8/site-packages/mymsg/msg/__init__.py
[1.040s] -- Up-to-date: /root/research-1/install/mymsg/lib/python3.8/site-packages/mymsg/msg/_pose.py
[1.040s] -- Up-to-date: /root/research-1/install/mymsg/lib/python3.8/site-packages/mymsg/msg/_multi_transform.py
[1.040s] -- Up-to-date: /root/research-1/install/mymsg/lib/python3.8/site-packages/mymsg/srv
[1.040s] -- Up-to-date: /root/research-1/install/mymsg/lib/python3.8/site-packages/mymsg/srv/_imagedata_s.c
[1.040s] -- Up-to-date: /root/research-1/install/mymsg/lib/python3.8/site-packages/mymsg/srv/_imagedata.py
[1.040s] -- Up-to-date: /root/research-1/install/mymsg/lib/python3.8/site-packages/mymsg/srv/__init__.py
[1.041s] -- Up-to-date: /root/research-1/install/mymsg/lib/python3.8/site-packages/mymsg/mymsg_s__rosidl_typesupport_fastrtps_c.cpython-38-x86_64-linux-gnu.so
[1.041s] -- Up-to-date: /root/research-1/install/mymsg/lib/python3.8/site-packages/mymsg/mymsg_s__rosidl_typesupport_introspection_c.cpython-38-x86_64-linux-gnu.so
[1.041s] -- Up-to-date: /root/research-1/install/mymsg/lib/python3.8/site-packages/mymsg/mymsg_s__rosidl_typesupport_c.cpython-38-x86_64-linux-gnu.so
[1.042s] -- Up-to-date: /root/research-1/install/mymsg/lib/libmymsg__python.so
[1.042s] -- Up-to-date: /root/research-1/install/mymsg/share/mymsg/msg/Pose.idl
[1.043s] -- Up-to-date: /root/research-1/install/mymsg/share/mymsg/msg/Poses.idl
[1.043s] -- Up-to-date: /root/research-1/install/mymsg/share/mymsg/msg/Transform.idl
[1.043s] -- Up-to-date: /root/research-1/install/mymsg/share/mymsg/msg/MultiTransform.idl
[1.043s] -- Up-to-date: /root/research-1/install/mymsg/share/mymsg/srv/Imagedata.idl
[1.043s] -- Up-to-date: /root/research-1/install/mymsg/share/mymsg/msg/Pose.msg
[1.043s] -- Up-to-date: /root/research-1/install/mymsg/share/mymsg/msg/Poses.msg
[1.043s] -- Up-to-date: /root/research-1/install/mymsg/share/mymsg/msg/Transform.msg
[1.044s] -- Up-to-date: /root/research-1/install/mymsg/share/mymsg/msg/MultiTransform.msg
[1.044s] -- Up-to-date: /root/research-1/install/mymsg/share/mymsg/srv/Imagedata.srv
[1.044s] -- Up-to-date: /root/research-1/install/mymsg/share/mymsg/srv/Imagedata_Request.msg
[1.044s] -- Up-to-date: /root/research-1/install/mymsg/share/mymsg/srv/Imagedata_Response.msg
[1.044s] -- Up-to-date: /root/research-1/install/mymsg/share/ament_index/resource_index/package_run_dependencies/mymsg
[1.044s] -- Up-to-date: /root/research-1/install/mymsg/share/ament_index/resource_index/parent_prefix_path/mymsg
[1.045s] -- Up-to-date: /root/research-1/install/mymsg/share/mymsg/environment/ament_prefix_path.sh
[1.045s] -- Up-to-date: /root/research-1/install/mymsg/share/mymsg/environment/ament_prefix_path.dsv
[1.045s] -- Up-to-date: /root/research-1/install/mymsg/share/mymsg/environment/path.sh
[1.045s] -- Up-to-date: /root/research-1/install/mymsg/share/mymsg/environment/path.dsv
[1.045s] -- Up-to-date: /root/research-1/install/mymsg/share/mymsg/local_setup.bash
[1.045s] -- Up-to-date: /root/research-1/install/mymsg/share/mymsg/local_setup.sh
[1.045s] -- Up-to-date: /root/research-1/install/mymsg/share/mymsg/local_setup.zsh
[1.046s] -- Up-to-date: /root/research-1/install/mymsg/share/mymsg/local_setup.dsv
[1.046s] -- Installing: /root/research-1/install/mymsg/share/mymsg/package.dsv
[1.046s] -- Up-to-date: /root/research-1/install/mymsg/share/ament_index/resource_index/packages/mymsg
[1.046s] -- Up-to-date: /root/research-1/install/mymsg/share/mymsg/cmake/mymsg__rosidl_generator_cExport.cmake
[1.046s] -- Up-to-date: /root/research-1/install/mymsg/share/mymsg/cmake/mymsg__rosidl_generator_cExport-noconfig.cmake
[1.047s] -- Up-to-date: /root/research-1/install/mymsg/share/mymsg/cmake/mymsg__rosidl_typesupport_introspection_cExport.cmake
[1.047s] -- Up-to-date: /root/research-1/install/mymsg/share/mymsg/cmake/mymsg__rosidl_typesupport_introspection_cExport-noconfig.cmake
[1.047s] -- Up-to-date: /root/research-1/install/mymsg/share/mymsg/cmake/mymsg__rosidl_typesupport_cExport.cmake
[1.047s] -- Up-to-date: /root/research-1/install/mymsg/share/mymsg/cmake/mymsg__rosidl_typesupport_cExport-noconfig.cmake
[1.047s] -- Up-to-date: /root/research-1/install/mymsg/share/mymsg/cmake/mymsg__rosidl_generator_cppExport.cmake
[1.047s] -- Up-to-date: /root/research-1/install/mymsg/share/mymsg/cmake/mymsg__rosidl_typesupport_introspection_cppExport.cmake
[1.047s] -- Up-to-date: /root/research-1/install/mymsg/share/mymsg/cmake/mymsg__rosidl_typesupport_introspection_cppExport-noconfig.cmake
[1.048s] -- Up-to-date: /root/research-1/install/mymsg/share/mymsg/cmake/mymsg__rosidl_typesupport_cppExport.cmake
[1.048s] -- Up-to-date: /root/research-1/install/mymsg/share/mymsg/cmake/mymsg__rosidl_typesupport_cppExport-noconfig.cmake
[1.048s] -- Up-to-date: /root/research-1/install/mymsg/share/mymsg/cmake/rosidl_cmake-extras.cmake
[1.048s] -- Up-to-date: /root/research-1/install/mymsg/share/mymsg/cmake/ament_cmake_export_dependencies-extras.cmake
[1.048s] -- Up-to-date: /root/research-1/install/mymsg/share/mymsg/cmake/ament_cmake_export_libraries-extras.cmake
[1.048s] -- Up-to-date: /root/research-1/install/mymsg/share/mymsg/cmake/ament_cmake_export_targets-extras.cmake
[1.048s] -- Up-to-date: /root/research-1/install/mymsg/share/mymsg/cmake/ament_cmake_export_include_directories-extras.cmake
[1.048s] -- Up-to-date: /root/research-1/install/mymsg/share/mymsg/cmake/rosidl_cmake_export_typesupport_libraries-extras.cmake
[1.049s] -- Up-to-date: /root/research-1/install/mymsg/share/mymsg/cmake/rosidl_cmake_export_typesupport_targets-extras.cmake
[1.049s] -- Up-to-date: /root/research-1/install/mymsg/share/mymsg/cmake/mymsgConfig.cmake
[1.049s] -- Up-to-date: /root/research-1/install/mymsg/share/mymsg/cmake/mymsgConfig-version.cmake
[1.049s] -- Up-to-date: /root/research-1/install/mymsg/share/mymsg/package.xml
[1.051s] Invoked command in '/root/research-1/build/mymsg' returned '0': CMAKE_PREFIX_PATH=${CMAKE_PREFIX_PATH}:/root/research/install/chaser_navigation_system:/root/Pose_waypointmaker/install/tf2_pifpaf:/root/Pose_waypointmaker/install/ros2_pifpaf:/root/Pose_waypointmaker/install/pifpaf_navi:/opt/ros/foxy _=/usr/bin/env /usr/bin/cmake --install /root/research-1/build/mymsg
