[0.315s] Invoking command in '/root/research-1/build/mymsg': CMAKE_PREFIX_PATH=${CMAKE_PREFIX_PATH}:/root/chapter2/install/hello:/root/chapter2/install/happy_topic:/root/chapter2/install/happy_service:/root/chapter2/install/happy_pub_sub:/root/chapter2/install/bringme_service:/root/chapter2/install/happy_action:/root/chapter2/install/happy:/root/research_version_two/install/pose_chaser:/root/research-1/install/chaser_navigation_system:/root/Pose_waypointmaker/install/tf2_pifpaf:/root/Pose_waypointmaker/install/ros2_pifpaf:/root/Pose_waypointmaker/install/pifpaf_navi:/root/sirius/sirius_ws/install/turtlebot3_teleop:/root/sirius/sirius_ws/install/turtlebot3_example:/opt/ros/foxy /usr/bin/cmake --build /root/research-1/build/mymsg -- -j12 -l12
[0.362s] -- Found ament_cmake: 0.9.11 (/opt/ros/foxy/share/ament_cmake/cmake)
[0.411s] -- Found PythonInterp: /usr/bin/python3 (found suitable version "3.8.10", minimum required is "3") 
[0.412s] -- Using PYTHON_EXECUTABLE: /usr/bin/python3
[0.690s] -- Found geometry_msgs: 2.0.5 (/opt/ros/foxy/share/geometry_msgs/cmake)
[0.742s] -- Using all available rosidl_typesupport_c: rosidl_typesupport_connext_c;rosidl_typesupport_fastrtps_c;rosidl_typesupport_introspection_c
[0.747s] -- Found rosidl_adapter: 1.3.0 (/opt/ros/foxy/share/rosidl_adapter/cmake)
[0.752s] -- Found RTI Connext: /opt/rti.com/rti_connext_dds-5.3.1
[1.462s] -- Using all available rosidl_typesupport_cpp: rosidl_typesupport_connext_cpp;rosidl_typesupport_fastrtps_cpp;rosidl_typesupport_introspection_cpp
[1.587s] -- Found rosidl_default_generators: 1.0.1 (/opt/ros/foxy/share/rosidl_default_generators/cmake)
[1.606s] -- Found sensor_msgs: 2.0.5 (/opt/ros/foxy/share/sensor_msgs/cmake)
[1.680s] -- Found visualization_msgs: 2.0.5 (/opt/ros/foxy/share/visualization_msgs/cmake)
[1.813s] -- Found PythonInterp: /usr/bin/python3 (found version "3.8.10") 
[2.343s] -- Found ament_cmake_ros: 0.9.2 (/opt/ros/foxy/share/ament_cmake_ros/cmake)
[2.854s] -- Using all available rosidl_typesupport_c: rosidl_typesupport_connext_c;rosidl_typesupport_fastrtps_c;rosidl_typesupport_introspection_c
[3.077s] -- Using all available rosidl_typesupport_cpp: rosidl_typesupport_connext_cpp;rosidl_typesupport_fastrtps_cpp;rosidl_typesupport_introspection_cpp
[3.155s] -- Found PythonInterp: /usr/bin/python3 (found suitable version "3.8.10", minimum required is "3.5") 
[3.155s] -- Found python_cmake_module: 0.8.1 (/opt/ros/foxy/share/python_cmake_module/cmake)
[3.217s] -- Using PYTHON_EXECUTABLE: /usr/bin/python3
[3.217s] -- Using PYTHON_INCLUDE_DIRS: /usr/include/python3.8
[3.217s] -- Using PYTHON_LIBRARIES: /usr/lib/x86_64-linux-gnu/libpython3.8.so
[3.383s] -- Found ament_lint_auto: 0.9.7 (/opt/ros/foxy/share/ament_lint_auto/cmake)
[3.402s] -- Added test 'copyright' to check source files copyright and LICENSE
[3.405s] -- Added test 'flake8' to check Python code syntax and style conventions
[3.406s] -- Added test 'lint_cmake' to check CMake code style
[3.407s] -- Added test 'pep257' to check Python code against some of the style conventions in PEP 257
[3.408s] -- Added test 'xmllint' to check XML markup files
[3.418s] -- Configuring done
[3.640s] -- Generating done
[3.649s] -- Build files have been written to: /root/research-1/build/mymsg
[3.703s] [  1%] Built target mymsg__cpp
[3.703s] [  1%] Built target mymsg__dds_connext_idl
[3.709s] [  8%] Built target mymsg__rosidl_generator_c
[3.746s] [ 14%] Built target mymsg__rosidl_typesupport_cpp
[3.746s] [ 21%] Built target mymsg__rosidl_typesupport_introspection_cpp
[3.753s] [ 27%] Built target mymsg__rosidl_typesupport_c
[3.755s] [ 34%] Built target mymsg__rosidl_typesupport_introspection_c
[3.759s] [ 40%] Built target mymsg__rosidl_typesupport_fastrtps_cpp
[3.801s] [ 60%] Built target mymsg__rosidl_typesupport_connext_cpp
[3.807s] [ 66%] Built target mymsg__rosidl_typesupport_fastrtps_c
[3.887s] [ 87%] Built target mymsg__rosidl_typesupport_connext_c
[3.919s] [ 87%] Built target mymsg
[3.952s] [ 88%] Built target mymsg__py
[3.998s] [ 93%] Built target mymsg__python
[4.045s] [ 98%] Built target mymsg__rosidl_typesupport_fastrtps_c__pyext
[4.045s] [ 98%] Built target mymsg__rosidl_typesupport_c__pyext
[4.045s] [ 98%] Built target mymsg__rosidl_typesupport_introspection_c__pyext
[4.045s] [100%] Built target mymsg__rosidl_typesupport_connext_c__pyext
[4.062s] Invoked command in '/root/research-1/build/mymsg' returned '0': CMAKE_PREFIX_PATH=${CMAKE_PREFIX_PATH}:/root/chapter2/install/hello:/root/chapter2/install/happy_topic:/root/chapter2/install/happy_service:/root/chapter2/install/happy_pub_sub:/root/chapter2/install/bringme_service:/root/chapter2/install/happy_action:/root/chapter2/install/happy:/root/research_version_two/install/pose_chaser:/root/research-1/install/chaser_navigation_system:/root/Pose_waypointmaker/install/tf2_pifpaf:/root/Pose_waypointmaker/install/ros2_pifpaf:/root/Pose_waypointmaker/install/pifpaf_navi:/root/sirius/sirius_ws/install/turtlebot3_teleop:/root/sirius/sirius_ws/install/turtlebot3_example:/opt/ros/foxy /usr/bin/cmake --build /root/research-1/build/mymsg -- -j12 -l12
[4.400s] Invoking command in '/root/research-1/build/mymsg': CMAKE_PREFIX_PATH=${CMAKE_PREFIX_PATH}:/root/chapter2/install/hello:/root/chapter2/install/happy_topic:/root/chapter2/install/happy_service:/root/chapter2/install/happy_pub_sub:/root/chapter2/install/bringme_service:/root/chapter2/install/happy_action:/root/chapter2/install/happy:/root/research_version_two/install/pose_chaser:/root/research-1/install/chaser_navigation_system:/root/Pose_waypointmaker/install/tf2_pifpaf:/root/Pose_waypointmaker/install/ros2_pifpaf:/root/Pose_waypointmaker/install/pifpaf_navi:/root/sirius/sirius_ws/install/turtlebot3_teleop:/root/sirius/sirius_ws/install/turtlebot3_example:/opt/ros/foxy /usr/bin/cmake --install /root/research-1/build/mymsg
[4.414s] -- Install configuration: ""
[4.414s] -- Up-to-date: /root/research-1/install/mymsg/share/ament_index/resource_index/rosidl_interfaces/mymsg
[4.415s] -- Up-to-date: /root/research-1/install/mymsg/include/mymsg
[4.415s] -- Up-to-date: /root/research-1/install/mymsg/include/mymsg/srv
[4.415s] -- Up-to-date: /root/research-1/install/mymsg/include/mymsg/srv/imagedata.h
[4.415s] -- Up-to-date: /root/research-1/install/mymsg/include/mymsg/srv/detail
[4.415s] -- Up-to-date: /root/research-1/install/mymsg/include/mymsg/srv/detail/imagedata__functions.c
[4.416s] -- Up-to-date: /root/research-1/install/mymsg/include/mymsg/srv/detail/imagedata__functions.h
[4.416s] -- Up-to-date: /root/research-1/install/mymsg/include/mymsg/srv/detail/imagedata__struct.h
[4.416s] -- Up-to-date: /root/research-1/install/mymsg/include/mymsg/srv/detail/imagedata__type_support.h
[4.416s] -- Up-to-date: /root/research-1/install/mymsg/include/mymsg/msg
[4.416s] -- Up-to-date: /root/research-1/install/mymsg/include/mymsg/msg/multi_transform.h
[4.416s] -- Up-to-date: /root/research-1/install/mymsg/include/mymsg/msg/rosidl_generator_c__visibility_control.h
[4.416s] -- Up-to-date: /root/research-1/install/mymsg/include/mymsg/msg/poses.h
[4.417s] -- Up-to-date: /root/research-1/install/mymsg/include/mymsg/msg/detail
[4.417s] -- Up-to-date: /root/research-1/install/mymsg/include/mymsg/msg/detail/multi_transform__type_support.h
[4.417s] -- Up-to-date: /root/research-1/install/mymsg/include/mymsg/msg/detail/pose__functions.h
[4.417s] -- Up-to-date: /root/research-1/install/mymsg/include/mymsg/msg/detail/multi_transform__functions.h
[4.417s] -- Up-to-date: /root/research-1/install/mymsg/include/mymsg/msg/detail/transform__functions.c
[4.417s] -- Up-to-date: /root/research-1/install/mymsg/include/mymsg/msg/detail/pose__struct.h
[4.417s] -- Up-to-date: /root/research-1/install/mymsg/include/mymsg/msg/detail/multi_transform__struct.h
[4.418s] -- Up-to-date: /root/research-1/install/mymsg/include/mymsg/msg/detail/pose__type_support.h
[4.418s] -- Up-to-date: /root/research-1/install/mymsg/include/mymsg/msg/detail/poses__type_support.h
[4.418s] -- Up-to-date: /root/research-1/install/mymsg/include/mymsg/msg/detail/transform__type_support.h
[4.418s] -- Up-to-date: /root/research-1/install/mymsg/include/mymsg/msg/detail/transform__struct.h
[4.418s] -- Up-to-date: /root/research-1/install/mymsg/include/mymsg/msg/detail/poses__functions.c
[4.419s] -- Up-to-date: /root/research-1/install/mymsg/include/mymsg/msg/detail/multi_transform__functions.c
[4.419s] -- Up-to-date: /root/research-1/install/mymsg/include/mymsg/msg/detail/transform__functions.h
[4.419s] -- Up-to-date: /root/research-1/install/mymsg/include/mymsg/msg/detail/poses__struct.h
[4.419s] -- Up-to-date: /root/research-1/install/mymsg/include/mymsg/msg/detail/pose__functions.c
[4.419s] -- Up-to-date: /root/research-1/install/mymsg/include/mymsg/msg/detail/poses__functions.h
[4.419s] -- Up-to-date: /root/research-1/install/mymsg/include/mymsg/msg/transform.h
[4.420s] -- Up-to-date: /root/research-1/install/mymsg/include/mymsg/msg/pose.h
[4.420s] -- Up-to-date: /root/research-1/install/mymsg/share/mymsg/environment/library_path.sh
[4.420s] -- Installing: /root/research-1/install/mymsg/share/mymsg/environment/library_path.dsv
[4.420s] -- Up-to-date: /root/research-1/install/mymsg/lib/libmymsg__rosidl_generator_c.so
[4.420s] -- Up-to-date: /root/research-1/install/mymsg/include/mymsg
[4.420s] -- Up-to-date: /root/research-1/install/mymsg/include/mymsg/srv
[4.420s] -- Up-to-date: /root/research-1/install/mymsg/include/mymsg/srv/dds_connext
[4.421s] -- Up-to-date: /root/research-1/install/mymsg/include/mymsg/srv/imagedata__rosidl_typesupport_connext_c.h
[4.421s] -- Up-to-date: /root/research-1/install/mymsg/include/mymsg/msg
[4.421s] -- Up-to-date: /root/research-1/install/mymsg/include/mymsg/msg/rosidl_typesupport_connext_c__visibility_control.h
[4.421s] -- Up-to-date: /root/research-1/install/mymsg/include/mymsg/msg/pose__rosidl_typesupport_connext_c.h
[4.421s] -- Up-to-date: /root/research-1/install/mymsg/include/mymsg/msg/poses__rosidl_typesupport_connext_c.h
[4.422s] -- Up-to-date: /root/research-1/install/mymsg/include/mymsg/msg/multi_transform__rosidl_typesupport_connext_c.h
[4.422s] -- Up-to-date: /root/research-1/install/mymsg/include/mymsg/msg/dds_connext
[4.422s] -- Up-to-date: /root/research-1/install/mymsg/include/mymsg/msg/transform__rosidl_typesupport_connext_c.h
[4.422s] -- Up-to-date: /root/research-1/install/mymsg/lib/libmymsg__rosidl_typesupport_connext_c.so
[4.422s] -- Up-to-date: /root/research-1/install/mymsg/share/mymsg/msg/dds_connext
[4.422s] -- Up-to-date: /root/research-1/install/mymsg/share/mymsg/msg/dds_connext/Poses_.idl
[4.423s] -- Up-to-date: /root/research-1/install/mymsg/share/mymsg/msg/dds_connext/Pose_.idl
[4.423s] -- Up-to-date: /root/research-1/install/mymsg/share/mymsg/msg/dds_connext/MultiTransform_.idl
[4.423s] -- Up-to-date: /root/research-1/install/mymsg/share/mymsg/msg/dds_connext/Transform_.idl
[4.423s] -- Up-to-date: /root/research-1/install/mymsg/share/mymsg/srv/dds_connext
[4.423s] -- Up-to-date: /root/research-1/install/mymsg/share/mymsg/srv/dds_connext/Imagedata_.idl
[4.424s] -- Up-to-date: /root/research-1/install/mymsg/include/mymsg
[4.424s] -- Up-to-date: /root/research-1/install/mymsg/include/mymsg/srv
[4.424s] -- Up-to-date: /root/research-1/install/mymsg/include/mymsg/srv/imagedata__rosidl_typesupport_connext_cpp.hpp
[4.424s] -- Up-to-date: /root/research-1/install/mymsg/include/mymsg/srv/dds_connext
[4.424s] -- Up-to-date: /root/research-1/install/mymsg/include/mymsg/srv/dds_connext/Imagedata_.cxx
[4.424s] -- Up-to-date: /root/research-1/install/mymsg/include/mymsg/srv/dds_connext/Imagedata_Support.h
[4.424s] -- Up-to-date: /root/research-1/install/mymsg/include/mymsg/srv/dds_connext/Imagedata_Plugin.cxx
[4.424s] -- Up-to-date: /root/research-1/install/mymsg/include/mymsg/srv/dds_connext/Imagedata_.h
[4.425s] -- Up-to-date: /root/research-1/install/mymsg/include/mymsg/srv/dds_connext/Imagedata_Plugin.h
[4.425s] -- Up-to-date: /root/research-1/install/mymsg/include/mymsg/srv/dds_connext/Imagedata_Support.cxx
[4.425s] -- Up-to-date: /root/research-1/install/mymsg/include/mymsg/msg
[4.425s] -- Up-to-date: /root/research-1/install/mymsg/include/mymsg/msg/rosidl_typesupport_connext_cpp__visibility_control.h
[4.425s] -- Up-to-date: /root/research-1/install/mymsg/include/mymsg/msg/multi_transform__rosidl_typesupport_connext_cpp.hpp
[4.426s] -- Up-to-date: /root/research-1/install/mymsg/include/mymsg/msg/transform__rosidl_typesupport_connext_cpp.hpp
[4.426s] -- Up-to-date: /root/research-1/install/mymsg/include/mymsg/msg/dds_connext
[4.426s] -- Up-to-date: /root/research-1/install/mymsg/include/mymsg/msg/dds_connext/Transform_Support.cxx
[4.426s] -- Up-to-date: /root/research-1/install/mymsg/include/mymsg/msg/dds_connext/Transform_.cxx
[4.426s] -- Up-to-date: /root/research-1/install/mymsg/include/mymsg/msg/dds_connext/Poses_Plugin.cxx
[4.426s] -- Up-to-date: /root/research-1/install/mymsg/include/mymsg/msg/dds_connext/Poses_.h
[4.427s] -- Up-to-date: /root/research-1/install/mymsg/include/mymsg/msg/dds_connext/Pose_Support.h
[4.427s] -- Up-to-date: /root/research-1/install/mymsg/include/mymsg/msg/dds_connext/Transform_Support.h
[4.427s] -- Up-to-date: /root/research-1/install/mymsg/include/mymsg/msg/dds_connext/Transform_Plugin.h
[4.427s] -- Up-to-date: /root/research-1/install/mymsg/include/mymsg/msg/dds_connext/MultiTransform_Plugin.cxx
[4.427s] -- Up-to-date: /root/research-1/install/mymsg/include/mymsg/msg/dds_connext/Poses_Support.h
[4.427s] -- Up-to-date: /root/research-1/install/mymsg/include/mymsg/msg/dds_connext/Pose_.h
[4.427s] -- Up-to-date: /root/research-1/install/mymsg/include/mymsg/msg/dds_connext/Poses_.cxx
[4.427s] -- Up-to-date: /root/research-1/install/mymsg/include/mymsg/msg/dds_connext/Pose_Support.cxx
[4.427s] -- Up-to-date: /root/research-1/install/mymsg/include/mymsg/msg/dds_connext/Poses_Plugin.h
[4.428s] -- Up-to-date: /root/research-1/install/mymsg/include/mymsg/msg/dds_connext/Transform_Plugin.cxx
[4.428s] -- Up-to-date: /root/research-1/install/mymsg/include/mymsg/msg/dds_connext/MultiTransform_.h
[4.428s] -- Up-to-date: /root/research-1/install/mymsg/include/mymsg/msg/dds_connext/Pose_.cxx
[4.428s] -- Up-to-date: /root/research-1/install/mymsg/include/mymsg/msg/dds_connext/Transform_.h
[4.428s] -- Up-to-date: /root/research-1/install/mymsg/include/mymsg/msg/dds_connext/MultiTransform_.cxx
[4.428s] -- Up-to-date: /root/research-1/install/mymsg/include/mymsg/msg/dds_connext/Pose_Plugin.cxx
[4.428s] -- Up-to-date: /root/research-1/install/mymsg/include/mymsg/msg/dds_connext/Poses_Support.cxx
[4.428s] -- Up-to-date: /root/research-1/install/mymsg/include/mymsg/msg/dds_connext/MultiTransform_Support.cxx
[4.428s] -- Up-to-date: /root/research-1/install/mymsg/include/mymsg/msg/dds_connext/Pose_Plugin.h
[4.428s] -- Up-to-date: /root/research-1/install/mymsg/include/mymsg/msg/dds_connext/MultiTransform_Support.h
[4.429s] -- Up-to-date: /root/research-1/install/mymsg/include/mymsg/msg/dds_connext/MultiTransform_Plugin.h
[4.429s] -- Up-to-date: /root/research-1/install/mymsg/include/mymsg/msg/pose__rosidl_typesupport_connext_cpp.hpp
[4.429s] -- Up-to-date: /root/research-1/install/mymsg/include/mymsg/msg/poses__rosidl_typesupport_connext_cpp.hpp
[4.429s] -- Up-to-date: /root/research-1/install/mymsg/lib/libmymsg__rosidl_typesupport_connext_cpp.so
[4.429s] -- Up-to-date: /root/research-1/install/mymsg/include/mymsg
[4.429s] -- Up-to-date: /root/research-1/install/mymsg/include/mymsg/srv
[4.429s] -- Up-to-date: /root/research-1/install/mymsg/include/mymsg/srv/detail
[4.429s] -- Up-to-date: /root/research-1/install/mymsg/include/mymsg/srv/detail/imagedata__rosidl_typesupport_fastrtps_c.h
[4.429s] -- Up-to-date: /root/research-1/install/mymsg/include/mymsg/msg
[4.430s] -- Up-to-date: /root/research-1/install/mymsg/include/mymsg/msg/detail
[4.430s] -- Up-to-date: /root/research-1/install/mymsg/include/mymsg/msg/detail/poses__rosidl_typesupport_fastrtps_c.h
[4.430s] -- Up-to-date: /root/research-1/install/mymsg/include/mymsg/msg/detail/multi_transform__rosidl_typesupport_fastrtps_c.h
[4.430s] -- Up-to-date: /root/research-1/install/mymsg/include/mymsg/msg/detail/transform__rosidl_typesupport_fastrtps_c.h
[4.430s] -- Up-to-date: /root/research-1/install/mymsg/include/mymsg/msg/detail/pose__rosidl_typesupport_fastrtps_c.h
[4.430s] -- Up-to-date: /root/research-1/install/mymsg/include/mymsg/msg/rosidl_typesupport_fastrtps_c__visibility_control.h
[4.430s] -- Up-to-date: /root/research-1/install/mymsg/lib/libmymsg__rosidl_typesupport_fastrtps_c.so
[4.430s] -- Up-to-date: /root/research-1/install/mymsg/include/mymsg
[4.430s] -- Up-to-date: /root/research-1/install/mymsg/include/mymsg/srv
[4.430s] -- Up-to-date: /root/research-1/install/mymsg/include/mymsg/srv/detail
[4.431s] -- Up-to-date: /root/research-1/install/mymsg/include/mymsg/srv/detail/imagedata__rosidl_typesupport_fastrtps_cpp.hpp
[4.431s] -- Up-to-date: /root/research-1/install/mymsg/include/mymsg/srv/detail/dds_fastrtps
[4.431s] -- Up-to-date: /root/research-1/install/mymsg/include/mymsg/msg
[4.431s] -- Up-to-date: /root/research-1/install/mymsg/include/mymsg/msg/detail
[4.431s] -- Up-to-date: /root/research-1/install/mymsg/include/mymsg/msg/detail/multi_transform__rosidl_typesupport_fastrtps_cpp.hpp
[4.431s] -- Up-to-date: /root/research-1/install/mymsg/include/mymsg/msg/detail/pose__rosidl_typesupport_fastrtps_cpp.hpp
[4.431s] -- Up-to-date: /root/research-1/install/mymsg/include/mymsg/msg/detail/transform__rosidl_typesupport_fastrtps_cpp.hpp
[4.431s] -- Up-to-date: /root/research-1/install/mymsg/include/mymsg/msg/detail/poses__rosidl_typesupport_fastrtps_cpp.hpp
[4.431s] -- Up-to-date: /root/research-1/install/mymsg/include/mymsg/msg/detail/dds_fastrtps
[4.432s] -- Up-to-date: /root/research-1/install/mymsg/include/mymsg/msg/rosidl_typesupport_fastrtps_cpp__visibility_control.h
[4.432s] -- Up-to-date: /root/research-1/install/mymsg/lib/libmymsg__rosidl_typesupport_fastrtps_cpp.so
[4.432s] -- Up-to-date: /root/research-1/install/mymsg/include/mymsg
[4.432s] -- Up-to-date: /root/research-1/install/mymsg/include/mymsg/srv
[4.432s] -- Up-to-date: /root/research-1/install/mymsg/include/mymsg/srv/detail
[4.432s] -- Up-to-date: /root/research-1/install/mymsg/include/mymsg/srv/detail/imagedata__type_support.c
[4.432s] -- Up-to-date: /root/research-1/install/mymsg/include/mymsg/srv/detail/imagedata__rosidl_typesupport_introspection_c.h
[4.432s] -- Up-to-date: /root/research-1/install/mymsg/include/mymsg/msg
[4.432s] -- Up-to-date: /root/research-1/install/mymsg/include/mymsg/msg/detail
[4.432s] -- Up-to-date: /root/research-1/install/mymsg/include/mymsg/msg/detail/pose__rosidl_typesupport_introspection_c.h
[4.433s] -- Up-to-date: /root/research-1/install/mymsg/include/mymsg/msg/detail/transform__type_support.c
[4.433s] -- Up-to-date: /root/research-1/install/mymsg/include/mymsg/msg/detail/multi_transform__rosidl_typesupport_introspection_c.h
[4.433s] -- Up-to-date: /root/research-1/install/mymsg/include/mymsg/msg/detail/transform__rosidl_typesupport_introspection_c.h
[4.433s] -- Up-to-date: /root/research-1/install/mymsg/include/mymsg/msg/detail/multi_transform__type_support.c
[4.433s] -- Up-to-date: /root/research-1/install/mymsg/include/mymsg/msg/detail/poses__type_support.c
[4.433s] -- Up-to-date: /root/research-1/install/mymsg/include/mymsg/msg/detail/pose__type_support.c
[4.433s] -- Up-to-date: /root/research-1/install/mymsg/include/mymsg/msg/detail/poses__rosidl_typesupport_introspection_c.h
[4.433s] -- Up-to-date: /root/research-1/install/mymsg/include/mymsg/msg/rosidl_typesupport_introspection_c__visibility_control.h
[4.433s] -- Up-to-date: /root/research-1/install/mymsg/lib/libmymsg__rosidl_typesupport_introspection_c.so
[4.433s] -- Up-to-date: /root/research-1/install/mymsg/lib/libmymsg__rosidl_typesupport_c.so
[4.434s] -- Up-to-date: /root/research-1/install/mymsg/include/mymsg
[4.434s] -- Up-to-date: /root/research-1/install/mymsg/include/mymsg/srv
[4.434s] -- Up-to-date: /root/research-1/install/mymsg/include/mymsg/srv/detail
[4.434s] -- Up-to-date: /root/research-1/install/mymsg/include/mymsg/srv/detail/imagedata__traits.hpp
[4.434s] -- Up-to-date: /root/research-1/install/mymsg/include/mymsg/srv/detail/imagedata__builder.hpp
[4.434s] -- Up-to-date: /root/research-1/install/mymsg/include/mymsg/srv/detail/imagedata__struct.hpp
[4.434s] -- Up-to-date: /root/research-1/install/mymsg/include/mymsg/srv/imagedata.hpp
[4.434s] -- Up-to-date: /root/research-1/install/mymsg/include/mymsg/msg
[4.434s] -- Up-to-date: /root/research-1/install/mymsg/include/mymsg/msg/multi_transform.hpp
[4.434s] -- Up-to-date: /root/research-1/install/mymsg/include/mymsg/msg/transform.hpp
[4.435s] -- Up-to-date: /root/research-1/install/mymsg/include/mymsg/msg/detail
[4.435s] -- Up-to-date: /root/research-1/install/mymsg/include/mymsg/msg/detail/poses__struct.hpp
[4.435s] -- Up-to-date: /root/research-1/install/mymsg/include/mymsg/msg/detail/multi_transform__struct.hpp
[4.435s] -- Up-to-date: /root/research-1/install/mymsg/include/mymsg/msg/detail/multi_transform__traits.hpp
[4.435s] -- Up-to-date: /root/research-1/install/mymsg/include/mymsg/msg/detail/poses__builder.hpp
[4.435s] -- Up-to-date: /root/research-1/install/mymsg/include/mymsg/msg/detail/transform__struct.hpp
[4.435s] -- Up-to-date: /root/research-1/install/mymsg/include/mymsg/msg/detail/pose__struct.hpp
[4.435s] -- Up-to-date: /root/research-1/install/mymsg/include/mymsg/msg/detail/pose__traits.hpp
[4.435s] -- Up-to-date: /root/research-1/install/mymsg/include/mymsg/msg/detail/transform__traits.hpp
[4.435s] -- Up-to-date: /root/research-1/install/mymsg/include/mymsg/msg/detail/poses__traits.hpp
[4.436s] -- Up-to-date: /root/research-1/install/mymsg/include/mymsg/msg/detail/transform__builder.hpp
[4.436s] -- Up-to-date: /root/research-1/install/mymsg/include/mymsg/msg/detail/multi_transform__builder.hpp
[4.436s] -- Up-to-date: /root/research-1/install/mymsg/include/mymsg/msg/detail/pose__builder.hpp
[4.436s] -- Up-to-date: /root/research-1/install/mymsg/include/mymsg/msg/pose.hpp
[4.436s] -- Up-to-date: /root/research-1/install/mymsg/include/mymsg/msg/poses.hpp
[4.436s] -- Up-to-date: /root/research-1/install/mymsg/include/mymsg
[4.436s] -- Up-to-date: /root/research-1/install/mymsg/include/mymsg/srv
[4.436s] -- Up-to-date: /root/research-1/install/mymsg/include/mymsg/srv/detail
[4.436s] -- Up-to-date: /root/research-1/install/mymsg/include/mymsg/srv/detail/imagedata__rosidl_typesupport_introspection_cpp.hpp
[4.436s] -- Up-to-date: /root/research-1/install/mymsg/include/mymsg/srv/detail/imagedata__type_support.cpp
[4.437s] -- Up-to-date: /root/research-1/install/mymsg/include/mymsg/msg
[4.437s] -- Up-to-date: /root/research-1/install/mymsg/include/mymsg/msg/detail
[4.437s] -- Up-to-date: /root/research-1/install/mymsg/include/mymsg/msg/detail/poses__type_support.cpp
[4.437s] -- Up-to-date: /root/research-1/install/mymsg/include/mymsg/msg/detail/multi_transform__type_support.cpp
[4.437s] -- Up-to-date: /root/research-1/install/mymsg/include/mymsg/msg/detail/transform__type_support.cpp
[4.437s] -- Up-to-date: /root/research-1/install/mymsg/include/mymsg/msg/detail/pose__type_support.cpp
[4.437s] -- Up-to-date: /root/research-1/install/mymsg/include/mymsg/msg/detail/multi_transform__rosidl_typesupport_introspection_cpp.hpp
[4.437s] -- Up-to-date: /root/research-1/install/mymsg/include/mymsg/msg/detail/pose__rosidl_typesupport_introspection_cpp.hpp
[4.437s] -- Up-to-date: /root/research-1/install/mymsg/include/mymsg/msg/detail/transform__rosidl_typesupport_introspection_cpp.hpp
[4.437s] -- Up-to-date: /root/research-1/install/mymsg/include/mymsg/msg/detail/poses__rosidl_typesupport_introspection_cpp.hpp
[4.438s] -- Up-to-date: /root/research-1/install/mymsg/lib/libmymsg__rosidl_typesupport_introspection_cpp.so
[4.438s] -- Up-to-date: /root/research-1/install/mymsg/lib/libmymsg__rosidl_typesupport_cpp.so
[4.438s] -- Up-to-date: /root/research-1/install/mymsg/share/mymsg/environment/pythonpath.sh
[4.438s] -- Installing: /root/research-1/install/mymsg/share/mymsg/environment/pythonpath.dsv
[4.438s] -- Installing: /root/research-1/install/mymsg/lib/python3.8/site-packages/mymsg/__init__.py
[4.493s] Compiling '/root/research-1/install/mymsg/lib/python3.8/site-packages/mymsg/__init__.py'...
[4.498s] -- Up-to-date: /root/research-1/install/mymsg/lib/python3.8/site-packages/mymsg/msg
[4.499s] -- Up-to-date: /root/research-1/install/mymsg/lib/python3.8/site-packages/mymsg/msg/_transform_s.c
[4.499s] -- Up-to-date: /root/research-1/install/mymsg/lib/python3.8/site-packages/mymsg/msg/_multi_transform_s.c
[4.499s] -- Up-to-date: /root/research-1/install/mymsg/lib/python3.8/site-packages/mymsg/msg/_pose_s.c
[4.499s] -- Up-to-date: /root/research-1/install/mymsg/lib/python3.8/site-packages/mymsg/msg/_transform.py
[4.499s] -- Up-to-date: /root/research-1/install/mymsg/lib/python3.8/site-packages/mymsg/msg/_poses_s.c
[4.499s] -- Up-to-date: /root/research-1/install/mymsg/lib/python3.8/site-packages/mymsg/msg/_poses.py
[4.499s] -- Up-to-date: /root/research-1/install/mymsg/lib/python3.8/site-packages/mymsg/msg/__init__.py
[4.500s] -- Up-to-date: /root/research-1/install/mymsg/lib/python3.8/site-packages/mymsg/msg/_pose.py
[4.500s] -- Up-to-date: /root/research-1/install/mymsg/lib/python3.8/site-packages/mymsg/msg/_multi_transform.py
[4.500s] -- Up-to-date: /root/research-1/install/mymsg/lib/python3.8/site-packages/mymsg/srv
[4.500s] -- Up-to-date: /root/research-1/install/mymsg/lib/python3.8/site-packages/mymsg/srv/_imagedata_s.c
[4.500s] -- Up-to-date: /root/research-1/install/mymsg/lib/python3.8/site-packages/mymsg/srv/_imagedata.py
[4.500s] -- Up-to-date: /root/research-1/install/mymsg/lib/python3.8/site-packages/mymsg/srv/__init__.py
[4.500s] -- Up-to-date: /root/research-1/install/mymsg/lib/python3.8/site-packages/mymsg/mymsg_s__rosidl_typesupport_connext_c.cpython-38-x86_64-linux-gnu.so
[4.500s] -- Up-to-date: /root/research-1/install/mymsg/lib/python3.8/site-packages/mymsg/mymsg_s__rosidl_typesupport_fastrtps_c.cpython-38-x86_64-linux-gnu.so
[4.501s] -- Up-to-date: /root/research-1/install/mymsg/lib/python3.8/site-packages/mymsg/mymsg_s__rosidl_typesupport_introspection_c.cpython-38-x86_64-linux-gnu.so
[4.502s] -- Up-to-date: /root/research-1/install/mymsg/lib/python3.8/site-packages/mymsg/mymsg_s__rosidl_typesupport_c.cpython-38-x86_64-linux-gnu.so
[4.502s] -- Up-to-date: /root/research-1/install/mymsg/lib/libmymsg__python.so
[4.503s] -- Up-to-date: /root/research-1/install/mymsg/share/mymsg/msg/Pose.idl
[4.503s] -- Up-to-date: /root/research-1/install/mymsg/share/mymsg/msg/Poses.idl
[4.503s] -- Up-to-date: /root/research-1/install/mymsg/share/mymsg/msg/Transform.idl
[4.503s] -- Up-to-date: /root/research-1/install/mymsg/share/mymsg/msg/MultiTransform.idl
[4.503s] -- Up-to-date: /root/research-1/install/mymsg/share/mymsg/srv/Imagedata.idl
[4.504s] -- Up-to-date: /root/research-1/install/mymsg/share/mymsg/msg/Pose.msg
[4.504s] -- Up-to-date: /root/research-1/install/mymsg/share/mymsg/msg/Poses.msg
[4.504s] -- Up-to-date: /root/research-1/install/mymsg/share/mymsg/msg/Transform.msg
[4.504s] -- Up-to-date: /root/research-1/install/mymsg/share/mymsg/msg/MultiTransform.msg
[4.504s] -- Up-to-date: /root/research-1/install/mymsg/share/mymsg/srv/Imagedata.srv
[4.504s] -- Up-to-date: /root/research-1/install/mymsg/share/mymsg/srv/Imagedata_Request.msg
[4.504s] -- Up-to-date: /root/research-1/install/mymsg/share/mymsg/srv/Imagedata_Response.msg
[4.505s] -- Installing: /root/research-1/install/mymsg/share/ament_index/resource_index/package_run_dependencies/mymsg
[4.505s] -- Installing: /root/research-1/install/mymsg/share/ament_index/resource_index/parent_prefix_path/mymsg
[4.505s] -- Up-to-date: /root/research-1/install/mymsg/share/mymsg/environment/ament_prefix_path.sh
[4.505s] -- Installing: /root/research-1/install/mymsg/share/mymsg/environment/ament_prefix_path.dsv
[4.505s] -- Up-to-date: /root/research-1/install/mymsg/share/mymsg/environment/path.sh
[4.505s] -- Installing: /root/research-1/install/mymsg/share/mymsg/environment/path.dsv
[4.506s] -- Up-to-date: /root/research-1/install/mymsg/share/mymsg/local_setup.bash
[4.506s] -- Up-to-date: /root/research-1/install/mymsg/share/mymsg/local_setup.sh
[4.506s] -- Up-to-date: /root/research-1/install/mymsg/share/mymsg/local_setup.zsh
[4.506s] -- Installing: /root/research-1/install/mymsg/share/mymsg/local_setup.dsv
[4.506s] -- Installing: /root/research-1/install/mymsg/share/mymsg/package.dsv
[4.506s] -- Up-to-date: /root/research-1/install/mymsg/share/ament_index/resource_index/packages/mymsg
[4.506s] -- Up-to-date: /root/research-1/install/mymsg/share/mymsg/cmake/mymsg__rosidl_generator_cExport.cmake
[4.507s] -- Installing: /root/research-1/install/mymsg/share/mymsg/cmake/mymsg__rosidl_generator_cExport-noconfig.cmake
[4.507s] -- Up-to-date: /root/research-1/install/mymsg/share/mymsg/cmake/mymsg__rosidl_typesupport_introspection_cExport.cmake
[4.507s] -- Installing: /root/research-1/install/mymsg/share/mymsg/cmake/mymsg__rosidl_typesupport_introspection_cExport-noconfig.cmake
[4.507s] -- Up-to-date: /root/research-1/install/mymsg/share/mymsg/cmake/mymsg__rosidl_typesupport_cExport.cmake
[4.507s] -- Installing: /root/research-1/install/mymsg/share/mymsg/cmake/mymsg__rosidl_typesupport_cExport-noconfig.cmake
[4.508s] -- Up-to-date: /root/research-1/install/mymsg/share/mymsg/cmake/mymsg__rosidl_generator_cppExport.cmake
[4.508s] -- Up-to-date: /root/research-1/install/mymsg/share/mymsg/cmake/mymsg__rosidl_typesupport_introspection_cppExport.cmake
[4.508s] -- Installing: /root/research-1/install/mymsg/share/mymsg/cmake/mymsg__rosidl_typesupport_introspection_cppExport-noconfig.cmake
[4.508s] -- Up-to-date: /root/research-1/install/mymsg/share/mymsg/cmake/mymsg__rosidl_typesupport_cppExport.cmake
[4.508s] -- Installing: /root/research-1/install/mymsg/share/mymsg/cmake/mymsg__rosidl_typesupport_cppExport-noconfig.cmake
[4.509s] -- Up-to-date: /root/research-1/install/mymsg/share/mymsg/cmake/rosidl_cmake-extras.cmake
[4.509s] -- Up-to-date: /root/research-1/install/mymsg/share/mymsg/cmake/ament_cmake_export_dependencies-extras.cmake
[4.509s] -- Up-to-date: /root/research-1/install/mymsg/share/mymsg/cmake/ament_cmake_export_libraries-extras.cmake
[4.509s] -- Up-to-date: /root/research-1/install/mymsg/share/mymsg/cmake/ament_cmake_export_targets-extras.cmake
[4.509s] -- Up-to-date: /root/research-1/install/mymsg/share/mymsg/cmake/ament_cmake_export_include_directories-extras.cmake
[4.509s] -- Up-to-date: /root/research-1/install/mymsg/share/mymsg/cmake/rosidl_cmake_export_typesupport_libraries-extras.cmake
[4.510s] -- Up-to-date: /root/research-1/install/mymsg/share/mymsg/cmake/rosidl_cmake_export_typesupport_targets-extras.cmake
[4.510s] -- Up-to-date: /root/research-1/install/mymsg/share/mymsg/cmake/mymsgConfig.cmake
[4.510s] -- Up-to-date: /root/research-1/install/mymsg/share/mymsg/cmake/mymsgConfig-version.cmake
[4.510s] -- Installing: /root/research-1/install/mymsg/share/mymsg/package.xml
[4.517s] Invoked command in '/root/research-1/build/mymsg' returned '0': CMAKE_PREFIX_PATH=${CMAKE_PREFIX_PATH}:/root/chapter2/install/hello:/root/chapter2/install/happy_topic:/root/chapter2/install/happy_service:/root/chapter2/install/happy_pub_sub:/root/chapter2/install/bringme_service:/root/chapter2/install/happy_action:/root/chapter2/install/happy:/root/research_version_two/install/pose_chaser:/root/research-1/install/chaser_navigation_system:/root/Pose_waypointmaker/install/tf2_pifpaf:/root/Pose_waypointmaker/install/ros2_pifpaf:/root/Pose_waypointmaker/install/pifpaf_navi:/root/sirius/sirius_ws/install/turtlebot3_teleop:/root/sirius/sirius_ws/install/turtlebot3_example:/opt/ros/foxy /usr/bin/cmake --install /root/research-1/build/mymsg
