[0.854s] Invoking command in '/root/research-1/src/chaser_navigation_system': PYTHONPATH=/root/research-1/install/chaser_navigation_system/lib/python3.8/site-packages:${PYTHONPATH} _=/usr/bin/env /usr/bin/python3 setup.py egg_info --egg-base ../../build/chaser_navigation_system build --build-base /root/research-1/build/chaser_navigation_system/build install --prefix /root/research-1/install/chaser_navigation_system --record /root/research-1/build/chaser_navigation_system/install.log --single-version-externally-managed
[1.070s] running egg_info
[1.070s] writing ../../build/chaser_navigation_system/chaser_navigation_system.egg-info/PKG-INFO
[1.071s] writing dependency_links to ../../build/chaser_navigation_system/chaser_navigation_system.egg-info/dependency_links.txt
[1.073s] writing entry points to ../../build/chaser_navigation_system/chaser_navigation_system.egg-info/entry_points.txt
[1.073s] writing requirements to ../../build/chaser_navigation_system/chaser_navigation_system.egg-info/requires.txt
[1.073s] writing top-level names to ../../build/chaser_navigation_system/chaser_navigation_system.egg-info/top_level.txt
[1.100s] reading manifest file '../../build/chaser_navigation_system/chaser_navigation_system.egg-info/SOURCES.txt'
[1.101s] writing manifest file '../../build/chaser_navigation_system/chaser_navigation_system.egg-info/SOURCES.txt'
[1.101s] running build
[1.101s] running build_py
[1.101s] copying chaser_navigation_system/image_inputer.py -> /root/research-1/build/chaser_navigation_system/build/lib/chaser_navigation_system
[1.102s] running install
[1.103s] running install_lib
[1.104s] copying /root/research-1/build/chaser_navigation_system/build/lib/chaser_navigation_system/image_inputer.py -> /root/research-1/install/chaser_navigation_system/lib/python3.8/site-packages/chaser_navigation_system
[1.105s] byte-compiling /root/research-1/install/chaser_navigation_system/lib/python3.8/site-packages/chaser_navigation_system/image_inputer.py to image_inputer.cpython-38.pyc
[1.108s] running install_data
[1.108s] running install_egg_info
[1.109s] removing '/root/research-1/install/chaser_navigation_system/lib/python3.8/site-packages/chaser_navigation_system-0.0.0-py3.8.egg-info' (and everything under it)
[1.110s] Copying ../../build/chaser_navigation_system/chaser_navigation_system.egg-info to /root/research-1/install/chaser_navigation_system/lib/python3.8/site-packages/chaser_navigation_system-0.0.0-py3.8.egg-info
[1.111s] running install_scripts
[1.126s] Installing image_cutter script to /root/research-1/install/chaser_navigation_system/lib/chaser_navigation_system
[1.126s] Installing image_inputer script to /root/research-1/install/chaser_navigation_system/lib/chaser_navigation_system
[1.126s] writing list of installed files to '/root/research-1/build/chaser_navigation_system/install.log'
[1.147s] Invoked command in '/root/research-1/src/chaser_navigation_system' returned '0': PYTHONPATH=/root/research-1/install/chaser_navigation_system/lib/python3.8/site-packages:${PYTHONPATH} _=/usr/bin/env /usr/bin/python3 setup.py egg_info --egg-base ../../build/chaser_navigation_system build --build-base /root/research-1/build/chaser_navigation_system/build install --prefix /root/research-1/install/chaser_navigation_system --record /root/research-1/build/chaser_navigation_system/install.log --single-version-externally-managed
