[0.659s] Invoking command in '/root/research-1/src/chaser_navigation_system': PYTHONPATH=/root/research-1/install/chaser_navigation_system/lib/python3.8/site-packages:${PYTHONPATH} _=/usr/bin/env /usr/bin/python3 setup.py egg_info --egg-base ../../build/chaser_navigation_system build --build-base /root/research-1/build/chaser_navigation_system/build install --prefix /root/research-1/install/chaser_navigation_system --record /root/research-1/build/chaser_navigation_system/install.log --single-version-externally-managed
[0.875s] running egg_info
[0.875s] writing ../../build/chaser_navigation_system/chaser_navigation_system.egg-info/PKG-INFO
[0.876s] writing dependency_links to ../../build/chaser_navigation_system/chaser_navigation_system.egg-info/dependency_links.txt
[0.876s] writing entry points to ../../build/chaser_navigation_system/chaser_navigation_system.egg-info/entry_points.txt
[0.876s] writing requirements to ../../build/chaser_navigation_system/chaser_navigation_system.egg-info/requires.txt
[0.876s] writing top-level names to ../../build/chaser_navigation_system/chaser_navigation_system.egg-info/top_level.txt
[0.904s] reading manifest file '../../build/chaser_navigation_system/chaser_navigation_system.egg-info/SOURCES.txt'
[0.904s] writing manifest file '../../build/chaser_navigation_system/chaser_navigation_system.egg-info/SOURCES.txt'
[0.905s] running build
[0.905s] running build_py
[0.905s] running install
[0.906s] running install_lib
[0.907s] running install_data
[0.907s] running install_egg_info
[0.909s] removing '/root/research-1/install/chaser_navigation_system/lib/python3.8/site-packages/chaser_navigation_system-0.0.0-py3.8.egg-info' (and everything under it)
[0.909s] Copying ../../build/chaser_navigation_system/chaser_navigation_system.egg-info to /root/research-1/install/chaser_navigation_system/lib/python3.8/site-packages/chaser_navigation_system-0.0.0-py3.8.egg-info
[0.910s] running install_scripts
[0.924s] Installing image_inputer script to /root/research-1/install/chaser_navigation_system/lib/chaser_navigation_system
[0.924s] Installing pose_tf2 script to /root/research-1/install/chaser_navigation_system/lib/chaser_navigation_system
[0.924s] Installing rgbd_generator script to /root/research-1/install/chaser_navigation_system/lib/chaser_navigation_system
[0.924s] Installing three_d_pose_analysis script to /root/research-1/install/chaser_navigation_system/lib/chaser_navigation_system
[0.925s] writing list of installed files to '/root/research-1/build/chaser_navigation_system/install.log'
[0.943s] Invoked command in '/root/research-1/src/chaser_navigation_system' returned '0': PYTHONPATH=/root/research-1/install/chaser_navigation_system/lib/python3.8/site-packages:${PYTHONPATH} _=/usr/bin/env /usr/bin/python3 setup.py egg_info --egg-base ../../build/chaser_navigation_system build --build-base /root/research-1/build/chaser_navigation_system/build install --prefix /root/research-1/install/chaser_navigation_system --record /root/research-1/build/chaser_navigation_system/install.log --single-version-externally-managed
