[0.300s] Invoking command in '/root/research-1/build/mymsg': CMAKE_PREFIX_PATH=${CMAKE_PREFIX_PATH}:/root/research/install/chaser_navigation_system:/root/Pose_waypointmaker/install/tf2_pifpaf:/root/Pose_waypointmaker/install/ros2_pifpaf:/root/Pose_waypointmaker/install/pifpaf_navi:/opt/ros/foxy _=/usr/bin/env /usr/bin/cmake /root/research-1/src/mymsg -DCMAKE_INSTALL_PREFIX=/root/research-1/install/mymsg
[0.573s] -- The C compiler identification is GNU 9.4.0
[0.736s] -- The CXX compiler identification is GNU 9.4.0
[0.752s] -- Check for working C compiler: /usr/bin/cc
[0.836s] -- Check for working C compiler: /usr/bin/cc -- works
[0.839s] -- Detecting C compiler ABI info
[0.918s] -- Detecting C compiler ABI info - done
[0.928s] -- Detecting C compile features
[0.929s] -- Detecting C compile features - done
[0.934s] -- Check for working CXX compiler: /usr/bin/c++
[1.025s] -- Check for working CXX compiler: /usr/bin/c++ -- works
[1.027s] -- Detecting CXX compiler ABI info
[1.114s] -- Detecting CXX compiler ABI info - done
[1.130s] -- Detecting CXX compile features
[1.130s] -- Detecting CXX compile features - done
[1.154s] -- Found ament_cmake: 0.9.11 (/opt/ros/foxy/share/ament_cmake/cmake)
[1.197s] -- Found PythonInterp: /usr/bin/python3 (found suitable version "3.8.10", minimum required is "3") 
[1.197s] -- Using PYTHON_EXECUTABLE: /usr/bin/python3
[1.490s] -- Found geometry_msgs: 2.0.5 (/opt/ros/foxy/share/geometry_msgs/cmake)
[1.591s] -- Using all available rosidl_typesupport_c: rosidl_typesupport_fastrtps_c;rosidl_typesupport_introspection_c
[1.616s] -- Found rosidl_adapter: 1.3.0 (/opt/ros/foxy/share/rosidl_adapter/cmake)
[1.812s] -- Found OpenSSL: /usr/lib/x86_64-linux-gnu/libcrypto.so (found version "1.1.1f")  
[1.866s] -- Found FastRTPS: /opt/ros/foxy/include  
[2.034s] -- Using all available rosidl_typesupport_cpp: rosidl_typesupport_fastrtps_cpp;rosidl_typesupport_introspection_cpp
[2.187s] -- Found rosidl_default_generators: 1.0.1 (/opt/ros/foxy/share/rosidl_default_generators/cmake)
[2.210s] -- Found sensor_msgs: 2.0.5 (/opt/ros/foxy/share/sensor_msgs/cmake)
[2.291s] -- Found visualization_msgs: 2.0.5 (/opt/ros/foxy/share/visualization_msgs/cmake)
[2.403s] -- Found PythonInterp: /usr/bin/python3 (found version "3.8.10") 
[2.683s] -- Found ament_cmake_ros: 0.9.2 (/opt/ros/foxy/share/ament_cmake_ros/cmake)
[3.104s] -- Using all available rosidl_typesupport_c: rosidl_typesupport_fastrtps_c;rosidl_typesupport_introspection_c
[3.293s] -- Using all available rosidl_typesupport_cpp: rosidl_typesupport_fastrtps_cpp;rosidl_typesupport_introspection_cpp
[3.326s] -- Found PythonInterp: /usr/bin/python3 (found suitable version "3.8.10", minimum required is "3.5") 
[3.331s] -- Found python_cmake_module: 0.8.1 (/opt/ros/foxy/share/python_cmake_module/cmake)
[3.376s] -- Found PythonLibs: /usr/lib/x86_64-linux-gnu/libpython3.8.so (found suitable version "3.8.10", minimum required is "3.5") 
[3.376s] -- Using PYTHON_EXECUTABLE: /usr/bin/python3
[3.376s] -- Using PYTHON_INCLUDE_DIRS: /usr/include/python3.8
[3.376s] -- Using PYTHON_LIBRARIES: /usr/lib/x86_64-linux-gnu/libpython3.8.so
[3.409s] -- Found PythonExtra: .so  
[3.550s] -- Found ament_lint_auto: 0.9.7 (/opt/ros/foxy/share/ament_lint_auto/cmake)
[3.608s] -- Added test 'copyright' to check source files copyright and LICENSE
[3.611s] -- Added test 'flake8' to check Python code syntax and style conventions
[3.613s] -- Added test 'lint_cmake' to check CMake code style
[3.614s] -- Added test 'pep257' to check Python code against some of the style conventions in PEP 257
[3.616s] -- Added test 'xmllint' to check XML markup files
[3.623s] -- Configuring done
[3.742s] -- Generating done
[3.746s] -- Build files have been written to: /root/research-1/build/mymsg
[3.757s] Invoked command in '/root/research-1/build/mymsg' returned '0': CMAKE_PREFIX_PATH=${CMAKE_PREFIX_PATH}:/root/research/install/chaser_navigation_system:/root/Pose_waypointmaker/install/tf2_pifpaf:/root/Pose_waypointmaker/install/ros2_pifpaf:/root/Pose_waypointmaker/install/pifpaf_navi:/opt/ros/foxy _=/usr/bin/env /usr/bin/cmake /root/research-1/src/mymsg -DCMAKE_INSTALL_PREFIX=/root/research-1/install/mymsg
[3.758s] Invoking command in '/root/research-1/build/mymsg': CMAKE_PREFIX_PATH=${CMAKE_PREFIX_PATH}:/root/research/install/chaser_navigation_system:/root/Pose_waypointmaker/install/tf2_pifpaf:/root/Pose_waypointmaker/install/ros2_pifpaf:/root/Pose_waypointmaker/install/pifpaf_navi:/opt/ros/foxy _=/usr/bin/env /usr/bin/cmake --build /root/research-1/build/mymsg -- -j12 -l12
[3.816s] [35m[1mScanning dependencies of target mymsg__cpp[0m
[3.818s] [  1%] [34m[1mGenerating C code for ROS interfaces[0m
[3.836s] [  3%] [34m[1mGenerating C++ code for ROS interfaces[0m
[4.303s] [  3%] Built target mymsg__cpp
[4.313s] [35m[1mScanning dependencies of target mymsg__rosidl_generator_c[0m
[4.318s] [  6%] [34m[1mGenerating C++ type support dispatch for ROS interfaces[0m
[4.318s] [  6%] [34m[1mGenerating C++ introspection for ROS interfaces[0m
[4.318s] [  7%] [34m[1mGenerating C++ type support for eProsima Fast-RTPS[0m
[4.363s] [  9%] [32mBuilding C object CMakeFiles/mymsg__rosidl_generator_c.dir/rosidl_generator_c/mymsg/msg/detail/pose__functions.c.o[0m
[4.364s] [ 11%] [32mBuilding C object CMakeFiles/mymsg__rosidl_generator_c.dir/rosidl_generator_c/mymsg/msg/detail/poses__functions.c.o[0m
[4.365s] [ 12%] [32mBuilding C object CMakeFiles/mymsg__rosidl_generator_c.dir/rosidl_generator_c/mymsg/msg/detail/transform__functions.c.o[0m
[4.367s] [ 14%] [32mBuilding C object CMakeFiles/mymsg__rosidl_generator_c.dir/rosidl_generator_c/mymsg/msg/detail/multi_transform__functions.c.o[0m
[4.369s] [ 15%] [32mBuilding C object CMakeFiles/mymsg__rosidl_generator_c.dir/rosidl_generator_c/mymsg/srv/detail/imagedata__functions.c.o[0m
[4.476s] [ 17%] [32m[1mLinking C shared library libmymsg__rosidl_generator_c.so[0m
[4.549s] [ 17%] Built target mymsg__rosidl_generator_c
[4.564s] [ 19%] [34m[1mGenerating C introspection for ROS interfaces[0m
[4.564s] [ 20%] [34m[1mGenerating C type support dispatch for ROS interfaces[0m
[4.739s] [35m[1mScanning dependencies of target mymsg__rosidl_typesupport_cpp[0m
[4.775s] [ 22%] [32mBuilding CXX object CMakeFiles/mymsg__rosidl_typesupport_cpp.dir/rosidl_typesupport_cpp/mymsg/msg/pose__type_support.cpp.o[0m
[4.777s] [ 23%] [32mBuilding CXX object CMakeFiles/mymsg__rosidl_typesupport_cpp.dir/rosidl_typesupport_cpp/mymsg/msg/poses__type_support.cpp.o[0m
[4.778s] [ 25%] [32mBuilding CXX object CMakeFiles/mymsg__rosidl_typesupport_cpp.dir/rosidl_typesupport_cpp/mymsg/srv/imagedata__type_support.cpp.o[0m
[4.779s] [ 26%] [32mBuilding CXX object CMakeFiles/mymsg__rosidl_typesupport_cpp.dir/rosidl_typesupport_cpp/mymsg/msg/transform__type_support.cpp.o[0m
[4.782s] [ 28%] [32mBuilding CXX object CMakeFiles/mymsg__rosidl_typesupport_cpp.dir/rosidl_typesupport_cpp/mymsg/msg/multi_transform__type_support.cpp.o[0m
[4.899s] [35m[1mScanning dependencies of target mymsg__rosidl_typesupport_fastrtps_cpp[0m
[4.970s] [ 30%] [32mBuilding CXX object CMakeFiles/mymsg__rosidl_typesupport_fastrtps_cpp.dir/rosidl_typesupport_fastrtps_cpp/mymsg/msg/detail/dds_fastrtps/transform__type_support.cpp.o[0m
[4.972s] [ 31%] [32mBuilding CXX object CMakeFiles/mymsg__rosidl_typesupport_fastrtps_cpp.dir/rosidl_typesupport_fastrtps_cpp/mymsg/msg/detail/dds_fastrtps/pose__type_support.cpp.o[0m
[4.978s] [35m[1mScanning dependencies of target mymsg__rosidl_typesupport_introspection_cpp[0m
[4.980s] [ 33%] [32mBuilding CXX object CMakeFiles/mymsg__rosidl_typesupport_fastrtps_cpp.dir/rosidl_typesupport_fastrtps_cpp/mymsg/msg/detail/dds_fastrtps/multi_transform__type_support.cpp.o[0m
[4.983s] [ 34%] [32mBuilding CXX object CMakeFiles/mymsg__rosidl_typesupport_fastrtps_cpp.dir/rosidl_typesupport_fastrtps_cpp/mymsg/msg/detail/dds_fastrtps/poses__type_support.cpp.o[0m
[5.045s] [35m[1mScanning dependencies of target mymsg__rosidl_typesupport_c[0m
[5.086s] [ 36%] [32mBuilding CXX object CMakeFiles/mymsg__rosidl_typesupport_introspection_cpp.dir/rosidl_typesupport_introspection_cpp/mymsg/msg/detail/pose__type_support.cpp.o[0m
[5.102s] [ 38%] [32mBuilding CXX object CMakeFiles/mymsg__rosidl_typesupport_c.dir/rosidl_typesupport_c/mymsg/msg/pose__type_support.cpp.o[0m
[5.231s] [ 39%] [32mBuilding CXX object CMakeFiles/mymsg__rosidl_typesupport_c.dir/rosidl_typesupport_c/mymsg/msg/poses__type_support.cpp.o[0m
[5.302s] [ 41%] [32mBuilding CXX object CMakeFiles/mymsg__rosidl_typesupport_c.dir/rosidl_typesupport_c/mymsg/msg/transform__type_support.cpp.o[0m
[5.330s] [ 42%] [32mBuilding CXX object CMakeFiles/mymsg__rosidl_typesupport_c.dir/rosidl_typesupport_c/mymsg/msg/multi_transform__type_support.cpp.o[0m
[5.332s] [ 44%] [32mBuilding CXX object CMakeFiles/mymsg__rosidl_typesupport_introspection_cpp.dir/rosidl_typesupport_introspection_cpp/mymsg/msg/detail/poses__type_support.cpp.o[0m
[5.342s] [35m[1mScanning dependencies of target mymsg__rosidl_typesupport_introspection_c[0m
[5.348s] [ 46%] [32mBuilding CXX object CMakeFiles/mymsg__rosidl_typesupport_c.dir/rosidl_typesupport_c/mymsg/srv/imagedata__type_support.cpp.o[0m
[5.348s] [ 47%] [32mBuilding CXX object CMakeFiles/mymsg__rosidl_typesupport_introspection_cpp.dir/rosidl_typesupport_introspection_cpp/mymsg/msg/detail/transform__type_support.cpp.o[0m
[5.377s] [ 49%] [32mBuilding CXX object CMakeFiles/mymsg__rosidl_typesupport_introspection_cpp.dir/rosidl_typesupport_introspection_cpp/mymsg/msg/detail/multi_transform__type_support.cpp.o[0m
[5.379s] [ 50%] [32m[1mLinking CXX shared library libmymsg__rosidl_typesupport_cpp.so[0m
[5.393s] [ 52%] [32mBuilding CXX object CMakeFiles/mymsg__rosidl_typesupport_introspection_cpp.dir/rosidl_typesupport_introspection_cpp/mymsg/srv/detail/imagedata__type_support.cpp.o[0m
[5.402s] [ 53%] [32mBuilding C object CMakeFiles/mymsg__rosidl_typesupport_introspection_c.dir/rosidl_typesupport_introspection_c/mymsg/msg/detail/pose__type_support.c.o[0m
[5.412s] [ 55%] [32m[1mLinking CXX shared library libmymsg__rosidl_typesupport_c.so[0m
[5.514s] [ 57%] [32mBuilding C object CMakeFiles/mymsg__rosidl_typesupport_introspection_c.dir/rosidl_typesupport_introspection_c/mymsg/msg/detail/poses__type_support.c.o[0m
[5.534s] [ 57%] Built target mymsg__rosidl_typesupport_cpp
[5.561s] [ 58%] [32mBuilding C object CMakeFiles/mymsg__rosidl_typesupport_introspection_c.dir/rosidl_typesupport_introspection_c/mymsg/msg/detail/transform__type_support.c.o[0m
[5.630s] [ 58%] Built target mymsg__rosidl_typesupport_c
[5.634s] [ 60%] [32mBuilding C object CMakeFiles/mymsg__rosidl_typesupport_introspection_c.dir/rosidl_typesupport_introspection_c/mymsg/msg/detail/multi_transform__type_support.c.o[0m
[5.662s] [ 61%] [32mBuilding CXX object CMakeFiles/mymsg__rosidl_typesupport_fastrtps_cpp.dir/rosidl_typesupport_fastrtps_cpp/mymsg/srv/detail/dds_fastrtps/imagedata__type_support.cpp.o[0m
[5.675s] [ 63%] [32mBuilding C object CMakeFiles/mymsg__rosidl_typesupport_introspection_c.dir/rosidl_typesupport_introspection_c/mymsg/srv/detail/imagedata__type_support.c.o[0m
[5.750s] [ 65%] [32m[1mLinking C shared library libmymsg__rosidl_typesupport_introspection_c.so[0m
[5.831s] [ 65%] Built target mymsg__rosidl_typesupport_introspection_c
[6.009s] [ 66%] [32m[1mLinking CXX shared library libmymsg__rosidl_typesupport_introspection_cpp.so[0m
[6.108s] [ 66%] Built target mymsg__rosidl_typesupport_introspection_cpp
[6.239s] [ 68%] [32m[1mLinking CXX shared library libmymsg__rosidl_typesupport_fastrtps_cpp.so[0m
[6.374s] [ 68%] Built target mymsg__rosidl_typesupport_fastrtps_cpp
[6.387s] [ 69%] [34m[1mGenerating C type support for eProsima Fast-RTPS[0m
[6.769s] [35m[1mScanning dependencies of target mymsg__rosidl_typesupport_fastrtps_c[0m
[6.803s] [ 71%] [32mBuilding CXX object CMakeFiles/mymsg__rosidl_typesupport_fastrtps_c.dir/rosidl_typesupport_fastrtps_c/mymsg/msg/detail/poses__type_support_c.cpp.o[0m
[6.803s] [ 73%] [32mBuilding CXX object CMakeFiles/mymsg__rosidl_typesupport_fastrtps_c.dir/rosidl_typesupport_fastrtps_c/mymsg/msg/detail/transform__type_support_c.cpp.o[0m
[6.804s] [ 74%] [32mBuilding CXX object CMakeFiles/mymsg__rosidl_typesupport_fastrtps_c.dir/rosidl_typesupport_fastrtps_c/mymsg/msg/detail/pose__type_support_c.cpp.o[0m
[6.805s] [ 76%] [32mBuilding CXX object CMakeFiles/mymsg__rosidl_typesupport_fastrtps_c.dir/rosidl_typesupport_fastrtps_c/mymsg/srv/detail/imagedata__type_support_c.cpp.o[0m
[6.806s] [ 77%] [32mBuilding CXX object CMakeFiles/mymsg__rosidl_typesupport_fastrtps_c.dir/rosidl_typesupport_fastrtps_c/mymsg/msg/detail/multi_transform__type_support_c.cpp.o[0m
[7.206s] [ 79%] [32m[1mLinking CXX shared library libmymsg__rosidl_typesupport_fastrtps_c.so[0m
[7.328s] [ 79%] Built target mymsg__rosidl_typesupport_fastrtps_c
[7.342s] [35m[1mScanning dependencies of target mymsg[0m
[7.357s] [ 79%] Built target mymsg
[7.371s] [35m[1mScanning dependencies of target mymsg__py[0m
[7.387s] [ 80%] [34m[1mGenerating Python code for ROS interfaces[0m
[8.241s] [ 80%] Built target mymsg__py
[8.254s] [35m[1mScanning dependencies of target mymsg__python[0m
[8.319s] [ 82%] [32mBuilding C object CMakeFiles/mymsg__python.dir/rosidl_generator_py/mymsg/msg/_poses_s.c.o[0m
[8.320s] [ 84%] [32mBuilding C object CMakeFiles/mymsg__python.dir/rosidl_generator_py/mymsg/msg/_transform_s.c.o[0m
[8.321s] [ 85%] [32mBuilding C object CMakeFiles/mymsg__python.dir/rosidl_generator_py/mymsg/msg/_pose_s.c.o[0m
[8.322s] [ 87%] [32mBuilding C object CMakeFiles/mymsg__python.dir/rosidl_generator_py/mymsg/srv/_imagedata_s.c.o[0m
[8.322s] [ 88%] [32mBuilding C object CMakeFiles/mymsg__python.dir/rosidl_generator_py/mymsg/msg/_multi_transform_s.c.o[0m
[8.460s] [ 90%] [32m[1mLinking C shared library rosidl_generator_py/mymsg/libmymsg__python.so[0m
[8.521s] [ 90%] Built target mymsg__python
[8.533s] [35m[1mScanning dependencies of target mymsg__rosidl_typesupport_fastrtps_c__pyext[0m
[8.534s] [35m[1mScanning dependencies of target mymsg__rosidl_typesupport_c__pyext[0m
[8.534s] [35m[1mScanning dependencies of target mymsg__rosidl_typesupport_introspection_c__pyext[0m
[8.559s] [ 93%] [32mBuilding C object CMakeFiles/mymsg__rosidl_typesupport_c__pyext.dir/rosidl_generator_py/mymsg/_mymsg_s.ep.rosidl_typesupport_c.c.o[0m
[8.559s] [ 93%] [32mBuilding C object CMakeFiles/mymsg__rosidl_typesupport_introspection_c__pyext.dir/rosidl_generator_py/mymsg/_mymsg_s.ep.rosidl_typesupport_introspection_c.c.o[0m
[8.562s] [ 95%] [32mBuilding C object CMakeFiles/mymsg__rosidl_typesupport_fastrtps_c__pyext.dir/rosidl_generator_py/mymsg/_mymsg_s.ep.rosidl_typesupport_fastrtps_c.c.o[0m
[8.663s] [ 96%] [32m[1mLinking C shared library rosidl_generator_py/mymsg/mymsg_s__rosidl_typesupport_c.cpython-38-x86_64-linux-gnu.so[0m
[8.668s] [100%] [32m[1mLinking C shared library rosidl_generator_py/mymsg/mymsg_s__rosidl_typesupport_introspection_c.cpython-38-x86_64-linux-gnu.so[0m
[8.669s] [100%] [32m[1mLinking CXX shared library rosidl_generator_py/mymsg/mymsg_s__rosidl_typesupport_fastrtps_c.cpython-38-x86_64-linux-gnu.so[0m
[8.715s] [100%] Built target mymsg__rosidl_typesupport_c__pyext
[8.720s] [100%] Built target mymsg__rosidl_typesupport_introspection_c__pyext
[8.753s] [100%] Built target mymsg__rosidl_typesupport_fastrtps_c__pyext
[8.767s] Invoked command in '/root/research-1/build/mymsg' returned '0': CMAKE_PREFIX_PATH=${CMAKE_PREFIX_PATH}:/root/research/install/chaser_navigation_system:/root/Pose_waypointmaker/install/tf2_pifpaf:/root/Pose_waypointmaker/install/ros2_pifpaf:/root/Pose_waypointmaker/install/pifpaf_navi:/opt/ros/foxy _=/usr/bin/env /usr/bin/cmake --build /root/research-1/build/mymsg -- -j12 -l12
[9.024s] Invoking command in '/root/research-1/build/mymsg': CMAKE_PREFIX_PATH=${CMAKE_PREFIX_PATH}:/root/research/install/chaser_navigation_system:/root/Pose_waypointmaker/install/tf2_pifpaf:/root/Pose_waypointmaker/install/ros2_pifpaf:/root/Pose_waypointmaker/install/pifpaf_navi:/opt/ros/foxy _=/usr/bin/env /usr/bin/cmake --install /root/research-1/build/mymsg
[9.034s] -- Install configuration: ""
[9.034s] -- Installing: /root/research-1/install/mymsg/share/ament_index/resource_index/rosidl_interfaces/mymsg
[9.034s] -- Installing: /root/research-1/install/mymsg/include/mymsg
[9.035s] -- Installing: /root/research-1/install/mymsg/include/mymsg/srv
[9.035s] -- Installing: /root/research-1/install/mymsg/include/mymsg/srv/imagedata.h
[9.035s] -- Installing: /root/research-1/install/mymsg/include/mymsg/srv/detail
[9.035s] -- Installing: /root/research-1/install/mymsg/include/mymsg/srv/detail/imagedata__functions.c
[9.035s] -- Installing: /root/research-1/install/mymsg/include/mymsg/srv/detail/imagedata__functions.h
[9.035s] -- Installing: /root/research-1/install/mymsg/include/mymsg/srv/detail/imagedata__struct.h
[9.035s] -- Installing: /root/research-1/install/mymsg/include/mymsg/srv/detail/imagedata__type_support.h
[9.035s] -- Installing: /root/research-1/install/mymsg/include/mymsg/msg
[9.036s] -- Installing: /root/research-1/install/mymsg/include/mymsg/msg/multi_transform.h
[9.036s] -- Installing: /root/research-1/install/mymsg/include/mymsg/msg/rosidl_generator_c__visibility_control.h
[9.036s] -- Installing: /root/research-1/install/mymsg/include/mymsg/msg/poses.h
[9.036s] -- Installing: /root/research-1/install/mymsg/include/mymsg/msg/detail
[9.036s] -- Installing: /root/research-1/install/mymsg/include/mymsg/msg/detail/multi_transform__type_support.h
[9.036s] -- Installing: /root/research-1/install/mymsg/include/mymsg/msg/detail/pose__functions.h
[9.036s] -- Installing: /root/research-1/install/mymsg/include/mymsg/msg/detail/multi_transform__functions.h
[9.036s] -- Installing: /root/research-1/install/mymsg/include/mymsg/msg/detail/transform__functions.c
[9.037s] -- Installing: /root/research-1/install/mymsg/include/mymsg/msg/detail/pose__struct.h
[9.037s] -- Installing: /root/research-1/install/mymsg/include/mymsg/msg/detail/multi_transform__struct.h
[9.037s] -- Installing: /root/research-1/install/mymsg/include/mymsg/msg/detail/pose__type_support.h
[9.037s] -- Installing: /root/research-1/install/mymsg/include/mymsg/msg/detail/poses__type_support.h
[9.037s] -- Installing: /root/research-1/install/mymsg/include/mymsg/msg/detail/transform__type_support.h
[9.037s] -- Installing: /root/research-1/install/mymsg/include/mymsg/msg/detail/transform__struct.h
[9.037s] -- Installing: /root/research-1/install/mymsg/include/mymsg/msg/detail/poses__functions.c
[9.038s] -- Installing: /root/research-1/install/mymsg/include/mymsg/msg/detail/multi_transform__functions.c
[9.038s] -- Installing: /root/research-1/install/mymsg/include/mymsg/msg/detail/transform__functions.h
[9.038s] -- Installing: /root/research-1/install/mymsg/include/mymsg/msg/detail/poses__struct.h
[9.038s] -- Installing: /root/research-1/install/mymsg/include/mymsg/msg/detail/pose__functions.c
[9.038s] -- Installing: /root/research-1/install/mymsg/include/mymsg/msg/detail/poses__functions.h
[9.039s] -- Installing: /root/research-1/install/mymsg/include/mymsg/msg/transform.h
[9.039s] -- Installing: /root/research-1/install/mymsg/include/mymsg/msg/pose.h
[9.039s] -- Installing: /root/research-1/install/mymsg/share/mymsg/environment/library_path.sh
[9.039s] -- Installing: /root/research-1/install/mymsg/share/mymsg/environment/library_path.dsv
[9.039s] -- Installing: /root/research-1/install/mymsg/lib/libmymsg__rosidl_generator_c.so
[9.040s] -- Set runtime path of "/root/research-1/install/mymsg/lib/libmymsg__rosidl_generator_c.so" to ""
[9.040s] -- Up-to-date: /root/research-1/install/mymsg/include/mymsg
[9.041s] -- Up-to-date: /root/research-1/install/mymsg/include/mymsg/srv
[9.041s] -- Up-to-date: /root/research-1/install/mymsg/include/mymsg/srv/detail
[9.041s] -- Installing: /root/research-1/install/mymsg/include/mymsg/srv/detail/imagedata__rosidl_typesupport_fastrtps_c.h
[9.041s] -- Up-to-date: /root/research-1/install/mymsg/include/mymsg/msg
[9.041s] -- Up-to-date: /root/research-1/install/mymsg/include/mymsg/msg/detail
[9.041s] -- Installing: /root/research-1/install/mymsg/include/mymsg/msg/detail/poses__rosidl_typesupport_fastrtps_c.h
[9.041s] -- Installing: /root/research-1/install/mymsg/include/mymsg/msg/detail/multi_transform__rosidl_typesupport_fastrtps_c.h
[9.041s] -- Installing: /root/research-1/install/mymsg/include/mymsg/msg/detail/transform__rosidl_typesupport_fastrtps_c.h
[9.041s] -- Installing: /root/research-1/install/mymsg/include/mymsg/msg/detail/pose__rosidl_typesupport_fastrtps_c.h
[9.041s] -- Installing: /root/research-1/install/mymsg/include/mymsg/msg/rosidl_typesupport_fastrtps_c__visibility_control.h
[9.041s] -- Installing: /root/research-1/install/mymsg/lib/libmymsg__rosidl_typesupport_fastrtps_c.so
[9.042s] -- Set runtime path of "/root/research-1/install/mymsg/lib/libmymsg__rosidl_typesupport_fastrtps_c.so" to ""
[9.042s] -- Up-to-date: /root/research-1/install/mymsg/include/mymsg
[9.042s] -- Up-to-date: /root/research-1/install/mymsg/include/mymsg/srv
[9.042s] -- Up-to-date: /root/research-1/install/mymsg/include/mymsg/srv/detail
[9.042s] -- Installing: /root/research-1/install/mymsg/include/mymsg/srv/detail/imagedata__rosidl_typesupport_fastrtps_cpp.hpp
[9.043s] -- Installing: /root/research-1/install/mymsg/include/mymsg/srv/detail/dds_fastrtps
[9.043s] -- Up-to-date: /root/research-1/install/mymsg/include/mymsg/msg
[9.043s] -- Up-to-date: /root/research-1/install/mymsg/include/mymsg/msg/detail
[9.043s] -- Installing: /root/research-1/install/mymsg/include/mymsg/msg/detail/multi_transform__rosidl_typesupport_fastrtps_cpp.hpp
[9.043s] -- Installing: /root/research-1/install/mymsg/include/mymsg/msg/detail/pose__rosidl_typesupport_fastrtps_cpp.hpp
[9.043s] -- Installing: /root/research-1/install/mymsg/include/mymsg/msg/detail/transform__rosidl_typesupport_fastrtps_cpp.hpp
[9.043s] -- Installing: /root/research-1/install/mymsg/include/mymsg/msg/detail/poses__rosidl_typesupport_fastrtps_cpp.hpp
[9.043s] -- Installing: /root/research-1/install/mymsg/include/mymsg/msg/detail/dds_fastrtps
[9.044s] -- Installing: /root/research-1/install/mymsg/include/mymsg/msg/rosidl_typesupport_fastrtps_cpp__visibility_control.h
[9.044s] -- Installing: /root/research-1/install/mymsg/lib/libmymsg__rosidl_typesupport_fastrtps_cpp.so
[9.044s] -- Set runtime path of "/root/research-1/install/mymsg/lib/libmymsg__rosidl_typesupport_fastrtps_cpp.so" to ""
[9.044s] -- Up-to-date: /root/research-1/install/mymsg/include/mymsg
[9.044s] -- Up-to-date: /root/research-1/install/mymsg/include/mymsg/srv
[9.045s] -- Up-to-date: /root/research-1/install/mymsg/include/mymsg/srv/detail
[9.045s] -- Installing: /root/research-1/install/mymsg/include/mymsg/srv/detail/imagedata__type_support.c
[9.045s] -- Installing: /root/research-1/install/mymsg/include/mymsg/srv/detail/imagedata__rosidl_typesupport_introspection_c.h
[9.045s] -- Up-to-date: /root/research-1/install/mymsg/include/mymsg/msg
[9.045s] -- Up-to-date: /root/research-1/install/mymsg/include/mymsg/msg/detail
[9.045s] -- Installing: /root/research-1/install/mymsg/include/mymsg/msg/detail/pose__rosidl_typesupport_introspection_c.h
[9.045s] -- Installing: /root/research-1/install/mymsg/include/mymsg/msg/detail/transform__type_support.c
[9.045s] -- Installing: /root/research-1/install/mymsg/include/mymsg/msg/detail/multi_transform__rosidl_typesupport_introspection_c.h
[9.045s] -- Installing: /root/research-1/install/mymsg/include/mymsg/msg/detail/transform__rosidl_typesupport_introspection_c.h
[9.046s] -- Installing: /root/research-1/install/mymsg/include/mymsg/msg/detail/multi_transform__type_support.c
[9.046s] -- Installing: /root/research-1/install/mymsg/include/mymsg/msg/detail/poses__type_support.c
[9.046s] -- Installing: /root/research-1/install/mymsg/include/mymsg/msg/detail/pose__type_support.c
[9.046s] -- Installing: /root/research-1/install/mymsg/include/mymsg/msg/detail/poses__rosidl_typesupport_introspection_c.h
[9.046s] -- Installing: /root/research-1/install/mymsg/include/mymsg/msg/rosidl_typesupport_introspection_c__visibility_control.h
[9.046s] -- Installing: /root/research-1/install/mymsg/lib/libmymsg__rosidl_typesupport_introspection_c.so
[9.047s] -- Set runtime path of "/root/research-1/install/mymsg/lib/libmymsg__rosidl_typesupport_introspection_c.so" to ""
[9.047s] -- Installing: /root/research-1/install/mymsg/lib/libmymsg__rosidl_typesupport_c.so
[9.048s] -- Set runtime path of "/root/research-1/install/mymsg/lib/libmymsg__rosidl_typesupport_c.so" to ""
[9.048s] -- Up-to-date: /root/research-1/install/mymsg/include/mymsg
[9.048s] -- Up-to-date: /root/research-1/install/mymsg/include/mymsg/srv
[9.048s] -- Up-to-date: /root/research-1/install/mymsg/include/mymsg/srv/detail
[9.048s] -- Installing: /root/research-1/install/mymsg/include/mymsg/srv/detail/imagedata__traits.hpp
[9.048s] -- Installing: /root/research-1/install/mymsg/include/mymsg/srv/detail/imagedata__builder.hpp
[9.048s] -- Installing: /root/research-1/install/mymsg/include/mymsg/srv/detail/imagedata__struct.hpp
[9.049s] -- Installing: /root/research-1/install/mymsg/include/mymsg/srv/imagedata.hpp
[9.049s] -- Up-to-date: /root/research-1/install/mymsg/include/mymsg/msg
[9.049s] -- Installing: /root/research-1/install/mymsg/include/mymsg/msg/multi_transform.hpp
[9.049s] -- Installing: /root/research-1/install/mymsg/include/mymsg/msg/transform.hpp
[9.049s] -- Up-to-date: /root/research-1/install/mymsg/include/mymsg/msg/detail
[9.049s] -- Installing: /root/research-1/install/mymsg/include/mymsg/msg/detail/poses__struct.hpp
[9.049s] -- Installing: /root/research-1/install/mymsg/include/mymsg/msg/detail/multi_transform__struct.hpp
[9.049s] -- Installing: /root/research-1/install/mymsg/include/mymsg/msg/detail/multi_transform__traits.hpp
[9.049s] -- Installing: /root/research-1/install/mymsg/include/mymsg/msg/detail/poses__builder.hpp
[9.049s] -- Installing: /root/research-1/install/mymsg/include/mymsg/msg/detail/transform__struct.hpp
[9.049s] -- Installing: /root/research-1/install/mymsg/include/mymsg/msg/detail/pose__struct.hpp
[9.050s] -- Installing: /root/research-1/install/mymsg/include/mymsg/msg/detail/pose__traits.hpp
[9.050s] -- Installing: /root/research-1/install/mymsg/include/mymsg/msg/detail/transform__traits.hpp
[9.050s] -- Installing: /root/research-1/install/mymsg/include/mymsg/msg/detail/poses__traits.hpp
[9.050s] -- Installing: /root/research-1/install/mymsg/include/mymsg/msg/detail/transform__builder.hpp
[9.050s] -- Installing: /root/research-1/install/mymsg/include/mymsg/msg/detail/multi_transform__builder.hpp
[9.050s] -- Installing: /root/research-1/install/mymsg/include/mymsg/msg/detail/pose__builder.hpp
[9.051s] -- Installing: /root/research-1/install/mymsg/include/mymsg/msg/pose.hpp
[9.051s] -- Installing: /root/research-1/install/mymsg/include/mymsg/msg/poses.hpp
[9.051s] -- Up-to-date: /root/research-1/install/mymsg/include/mymsg
[9.051s] -- Up-to-date: /root/research-1/install/mymsg/include/mymsg/srv
[9.051s] -- Up-to-date: /root/research-1/install/mymsg/include/mymsg/srv/detail
[9.051s] -- Installing: /root/research-1/install/mymsg/include/mymsg/srv/detail/imagedata__rosidl_typesupport_introspection_cpp.hpp
[9.051s] -- Installing: /root/research-1/install/mymsg/include/mymsg/srv/detail/imagedata__type_support.cpp
[9.052s] -- Up-to-date: /root/research-1/install/mymsg/include/mymsg/msg
[9.052s] -- Up-to-date: /root/research-1/install/mymsg/include/mymsg/msg/detail
[9.052s] -- Installing: /root/research-1/install/mymsg/include/mymsg/msg/detail/poses__type_support.cpp
[9.052s] -- Installing: /root/research-1/install/mymsg/include/mymsg/msg/detail/multi_transform__type_support.cpp
[9.052s] -- Installing: /root/research-1/install/mymsg/include/mymsg/msg/detail/transform__type_support.cpp
[9.052s] -- Installing: /root/research-1/install/mymsg/include/mymsg/msg/detail/pose__type_support.cpp
[9.052s] -- Installing: /root/research-1/install/mymsg/include/mymsg/msg/detail/multi_transform__rosidl_typesupport_introspection_cpp.hpp
[9.052s] -- Installing: /root/research-1/install/mymsg/include/mymsg/msg/detail/pose__rosidl_typesupport_introspection_cpp.hpp
[9.053s] -- Installing: /root/research-1/install/mymsg/include/mymsg/msg/detail/transform__rosidl_typesupport_introspection_cpp.hpp
[9.053s] -- Installing: /root/research-1/install/mymsg/include/mymsg/msg/detail/poses__rosidl_typesupport_introspection_cpp.hpp
[9.053s] -- Installing: /root/research-1/install/mymsg/lib/libmymsg__rosidl_typesupport_introspection_cpp.so
[9.054s] -- Set runtime path of "/root/research-1/install/mymsg/lib/libmymsg__rosidl_typesupport_introspection_cpp.so" to ""
[9.054s] -- Installing: /root/research-1/install/mymsg/lib/libmymsg__rosidl_typesupport_cpp.so
[9.054s] -- Set runtime path of "/root/research-1/install/mymsg/lib/libmymsg__rosidl_typesupport_cpp.so" to ""
[9.055s] -- Installing: /root/research-1/install/mymsg/share/mymsg/environment/pythonpath.sh
[9.055s] -- Installing: /root/research-1/install/mymsg/share/mymsg/environment/pythonpath.dsv
[9.055s] -- Installing: /root/research-1/install/mymsg/lib/python3.8/site-packages/mymsg/__init__.py
[9.094s] Compiling '/root/research-1/install/mymsg/lib/python3.8/site-packages/mymsg/__init__.py'...
[9.098s] -- Installing: /root/research-1/install/mymsg/lib/python3.8/site-packages/mymsg/msg
[9.098s] -- Installing: /root/research-1/install/mymsg/lib/python3.8/site-packages/mymsg/msg/_transform_s.c
[9.098s] -- Installing: /root/research-1/install/mymsg/lib/python3.8/site-packages/mymsg/msg/_multi_transform_s.c
[9.098s] -- Installing: /root/research-1/install/mymsg/lib/python3.8/site-packages/mymsg/msg/_pose_s.c
[9.098s] -- Installing: /root/research-1/install/mymsg/lib/python3.8/site-packages/mymsg/msg/_transform.py
[9.099s] -- Installing: /root/research-1/install/mymsg/lib/python3.8/site-packages/mymsg/msg/_poses_s.c
[9.099s] -- Installing: /root/research-1/install/mymsg/lib/python3.8/site-packages/mymsg/msg/_poses.py
[9.099s] -- Installing: /root/research-1/install/mymsg/lib/python3.8/site-packages/mymsg/msg/__init__.py
[9.099s] -- Installing: /root/research-1/install/mymsg/lib/python3.8/site-packages/mymsg/msg/_pose.py
[9.099s] -- Installing: /root/research-1/install/mymsg/lib/python3.8/site-packages/mymsg/msg/_multi_transform.py
[9.099s] -- Installing: /root/research-1/install/mymsg/lib/python3.8/site-packages/mymsg/srv
[9.100s] -- Installing: /root/research-1/install/mymsg/lib/python3.8/site-packages/mymsg/srv/_imagedata_s.c
[9.100s] -- Installing: /root/research-1/install/mymsg/lib/python3.8/site-packages/mymsg/srv/_imagedata.py
[9.100s] -- Installing: /root/research-1/install/mymsg/lib/python3.8/site-packages/mymsg/srv/__init__.py
[9.100s] -- Installing: /root/research-1/install/mymsg/lib/python3.8/site-packages/mymsg/mymsg_s__rosidl_typesupport_fastrtps_c.cpython-38-x86_64-linux-gnu.so
[9.101s] -- Set runtime path of "/root/research-1/install/mymsg/lib/python3.8/site-packages/mymsg/mymsg_s__rosidl_typesupport_fastrtps_c.cpython-38-x86_64-linux-gnu.so" to ""
[9.101s] -- Installing: /root/research-1/install/mymsg/lib/python3.8/site-packages/mymsg/mymsg_s__rosidl_typesupport_introspection_c.cpython-38-x86_64-linux-gnu.so
[9.102s] -- Set runtime path of "/root/research-1/install/mymsg/lib/python3.8/site-packages/mymsg/mymsg_s__rosidl_typesupport_introspection_c.cpython-38-x86_64-linux-gnu.so" to ""
[9.102s] -- Installing: /root/research-1/install/mymsg/lib/python3.8/site-packages/mymsg/mymsg_s__rosidl_typesupport_c.cpython-38-x86_64-linux-gnu.so
[9.103s] -- Set runtime path of "/root/research-1/install/mymsg/lib/python3.8/site-packages/mymsg/mymsg_s__rosidl_typesupport_c.cpython-38-x86_64-linux-gnu.so" to ""
[9.103s] -- Installing: /root/research-1/install/mymsg/lib/libmymsg__python.so
[9.104s] -- Set runtime path of "/root/research-1/install/mymsg/lib/libmymsg__python.so" to ""
[9.104s] -- Installing: /root/research-1/install/mymsg/share/mymsg/msg/Pose.idl
[9.104s] -- Installing: /root/research-1/install/mymsg/share/mymsg/msg/Poses.idl
[9.104s] -- Installing: /root/research-1/install/mymsg/share/mymsg/msg/Transform.idl
[9.105s] -- Installing: /root/research-1/install/mymsg/share/mymsg/msg/MultiTransform.idl
[9.105s] -- Installing: /root/research-1/install/mymsg/share/mymsg/srv/Imagedata.idl
[9.105s] -- Installing: /root/research-1/install/mymsg/share/mymsg/msg/Pose.msg
[9.105s] -- Installing: /root/research-1/install/mymsg/share/mymsg/msg/Poses.msg
[9.105s] -- Installing: /root/research-1/install/mymsg/share/mymsg/msg/Transform.msg
[9.106s] -- Installing: /root/research-1/install/mymsg/share/mymsg/msg/MultiTransform.msg
[9.106s] -- Installing: /root/research-1/install/mymsg/share/mymsg/srv/Imagedata.srv
[9.106s] -- Installing: /root/research-1/install/mymsg/share/mymsg/srv/Imagedata_Request.msg
[9.106s] -- Installing: /root/research-1/install/mymsg/share/mymsg/srv/Imagedata_Response.msg
[9.106s] -- Installing: /root/research-1/install/mymsg/share/ament_index/resource_index/package_run_dependencies/mymsg
[9.107s] -- Installing: /root/research-1/install/mymsg/share/ament_index/resource_index/parent_prefix_path/mymsg
[9.107s] -- Installing: /root/research-1/install/mymsg/share/mymsg/environment/ament_prefix_path.sh
[9.107s] -- Installing: /root/research-1/install/mymsg/share/mymsg/environment/ament_prefix_path.dsv
[9.107s] -- Installing: /root/research-1/install/mymsg/share/mymsg/environment/path.sh
[9.107s] -- Installing: /root/research-1/install/mymsg/share/mymsg/environment/path.dsv
[9.108s] -- Installing: /root/research-1/install/mymsg/share/mymsg/local_setup.bash
[9.108s] -- Installing: /root/research-1/install/mymsg/share/mymsg/local_setup.sh
[9.108s] -- Installing: /root/research-1/install/mymsg/share/mymsg/local_setup.zsh
[9.108s] -- Installing: /root/research-1/install/mymsg/share/mymsg/local_setup.dsv
[9.108s] -- Installing: /root/research-1/install/mymsg/share/mymsg/package.dsv
[9.109s] -- Installing: /root/research-1/install/mymsg/share/ament_index/resource_index/packages/mymsg
[9.109s] -- Installing: /root/research-1/install/mymsg/share/mymsg/cmake/mymsg__rosidl_generator_cExport.cmake
[9.109s] -- Installing: /root/research-1/install/mymsg/share/mymsg/cmake/mymsg__rosidl_generator_cExport-noconfig.cmake
[9.110s] -- Installing: /root/research-1/install/mymsg/share/mymsg/cmake/mymsg__rosidl_typesupport_introspection_cExport.cmake
[9.110s] -- Installing: /root/research-1/install/mymsg/share/mymsg/cmake/mymsg__rosidl_typesupport_introspection_cExport-noconfig.cmake
[9.110s] -- Installing: /root/research-1/install/mymsg/share/mymsg/cmake/mymsg__rosidl_typesupport_cExport.cmake
[9.110s] -- Installing: /root/research-1/install/mymsg/share/mymsg/cmake/mymsg__rosidl_typesupport_cExport-noconfig.cmake
[9.110s] -- Installing: /root/research-1/install/mymsg/share/mymsg/cmake/mymsg__rosidl_generator_cppExport.cmake
[9.110s] -- Installing: /root/research-1/install/mymsg/share/mymsg/cmake/mymsg__rosidl_typesupport_introspection_cppExport.cmake
[9.111s] -- Installing: /root/research-1/install/mymsg/share/mymsg/cmake/mymsg__rosidl_typesupport_introspection_cppExport-noconfig.cmake
[9.111s] -- Installing: /root/research-1/install/mymsg/share/mymsg/cmake/mymsg__rosidl_typesupport_cppExport.cmake
[9.111s] -- Installing: /root/research-1/install/mymsg/share/mymsg/cmake/mymsg__rosidl_typesupport_cppExport-noconfig.cmake
[9.111s] -- Installing: /root/research-1/install/mymsg/share/mymsg/cmake/rosidl_cmake-extras.cmake
[9.111s] -- Installing: /root/research-1/install/mymsg/share/mymsg/cmake/ament_cmake_export_dependencies-extras.cmake
[9.112s] -- Installing: /root/research-1/install/mymsg/share/mymsg/cmake/ament_cmake_export_libraries-extras.cmake
[9.112s] -- Installing: /root/research-1/install/mymsg/share/mymsg/cmake/ament_cmake_export_targets-extras.cmake
[9.112s] -- Installing: /root/research-1/install/mymsg/share/mymsg/cmake/ament_cmake_export_include_directories-extras.cmake
[9.112s] -- Installing: /root/research-1/install/mymsg/share/mymsg/cmake/rosidl_cmake_export_typesupport_libraries-extras.cmake
[9.112s] -- Installing: /root/research-1/install/mymsg/share/mymsg/cmake/rosidl_cmake_export_typesupport_targets-extras.cmake
[9.112s] -- Installing: /root/research-1/install/mymsg/share/mymsg/cmake/mymsgConfig.cmake
[9.113s] -- Installing: /root/research-1/install/mymsg/share/mymsg/cmake/mymsgConfig-version.cmake
[9.113s] -- Installing: /root/research-1/install/mymsg/share/mymsg/package.xml
[9.121s] Invoked command in '/root/research-1/build/mymsg' returned '0': CMAKE_PREFIX_PATH=${CMAKE_PREFIX_PATH}:/root/research/install/chaser_navigation_system:/root/Pose_waypointmaker/install/tf2_pifpaf:/root/Pose_waypointmaker/install/ros2_pifpaf:/root/Pose_waypointmaker/install/pifpaf_navi:/opt/ros/foxy _=/usr/bin/env /usr/bin/cmake --install /root/research-1/build/mymsg
