[0.240s] Invoking command in '/root/research-1/build/mymsg': CMAKE_PREFIX_PATH=${CMAKE_PREFIX_PATH}:/root/Pose_waypointmaker/install/tf2_pifpaf:/root/Pose_waypointmaker/install/ros2_pifpaf:/root/Pose_waypointmaker/install/pifpaf_navi:/root/sirius/sirius_ws/install/turtlebot3_teleop:/root/sirius/sirius_ws/install/turtlebot3_example:/opt/ros/foxy /usr/bin/cmake --build /root/research-1/build/mymsg -- -j12 -l12
[0.271s] -- Found ament_cmake: 0.9.11 (/opt/ros/foxy/share/ament_cmake/cmake)
[0.299s] -- Found PythonInterp: /usr/bin/python3 (found suitable version "3.8.10", minimum required is "3") 
[0.300s] -- Using PYTHON_EXECUTABLE: /usr/bin/python3
[0.494s] -- Found geometry_msgs: 2.0.5 (/opt/ros/foxy/share/geometry_msgs/cmake)
[0.525s] -- Using all available rosidl_typesupport_c: rosidl_typesupport_fastrtps_c;rosidl_typesupport_introspection_c
[0.528s] -- Found rosidl_adapter: 1.3.0 (/opt/ros/foxy/share/rosidl_adapter/cmake)
[0.726s] -- Using all available rosidl_typesupport_cpp: rosidl_typesupport_fastrtps_cpp;rosidl_typesupport_introspection_cpp
[0.802s] -- Found rosidl_default_generators: 1.0.1 (/opt/ros/foxy/share/rosidl_default_generators/cmake)
[0.814s] -- Found sensor_msgs: 2.0.5 (/opt/ros/foxy/share/sensor_msgs/cmake)
[0.879s] -- Found visualization_msgs: 2.0.5 (/opt/ros/foxy/share/visualization_msgs/cmake)
[0.975s] -- Found PythonInterp: /usr/bin/python3 (found version "3.8.10") 
[1.177s] -- Found ament_cmake_ros: 0.9.2 (/opt/ros/foxy/share/ament_cmake_ros/cmake)
[1.495s] -- Using all available rosidl_typesupport_c: rosidl_typesupport_fastrtps_c;rosidl_typesupport_introspection_c
[1.617s] -- Using all available rosidl_typesupport_cpp: rosidl_typesupport_fastrtps_cpp;rosidl_typesupport_introspection_cpp
[1.656s] -- Found PythonInterp: /usr/bin/python3 (found suitable version "3.8.10", minimum required is "3.5") 
[1.656s] -- Found python_cmake_module: 0.8.1 (/opt/ros/foxy/share/python_cmake_module/cmake)
[1.689s] -- Using PYTHON_EXECUTABLE: /usr/bin/python3
[1.689s] -- Using PYTHON_INCLUDE_DIRS: /usr/include/python3.8
[1.690s] -- Using PYTHON_LIBRARIES: /usr/lib/x86_64-linux-gnu/libpython3.8.so
[1.766s] -- Found ament_lint_auto: 0.9.7 (/opt/ros/foxy/share/ament_lint_auto/cmake)
[1.776s] -- Added test 'copyright' to check source files copyright and LICENSE
[1.779s] -- Added test 'lint_cmake' to check CMake code style
[1.780s] -- Added test 'xmllint' to check XML markup files
[1.785s] -- Configuring done
[1.865s] -- Generating done
[1.868s] -- Build files have been written to: /root/research-1/build/mymsg
[1.899s] [  1%] [34m[1mGenerating C code for ROS interfaces[0m
[1.899s] [35m[1mScanning dependencies of target mymsg__cpp[0m
[1.916s] [  3%] [34m[1mGenerating C++ code for ROS interfaces[0m
[2.219s] [  3%] Built target mymsg__cpp
[2.240s] [  5%] [34m[1mGenerating C++ type support dispatch for ROS interfaces[0m
[2.244s] [  7%] [34m[1mGenerating C++ introspection for ROS interfaces[0m
[2.244s] [  9%] [34m[1mGenerating C++ type support for eProsima Fast-RTPS[0m
[2.286s] [35m[1mScanning dependencies of target mymsg__rosidl_generator_c[0m
[2.312s] [ 10%] [32mBuilding C object CMakeFiles/mymsg__rosidl_generator_c.dir/rosidl_generator_c/mymsg/msg/detail/pose__functions.c.o[0m
[2.315s] [ 12%] [32mBuilding C object CMakeFiles/mymsg__rosidl_generator_c.dir/rosidl_generator_c/mymsg/msg/detail/transform__functions.c.o[0m
[2.316s] [ 14%] [32mBuilding C object CMakeFiles/mymsg__rosidl_generator_c.dir/rosidl_generator_c/mymsg/msg/detail/poses__functions.c.o[0m
[2.319s] [ 16%] [32mBuilding C object CMakeFiles/mymsg__rosidl_generator_c.dir/rosidl_generator_c/mymsg/msg/detail/multi_transform__functions.c.o[0m
[2.389s] [ 18%] [32m[1mLinking C shared library libmymsg__rosidl_generator_c.so[0m
[2.436s] [ 18%] Built target mymsg__rosidl_generator_c
[2.451s] [ 21%] [34m[1mGenerating C introspection for ROS interfaces[0m
[2.451s] [ 21%] [34m[1mGenerating C type support dispatch for ROS interfaces[0m
[2.504s] [35m[1mScanning dependencies of target mymsg__rosidl_typesupport_cpp[0m
[2.530s] [ 25%] [32mBuilding CXX object CMakeFiles/mymsg__rosidl_typesupport_cpp.dir/rosidl_typesupport_cpp/mymsg/msg/multi_transform__type_support.cpp.o[0m
[2.530s] [ 25%] [32mBuilding CXX object CMakeFiles/mymsg__rosidl_typesupport_cpp.dir/rosidl_typesupport_cpp/mymsg/msg/transform__type_support.cpp.o[0m
[2.532s] [ 27%] [32mBuilding CXX object CMakeFiles/mymsg__rosidl_typesupport_cpp.dir/rosidl_typesupport_cpp/mymsg/msg/pose__type_support.cpp.o[0m
[2.532s] [ 29%] [32mBuilding CXX object CMakeFiles/mymsg__rosidl_typesupport_cpp.dir/rosidl_typesupport_cpp/mymsg/msg/poses__type_support.cpp.o[0m
[2.534s] [35m[1mScanning dependencies of target mymsg__rosidl_typesupport_introspection_cpp[0m
[2.560s] [ 32%] [32mBuilding CXX object CMakeFiles/mymsg__rosidl_typesupport_introspection_cpp.dir/rosidl_typesupport_introspection_cpp/mymsg/msg/detail/poses__type_support.cpp.o[0m
[2.560s] [ 32%] [32mBuilding CXX object CMakeFiles/mymsg__rosidl_typesupport_introspection_cpp.dir/rosidl_typesupport_introspection_cpp/mymsg/msg/detail/pose__type_support.cpp.o[0m
[2.561s] [ 34%] [32mBuilding CXX object CMakeFiles/mymsg__rosidl_typesupport_introspection_cpp.dir/rosidl_typesupport_introspection_cpp/mymsg/msg/detail/transform__type_support.cpp.o[0m
[2.561s] [ 36%] [32mBuilding CXX object CMakeFiles/mymsg__rosidl_typesupport_introspection_cpp.dir/rosidl_typesupport_introspection_cpp/mymsg/msg/detail/multi_transform__type_support.cpp.o[0m
[2.634s] [35m[1mScanning dependencies of target mymsg__rosidl_typesupport_fastrtps_cpp[0m
[2.678s] [ 38%] [32mBuilding CXX object CMakeFiles/mymsg__rosidl_typesupport_fastrtps_cpp.dir/rosidl_typesupport_fastrtps_cpp/mymsg/msg/detail/dds_fastrtps/pose__type_support.cpp.o[0m
[2.686s] [ 40%] [32mBuilding CXX object CMakeFiles/mymsg__rosidl_typesupport_fastrtps_cpp.dir/rosidl_typesupport_fastrtps_cpp/mymsg/msg/detail/dds_fastrtps/poses__type_support.cpp.o[0m
[2.858s] [35m[1mScanning dependencies of target mymsg__rosidl_typesupport_c[0m
[2.888s] [ 41%] [32mBuilding CXX object CMakeFiles/mymsg__rosidl_typesupport_c.dir/rosidl_typesupport_c/mymsg/msg/pose__type_support.cpp.o[0m
[2.940s] [ 43%] [32mBuilding CXX object CMakeFiles/mymsg__rosidl_typesupport_c.dir/rosidl_typesupport_c/mymsg/msg/poses__type_support.cpp.o[0m
[2.957s] [ 45%] [32mBuilding CXX object CMakeFiles/mymsg__rosidl_typesupport_c.dir/rosidl_typesupport_c/mymsg/msg/transform__type_support.cpp.o[0m
[2.963s] [ 49%] [32mBuilding CXX object CMakeFiles/mymsg__rosidl_typesupport_fastrtps_cpp.dir/rosidl_typesupport_fastrtps_cpp/mymsg/msg/detail/dds_fastrtps/transform__type_support.cpp.o[0m
[2.964s] [ 49%] [32mBuilding CXX object CMakeFiles/mymsg__rosidl_typesupport_c.dir/rosidl_typesupport_c/mymsg/msg/multi_transform__type_support.cpp.o[0m
[2.972s] [35m[1mScanning dependencies of target mymsg__rosidl_typesupport_introspection_c[0m
[2.976s] [ 50%] [32m[1mLinking CXX shared library libmymsg__rosidl_typesupport_cpp.so[0m
[3.001s] [ 52%] [32mBuilding CXX object CMakeFiles/mymsg__rosidl_typesupport_fastrtps_cpp.dir/rosidl_typesupport_fastrtps_cpp/mymsg/msg/detail/dds_fastrtps/multi_transform__type_support.cpp.o[0m
[3.007s] [ 56%] [32mBuilding C object CMakeFiles/mymsg__rosidl_typesupport_introspection_c.dir/rosidl_typesupport_introspection_c/mymsg/msg/detail/pose__type_support.c.o[0m
[3.007s] [ 56%] [32mBuilding C object CMakeFiles/mymsg__rosidl_typesupport_introspection_c.dir/rosidl_typesupport_introspection_c/mymsg/msg/detail/poses__type_support.c.o[0m
[3.009s] [ 58%] [32mBuilding C object CMakeFiles/mymsg__rosidl_typesupport_introspection_c.dir/rosidl_typesupport_introspection_c/mymsg/msg/detail/transform__type_support.c.o[0m
[3.018s] [ 60%] [32m[1mLinking CXX shared library libmymsg__rosidl_typesupport_c.so[0m
[3.058s] [ 60%] Built target mymsg__rosidl_typesupport_cpp
[3.061s] [ 61%] [32mBuilding C object CMakeFiles/mymsg__rosidl_typesupport_introspection_c.dir/rosidl_typesupport_introspection_c/mymsg/msg/detail/multi_transform__type_support.c.o[0m
[3.085s] [ 61%] Built target mymsg__rosidl_typesupport_c
[3.113s] [ 63%] [32m[1mLinking C shared library libmymsg__rosidl_typesupport_introspection_c.so[0m
[3.118s] [ 65%] [32m[1mLinking CXX shared library libmymsg__rosidl_typesupport_introspection_cpp.so[0m
[3.155s] [ 65%] Built target mymsg__rosidl_typesupport_introspection_c
[3.208s] [ 65%] Built target mymsg__rosidl_typesupport_introspection_cpp
[3.433s] [ 67%] [32m[1mLinking CXX shared library libmymsg__rosidl_typesupport_fastrtps_cpp.so[0m
[3.545s] [ 67%] Built target mymsg__rosidl_typesupport_fastrtps_cpp
[3.559s] [ 69%] [34m[1mGenerating C type support for eProsima Fast-RTPS[0m
[3.818s] [35m[1mScanning dependencies of target mymsg__rosidl_typesupport_fastrtps_c[0m
[3.841s] [ 70%] [32mBuilding CXX object CMakeFiles/mymsg__rosidl_typesupport_fastrtps_c.dir/rosidl_typesupport_fastrtps_c/mymsg/msg/detail/pose__type_support_c.cpp.o[0m
[3.841s] [ 72%] [32mBuilding CXX object CMakeFiles/mymsg__rosidl_typesupport_fastrtps_c.dir/rosidl_typesupport_fastrtps_c/mymsg/msg/detail/poses__type_support_c.cpp.o[0m
[3.842s] [ 76%] [32mBuilding CXX object CMakeFiles/mymsg__rosidl_typesupport_fastrtps_c.dir/rosidl_typesupport_fastrtps_c/mymsg/msg/detail/multi_transform__type_support_c.cpp.o[0m
[3.842s] [ 76%] [32mBuilding CXX object CMakeFiles/mymsg__rosidl_typesupport_fastrtps_c.dir/rosidl_typesupport_fastrtps_c/mymsg/msg/detail/transform__type_support_c.cpp.o[0m
[4.155s] [ 78%] [32m[1mLinking CXX shared library libmymsg__rosidl_typesupport_fastrtps_c.so[0m
[4.241s] [ 78%] Built target mymsg__rosidl_typesupport_fastrtps_c
[4.266s] [ 78%] Built target mymsg
[4.280s] [35m[1mScanning dependencies of target mymsg__py[0m
[4.295s] [ 80%] [34m[1mGenerating Python code for ROS interfaces[0m
[4.809s] [ 80%] Built target mymsg__py
[4.823s] [35m[1mScanning dependencies of target mymsg__python[0m
[4.848s] [ 81%] [32mBuilding C object CMakeFiles/mymsg__python.dir/rosidl_generator_py/mymsg/msg/_pose_s.c.o[0m
[4.848s] [ 83%] [32mBuilding C object CMakeFiles/mymsg__python.dir/rosidl_generator_py/mymsg/msg/_poses_s.c.o[0m
[4.849s] [ 85%] [32mBuilding C object CMakeFiles/mymsg__python.dir/rosidl_generator_py/mymsg/msg/_transform_s.c.o[0m
[4.849s] [ 87%] [32mBuilding C object CMakeFiles/mymsg__python.dir/rosidl_generator_py/mymsg/msg/_multi_transform_s.c.o[0m
[4.937s] [ 89%] [32m[1mLinking C shared library rosidl_generator_py/mymsg/libmymsg__python.so[0m
[4.988s] [ 89%] Built target mymsg__python
[5.002s] [35m[1mScanning dependencies of target mymsg__rosidl_typesupport_c__pyext[0m
[5.002s] [35m[1mScanning dependencies of target mymsg__rosidl_typesupport_introspection_c__pyext[0m
[5.002s] [35m[1mScanning dependencies of target mymsg__rosidl_typesupport_fastrtps_c__pyext[0m
[5.022s] [ 92%] [32mBuilding C object CMakeFiles/mymsg__rosidl_typesupport_introspection_c__pyext.dir/rosidl_generator_py/mymsg/_mymsg_s.ep.rosidl_typesupport_introspection_c.c.o[0m
[5.023s] [ 92%] [32mBuilding C object CMakeFiles/mymsg__rosidl_typesupport_c__pyext.dir/rosidl_generator_py/mymsg/_mymsg_s.ep.rosidl_typesupport_c.c.o[0m
[5.025s] [ 94%] [32mBuilding C object CMakeFiles/mymsg__rosidl_typesupport_fastrtps_c__pyext.dir/rosidl_generator_py/mymsg/_mymsg_s.ep.rosidl_typesupport_fastrtps_c.c.o[0m
[5.107s] [ 98%] [32m[1mLinking C shared library rosidl_generator_py/mymsg/mymsg_s__rosidl_typesupport_c.cpython-38-x86_64-linux-gnu.so[0m
[5.107s] [ 98%] [32m[1mLinking C shared library rosidl_generator_py/mymsg/mymsg_s__rosidl_typesupport_introspection_c.cpython-38-x86_64-linux-gnu.so[0m
[5.111s] [100%] [32m[1mLinking CXX shared library rosidl_generator_py/mymsg/mymsg_s__rosidl_typesupport_fastrtps_c.cpython-38-x86_64-linux-gnu.so[0m
[5.154s] [100%] Built target mymsg__rosidl_typesupport_c__pyext
[5.154s] [100%] Built target mymsg__rosidl_typesupport_introspection_c__pyext
[5.186s] [100%] Built target mymsg__rosidl_typesupport_fastrtps_c__pyext
[5.200s] Invoked command in '/root/research-1/build/mymsg' returned '0': CMAKE_PREFIX_PATH=${CMAKE_PREFIX_PATH}:/root/Pose_waypointmaker/install/tf2_pifpaf:/root/Pose_waypointmaker/install/ros2_pifpaf:/root/Pose_waypointmaker/install/pifpaf_navi:/root/sirius/sirius_ws/install/turtlebot3_teleop:/root/sirius/sirius_ws/install/turtlebot3_example:/opt/ros/foxy /usr/bin/cmake --build /root/research-1/build/mymsg -- -j12 -l12
[5.455s] Invoking command in '/root/research-1/build/mymsg': CMAKE_PREFIX_PATH=${CMAKE_PREFIX_PATH}:/root/Pose_waypointmaker/install/tf2_pifpaf:/root/Pose_waypointmaker/install/ros2_pifpaf:/root/Pose_waypointmaker/install/pifpaf_navi:/root/sirius/sirius_ws/install/turtlebot3_teleop:/root/sirius/sirius_ws/install/turtlebot3_example:/opt/ros/foxy /usr/bin/cmake --install /root/research-1/build/mymsg
[5.474s] -- Install configuration: ""
[5.474s] -- Installing: /root/research-1/install/mymsg/share/ament_index/resource_index/rosidl_interfaces/mymsg
[5.475s] -- Up-to-date: /root/research-1/install/mymsg/include/mymsg
[5.475s] -- Up-to-date: /root/research-1/install/mymsg/include/mymsg/msg
[5.475s] -- Installing: /root/research-1/install/mymsg/include/mymsg/msg/multi_transform.h
[5.478s] -- Up-to-date: /root/research-1/install/mymsg/include/mymsg/msg/rosidl_generator_c__visibility_control.h
[5.478s] -- Installing: /root/research-1/install/mymsg/include/mymsg/msg/poses.h
[5.481s] -- Up-to-date: /root/research-1/install/mymsg/include/mymsg/msg/detail
[5.481s] -- Installing: /root/research-1/install/mymsg/include/mymsg/msg/detail/multi_transform__type_support.h
[5.481s] -- Installing: /root/research-1/install/mymsg/include/mymsg/msg/detail/pose__functions.h
[5.481s] -- Installing: /root/research-1/install/mymsg/include/mymsg/msg/detail/multi_transform__functions.h
[5.482s] -- Installing: /root/research-1/install/mymsg/include/mymsg/msg/detail/transform__functions.c
[5.482s] -- Installing: /root/research-1/install/mymsg/include/mymsg/msg/detail/pose__struct.h
[5.483s] -- Installing: /root/research-1/install/mymsg/include/mymsg/msg/detail/multi_transform__struct.h
[5.483s] -- Installing: /root/research-1/install/mymsg/include/mymsg/msg/detail/pose__type_support.h
[5.483s] -- Installing: /root/research-1/install/mymsg/include/mymsg/msg/detail/poses__type_support.h
[5.483s] -- Installing: /root/research-1/install/mymsg/include/mymsg/msg/detail/transform__type_support.h
[5.484s] -- Installing: /root/research-1/install/mymsg/include/mymsg/msg/detail/transform__struct.h
[5.484s] -- Installing: /root/research-1/install/mymsg/include/mymsg/msg/detail/poses__functions.c
[5.484s] -- Installing: /root/research-1/install/mymsg/include/mymsg/msg/detail/multi_transform__functions.c
[5.485s] -- Installing: /root/research-1/install/mymsg/include/mymsg/msg/detail/transform__functions.h
[5.485s] -- Installing: /root/research-1/install/mymsg/include/mymsg/msg/detail/poses__struct.h
[5.485s] -- Installing: /root/research-1/install/mymsg/include/mymsg/msg/detail/pose__functions.c
[5.485s] -- Installing: /root/research-1/install/mymsg/include/mymsg/msg/detail/poses__functions.h
[5.486s] -- Installing: /root/research-1/install/mymsg/include/mymsg/msg/transform.h
[5.486s] -- Installing: /root/research-1/install/mymsg/include/mymsg/msg/pose.h
[5.487s] -- Up-to-date: /root/research-1/install/mymsg/share/mymsg/environment/library_path.sh
[5.487s] -- Installing: /root/research-1/install/mymsg/share/mymsg/environment/library_path.dsv
[5.487s] -- Installing: /root/research-1/install/mymsg/lib/libmymsg__rosidl_generator_c.so
[5.488s] -- Set runtime path of "/root/research-1/install/mymsg/lib/libmymsg__rosidl_generator_c.so" to ""
[5.489s] -- Up-to-date: /root/research-1/install/mymsg/include/mymsg
[5.489s] -- Up-to-date: /root/research-1/install/mymsg/include/mymsg/msg
[5.489s] -- Up-to-date: /root/research-1/install/mymsg/include/mymsg/msg/detail
[5.489s] -- Installing: /root/research-1/install/mymsg/include/mymsg/msg/detail/poses__rosidl_typesupport_fastrtps_c.h
[5.489s] -- Installing: /root/research-1/install/mymsg/include/mymsg/msg/detail/multi_transform__rosidl_typesupport_fastrtps_c.h
[5.490s] -- Installing: /root/research-1/install/mymsg/include/mymsg/msg/detail/transform__rosidl_typesupport_fastrtps_c.h
[5.490s] -- Installing: /root/research-1/install/mymsg/include/mymsg/msg/detail/pose__rosidl_typesupport_fastrtps_c.h
[5.490s] -- Up-to-date: /root/research-1/install/mymsg/include/mymsg/msg/rosidl_typesupport_fastrtps_c__visibility_control.h
[5.491s] -- Installing: /root/research-1/install/mymsg/lib/libmymsg__rosidl_typesupport_fastrtps_c.so
[5.492s] -- Set runtime path of "/root/research-1/install/mymsg/lib/libmymsg__rosidl_typesupport_fastrtps_c.so" to ""
[5.492s] -- Up-to-date: /root/research-1/install/mymsg/include/mymsg
[5.492s] -- Up-to-date: /root/research-1/install/mymsg/include/mymsg/msg
[5.493s] -- Up-to-date: /root/research-1/install/mymsg/include/mymsg/msg/detail
[5.493s] -- Installing: /root/research-1/install/mymsg/include/mymsg/msg/detail/multi_transform__rosidl_typesupport_fastrtps_cpp.hpp
[5.493s] -- Installing: /root/research-1/install/mymsg/include/mymsg/msg/detail/pose__rosidl_typesupport_fastrtps_cpp.hpp
[5.493s] -- Installing: /root/research-1/install/mymsg/include/mymsg/msg/detail/transform__rosidl_typesupport_fastrtps_cpp.hpp
[5.494s] -- Installing: /root/research-1/install/mymsg/include/mymsg/msg/detail/poses__rosidl_typesupport_fastrtps_cpp.hpp
[5.494s] -- Up-to-date: /root/research-1/install/mymsg/include/mymsg/msg/detail/dds_fastrtps
[5.494s] -- Up-to-date: /root/research-1/install/mymsg/include/mymsg/msg/rosidl_typesupport_fastrtps_cpp__visibility_control.h
[5.494s] -- Installing: /root/research-1/install/mymsg/lib/libmymsg__rosidl_typesupport_fastrtps_cpp.so
[5.495s] -- Set runtime path of "/root/research-1/install/mymsg/lib/libmymsg__rosidl_typesupport_fastrtps_cpp.so" to ""
[5.495s] -- Up-to-date: /root/research-1/install/mymsg/include/mymsg
[5.495s] -- Up-to-date: /root/research-1/install/mymsg/include/mymsg/msg
[5.495s] -- Up-to-date: /root/research-1/install/mymsg/include/mymsg/msg/detail
[5.496s] -- Installing: /root/research-1/install/mymsg/include/mymsg/msg/detail/pose__rosidl_typesupport_introspection_c.h
[5.496s] -- Installing: /root/research-1/install/mymsg/include/mymsg/msg/detail/transform__type_support.c
[5.496s] -- Installing: /root/research-1/install/mymsg/include/mymsg/msg/detail/multi_transform__rosidl_typesupport_introspection_c.h
[5.496s] -- Installing: /root/research-1/install/mymsg/include/mymsg/msg/detail/transform__rosidl_typesupport_introspection_c.h
[5.497s] -- Installing: /root/research-1/install/mymsg/include/mymsg/msg/detail/multi_transform__type_support.c
[5.497s] -- Installing: /root/research-1/install/mymsg/include/mymsg/msg/detail/poses__type_support.c
[5.497s] -- Installing: /root/research-1/install/mymsg/include/mymsg/msg/detail/pose__type_support.c
[5.497s] -- Installing: /root/research-1/install/mymsg/include/mymsg/msg/detail/poses__rosidl_typesupport_introspection_c.h
[5.497s] -- Up-to-date: /root/research-1/install/mymsg/include/mymsg/msg/rosidl_typesupport_introspection_c__visibility_control.h
[5.498s] -- Installing: /root/research-1/install/mymsg/lib/libmymsg__rosidl_typesupport_introspection_c.so
[5.498s] -- Set runtime path of "/root/research-1/install/mymsg/lib/libmymsg__rosidl_typesupport_introspection_c.so" to ""
[5.499s] -- Installing: /root/research-1/install/mymsg/lib/libmymsg__rosidl_typesupport_c.so
[5.499s] -- Set runtime path of "/root/research-1/install/mymsg/lib/libmymsg__rosidl_typesupport_c.so" to ""
[5.499s] -- Up-to-date: /root/research-1/install/mymsg/include/mymsg
[5.500s] -- Up-to-date: /root/research-1/install/mymsg/include/mymsg/msg
[5.500s] -- Installing: /root/research-1/install/mymsg/include/mymsg/msg/multi_transform.hpp
[5.500s] -- Installing: /root/research-1/install/mymsg/include/mymsg/msg/transform.hpp
[5.500s] -- Up-to-date: /root/research-1/install/mymsg/include/mymsg/msg/detail
[5.501s] -- Installing: /root/research-1/install/mymsg/include/mymsg/msg/detail/poses__struct.hpp
[5.501s] -- Installing: /root/research-1/install/mymsg/include/mymsg/msg/detail/multi_transform__struct.hpp
[5.501s] -- Installing: /root/research-1/install/mymsg/include/mymsg/msg/detail/multi_transform__traits.hpp
[5.501s] -- Installing: /root/research-1/install/mymsg/include/mymsg/msg/detail/poses__builder.hpp
[5.501s] -- Installing: /root/research-1/install/mymsg/include/mymsg/msg/detail/transform__struct.hpp
[5.502s] -- Installing: /root/research-1/install/mymsg/include/mymsg/msg/detail/pose__struct.hpp
[5.502s] -- Installing: /root/research-1/install/mymsg/include/mymsg/msg/detail/pose__traits.hpp
[5.502s] -- Installing: /root/research-1/install/mymsg/include/mymsg/msg/detail/transform__traits.hpp
[5.502s] -- Installing: /root/research-1/install/mymsg/include/mymsg/msg/detail/poses__traits.hpp
[5.502s] -- Installing: /root/research-1/install/mymsg/include/mymsg/msg/detail/transform__builder.hpp
[5.503s] -- Installing: /root/research-1/install/mymsg/include/mymsg/msg/detail/multi_transform__builder.hpp
[5.503s] -- Installing: /root/research-1/install/mymsg/include/mymsg/msg/detail/pose__builder.hpp
[5.503s] -- Installing: /root/research-1/install/mymsg/include/mymsg/msg/pose.hpp
[5.503s] -- Installing: /root/research-1/install/mymsg/include/mymsg/msg/poses.hpp
[5.503s] -- Up-to-date: /root/research-1/install/mymsg/include/mymsg
[5.503s] -- Up-to-date: /root/research-1/install/mymsg/include/mymsg/msg
[5.504s] -- Up-to-date: /root/research-1/install/mymsg/include/mymsg/msg/detail
[5.504s] -- Installing: /root/research-1/install/mymsg/include/mymsg/msg/detail/poses__type_support.cpp
[5.504s] -- Installing: /root/research-1/install/mymsg/include/mymsg/msg/detail/multi_transform__type_support.cpp
[5.504s] -- Installing: /root/research-1/install/mymsg/include/mymsg/msg/detail/transform__type_support.cpp
[5.504s] -- Installing: /root/research-1/install/mymsg/include/mymsg/msg/detail/pose__type_support.cpp
[5.505s] -- Installing: /root/research-1/install/mymsg/include/mymsg/msg/detail/multi_transform__rosidl_typesupport_introspection_cpp.hpp
[5.505s] -- Installing: /root/research-1/install/mymsg/include/mymsg/msg/detail/pose__rosidl_typesupport_introspection_cpp.hpp
[5.505s] -- Installing: /root/research-1/install/mymsg/include/mymsg/msg/detail/transform__rosidl_typesupport_introspection_cpp.hpp
[5.505s] -- Installing: /root/research-1/install/mymsg/include/mymsg/msg/detail/poses__rosidl_typesupport_introspection_cpp.hpp
[5.505s] -- Installing: /root/research-1/install/mymsg/lib/libmymsg__rosidl_typesupport_introspection_cpp.so
[5.506s] -- Set runtime path of "/root/research-1/install/mymsg/lib/libmymsg__rosidl_typesupport_introspection_cpp.so" to ""
[5.506s] -- Installing: /root/research-1/install/mymsg/lib/libmymsg__rosidl_typesupport_cpp.so
[5.507s] -- Set runtime path of "/root/research-1/install/mymsg/lib/libmymsg__rosidl_typesupport_cpp.so" to ""
[5.507s] -- Up-to-date: /root/research-1/install/mymsg/share/mymsg/environment/pythonpath.sh
[5.507s] -- Installing: /root/research-1/install/mymsg/share/mymsg/environment/pythonpath.dsv
[5.507s] -- Installing: /root/research-1/install/mymsg/lib/python3.8/site-packages/mymsg/__init__.py
[5.543s] Compiling '/root/research-1/install/mymsg/lib/python3.8/site-packages/mymsg/__init__.py'...
[5.546s] -- Up-to-date: /root/research-1/install/mymsg/lib/python3.8/site-packages/mymsg/msg
[5.547s] -- Installing: /root/research-1/install/mymsg/lib/python3.8/site-packages/mymsg/msg/_transform_s.c
[5.547s] -- Installing: /root/research-1/install/mymsg/lib/python3.8/site-packages/mymsg/msg/_multi_transform_s.c
[5.547s] -- Installing: /root/research-1/install/mymsg/lib/python3.8/site-packages/mymsg/msg/_pose_s.c
[5.547s] -- Installing: /root/research-1/install/mymsg/lib/python3.8/site-packages/mymsg/msg/_transform.py
[5.547s] -- Installing: /root/research-1/install/mymsg/lib/python3.8/site-packages/mymsg/msg/_poses_s.c
[5.548s] -- Installing: /root/research-1/install/mymsg/lib/python3.8/site-packages/mymsg/msg/_poses.py
[5.548s] -- Installing: /root/research-1/install/mymsg/lib/python3.8/site-packages/mymsg/msg/__init__.py
[5.548s] -- Installing: /root/research-1/install/mymsg/lib/python3.8/site-packages/mymsg/msg/_pose.py
[5.548s] -- Installing: /root/research-1/install/mymsg/lib/python3.8/site-packages/mymsg/msg/_multi_transform.py
[5.549s] -- Installing: /root/research-1/install/mymsg/lib/python3.8/site-packages/mymsg/mymsg_s__rosidl_typesupport_fastrtps_c.cpython-38-x86_64-linux-gnu.so
[5.550s] -- Set runtime path of "/root/research-1/install/mymsg/lib/python3.8/site-packages/mymsg/mymsg_s__rosidl_typesupport_fastrtps_c.cpython-38-x86_64-linux-gnu.so" to ""
[5.550s] -- Installing: /root/research-1/install/mymsg/lib/python3.8/site-packages/mymsg/mymsg_s__rosidl_typesupport_introspection_c.cpython-38-x86_64-linux-gnu.so
[5.551s] -- Set runtime path of "/root/research-1/install/mymsg/lib/python3.8/site-packages/mymsg/mymsg_s__rosidl_typesupport_introspection_c.cpython-38-x86_64-linux-gnu.so" to ""
[5.551s] -- Installing: /root/research-1/install/mymsg/lib/python3.8/site-packages/mymsg/mymsg_s__rosidl_typesupport_c.cpython-38-x86_64-linux-gnu.so
[5.552s] -- Set runtime path of "/root/research-1/install/mymsg/lib/python3.8/site-packages/mymsg/mymsg_s__rosidl_typesupport_c.cpython-38-x86_64-linux-gnu.so" to ""
[5.552s] -- Installing: /root/research-1/install/mymsg/lib/libmymsg__python.so
[5.553s] -- Set runtime path of "/root/research-1/install/mymsg/lib/libmymsg__python.so" to ""
[5.553s] -- Up-to-date: /root/research-1/install/mymsg/share/mymsg/msg/Pose.idl
[5.554s] -- Up-to-date: /root/research-1/install/mymsg/share/mymsg/msg/Poses.idl
[5.554s] -- Installing: /root/research-1/install/mymsg/share/mymsg/msg/Transform.idl
[5.554s] -- Installing: /root/research-1/install/mymsg/share/mymsg/msg/MultiTransform.idl
[5.554s] -- Up-to-date: /root/research-1/install/mymsg/share/mymsg/msg/Pose.msg
[5.554s] -- Up-to-date: /root/research-1/install/mymsg/share/mymsg/msg/Poses.msg
[5.554s] -- Installing: /root/research-1/install/mymsg/share/mymsg/msg/Transform.msg
[5.555s] -- Installing: /root/research-1/install/mymsg/share/mymsg/msg/MultiTransform.msg
[5.555s] -- Up-to-date: /root/research-1/install/mymsg/share/ament_index/resource_index/package_run_dependencies/mymsg
[5.555s] -- Up-to-date: /root/research-1/install/mymsg/share/ament_index/resource_index/parent_prefix_path/mymsg
[5.555s] -- Up-to-date: /root/research-1/install/mymsg/share/mymsg/environment/ament_prefix_path.sh
[5.555s] -- Installing: /root/research-1/install/mymsg/share/mymsg/environment/ament_prefix_path.dsv
[5.556s] -- Up-to-date: /root/research-1/install/mymsg/share/mymsg/environment/path.sh
[5.556s] -- Installing: /root/research-1/install/mymsg/share/mymsg/environment/path.dsv
[5.556s] -- Up-to-date: /root/research-1/install/mymsg/share/mymsg/local_setup.bash
[5.556s] -- Up-to-date: /root/research-1/install/mymsg/share/mymsg/local_setup.sh
[5.556s] -- Up-to-date: /root/research-1/install/mymsg/share/mymsg/local_setup.zsh
[5.556s] -- Installing: /root/research-1/install/mymsg/share/mymsg/local_setup.dsv
[5.556s] -- Installing: /root/research-1/install/mymsg/share/mymsg/package.dsv
[5.557s] -- Up-to-date: /root/research-1/install/mymsg/share/ament_index/resource_index/packages/mymsg
[5.557s] -- Up-to-date: /root/research-1/install/mymsg/share/mymsg/cmake/mymsg__rosidl_generator_cExport.cmake
[5.557s] -- Installing: /root/research-1/install/mymsg/share/mymsg/cmake/mymsg__rosidl_generator_cExport-noconfig.cmake
[5.558s] -- Up-to-date: /root/research-1/install/mymsg/share/mymsg/cmake/mymsg__rosidl_typesupport_introspection_cExport.cmake
[5.558s] -- Installing: /root/research-1/install/mymsg/share/mymsg/cmake/mymsg__rosidl_typesupport_introspection_cExport-noconfig.cmake
[5.558s] -- Up-to-date: /root/research-1/install/mymsg/share/mymsg/cmake/mymsg__rosidl_typesupport_cExport.cmake
[5.558s] -- Installing: /root/research-1/install/mymsg/share/mymsg/cmake/mymsg__rosidl_typesupport_cExport-noconfig.cmake
[5.559s] -- Up-to-date: /root/research-1/install/mymsg/share/mymsg/cmake/mymsg__rosidl_generator_cppExport.cmake
[5.559s] -- Up-to-date: /root/research-1/install/mymsg/share/mymsg/cmake/mymsg__rosidl_typesupport_introspection_cppExport.cmake
[5.559s] -- Installing: /root/research-1/install/mymsg/share/mymsg/cmake/mymsg__rosidl_typesupport_introspection_cppExport-noconfig.cmake
[5.559s] -- Up-to-date: /root/research-1/install/mymsg/share/mymsg/cmake/mymsg__rosidl_typesupport_cppExport.cmake
[5.559s] -- Installing: /root/research-1/install/mymsg/share/mymsg/cmake/mymsg__rosidl_typesupport_cppExport-noconfig.cmake
[5.560s] -- Installing: /root/research-1/install/mymsg/share/mymsg/cmake/rosidl_cmake-extras.cmake
[5.560s] -- Up-to-date: /root/research-1/install/mymsg/share/mymsg/cmake/ament_cmake_export_dependencies-extras.cmake
[5.560s] -- Up-to-date: /root/research-1/install/mymsg/share/mymsg/cmake/ament_cmake_export_libraries-extras.cmake
[5.560s] -- Up-to-date: /root/research-1/install/mymsg/share/mymsg/cmake/ament_cmake_export_targets-extras.cmake
[5.560s] -- Up-to-date: /root/research-1/install/mymsg/share/mymsg/cmake/ament_cmake_export_include_directories-extras.cmake
[5.561s] -- Up-to-date: /root/research-1/install/mymsg/share/mymsg/cmake/rosidl_cmake_export_typesupport_libraries-extras.cmake
[5.561s] -- Up-to-date: /root/research-1/install/mymsg/share/mymsg/cmake/rosidl_cmake_export_typesupport_targets-extras.cmake
[5.561s] -- Up-to-date: /root/research-1/install/mymsg/share/mymsg/cmake/mymsgConfig.cmake
[5.561s] -- Up-to-date: /root/research-1/install/mymsg/share/mymsg/cmake/mymsgConfig-version.cmake
[5.561s] -- Up-to-date: /root/research-1/install/mymsg/share/mymsg/package.xml
[5.566s] Invoked command in '/root/research-1/build/mymsg' returned '0': CMAKE_PREFIX_PATH=${CMAKE_PREFIX_PATH}:/root/Pose_waypointmaker/install/tf2_pifpaf:/root/Pose_waypointmaker/install/ros2_pifpaf:/root/Pose_waypointmaker/install/pifpaf_navi:/root/sirius/sirius_ws/install/turtlebot3_teleop:/root/sirius/sirius_ws/install/turtlebot3_example:/opt/ros/foxy /usr/bin/cmake --install /root/research-1/build/mymsg
