[0.139s] DEBUG:colcon:Command line arguments: ['/usr/bin/colcon', 'build']
[0.139s] DEBUG:colcon:Parsed command line arguments: Namespace(allow_overriding=[], ament_cmake_args=None, base_paths=['.'], build_base='build', catkin_cmake_args=None, catkin_skip_building_tests=False, cmake_args=None, cmake_clean_cache=False, cmake_clean_first=False, cmake_force_configure=False, cmake_target=None, cmake_target_skip_unavailable=False, continue_on_error=False, event_handlers=None, executor='parallel', ignore_user_meta=False, install_base='install', log_base=None, log_level=None, main=<bound method BuildVerb.main of <colcon_core.verb.build.BuildVerb object at 0x7fa36452f8b0>>, merge_install=False, metas=['./colcon.meta'], packages_above=None, packages_above_and_dependencies=None, packages_above_depth=None, packages_end=None, packages_ignore=None, packages_ignore_regex=None, packages_select=None, packages_select_build_failed=False, packages_select_by_dep=None, packages_select_regex=None, packages_select_test_failures=False, packages_skip=None, packages_skip_build_finished=False, packages_skip_by_dep=None, packages_skip_regex=None, packages_skip_test_passed=False, packages_skip_up_to=None, packages_start=None, packages_up_to=None, packages_up_to_regex=None, parallel_workers=12, paths=None, symlink_install=False, test_result_base=None, verb_extension=<colcon_core.verb.build.BuildVerb object at 0x7fa36452f8b0>, verb_name='build', verb_parser=<colcon_defaults.argument_parser.defaults.DefaultArgumentsDecorator object at 0x7fa36452fe20>)
[0.169s] Level 1:colcon.colcon_core.package_discovery:discover_packages(colcon_meta) check parameters
[0.169s] Level 1:colcon.colcon_core.package_discovery:discover_packages(recursive) check parameters
[0.169s] Level 1:colcon.colcon_core.package_discovery:discover_packages(ignore) check parameters
[0.169s] Level 1:colcon.colcon_core.package_discovery:discover_packages(path) check parameters
[0.169s] Level 1:colcon.colcon_core.package_discovery:discover_packages(colcon_meta) discover
[0.169s] Level 1:colcon.colcon_core.package_discovery:discover_packages(recursive) discover
[0.170s] INFO:colcon.colcon_core.package_discovery:Crawling recursively for packages in '/root/research-1'
[0.170s] Level 1:colcon.colcon_core.package_identification:_identify(.) by extensions ['ignore', 'ignore_ament_install']
[0.170s] Level 1:colcon.colcon_core.package_identification:_identify(.) by extension 'ignore'
[0.170s] Level 1:colcon.colcon_core.package_identification:_identify(.) by extension 'ignore_ament_install'
[0.171s] Level 1:colcon.colcon_core.package_identification:_identify(.) by extensions ['colcon_pkg']
[0.171s] Level 1:colcon.colcon_core.package_identification:_identify(.) by extension 'colcon_pkg'
[0.171s] Level 1:colcon.colcon_core.package_identification:_identify(.) by extensions ['colcon_meta']
[0.171s] Level 1:colcon.colcon_core.package_identification:_identify(.) by extension 'colcon_meta'
[0.171s] Level 1:colcon.colcon_core.package_identification:_identify(.) by extensions ['ros']
[0.171s] Level 1:colcon.colcon_core.package_identification:_identify(.) by extension 'ros'
[0.206s] Level 1:colcon.colcon_core.package_identification:_identify(.) by extensions ['cmake', 'python']
[0.206s] Level 1:colcon.colcon_core.package_identification:_identify(.) by extension 'cmake'
[0.207s] Level 1:colcon.colcon_core.package_identification:_identify(.) by extension 'python'
[0.207s] Level 1:colcon.colcon_core.package_identification:_identify(.) by extensions ['python_setup_py']
[0.207s] Level 1:colcon.colcon_core.package_identification:_identify(.) by extension 'python_setup_py'
[0.207s] Level 1:colcon.colcon_core.package_identification:_identify(build) by extensions ['ignore', 'ignore_ament_install']
[0.207s] Level 1:colcon.colcon_core.package_identification:_identify(build) by extension 'ignore'
[0.207s] Level 1:colcon.colcon_core.package_identification:_identify(build) ignored
[0.207s] Level 1:colcon.colcon_core.package_identification:_identify(install) by extensions ['ignore', 'ignore_ament_install']
[0.207s] Level 1:colcon.colcon_core.package_identification:_identify(install) by extension 'ignore'
[0.207s] Level 1:colcon.colcon_core.package_identification:_identify(install) ignored
[0.207s] Level 1:colcon.colcon_core.package_identification:_identify(log) by extensions ['ignore', 'ignore_ament_install']
[0.207s] Level 1:colcon.colcon_core.package_identification:_identify(log) by extension 'ignore'
[0.207s] Level 1:colcon.colcon_core.package_identification:_identify(log) ignored
[0.207s] Level 1:colcon.colcon_core.package_identification:_identify(src) by extensions ['ignore', 'ignore_ament_install']
[0.208s] Level 1:colcon.colcon_core.package_identification:_identify(src) by extension 'ignore'
[0.208s] Level 1:colcon.colcon_core.package_identification:_identify(src) by extension 'ignore_ament_install'
[0.208s] Level 1:colcon.colcon_core.package_identification:_identify(src) by extensions ['colcon_pkg']
[0.208s] Level 1:colcon.colcon_core.package_identification:_identify(src) by extension 'colcon_pkg'
[0.208s] Level 1:colcon.colcon_core.package_identification:_identify(src) by extensions ['colcon_meta']
[0.208s] Level 1:colcon.colcon_core.package_identification:_identify(src) by extension 'colcon_meta'
[0.208s] Level 1:colcon.colcon_core.package_identification:_identify(src) by extensions ['ros']
[0.208s] Level 1:colcon.colcon_core.package_identification:_identify(src) by extension 'ros'
[0.208s] Level 1:colcon.colcon_core.package_identification:_identify(src) by extensions ['cmake', 'python']
[0.208s] Level 1:colcon.colcon_core.package_identification:_identify(src) by extension 'cmake'
[0.208s] Level 1:colcon.colcon_core.package_identification:_identify(src) by extension 'python'
[0.208s] Level 1:colcon.colcon_core.package_identification:_identify(src) by extensions ['python_setup_py']
[0.208s] Level 1:colcon.colcon_core.package_identification:_identify(src) by extension 'python_setup_py'
[0.208s] Level 1:colcon.colcon_core.package_identification:_identify(src/chaser_navigation_system) by extensions ['ignore', 'ignore_ament_install']
[0.209s] Level 1:colcon.colcon_core.package_identification:_identify(src/chaser_navigation_system) by extension 'ignore'
[0.209s] Level 1:colcon.colcon_core.package_identification:_identify(src/chaser_navigation_system) by extension 'ignore_ament_install'
[0.209s] Level 1:colcon.colcon_core.package_identification:_identify(src/chaser_navigation_system) by extensions ['colcon_pkg']
[0.209s] Level 1:colcon.colcon_core.package_identification:_identify(src/chaser_navigation_system) by extension 'colcon_pkg'
[0.209s] Level 1:colcon.colcon_core.package_identification:_identify(src/chaser_navigation_system) by extensions ['colcon_meta']
[0.209s] Level 1:colcon.colcon_core.package_identification:_identify(src/chaser_navigation_system) by extension 'colcon_meta'
[0.209s] Level 1:colcon.colcon_core.package_identification:_identify(src/chaser_navigation_system) by extensions ['ros']
[0.209s] Level 1:colcon.colcon_core.package_identification:_identify(src/chaser_navigation_system) by extension 'ros'
[0.212s] DEBUG:colcon.colcon_core.package_identification:Package 'src/chaser_navigation_system' with type 'ros.ament_python' and name 'chaser_navigation_system'
[0.213s] Level 1:colcon.colcon_core.package_identification:_identify(src/mymsg) by extensions ['ignore', 'ignore_ament_install']
[0.213s] Level 1:colcon.colcon_core.package_identification:_identify(src/mymsg) by extension 'ignore'
[0.213s] Level 1:colcon.colcon_core.package_identification:_identify(src/mymsg) by extension 'ignore_ament_install'
[0.213s] Level 1:colcon.colcon_core.package_identification:_identify(src/mymsg) by extensions ['colcon_pkg']
[0.213s] Level 1:colcon.colcon_core.package_identification:_identify(src/mymsg) by extension 'colcon_pkg'
[0.213s] Level 1:colcon.colcon_core.package_identification:_identify(src/mymsg) by extensions ['colcon_meta']
[0.213s] Level 1:colcon.colcon_core.package_identification:_identify(src/mymsg) by extension 'colcon_meta'
[0.213s] Level 1:colcon.colcon_core.package_identification:_identify(src/mymsg) by extensions ['ros']
[0.213s] Level 1:colcon.colcon_core.package_identification:_identify(src/mymsg) by extension 'ros'
[0.214s] DEBUG:colcon.colcon_core.package_identification:Package 'src/mymsg' with type 'ros.ament_cmake' and name 'mymsg'
[0.215s] Level 1:colcon.colcon_core.package_discovery:discover_packages(recursive) using defaults
[0.215s] Level 1:colcon.colcon_core.package_discovery:discover_packages(ignore) discover
[0.215s] Level 1:colcon.colcon_core.package_discovery:discover_packages(ignore) using defaults
[0.215s] Level 1:colcon.colcon_core.package_discovery:discover_packages(path) discover
[0.215s] Level 1:colcon.colcon_core.package_discovery:discover_packages(path) using defaults
[0.233s] Level 1:colcon.colcon_core.package_discovery:discover_packages(prefix_path) check parameters
[0.233s] Level 1:colcon.colcon_core.package_discovery:discover_packages(prefix_path) discover
[0.237s] DEBUG:colcon.colcon_installed_package_information.package_discovery:Found 2 installed packages in /root/research-1/install
[0.238s] DEBUG:colcon.colcon_installed_package_information.package_discovery:Found 2 installed packages in /root/research_version_two/install
[0.239s] DEBUG:colcon.colcon_installed_package_information.package_discovery:Found 8 installed packages in /root/Pose_waypointmaker/install
[0.240s] DEBUG:colcon.colcon_installed_package_information.package_discovery:Found 23 installed packages in /root/sirius/sirius_ws/install
[0.242s] DEBUG:colcon.colcon_installed_package_information.package_discovery:Found 345 installed packages in /opt/ros/foxy
[0.244s] Level 1:colcon.colcon_core.package_discovery:discover_packages(prefix_path) using defaults
[0.318s] Level 5:colcon.colcon_core.verb:set package 'mymsg' build argument 'cmake_args' from command line to 'None'
[0.318s] Level 5:colcon.colcon_core.verb:set package 'mymsg' build argument 'cmake_target' from command line to 'None'
[0.318s] Level 5:colcon.colcon_core.verb:set package 'mymsg' build argument 'cmake_target_skip_unavailable' from command line to 'False'
[0.318s] Level 5:colcon.colcon_core.verb:set package 'mymsg' build argument 'cmake_clean_cache' from command line to 'False'
[0.318s] Level 5:colcon.colcon_core.verb:set package 'mymsg' build argument 'cmake_clean_first' from command line to 'False'
[0.318s] Level 5:colcon.colcon_core.verb:set package 'mymsg' build argument 'cmake_force_configure' from command line to 'False'
[0.318s] Level 5:colcon.colcon_core.verb:set package 'mymsg' build argument 'ament_cmake_args' from command line to 'None'
[0.318s] Level 5:colcon.colcon_core.verb:set package 'mymsg' build argument 'catkin_cmake_args' from command line to 'None'
[0.318s] Level 5:colcon.colcon_core.verb:set package 'mymsg' build argument 'catkin_skip_building_tests' from command line to 'False'
[0.318s] DEBUG:colcon.colcon_core.verb:Building package 'mymsg' with the following arguments: {'ament_cmake_args': None, 'build_base': '/root/research-1/build/mymsg', 'catkin_cmake_args': None, 'catkin_skip_building_tests': False, 'cmake_args': None, 'cmake_clean_cache': False, 'cmake_clean_first': False, 'cmake_force_configure': False, 'cmake_target': None, 'cmake_target_skip_unavailable': False, 'install_base': '/root/research-1/install/mymsg', 'merge_install': False, 'path': '/root/research-1/src/mymsg', 'symlink_install': False, 'test_result_base': None}
[0.320s] Level 5:colcon.colcon_core.verb:set package 'chaser_navigation_system' build argument 'cmake_args' from command line to 'None'
[0.320s] Level 5:colcon.colcon_core.verb:set package 'chaser_navigation_system' build argument 'cmake_target' from command line to 'None'
[0.320s] Level 5:colcon.colcon_core.verb:set package 'chaser_navigation_system' build argument 'cmake_target_skip_unavailable' from command line to 'False'
[0.320s] Level 5:colcon.colcon_core.verb:set package 'chaser_navigation_system' build argument 'cmake_clean_cache' from command line to 'False'
[0.320s] Level 5:colcon.colcon_core.verb:set package 'chaser_navigation_system' build argument 'cmake_clean_first' from command line to 'False'
[0.320s] Level 5:colcon.colcon_core.verb:set package 'chaser_navigation_system' build argument 'cmake_force_configure' from command line to 'False'
[0.320s] Level 5:colcon.colcon_core.verb:set package 'chaser_navigation_system' build argument 'ament_cmake_args' from command line to 'None'
[0.320s] Level 5:colcon.colcon_core.verb:set package 'chaser_navigation_system' build argument 'catkin_cmake_args' from command line to 'None'
[0.320s] Level 5:colcon.colcon_core.verb:set package 'chaser_navigation_system' build argument 'catkin_skip_building_tests' from command line to 'False'
[0.320s] DEBUG:colcon.colcon_core.verb:Building package 'chaser_navigation_system' with the following arguments: {'ament_cmake_args': None, 'build_base': '/root/research-1/build/chaser_navigation_system', 'catkin_cmake_args': None, 'catkin_skip_building_tests': False, 'cmake_args': None, 'cmake_clean_cache': False, 'cmake_clean_first': False, 'cmake_force_configure': False, 'cmake_target': None, 'cmake_target_skip_unavailable': False, 'install_base': '/root/research-1/install/chaser_navigation_system', 'merge_install': False, 'path': '/root/research-1/src/chaser_navigation_system', 'symlink_install': False, 'test_result_base': None}
[0.322s] INFO:colcon.colcon_core.executor:Executing jobs using 'parallel' executor
[0.329s] DEBUG:colcon.colcon_parallel_executor.executor.parallel:run_until_complete
[0.329s] INFO:colcon.colcon_ros.task.ament_cmake.build:Building ROS package in '/root/research-1/src/mymsg' with build type 'ament_cmake'
[0.329s] INFO:colcon.colcon_cmake.task.cmake.build:Building CMake package in '/root/research-1/src/mymsg'
[0.336s] INFO:colcon.colcon_core.plugin_system:Skipping extension 'colcon_core.shell.bat': Not used on non-Windows systems
[0.336s] INFO:colcon.colcon_core.shell:Skip shell extension 'powershell' for command environment: Not usable outside of PowerShell
[0.336s] DEBUG:colcon.colcon_core.shell:Skip shell extension 'dsv' for command environment
[0.362s] DEBUG:colcon.colcon_core.event_handler.log_command:Invoking command in '/root/research-1/build/mymsg': CMAKE_PREFIX_PATH=${CMAKE_PREFIX_PATH}:/root/research-1/install/chaser_navigation_system:/root/research_version_two/install/pose_chaser:/root/Pose_waypointmaker/install/tf2_pifpaf:/root/Pose_waypointmaker/install/ros2_pifpaf:/root/Pose_waypointmaker/install/pifpaf_navi:/root/sirius/sirius_ws/install/turtlebot3_teleop:/root/sirius/sirius_ws/install/turtlebot3_example:/opt/ros/foxy /usr/bin/cmake --build /root/research-1/build/mymsg -- -j12 -l12
[0.780s] DEBUG:colcon.colcon_core.event_handler.log_command:Invoked command in '/root/research-1/build/mymsg' returned '0': CMAKE_PREFIX_PATH=${CMAKE_PREFIX_PATH}:/root/research-1/install/chaser_navigation_system:/root/research_version_two/install/pose_chaser:/root/Pose_waypointmaker/install/tf2_pifpaf:/root/Pose_waypointmaker/install/ros2_pifpaf:/root/Pose_waypointmaker/install/pifpaf_navi:/root/sirius/sirius_ws/install/turtlebot3_teleop:/root/sirius/sirius_ws/install/turtlebot3_example:/opt/ros/foxy /usr/bin/cmake --build /root/research-1/build/mymsg -- -j12 -l12
[1.105s] DEBUG:colcon.colcon_core.event_handler.log_command:Invoking command in '/root/research-1/build/mymsg': CMAKE_PREFIX_PATH=${CMAKE_PREFIX_PATH}:/root/research-1/install/chaser_navigation_system:/root/research_version_two/install/pose_chaser:/root/Pose_waypointmaker/install/tf2_pifpaf:/root/Pose_waypointmaker/install/ros2_pifpaf:/root/Pose_waypointmaker/install/pifpaf_navi:/root/sirius/sirius_ws/install/turtlebot3_teleop:/root/sirius/sirius_ws/install/turtlebot3_example:/opt/ros/foxy /usr/bin/cmake --install /root/research-1/build/mymsg
[1.200s] Level 1:colcon.colcon_core.environment:create_environment_scripts_only(mymsg)
[1.201s] DEBUG:colcon.colcon_core.event_handler.log_command:Invoked command in '/root/research-1/build/mymsg' returned '0': CMAKE_PREFIX_PATH=${CMAKE_PREFIX_PATH}:/root/research-1/install/chaser_navigation_system:/root/research_version_two/install/pose_chaser:/root/Pose_waypointmaker/install/tf2_pifpaf:/root/Pose_waypointmaker/install/ros2_pifpaf:/root/Pose_waypointmaker/install/pifpaf_navi:/root/sirius/sirius_ws/install/turtlebot3_teleop:/root/sirius/sirius_ws/install/turtlebot3_example:/opt/ros/foxy /usr/bin/cmake --install /root/research-1/build/mymsg
[1.209s] Level 1:colcon.colcon_core.environment:checking '/root/research-1/install/mymsg' for CMake module files
[1.210s] Level 1:colcon.colcon_core.environment:checking '/root/research-1/install/mymsg' for CMake config files
[1.211s] Level 1:colcon.colcon_core.shell:create_environment_hook('mymsg', 'cmake_prefix_path')
[1.214s] INFO:colcon.colcon_core.shell:Creating environment hook '/root/research-1/install/mymsg/share/mymsg/hook/cmake_prefix_path.ps1'
[1.215s] INFO:colcon.colcon_core.shell:Creating environment descriptor '/root/research-1/install/mymsg/share/mymsg/hook/cmake_prefix_path.dsv'
[1.215s] INFO:colcon.colcon_core.shell:Creating environment hook '/root/research-1/install/mymsg/share/mymsg/hook/cmake_prefix_path.sh'
[1.216s] Level 1:colcon.colcon_core.environment:checking '/root/research-1/install/mymsg/lib'
[1.217s] Level 1:colcon.colcon_core.shell:create_environment_hook('mymsg', 'ld_library_path_lib')
[1.219s] INFO:colcon.colcon_core.shell:Creating environment hook '/root/research-1/install/mymsg/share/mymsg/hook/ld_library_path_lib.ps1'
[1.219s] INFO:colcon.colcon_core.shell:Creating environment descriptor '/root/research-1/install/mymsg/share/mymsg/hook/ld_library_path_lib.dsv'
[1.220s] INFO:colcon.colcon_core.shell:Creating environment hook '/root/research-1/install/mymsg/share/mymsg/hook/ld_library_path_lib.sh'
[1.220s] Level 1:colcon.colcon_core.environment:checking '/root/research-1/install/mymsg/bin'
[1.220s] Level 1:colcon.colcon_core.environment:checking '/root/research-1/install/mymsg/lib/pkgconfig/mymsg.pc'
[1.220s] Level 1:colcon.colcon_core.environment:checking '/root/research-1/install/mymsg/lib/python3.8/site-packages'
[1.221s] Level 1:colcon.colcon_core.shell:create_environment_hook('mymsg', 'pythonpath')
[1.222s] INFO:colcon.colcon_core.shell:Creating environment hook '/root/research-1/install/mymsg/share/mymsg/hook/pythonpath.ps1'
[1.222s] INFO:colcon.colcon_core.shell:Creating environment descriptor '/root/research-1/install/mymsg/share/mymsg/hook/pythonpath.dsv'
[1.222s] INFO:colcon.colcon_core.shell:Creating environment hook '/root/research-1/install/mymsg/share/mymsg/hook/pythonpath.sh'
[1.223s] Level 1:colcon.colcon_core.environment:checking '/root/research-1/install/mymsg/bin'
[1.225s] INFO:colcon.colcon_core.shell:Creating package script '/root/research-1/install/mymsg/share/mymsg/package.ps1'
[1.226s] INFO:colcon.colcon_core.shell:Creating package descriptor '/root/research-1/install/mymsg/share/mymsg/package.dsv'
[1.227s] INFO:colcon.colcon_core.shell:Creating package script '/root/research-1/install/mymsg/share/mymsg/package.sh'
[1.227s] INFO:colcon.colcon_core.shell:Creating package script '/root/research-1/install/mymsg/share/mymsg/package.bash'
[1.228s] INFO:colcon.colcon_core.shell:Creating package script '/root/research-1/install/mymsg/share/mymsg/package.zsh'
[1.229s] Level 1:colcon.colcon_core.environment:create_file_with_runtime_dependencies(/root/research-1/install/mymsg/share/colcon-core/packages/mymsg)
[1.538s] Level 1:colcon.colcon_core.environment:create_environment_scripts_only(mymsg)
[1.541s] Level 1:colcon.colcon_core.environment:checking '/root/research-1/install/mymsg' for CMake module files
[1.542s] Level 1:colcon.colcon_core.environment:checking '/root/research-1/install/mymsg' for CMake config files
[1.543s] Level 1:colcon.colcon_core.shell:create_environment_hook('mymsg', 'cmake_prefix_path')
[1.546s] INFO:colcon.colcon_core.shell:Creating environment hook '/root/research-1/install/mymsg/share/mymsg/hook/cmake_prefix_path.ps1'
[1.546s] INFO:colcon.colcon_core.shell:Creating environment descriptor '/root/research-1/install/mymsg/share/mymsg/hook/cmake_prefix_path.dsv'
[1.547s] INFO:colcon.colcon_core.shell:Creating environment hook '/root/research-1/install/mymsg/share/mymsg/hook/cmake_prefix_path.sh'
[1.547s] Level 1:colcon.colcon_core.environment:checking '/root/research-1/install/mymsg/lib'
[1.547s] Level 1:colcon.colcon_core.shell:create_environment_hook('mymsg', 'ld_library_path_lib')
[1.550s] INFO:colcon.colcon_core.shell:Creating environment hook '/root/research-1/install/mymsg/share/mymsg/hook/ld_library_path_lib.ps1'
[1.550s] INFO:colcon.colcon_core.shell:Creating environment descriptor '/root/research-1/install/mymsg/share/mymsg/hook/ld_library_path_lib.dsv'
[1.551s] INFO:colcon.colcon_core.shell:Creating environment hook '/root/research-1/install/mymsg/share/mymsg/hook/ld_library_path_lib.sh'
[1.551s] Level 1:colcon.colcon_core.environment:checking '/root/research-1/install/mymsg/bin'
[1.551s] Level 1:colcon.colcon_core.environment:checking '/root/research-1/install/mymsg/lib/pkgconfig/mymsg.pc'
[1.552s] Level 1:colcon.colcon_core.environment:checking '/root/research-1/install/mymsg/lib/python3.8/site-packages'
[1.552s] Level 1:colcon.colcon_core.shell:create_environment_hook('mymsg', 'pythonpath')
[1.554s] INFO:colcon.colcon_core.shell:Creating environment hook '/root/research-1/install/mymsg/share/mymsg/hook/pythonpath.ps1'
[1.555s] INFO:colcon.colcon_core.shell:Creating environment descriptor '/root/research-1/install/mymsg/share/mymsg/hook/pythonpath.dsv'
[1.555s] INFO:colcon.colcon_core.shell:Creating environment hook '/root/research-1/install/mymsg/share/mymsg/hook/pythonpath.sh'
[1.556s] Level 1:colcon.colcon_core.environment:checking '/root/research-1/install/mymsg/bin'
[1.558s] INFO:colcon.colcon_core.shell:Creating package script '/root/research-1/install/mymsg/share/mymsg/package.ps1'
[1.559s] INFO:colcon.colcon_core.shell:Creating package descriptor '/root/research-1/install/mymsg/share/mymsg/package.dsv'
[1.560s] INFO:colcon.colcon_core.shell:Creating package script '/root/research-1/install/mymsg/share/mymsg/package.sh'
[1.560s] INFO:colcon.colcon_core.shell:Creating package script '/root/research-1/install/mymsg/share/mymsg/package.bash'
[1.561s] INFO:colcon.colcon_core.shell:Creating package script '/root/research-1/install/mymsg/share/mymsg/package.zsh'
[1.561s] Level 1:colcon.colcon_core.environment:create_file_with_runtime_dependencies(/root/research-1/install/mymsg/share/colcon-core/packages/mymsg)
[1.562s] INFO:colcon.colcon_ros.task.ament_python.build:Building ROS package in '/root/research-1/src/chaser_navigation_system' with build type 'ament_python'
[1.562s] Level 1:colcon.colcon_core.shell:create_environment_hook('chaser_navigation_system', 'ament_prefix_path')
[1.564s] INFO:colcon.colcon_core.shell:Creating environment hook '/root/research-1/install/chaser_navigation_system/share/chaser_navigation_system/hook/ament_prefix_path.ps1'
[1.565s] INFO:colcon.colcon_core.shell:Creating environment descriptor '/root/research-1/install/chaser_navigation_system/share/chaser_navigation_system/hook/ament_prefix_path.dsv'
[1.565s] INFO:colcon.colcon_core.shell:Creating environment hook '/root/research-1/install/chaser_navigation_system/share/chaser_navigation_system/hook/ament_prefix_path.sh'
[1.568s] INFO:colcon.colcon_core.shell:Skip shell extension 'powershell' for command environment: Not usable outside of PowerShell
[1.568s] DEBUG:colcon.colcon_core.shell:Skip shell extension 'dsv' for command environment
[1.875s] INFO:colcon.colcon_core.task.python.build:Building Python package in '/root/research-1/src/chaser_navigation_system'
[1.878s] INFO:colcon.colcon_core.shell:Skip shell extension 'powershell' for command environment: Not usable outside of PowerShell
[1.878s] DEBUG:colcon.colcon_core.shell:Skip shell extension 'dsv' for command environment
[2.417s] DEBUG:colcon.colcon_core.event_handler.log_command:Invoking command in '/root/research-1/src/chaser_navigation_system': PYTHONPATH=/root/research-1/build/chaser_navigation_system/prefix_override:/root/research-1/install/chaser_navigation_system/lib/python3.8/site-packages:/root/research-1/install/mymsg/lib/python3.8/site-packages:/root/research-1/install/chaser_navigation_system/lib/python3.8/site-packages:/root/research_version_two/install/pose_chaser/lib/python3.8/site-packages:/root/research_version_two/install/my_ros_interfaces/lib/python3.8/site-packages:/root/Pose_waypointmaker/install/tf2_pifpaf/lib/python3.8/site-packages:/root/Pose_waypointmaker/install/slam_toolbox/lib/python3.8/site-packages:/root/Pose_waypointmaker/install/rtabmap_ros/lib/python3.8/site-packages:/root/Pose_waypointmaker/install/ros2_pifpaf/lib/python3.8/site-packages:/root/Pose_waypointmaker/install/pifpaf_navi/lib/python3.8/site-packages:/root/Pose_waypointmaker/install/openpifpaf_ros2_msgs_v2/lib/python3.8/site-packages:/root/sirius/sirius_ws/install/urg_node_msgs/lib/python3.8/site-packages:/root/sirius/sirius_ws/install/turtlebot3_teleop/lib/python3.8/site-packages:/root/sirius/sirius_ws/install/turtlebot3_example/lib/python3.8/site-packages:/root/sirius/sirius_ws/install/kobuki_ros_interfaces/lib/python3.8/site-packages:/opt/ros/foxy/lib/python3.8/site-packages /usr/bin/python3 setup.py egg_info --egg-base ../../build/chaser_navigation_system build --build-base /root/research-1/build/chaser_navigation_system/build install --record /root/research-1/build/chaser_navigation_system/install.log --install-scripts $base/lib/chaser_navigation_system --single-version-externally-managed
[2.759s] Level 1:colcon.colcon_core.environment:checking '/root/research-1/install/chaser_navigation_system' for CMake module files
[2.760s] DEBUG:colcon.colcon_core.event_handler.log_command:Invoked command in '/root/research-1/src/chaser_navigation_system' returned '0': PYTHONPATH=/root/research-1/build/chaser_navigation_system/prefix_override:/root/research-1/install/chaser_navigation_system/lib/python3.8/site-packages:/root/research-1/install/mymsg/lib/python3.8/site-packages:/root/research-1/install/chaser_navigation_system/lib/python3.8/site-packages:/root/research_version_two/install/pose_chaser/lib/python3.8/site-packages:/root/research_version_two/install/my_ros_interfaces/lib/python3.8/site-packages:/root/Pose_waypointmaker/install/tf2_pifpaf/lib/python3.8/site-packages:/root/Pose_waypointmaker/install/slam_toolbox/lib/python3.8/site-packages:/root/Pose_waypointmaker/install/rtabmap_ros/lib/python3.8/site-packages:/root/Pose_waypointmaker/install/ros2_pifpaf/lib/python3.8/site-packages:/root/Pose_waypointmaker/install/pifpaf_navi/lib/python3.8/site-packages:/root/Pose_waypointmaker/install/openpifpaf_ros2_msgs_v2/lib/python3.8/site-packages:/root/sirius/sirius_ws/install/urg_node_msgs/lib/python3.8/site-packages:/root/sirius/sirius_ws/install/turtlebot3_teleop/lib/python3.8/site-packages:/root/sirius/sirius_ws/install/turtlebot3_example/lib/python3.8/site-packages:/root/sirius/sirius_ws/install/kobuki_ros_interfaces/lib/python3.8/site-packages:/opt/ros/foxy/lib/python3.8/site-packages /usr/bin/python3 setup.py egg_info --egg-base ../../build/chaser_navigation_system build --build-base /root/research-1/build/chaser_navigation_system/build install --record /root/research-1/build/chaser_navigation_system/install.log --install-scripts $base/lib/chaser_navigation_system --single-version-externally-managed
[2.760s] Level 1:colcon.colcon_core.environment:checking '/root/research-1/install/chaser_navigation_system' for CMake config files
[2.761s] Level 1:colcon.colcon_core.environment:checking '/root/research-1/install/chaser_navigation_system/lib'
[2.761s] Level 1:colcon.colcon_core.environment:checking '/root/research-1/install/chaser_navigation_system/bin'
[2.761s] Level 1:colcon.colcon_core.environment:checking '/root/research-1/install/chaser_navigation_system/lib/pkgconfig/chaser_navigation_system.pc'
[2.761s] Level 1:colcon.colcon_core.environment:checking '/root/research-1/install/chaser_navigation_system/lib/python3.8/site-packages'
[2.762s] Level 1:colcon.colcon_core.shell:create_environment_hook('chaser_navigation_system', 'pythonpath')
[2.764s] INFO:colcon.colcon_core.shell:Creating environment hook '/root/research-1/install/chaser_navigation_system/share/chaser_navigation_system/hook/pythonpath.ps1'
[2.765s] INFO:colcon.colcon_core.shell:Creating environment descriptor '/root/research-1/install/chaser_navigation_system/share/chaser_navigation_system/hook/pythonpath.dsv'
[2.765s] INFO:colcon.colcon_core.shell:Creating environment hook '/root/research-1/install/chaser_navigation_system/share/chaser_navigation_system/hook/pythonpath.sh'
[2.766s] Level 1:colcon.colcon_core.environment:checking '/root/research-1/install/chaser_navigation_system/bin'
[2.766s] Level 1:colcon.colcon_core.environment:create_environment_scripts_only(chaser_navigation_system)
[2.768s] INFO:colcon.colcon_core.shell:Creating package script '/root/research-1/install/chaser_navigation_system/share/chaser_navigation_system/package.ps1'
[2.769s] INFO:colcon.colcon_core.shell:Creating package descriptor '/root/research-1/install/chaser_navigation_system/share/chaser_navigation_system/package.dsv'
[2.769s] INFO:colcon.colcon_core.shell:Creating package script '/root/research-1/install/chaser_navigation_system/share/chaser_navigation_system/package.sh'
[2.770s] INFO:colcon.colcon_core.shell:Creating package script '/root/research-1/install/chaser_navigation_system/share/chaser_navigation_system/package.bash'
[2.770s] INFO:colcon.colcon_core.shell:Creating package script '/root/research-1/install/chaser_navigation_system/share/chaser_navigation_system/package.zsh'
[2.770s] Level 1:colcon.colcon_core.environment:create_file_with_runtime_dependencies(/root/research-1/install/chaser_navigation_system/share/colcon-core/packages/chaser_navigation_system)
[2.771s] DEBUG:colcon.colcon_parallel_executor.executor.parallel:closing loop
[2.771s] DEBUG:colcon.colcon_parallel_executor.executor.parallel:loop closed
[2.771s] DEBUG:colcon.colcon_parallel_executor.executor.parallel:run_until_complete finished with '0'
[2.771s] DEBUG:colcon.colcon_core.event_reactor:joining thread
[2.781s] INFO:colcon.colcon_core.plugin_system:Skipping extension 'colcon_notification.desktop_notification.notify_send': Could not find 'notify-send'
[2.781s] INFO:colcon.colcon_core.plugin_system:Skipping extension 'colcon_notification.desktop_notification.terminal_notifier': Not used on non-Darwin systems
[2.782s] INFO:colcon.colcon_core.plugin_system:Skipping extension 'colcon_notification.desktop_notification.win32': Not used on non-Windows systems
[2.782s] INFO:colcon.colcon_notification.desktop_notification:Sending desktop notification using 'notify2'
[2.787s] DEBUG:colcon.colcon_notification.desktop_notification.notify2:Failed to initialize notify2: org.freedesktop.DBus.Error.Spawn.ExecFailed: /usr/bin/dbus-launch terminated abnormally with the following error: Authorization required, but no authorization protocol specified
Autolaunch error: X11 initialization failed.

[2.787s] DEBUG:colcon.colcon_core.event_reactor:joined thread
[2.790s] INFO:colcon.colcon_core.shell:Creating prefix script '/root/research-1/install/local_setup.ps1'
[2.792s] INFO:colcon.colcon_core.shell:Creating prefix util module '/root/research-1/install/_local_setup_util_ps1.py'
[2.794s] INFO:colcon.colcon_core.shell:Creating prefix chain script '/root/research-1/install/setup.ps1'
[2.798s] INFO:colcon.colcon_core.shell:Creating prefix script '/root/research-1/install/local_setup.sh'
[2.799s] INFO:colcon.colcon_core.shell:Creating prefix util module '/root/research-1/install/_local_setup_util_sh.py'
[2.800s] INFO:colcon.colcon_core.shell:Creating prefix chain script '/root/research-1/install/setup.sh'
[2.804s] INFO:colcon.colcon_core.shell:Creating prefix script '/root/research-1/install/local_setup.bash'
[2.805s] INFO:colcon.colcon_core.shell:Creating prefix chain script '/root/research-1/install/setup.bash'
[2.809s] INFO:colcon.colcon_core.shell:Creating prefix script '/root/research-1/install/local_setup.zsh'
[2.810s] INFO:colcon.colcon_core.shell:Creating prefix chain script '/root/research-1/install/setup.zsh'
