[0.689s] Invoking command in '/root/research-1/src/chaser_navigation_system': PYTHONPATH=/root/research-1/build/chaser_navigation_system/prefix_override:/root/research-1/install/chaser_navigation_system/lib/python3.8/site-packages:/root/research-1/install/mymsg/lib/python3.8/site-packages:/root/research-1/install/chaser_navigation_system/lib/python3.8/site-packages:/root/research_version_two/install/pose_chaser/lib/python3.8/site-packages:/root/research_version_two/install/my_ros_interfaces/lib/python3.8/site-packages:/root/Pose_waypointmaker/install/tf2_pifpaf/lib/python3.8/site-packages:/root/Pose_waypointmaker/install/slam_toolbox/lib/python3.8/site-packages:/root/Pose_waypointmaker/install/rtabmap_ros/lib/python3.8/site-packages:/root/Pose_waypointmaker/install/ros2_pifpaf/lib/python3.8/site-packages:/root/Pose_waypointmaker/install/pifpaf_navi/lib/python3.8/site-packages:/root/Pose_waypointmaker/install/openpifpaf_ros2_msgs_v2/lib/python3.8/site-packages:/root/sirius/sirius_ws/install/urg_node_msgs/lib/python3.8/site-packages:/root/sirius/sirius_ws/install/turtlebot3_teleop/lib/python3.8/site-packages:/root/sirius/sirius_ws/install/turtlebot3_example/lib/python3.8/site-packages:/root/sirius/sirius_ws/install/kobuki_ros_interfaces/lib/python3.8/site-packages:/opt/ros/foxy/lib/python3.8/site-packages /usr/bin/python3 setup.py egg_info --egg-base ../../build/chaser_navigation_system build --build-base /root/research-1/build/chaser_navigation_system/build install --record /root/research-1/build/chaser_navigation_system/install.log --install-scripts $base/lib/chaser_navigation_system --single-version-externally-managed
[0.909s] running egg_info
[0.909s] writing ../../build/chaser_navigation_system/chaser_navigation_system.egg-info/PKG-INFO
[0.910s] writing dependency_links to ../../build/chaser_navigation_system/chaser_navigation_system.egg-info/dependency_links.txt
[0.910s] writing entry points to ../../build/chaser_navigation_system/chaser_navigation_system.egg-info/entry_points.txt
[0.910s] writing requirements to ../../build/chaser_navigation_system/chaser_navigation_system.egg-info/requires.txt
[0.910s] writing top-level names to ../../build/chaser_navigation_system/chaser_navigation_system.egg-info/top_level.txt
[0.941s] reading manifest file '../../build/chaser_navigation_system/chaser_navigation_system.egg-info/SOURCES.txt'
[0.942s] writing manifest file '../../build/chaser_navigation_system/chaser_navigation_system.egg-info/SOURCES.txt'
[0.942s] running build
[0.942s] running build_py
[0.942s] running install
[0.943s] running install_lib
[0.944s] running install_data
[0.944s] running install_egg_info
[0.946s] removing '/root/research-1/install/chaser_navigation_system/lib/python3.8/site-packages/chaser_navigation_system-0.0.0-py3.8.egg-info' (and everything under it)
[0.946s] Copying ../../build/chaser_navigation_system/chaser_navigation_system.egg-info to /root/research-1/install/chaser_navigation_system/lib/python3.8/site-packages/chaser_navigation_system-0.0.0-py3.8.egg-info
[0.947s] running install_scripts
[0.961s] Installing image_cutter script to /root/research-1/install/chaser_navigation_system/lib/chaser_navigation_system
[0.961s] Installing image_inputer script to /root/research-1/install/chaser_navigation_system/lib/chaser_navigation_system
[0.961s] writing list of installed files to '/root/research-1/build/chaser_navigation_system/install.log'
[0.978s] Invoked command in '/root/research-1/src/chaser_navigation_system' returned '0': PYTHONPATH=/root/research-1/build/chaser_navigation_system/prefix_override:/root/research-1/install/chaser_navigation_system/lib/python3.8/site-packages:/root/research-1/install/mymsg/lib/python3.8/site-packages:/root/research-1/install/chaser_navigation_system/lib/python3.8/site-packages:/root/research_version_two/install/pose_chaser/lib/python3.8/site-packages:/root/research_version_two/install/my_ros_interfaces/lib/python3.8/site-packages:/root/Pose_waypointmaker/install/tf2_pifpaf/lib/python3.8/site-packages:/root/Pose_waypointmaker/install/slam_toolbox/lib/python3.8/site-packages:/root/Pose_waypointmaker/install/rtabmap_ros/lib/python3.8/site-packages:/root/Pose_waypointmaker/install/ros2_pifpaf/lib/python3.8/site-packages:/root/Pose_waypointmaker/install/pifpaf_navi/lib/python3.8/site-packages:/root/Pose_waypointmaker/install/openpifpaf_ros2_msgs_v2/lib/python3.8/site-packages:/root/sirius/sirius_ws/install/urg_node_msgs/lib/python3.8/site-packages:/root/sirius/sirius_ws/install/turtlebot3_teleop/lib/python3.8/site-packages:/root/sirius/sirius_ws/install/turtlebot3_example/lib/python3.8/site-packages:/root/sirius/sirius_ws/install/kobuki_ros_interfaces/lib/python3.8/site-packages:/opt/ros/foxy/lib/python3.8/site-packages /usr/bin/python3 setup.py egg_info --egg-base ../../build/chaser_navigation_system build --build-base /root/research-1/build/chaser_navigation_system/build install --record /root/research-1/build/chaser_navigation_system/install.log --install-scripts $base/lib/chaser_navigation_system --single-version-externally-managed
