-- Found ament_cmake: 0.9.11 (/opt/ros/foxy/share/ament_cmake/cmake)
-- Found PythonInterp: /usr/bin/python3 (found suitable version "3.8.10", minimum required is "3") 
-- Using PYTHON_EXECUTABLE: /usr/bin/python3
-- Found geometry_msgs: 2.0.5 (/opt/ros/foxy/share/geometry_msgs/cmake)
-- Using all available rosidl_typesupport_c: rosidl_typesupport_connext_c;rosidl_typesupport_fastrtps_c;rosidl_typesupport_introspection_c
-- Found rosidl_adapter: 1.3.0 (/opt/ros/foxy/share/rosidl_adapter/cmake)
-- Found RTI Connext: /opt/rti.com/rti_connext_dds-5.3.1
-- Using all available rosidl_typesupport_cpp: rosidl_typesupport_connext_cpp;rosidl_typesupport_fastrtps_cpp;rosidl_typesupport_introspection_cpp
-- Found rosidl_default_generators: 1.0.1 (/opt/ros/foxy/share/rosidl_default_generators/cmake)
-- Found sensor_msgs: 2.0.5 (/opt/ros/foxy/share/sensor_msgs/cmake)
-- Found visualization_msgs: 2.0.5 (/opt/ros/foxy/share/visualization_msgs/cmake)
-- Found PythonInterp: /usr/bin/python3 (found version "3.8.10") 
-- Found ament_cmake_ros: 0.9.2 (/opt/ros/foxy/share/ament_cmake_ros/cmake)
-- Using all available rosidl_typesupport_c: rosidl_typesupport_connext_c;rosidl_typesupport_fastrtps_c;rosidl_typesupport_introspection_c
-- Using all available rosidl_typesupport_cpp: rosidl_typesupport_connext_cpp;rosidl_typesupport_fastrtps_cpp;rosidl_typesupport_introspection_cpp
-- Found PythonInterp: /usr/bin/python3 (found suitable version "3.8.10", minimum required is "3.5") 
-- Found python_cmake_module: 0.8.1 (/opt/ros/foxy/share/python_cmake_module/cmake)
-- Using PYTHON_EXECUTABLE: /usr/bin/python3
-- Using PYTHON_INCLUDE_DIRS: /usr/include/python3.8
-- Using PYTHON_LIBRARIES: /usr/lib/x86_64-linux-gnu/libpython3.8.so
-- Found ament_lint_auto: 0.9.7 (/opt/ros/foxy/share/ament_lint_auto/cmake)
-- Added test 'copyright' to check source files copyright and LICENSE
-- Added test 'flake8' to check Python code syntax and style conventions
-- Added test 'lint_cmake' to check CMake code style
-- Added test 'pep257' to check Python code against some of the style conventions in PEP 257
-- Added test 'xmllint' to check XML markup files
-- Configuring done
-- Generating done
-- Build files have been written to: /root/research-1/build/mymsg
[  1%] Built target mymsg__dds_connext_idl
[  1%] Built target mymsg__cpp
[  2%] [32m[1mLinking C shared library libmymsg__rosidl_generator_c.so[0m
[  3%] [32m[1mLinking CXX shared library libmymsg__rosidl_typesupport_cpp.so[0m
[  4%] [32m[1mLinking CXX shared library libmymsg__rosidl_typesupport_introspection_cpp.so[0m
[35m[1mScanning dependencies of target mymsg__rosidl_typesupport_connext_cpp[0m
[  5%] [32m[1mLinking CXX shared library libmymsg__rosidl_typesupport_fastrtps_cpp.so[0m
[ 11%] Built target mymsg__rosidl_generator_c
[ 16%] Built target mymsg__rosidl_typesupport_cpp
[ 18%] [32mBuilding CXX object CMakeFiles/mymsg__rosidl_typesupport_connext_cpp.dir/rosidl_typesupport_connext_cpp/mymsg/msg/dds_connext/pose__type_support.cpp.o[0m
[ 18%] [32m[1mLinking CXX shared library libmymsg__rosidl_typesupport_c.so[0m
[ 19%] [32m[1mLinking C shared library libmymsg__rosidl_typesupport_introspection_c.so[0m
[ 20%] [32mBuilding CXX object CMakeFiles/mymsg__rosidl_typesupport_connext_cpp.dir/rosidl_typesupport_connext_cpp/mymsg/msg/dds_connext/poses__type_support.cpp.o[0m
[ 21%] [32mBuilding CXX object CMakeFiles/mymsg__rosidl_typesupport_connext_cpp.dir/rosidl_typesupport_connext_cpp/mymsg/msg/dds_connext/multi_transform__type_support.cpp.o[0m
[ 21%] [32mBuilding CXX object CMakeFiles/mymsg__rosidl_typesupport_connext_cpp.dir/rosidl_typesupport_connext_cpp/mymsg/msg/dds_connext/Pose_Support.cxx.o[0m
[ 22%] [32mBuilding CXX object CMakeFiles/mymsg__rosidl_typesupport_connext_cpp.dir/rosidl_typesupport_connext_cpp/mymsg/msg/dds_connext/transform__type_support.cpp.o[0m
[ 23%] [32mBuilding CXX object CMakeFiles/mymsg__rosidl_typesupport_connext_cpp.dir/rosidl_typesupport_connext_cpp/mymsg/srv/dds_connext/imagedata__type_support.cpp.o[0m
[ 24%] [32mBuilding CXX object CMakeFiles/mymsg__rosidl_typesupport_connext_cpp.dir/rosidl_typesupport_connext_cpp/mymsg/msg/dds_connext/Pose_Plugin.cxx.o[0m
[ 25%] [32mBuilding CXX object CMakeFiles/mymsg__rosidl_typesupport_connext_cpp.dir/rosidl_typesupport_connext_cpp/mymsg/msg/dds_connext/Pose_.cxx.o[0m
[ 31%] Built target mymsg__rosidl_typesupport_introspection_cpp
[ 32%] [32mBuilding CXX object CMakeFiles/mymsg__rosidl_typesupport_connext_cpp.dir/rosidl_typesupport_connext_cpp/mymsg/msg/dds_connext/Poses_.cxx.o[0m
[ 37%] Built target mymsg__rosidl_typesupport_fastrtps_cpp
[ 43%] Built target mymsg__rosidl_typesupport_introspection_c
[ 48%] Built target mymsg__rosidl_typesupport_c
[ 49%] [32mBuilding CXX object CMakeFiles/mymsg__rosidl_typesupport_connext_cpp.dir/rosidl_typesupport_connext_cpp/mymsg/msg/dds_connext/Poses_Plugin.cxx.o[0m
[ 50%] [32mBuilding CXX object CMakeFiles/mymsg__rosidl_typesupport_connext_cpp.dir/rosidl_typesupport_connext_cpp/mymsg/msg/dds_connext/Poses_Support.cxx.o[0m
[35m[1mScanning dependencies of target mymsg__rosidl_typesupport_fastrtps_c[0m
[ 51%] [32mBuilding CXX object CMakeFiles/mymsg__rosidl_typesupport_fastrtps_c.dir/rosidl_typesupport_fastrtps_c/mymsg/msg/detail/pose__type_support_c.cpp.o[0m
[ 52%] [32mBuilding CXX object CMakeFiles/mymsg__rosidl_typesupport_fastrtps_c.dir/rosidl_typesupport_fastrtps_c/mymsg/msg/detail/poses__type_support_c.cpp.o[0m
[ 53%] [32mBuilding CXX object CMakeFiles/mymsg__rosidl_typesupport_connext_cpp.dir/rosidl_typesupport_connext_cpp/mymsg/msg/dds_connext/Transform_.cxx.o[0m
[ 54%] [32mBuilding CXX object CMakeFiles/mymsg__rosidl_typesupport_connext_cpp.dir/rosidl_typesupport_connext_cpp/mymsg/msg/dds_connext/Transform_Plugin.cxx.o[0m
[ 55%] [32mBuilding CXX object CMakeFiles/mymsg__rosidl_typesupport_connext_cpp.dir/rosidl_typesupport_connext_cpp/mymsg/msg/dds_connext/Transform_Support.cxx.o[0m
[ 56%] [32mBuilding CXX object CMakeFiles/mymsg__rosidl_typesupport_connext_cpp.dir/rosidl_typesupport_connext_cpp/mymsg/msg/dds_connext/MultiTransform_.cxx.o[0m
[ 57%] [32mBuilding CXX object CMakeFiles/mymsg__rosidl_typesupport_fastrtps_c.dir/rosidl_typesupport_fastrtps_c/mymsg/msg/detail/transform__type_support_c.cpp.o[0m
[ 58%] [32mBuilding CXX object CMakeFiles/mymsg__rosidl_typesupport_fastrtps_c.dir/rosidl_typesupport_fastrtps_c/mymsg/msg/detail/multi_transform__type_support_c.cpp.o[0m
[ 59%] [32mBuilding CXX object CMakeFiles/mymsg__rosidl_typesupport_connext_cpp.dir/rosidl_typesupport_connext_cpp/mymsg/msg/dds_connext/MultiTransform_Plugin.cxx.o[0m
[ 59%] [32mBuilding CXX object CMakeFiles/mymsg__rosidl_typesupport_connext_cpp.dir/rosidl_typesupport_connext_cpp/mymsg/msg/dds_connext/MultiTransform_Support.cxx.o[0m
[ 59%] [32mBuilding CXX object CMakeFiles/mymsg__rosidl_typesupport_fastrtps_c.dir/rosidl_typesupport_fastrtps_c/mymsg/srv/detail/imagedata__type_support_c.cpp.o[0m
[ 60%] [32mBuilding CXX object CMakeFiles/mymsg__rosidl_typesupport_connext_cpp.dir/rosidl_typesupport_connext_cpp/mymsg/srv/dds_connext/Imagedata_.cxx.o[0m
[ 61%] [32mBuilding CXX object CMakeFiles/mymsg__rosidl_typesupport_connext_cpp.dir/rosidl_typesupport_connext_cpp/mymsg/srv/dds_connext/Imagedata_Plugin.cxx.o[0m
[ 62%] [32mBuilding CXX object CMakeFiles/mymsg__rosidl_typesupport_connext_cpp.dir/rosidl_typesupport_connext_cpp/mymsg/srv/dds_connext/Imagedata_Support.cxx.o[0m
[ 63%] [32m[1mLinking CXX shared library libmymsg__rosidl_typesupport_fastrtps_c.so[0m
[ 64%] Built target mymsg__rosidl_typesupport_fastrtps_c
[ 65%] [32m[1mLinking CXX shared library libmymsg__rosidl_typesupport_connext_cpp.so[0m
[ 66%] Built target mymsg__rosidl_typesupport_connext_cpp
[35m[1mScanning dependencies of target mymsg__rosidl_typesupport_connext_c[0m
[ 68%] [32mBuilding CXX object CMakeFiles/mymsg__rosidl_typesupport_connext_c.dir/rosidl_typesupport_connext_c/mymsg/msg/dds_connext/poses__type_support_c.cpp.o[0m
[ 68%] [32mBuilding CXX object CMakeFiles/mymsg__rosidl_typesupport_connext_c.dir/rosidl_typesupport_connext_c/mymsg/msg/dds_connext/pose__type_support_c.cpp.o[0m
[ 69%] [32mBuilding CXX object CMakeFiles/mymsg__rosidl_typesupport_connext_c.dir/rosidl_typesupport_connext_c/mymsg/msg/dds_connext/transform__type_support_c.cpp.o[0m
[ 70%] [32mBuilding CXX object CMakeFiles/mymsg__rosidl_typesupport_connext_c.dir/rosidl_typesupport_connext_c/mymsg/msg/dds_connext/multi_transform__type_support_c.cpp.o[0m
[ 71%] [32mBuilding CXX object CMakeFiles/mymsg__rosidl_typesupport_connext_c.dir/rosidl_typesupport_connext_c/mymsg/srv/dds_connext/imagedata__type_support_c.cpp.o[0m
[ 72%] [32mBuilding CXX object CMakeFiles/mymsg__rosidl_typesupport_connext_c.dir/rosidl_typesupport_connext_cpp/mymsg/msg/dds_connext/Poses_.cxx.o[0m
[ 74%] [32mBuilding CXX object CMakeFiles/mymsg__rosidl_typesupport_connext_c.dir/rosidl_typesupport_connext_cpp/mymsg/msg/dds_connext/Poses_Plugin.cxx.o[0m
[ 74%] [32mBuilding CXX object CMakeFiles/mymsg__rosidl_typesupport_connext_c.dir/rosidl_typesupport_connext_cpp/mymsg/msg/dds_connext/Poses_Support.cxx.o[0m
[ 74%] [32mBuilding CXX object CMakeFiles/mymsg__rosidl_typesupport_connext_c.dir/rosidl_typesupport_connext_cpp/mymsg/msg/dds_connext/Pose_Plugin.cxx.o[0m
[ 75%] [32mBuilding CXX object CMakeFiles/mymsg__rosidl_typesupport_connext_c.dir/rosidl_typesupport_connext_cpp/mymsg/msg/dds_connext/Pose_Support.cxx.o[0m
[ 76%] [32mBuilding CXX object CMakeFiles/mymsg__rosidl_typesupport_connext_c.dir/rosidl_typesupport_connext_cpp/mymsg/msg/dds_connext/Pose_.cxx.o[0m
[ 77%] [32mBuilding CXX object CMakeFiles/mymsg__rosidl_typesupport_connext_c.dir/rosidl_typesupport_connext_cpp/mymsg/msg/dds_connext/Transform_.cxx.o[0m
[ 78%] [32mBuilding CXX object CMakeFiles/mymsg__rosidl_typesupport_connext_c.dir/rosidl_typesupport_connext_cpp/mymsg/msg/dds_connext/Transform_Plugin.cxx.o[0m
[ 79%] [32mBuilding CXX object CMakeFiles/mymsg__rosidl_typesupport_connext_c.dir/rosidl_typesupport_connext_cpp/mymsg/msg/dds_connext/Transform_Support.cxx.o[0m
[ 80%] [32mBuilding CXX object CMakeFiles/mymsg__rosidl_typesupport_connext_c.dir/rosidl_typesupport_connext_cpp/mymsg/msg/dds_connext/MultiTransform_Plugin.cxx.o[0m
[ 80%] [32mBuilding CXX object CMakeFiles/mymsg__rosidl_typesupport_connext_c.dir/rosidl_typesupport_connext_cpp/mymsg/msg/dds_connext/MultiTransform_.cxx.o[0m
[ 81%] [32mBuilding CXX object CMakeFiles/mymsg__rosidl_typesupport_connext_c.dir/rosidl_typesupport_connext_cpp/mymsg/msg/dds_connext/MultiTransform_Support.cxx.o[0m
[ 82%] [32mBuilding CXX object CMakeFiles/mymsg__rosidl_typesupport_connext_c.dir/rosidl_typesupport_connext_cpp/mymsg/srv/dds_connext/Imagedata_.cxx.o[0m
[ 83%] [32mBuilding CXX object CMakeFiles/mymsg__rosidl_typesupport_connext_c.dir/rosidl_typesupport_connext_cpp/mymsg/srv/dds_connext/Imagedata_Plugin.cxx.o[0m
[ 84%] [32mBuilding CXX object CMakeFiles/mymsg__rosidl_typesupport_connext_c.dir/rosidl_typesupport_connext_cpp/mymsg/srv/dds_connext/Imagedata_Support.cxx.o[0m
[ 85%] [32m[1mLinking CXX shared library libmymsg__rosidl_typesupport_connext_c.so[0m
[ 87%] Built target mymsg__rosidl_typesupport_connext_c
[ 87%] Built target mymsg
[ 88%] Built target mymsg__py
[ 88%] [32m[1mLinking C shared library rosidl_generator_py/mymsg/libmymsg__python.so[0m
[ 93%] Built target mymsg__python
[35m[1mScanning dependencies of target mymsg__rosidl_typesupport_fastrtps_c__pyext[0m
[35m[1mScanning dependencies of target mymsg__rosidl_typesupport_connext_c__pyext[0m
[ 94%] [32mBuilding C object CMakeFiles/mymsg__rosidl_typesupport_connext_c__pyext.dir/rosidl_generator_py/mymsg/_mymsg_s.ep.rosidl_typesupport_connext_c.c.o[0m
[ 95%] [32mBuilding C object CMakeFiles/mymsg__rosidl_typesupport_fastrtps_c__pyext.dir/rosidl_generator_py/mymsg/_mymsg_s.ep.rosidl_typesupport_fastrtps_c.c.o[0m
[ 96%] [32m[1mLinking C shared library rosidl_generator_py/mymsg/mymsg_s__rosidl_typesupport_introspection_c.cpython-38-x86_64-linux-gnu.so[0m
[ 97%] [32m[1mLinking C shared library rosidl_generator_py/mymsg/mymsg_s__rosidl_typesupport_c.cpython-38-x86_64-linux-gnu.so[0m
[ 98%] Built target mymsg__rosidl_typesupport_c__pyext
[ 98%] Built target mymsg__rosidl_typesupport_introspection_c__pyext
[ 99%] [32m[1mLinking C shared library rosidl_generator_py/mymsg/mymsg_s__rosidl_typesupport_connext_c.cpython-38-x86_64-linux-gnu.so[0m
[100%] [32m[1mLinking CXX shared library rosidl_generator_py/mymsg/mymsg_s__rosidl_typesupport_fastrtps_c.cpython-38-x86_64-linux-gnu.so[0m
[100%] Built target mymsg__rosidl_typesupport_fastrtps_c__pyext
[100%] Built target mymsg__rosidl_typesupport_connext_c__pyext
-- Install configuration: ""
-- Up-to-date: /root/research-1/install/mymsg/share/ament_index/resource_index/rosidl_interfaces/mymsg
-- Up-to-date: /root/research-1/install/mymsg/include/mymsg
-- Up-to-date: /root/research-1/install/mymsg/include/mymsg/srv
-- Up-to-date: /root/research-1/install/mymsg/include/mymsg/srv/imagedata.h
-- Up-to-date: /root/research-1/install/mymsg/include/mymsg/srv/detail
-- Up-to-date: /root/research-1/install/mymsg/include/mymsg/srv/detail/imagedata__functions.c
-- Up-to-date: /root/research-1/install/mymsg/include/mymsg/srv/detail/imagedata__functions.h
-- Up-to-date: /root/research-1/install/mymsg/include/mymsg/srv/detail/imagedata__struct.h
-- Up-to-date: /root/research-1/install/mymsg/include/mymsg/srv/detail/imagedata__type_support.h
-- Up-to-date: /root/research-1/install/mymsg/include/mymsg/msg
-- Up-to-date: /root/research-1/install/mymsg/include/mymsg/msg/multi_transform.h
-- Up-to-date: /root/research-1/install/mymsg/include/mymsg/msg/rosidl_generator_c__visibility_control.h
-- Up-to-date: /root/research-1/install/mymsg/include/mymsg/msg/poses.h
-- Up-to-date: /root/research-1/install/mymsg/include/mymsg/msg/detail
-- Up-to-date: /root/research-1/install/mymsg/include/mymsg/msg/detail/multi_transform__type_support.h
-- Up-to-date: /root/research-1/install/mymsg/include/mymsg/msg/detail/pose__functions.h
-- Up-to-date: /root/research-1/install/mymsg/include/mymsg/msg/detail/multi_transform__functions.h
-- Up-to-date: /root/research-1/install/mymsg/include/mymsg/msg/detail/transform__functions.c
-- Up-to-date: /root/research-1/install/mymsg/include/mymsg/msg/detail/pose__struct.h
-- Up-to-date: /root/research-1/install/mymsg/include/mymsg/msg/detail/multi_transform__struct.h
-- Up-to-date: /root/research-1/install/mymsg/include/mymsg/msg/detail/pose__type_support.h
-- Up-to-date: /root/research-1/install/mymsg/include/mymsg/msg/detail/poses__type_support.h
-- Up-to-date: /root/research-1/install/mymsg/include/mymsg/msg/detail/transform__type_support.h
-- Up-to-date: /root/research-1/install/mymsg/include/mymsg/msg/detail/transform__struct.h
-- Up-to-date: /root/research-1/install/mymsg/include/mymsg/msg/detail/poses__functions.c
-- Up-to-date: /root/research-1/install/mymsg/include/mymsg/msg/detail/multi_transform__functions.c
-- Up-to-date: /root/research-1/install/mymsg/include/mymsg/msg/detail/transform__functions.h
-- Up-to-date: /root/research-1/install/mymsg/include/mymsg/msg/detail/poses__struct.h
-- Up-to-date: /root/research-1/install/mymsg/include/mymsg/msg/detail/pose__functions.c
-- Up-to-date: /root/research-1/install/mymsg/include/mymsg/msg/detail/poses__functions.h
-- Up-to-date: /root/research-1/install/mymsg/include/mymsg/msg/transform.h
-- Up-to-date: /root/research-1/install/mymsg/include/mymsg/msg/pose.h
-- Up-to-date: /root/research-1/install/mymsg/share/mymsg/environment/library_path.sh
-- Installing: /root/research-1/install/mymsg/share/mymsg/environment/library_path.dsv
-- Installing: /root/research-1/install/mymsg/lib/libmymsg__rosidl_generator_c.so
-- Set runtime path of "/root/research-1/install/mymsg/lib/libmymsg__rosidl_generator_c.so" to ""
-- Up-to-date: /root/research-1/install/mymsg/include/mymsg
-- Up-to-date: /root/research-1/install/mymsg/include/mymsg/srv
-- Up-to-date: /root/research-1/install/mymsg/include/mymsg/srv/dds_connext
-- Up-to-date: /root/research-1/install/mymsg/include/mymsg/srv/imagedata__rosidl_typesupport_connext_c.h
-- Up-to-date: /root/research-1/install/mymsg/include/mymsg/msg
-- Up-to-date: /root/research-1/install/mymsg/include/mymsg/msg/rosidl_typesupport_connext_c__visibility_control.h
-- Up-to-date: /root/research-1/install/mymsg/include/mymsg/msg/pose__rosidl_typesupport_connext_c.h
-- Up-to-date: /root/research-1/install/mymsg/include/mymsg/msg/poses__rosidl_typesupport_connext_c.h
-- Up-to-date: /root/research-1/install/mymsg/include/mymsg/msg/multi_transform__rosidl_typesupport_connext_c.h
-- Up-to-date: /root/research-1/install/mymsg/include/mymsg/msg/dds_connext
-- Up-to-date: /root/research-1/install/mymsg/include/mymsg/msg/transform__rosidl_typesupport_connext_c.h
-- Installing: /root/research-1/install/mymsg/lib/libmymsg__rosidl_typesupport_connext_c.so
-- Set runtime path of "/root/research-1/install/mymsg/lib/libmymsg__rosidl_typesupport_connext_c.so" to ""
-- Up-to-date: /root/research-1/install/mymsg/share/mymsg/msg/dds_connext
-- Up-to-date: /root/research-1/install/mymsg/share/mymsg/msg/dds_connext/Poses_.idl
-- Up-to-date: /root/research-1/install/mymsg/share/mymsg/msg/dds_connext/Pose_.idl
-- Up-to-date: /root/research-1/install/mymsg/share/mymsg/msg/dds_connext/MultiTransform_.idl
-- Up-to-date: /root/research-1/install/mymsg/share/mymsg/msg/dds_connext/Transform_.idl
-- Up-to-date: /root/research-1/install/mymsg/share/mymsg/srv/dds_connext
-- Up-to-date: /root/research-1/install/mymsg/share/mymsg/srv/dds_connext/Imagedata_.idl
-- Up-to-date: /root/research-1/install/mymsg/include/mymsg
-- Up-to-date: /root/research-1/install/mymsg/include/mymsg/srv
-- Up-to-date: /root/research-1/install/mymsg/include/mymsg/srv/imagedata__rosidl_typesupport_connext_cpp.hpp
-- Up-to-date: /root/research-1/install/mymsg/include/mymsg/srv/dds_connext
-- Up-to-date: /root/research-1/install/mymsg/include/mymsg/srv/dds_connext/Imagedata_.cxx
-- Up-to-date: /root/research-1/install/mymsg/include/mymsg/srv/dds_connext/Imagedata_Support.h
-- Up-to-date: /root/research-1/install/mymsg/include/mymsg/srv/dds_connext/Imagedata_Plugin.cxx
-- Up-to-date: /root/research-1/install/mymsg/include/mymsg/srv/dds_connext/Imagedata_.h
-- Up-to-date: /root/research-1/install/mymsg/include/mymsg/srv/dds_connext/Imagedata_Plugin.h
-- Up-to-date: /root/research-1/install/mymsg/include/mymsg/srv/dds_connext/Imagedata_Support.cxx
-- Up-to-date: /root/research-1/install/mymsg/include/mymsg/msg
-- Up-to-date: /root/research-1/install/mymsg/include/mymsg/msg/rosidl_typesupport_connext_cpp__visibility_control.h
-- Up-to-date: /root/research-1/install/mymsg/include/mymsg/msg/multi_transform__rosidl_typesupport_connext_cpp.hpp
-- Up-to-date: /root/research-1/install/mymsg/include/mymsg/msg/transform__rosidl_typesupport_connext_cpp.hpp
-- Up-to-date: /root/research-1/install/mymsg/include/mymsg/msg/dds_connext
-- Up-to-date: /root/research-1/install/mymsg/include/mymsg/msg/dds_connext/Transform_Support.cxx
-- Up-to-date: /root/research-1/install/mymsg/include/mymsg/msg/dds_connext/Transform_.cxx
-- Up-to-date: /root/research-1/install/mymsg/include/mymsg/msg/dds_connext/Poses_Plugin.cxx
-- Up-to-date: /root/research-1/install/mymsg/include/mymsg/msg/dds_connext/Poses_.h
-- Up-to-date: /root/research-1/install/mymsg/include/mymsg/msg/dds_connext/Pose_Support.h
-- Up-to-date: /root/research-1/install/mymsg/include/mymsg/msg/dds_connext/Transform_Support.h
-- Up-to-date: /root/research-1/install/mymsg/include/mymsg/msg/dds_connext/Transform_Plugin.h
-- Up-to-date: /root/research-1/install/mymsg/include/mymsg/msg/dds_connext/MultiTransform_Plugin.cxx
-- Up-to-date: /root/research-1/install/mymsg/include/mymsg/msg/dds_connext/Poses_Support.h
-- Up-to-date: /root/research-1/install/mymsg/include/mymsg/msg/dds_connext/Pose_.h
-- Up-to-date: /root/research-1/install/mymsg/include/mymsg/msg/dds_connext/Poses_.cxx
-- Up-to-date: /root/research-1/install/mymsg/include/mymsg/msg/dds_connext/Pose_Support.cxx
-- Up-to-date: /root/research-1/install/mymsg/include/mymsg/msg/dds_connext/Poses_Plugin.h
-- Up-to-date: /root/research-1/install/mymsg/include/mymsg/msg/dds_connext/Transform_Plugin.cxx
-- Up-to-date: /root/research-1/install/mymsg/include/mymsg/msg/dds_connext/MultiTransform_.h
-- Up-to-date: /root/research-1/install/mymsg/include/mymsg/msg/dds_connext/Pose_.cxx
-- Up-to-date: /root/research-1/install/mymsg/include/mymsg/msg/dds_connext/Transform_.h
-- Up-to-date: /root/research-1/install/mymsg/include/mymsg/msg/dds_connext/MultiTransform_.cxx
-- Up-to-date: /root/research-1/install/mymsg/include/mymsg/msg/dds_connext/Pose_Plugin.cxx
-- Up-to-date: /root/research-1/install/mymsg/include/mymsg/msg/dds_connext/Poses_Support.cxx
-- Up-to-date: /root/research-1/install/mymsg/include/mymsg/msg/dds_connext/MultiTransform_Support.cxx
-- Up-to-date: /root/research-1/install/mymsg/include/mymsg/msg/dds_connext/Pose_Plugin.h
-- Up-to-date: /root/research-1/install/mymsg/include/mymsg/msg/dds_connext/MultiTransform_Support.h
-- Up-to-date: /root/research-1/install/mymsg/include/mymsg/msg/dds_connext/MultiTransform_Plugin.h
-- Up-to-date: /root/research-1/install/mymsg/include/mymsg/msg/pose__rosidl_typesupport_connext_cpp.hpp
-- Up-to-date: /root/research-1/install/mymsg/include/mymsg/msg/poses__rosidl_typesupport_connext_cpp.hpp
-- Installing: /root/research-1/install/mymsg/lib/libmymsg__rosidl_typesupport_connext_cpp.so
-- Set runtime path of "/root/research-1/install/mymsg/lib/libmymsg__rosidl_typesupport_connext_cpp.so" to ""
-- Up-to-date: /root/research-1/install/mymsg/include/mymsg
-- Up-to-date: /root/research-1/install/mymsg/include/mymsg/srv
-- Up-to-date: /root/research-1/install/mymsg/include/mymsg/srv/detail
-- Up-to-date: /root/research-1/install/mymsg/include/mymsg/srv/detail/imagedata__rosidl_typesupport_fastrtps_c.h
-- Up-to-date: /root/research-1/install/mymsg/include/mymsg/msg
-- Up-to-date: /root/research-1/install/mymsg/include/mymsg/msg/detail
-- Up-to-date: /root/research-1/install/mymsg/include/mymsg/msg/detail/poses__rosidl_typesupport_fastrtps_c.h
-- Up-to-date: /root/research-1/install/mymsg/include/mymsg/msg/detail/multi_transform__rosidl_typesupport_fastrtps_c.h
-- Up-to-date: /root/research-1/install/mymsg/include/mymsg/msg/detail/transform__rosidl_typesupport_fastrtps_c.h
-- Up-to-date: /root/research-1/install/mymsg/include/mymsg/msg/detail/pose__rosidl_typesupport_fastrtps_c.h
-- Up-to-date: /root/research-1/install/mymsg/include/mymsg/msg/rosidl_typesupport_fastrtps_c__visibility_control.h
-- Installing: /root/research-1/install/mymsg/lib/libmymsg__rosidl_typesupport_fastrtps_c.so
-- Set runtime path of "/root/research-1/install/mymsg/lib/libmymsg__rosidl_typesupport_fastrtps_c.so" to ""
-- Up-to-date: /root/research-1/install/mymsg/include/mymsg
-- Up-to-date: /root/research-1/install/mymsg/include/mymsg/srv
-- Up-to-date: /root/research-1/install/mymsg/include/mymsg/srv/detail
-- Up-to-date: /root/research-1/install/mymsg/include/mymsg/srv/detail/imagedata__rosidl_typesupport_fastrtps_cpp.hpp
-- Up-to-date: /root/research-1/install/mymsg/include/mymsg/srv/detail/dds_fastrtps
-- Up-to-date: /root/research-1/install/mymsg/include/mymsg/msg
-- Up-to-date: /root/research-1/install/mymsg/include/mymsg/msg/detail
-- Up-to-date: /root/research-1/install/mymsg/include/mymsg/msg/detail/multi_transform__rosidl_typesupport_fastrtps_cpp.hpp
-- Up-to-date: /root/research-1/install/mymsg/include/mymsg/msg/detail/pose__rosidl_typesupport_fastrtps_cpp.hpp
-- Up-to-date: /root/research-1/install/mymsg/include/mymsg/msg/detail/transform__rosidl_typesupport_fastrtps_cpp.hpp
-- Up-to-date: /root/research-1/install/mymsg/include/mymsg/msg/detail/poses__rosidl_typesupport_fastrtps_cpp.hpp
-- Up-to-date: /root/research-1/install/mymsg/include/mymsg/msg/detail/dds_fastrtps
-- Up-to-date: /root/research-1/install/mymsg/include/mymsg/msg/rosidl_typesupport_fastrtps_cpp__visibility_control.h
-- Installing: /root/research-1/install/mymsg/lib/libmymsg__rosidl_typesupport_fastrtps_cpp.so
-- Set runtime path of "/root/research-1/install/mymsg/lib/libmymsg__rosidl_typesupport_fastrtps_cpp.so" to ""
-- Up-to-date: /root/research-1/install/mymsg/include/mymsg
-- Up-to-date: /root/research-1/install/mymsg/include/mymsg/srv
-- Up-to-date: /root/research-1/install/mymsg/include/mymsg/srv/detail
-- Up-to-date: /root/research-1/install/mymsg/include/mymsg/srv/detail/imagedata__type_support.c
-- Up-to-date: /root/research-1/install/mymsg/include/mymsg/srv/detail/imagedata__rosidl_typesupport_introspection_c.h
-- Up-to-date: /root/research-1/install/mymsg/include/mymsg/msg
-- Up-to-date: /root/research-1/install/mymsg/include/mymsg/msg/detail
-- Up-to-date: /root/research-1/install/mymsg/include/mymsg/msg/detail/pose__rosidl_typesupport_introspection_c.h
-- Up-to-date: /root/research-1/install/mymsg/include/mymsg/msg/detail/transform__type_support.c
-- Up-to-date: /root/research-1/install/mymsg/include/mymsg/msg/detail/multi_transform__rosidl_typesupport_introspection_c.h
-- Up-to-date: /root/research-1/install/mymsg/include/mymsg/msg/detail/transform__rosidl_typesupport_introspection_c.h
-- Up-to-date: /root/research-1/install/mymsg/include/mymsg/msg/detail/multi_transform__type_support.c
-- Up-to-date: /root/research-1/install/mymsg/include/mymsg/msg/detail/poses__type_support.c
-- Up-to-date: /root/research-1/install/mymsg/include/mymsg/msg/detail/pose__type_support.c
-- Up-to-date: /root/research-1/install/mymsg/include/mymsg/msg/detail/poses__rosidl_typesupport_introspection_c.h
-- Up-to-date: /root/research-1/install/mymsg/include/mymsg/msg/rosidl_typesupport_introspection_c__visibility_control.h
-- Installing: /root/research-1/install/mymsg/lib/libmymsg__rosidl_typesupport_introspection_c.so
-- Set runtime path of "/root/research-1/install/mymsg/lib/libmymsg__rosidl_typesupport_introspection_c.so" to ""
-- Installing: /root/research-1/install/mymsg/lib/libmymsg__rosidl_typesupport_c.so
-- Set runtime path of "/root/research-1/install/mymsg/lib/libmymsg__rosidl_typesupport_c.so" to ""
-- Up-to-date: /root/research-1/install/mymsg/include/mymsg
-- Up-to-date: /root/research-1/install/mymsg/include/mymsg/srv
-- Up-to-date: /root/research-1/install/mymsg/include/mymsg/srv/detail
-- Up-to-date: /root/research-1/install/mymsg/include/mymsg/srv/detail/imagedata__traits.hpp
-- Up-to-date: /root/research-1/install/mymsg/include/mymsg/srv/detail/imagedata__builder.hpp
-- Up-to-date: /root/research-1/install/mymsg/include/mymsg/srv/detail/imagedata__struct.hpp
-- Up-to-date: /root/research-1/install/mymsg/include/mymsg/srv/imagedata.hpp
-- Up-to-date: /root/research-1/install/mymsg/include/mymsg/msg
-- Up-to-date: /root/research-1/install/mymsg/include/mymsg/msg/multi_transform.hpp
-- Up-to-date: /root/research-1/install/mymsg/include/mymsg/msg/transform.hpp
-- Up-to-date: /root/research-1/install/mymsg/include/mymsg/msg/detail
-- Up-to-date: /root/research-1/install/mymsg/include/mymsg/msg/detail/poses__struct.hpp
-- Up-to-date: /root/research-1/install/mymsg/include/mymsg/msg/detail/multi_transform__struct.hpp
-- Up-to-date: /root/research-1/install/mymsg/include/mymsg/msg/detail/multi_transform__traits.hpp
-- Up-to-date: /root/research-1/install/mymsg/include/mymsg/msg/detail/poses__builder.hpp
-- Up-to-date: /root/research-1/install/mymsg/include/mymsg/msg/detail/transform__struct.hpp
-- Up-to-date: /root/research-1/install/mymsg/include/mymsg/msg/detail/pose__struct.hpp
-- Up-to-date: /root/research-1/install/mymsg/include/mymsg/msg/detail/pose__traits.hpp
-- Up-to-date: /root/research-1/install/mymsg/include/mymsg/msg/detail/transform__traits.hpp
-- Up-to-date: /root/research-1/install/mymsg/include/mymsg/msg/detail/poses__traits.hpp
-- Up-to-date: /root/research-1/install/mymsg/include/mymsg/msg/detail/transform__builder.hpp
-- Up-to-date: /root/research-1/install/mymsg/include/mymsg/msg/detail/multi_transform__builder.hpp
-- Up-to-date: /root/research-1/install/mymsg/include/mymsg/msg/detail/pose__builder.hpp
-- Up-to-date: /root/research-1/install/mymsg/include/mymsg/msg/pose.hpp
-- Up-to-date: /root/research-1/install/mymsg/include/mymsg/msg/poses.hpp
-- Up-to-date: /root/research-1/install/mymsg/include/mymsg
-- Up-to-date: /root/research-1/install/mymsg/include/mymsg/srv
-- Up-to-date: /root/research-1/install/mymsg/include/mymsg/srv/detail
-- Up-to-date: /root/research-1/install/mymsg/include/mymsg/srv/detail/imagedata__rosidl_typesupport_introspection_cpp.hpp
-- Up-to-date: /root/research-1/install/mymsg/include/mymsg/srv/detail/imagedata__type_support.cpp
-- Up-to-date: /root/research-1/install/mymsg/include/mymsg/msg
-- Up-to-date: /root/research-1/install/mymsg/include/mymsg/msg/detail
-- Up-to-date: /root/research-1/install/mymsg/include/mymsg/msg/detail/poses__type_support.cpp
-- Up-to-date: /root/research-1/install/mymsg/include/mymsg/msg/detail/multi_transform__type_support.cpp
-- Up-to-date: /root/research-1/install/mymsg/include/mymsg/msg/detail/transform__type_support.cpp
-- Up-to-date: /root/research-1/install/mymsg/include/mymsg/msg/detail/pose__type_support.cpp
-- Up-to-date: /root/research-1/install/mymsg/include/mymsg/msg/detail/multi_transform__rosidl_typesupport_introspection_cpp.hpp
-- Up-to-date: /root/research-1/install/mymsg/include/mymsg/msg/detail/pose__rosidl_typesupport_introspection_cpp.hpp
-- Up-to-date: /root/research-1/install/mymsg/include/mymsg/msg/detail/transform__rosidl_typesupport_introspection_cpp.hpp
-- Up-to-date: /root/research-1/install/mymsg/include/mymsg/msg/detail/poses__rosidl_typesupport_introspection_cpp.hpp
-- Installing: /root/research-1/install/mymsg/lib/libmymsg__rosidl_typesupport_introspection_cpp.so
-- Set runtime path of "/root/research-1/install/mymsg/lib/libmymsg__rosidl_typesupport_introspection_cpp.so" to ""
-- Installing: /root/research-1/install/mymsg/lib/libmymsg__rosidl_typesupport_cpp.so
-- Set runtime path of "/root/research-1/install/mymsg/lib/libmymsg__rosidl_typesupport_cpp.so" to ""
-- Up-to-date: /root/research-1/install/mymsg/share/mymsg/environment/pythonpath.sh
-- Installing: /root/research-1/install/mymsg/share/mymsg/environment/pythonpath.dsv
-- Installing: /root/research-1/install/mymsg/lib/python3.8/site-packages/mymsg/__init__.py
Compiling '/root/research-1/install/mymsg/lib/python3.8/site-packages/mymsg/__init__.py'...
-- Up-to-date: /root/research-1/install/mymsg/lib/python3.8/site-packages/mymsg/msg
-- Up-to-date: /root/research-1/install/mymsg/lib/python3.8/site-packages/mymsg/msg/_transform_s.c
-- Up-to-date: /root/research-1/install/mymsg/lib/python3.8/site-packages/mymsg/msg/_multi_transform_s.c
-- Up-to-date: /root/research-1/install/mymsg/lib/python3.8/site-packages/mymsg/msg/_pose_s.c
-- Up-to-date: /root/research-1/install/mymsg/lib/python3.8/site-packages/mymsg/msg/_transform.py
-- Up-to-date: /root/research-1/install/mymsg/lib/python3.8/site-packages/mymsg/msg/_poses_s.c
-- Up-to-date: /root/research-1/install/mymsg/lib/python3.8/site-packages/mymsg/msg/_poses.py
-- Up-to-date: /root/research-1/install/mymsg/lib/python3.8/site-packages/mymsg/msg/__init__.py
-- Up-to-date: /root/research-1/install/mymsg/lib/python3.8/site-packages/mymsg/msg/_pose.py
-- Up-to-date: /root/research-1/install/mymsg/lib/python3.8/site-packages/mymsg/msg/_multi_transform.py
-- Up-to-date: /root/research-1/install/mymsg/lib/python3.8/site-packages/mymsg/srv
-- Up-to-date: /root/research-1/install/mymsg/lib/python3.8/site-packages/mymsg/srv/_imagedata_s.c
-- Up-to-date: /root/research-1/install/mymsg/lib/python3.8/site-packages/mymsg/srv/_imagedata.py
-- Up-to-date: /root/research-1/install/mymsg/lib/python3.8/site-packages/mymsg/srv/__init__.py
-- Installing: /root/research-1/install/mymsg/lib/python3.8/site-packages/mymsg/mymsg_s__rosidl_typesupport_connext_c.cpython-38-x86_64-linux-gnu.so
-- Set runtime path of "/root/research-1/install/mymsg/lib/python3.8/site-packages/mymsg/mymsg_s__rosidl_typesupport_connext_c.cpython-38-x86_64-linux-gnu.so" to ""
-- Installing: /root/research-1/install/mymsg/lib/python3.8/site-packages/mymsg/mymsg_s__rosidl_typesupport_fastrtps_c.cpython-38-x86_64-linux-gnu.so
-- Set runtime path of "/root/research-1/install/mymsg/lib/python3.8/site-packages/mymsg/mymsg_s__rosidl_typesupport_fastrtps_c.cpython-38-x86_64-linux-gnu.so" to ""
-- Installing: /root/research-1/install/mymsg/lib/python3.8/site-packages/mymsg/mymsg_s__rosidl_typesupport_introspection_c.cpython-38-x86_64-linux-gnu.so
-- Set runtime path of "/root/research-1/install/mymsg/lib/python3.8/site-packages/mymsg/mymsg_s__rosidl_typesupport_introspection_c.cpython-38-x86_64-linux-gnu.so" to ""
-- Installing: /root/research-1/install/mymsg/lib/python3.8/site-packages/mymsg/mymsg_s__rosidl_typesupport_c.cpython-38-x86_64-linux-gnu.so
-- Set runtime path of "/root/research-1/install/mymsg/lib/python3.8/site-packages/mymsg/mymsg_s__rosidl_typesupport_c.cpython-38-x86_64-linux-gnu.so" to ""
-- Installing: /root/research-1/install/mymsg/lib/libmymsg__python.so
-- Set runtime path of "/root/research-1/install/mymsg/lib/libmymsg__python.so" to ""
-- Up-to-date: /root/research-1/install/mymsg/share/mymsg/msg/Pose.idl
-- Up-to-date: /root/research-1/install/mymsg/share/mymsg/msg/Poses.idl
-- Up-to-date: /root/research-1/install/mymsg/share/mymsg/msg/Transform.idl
-- Up-to-date: /root/research-1/install/mymsg/share/mymsg/msg/MultiTransform.idl
-- Up-to-date: /root/research-1/install/mymsg/share/mymsg/srv/Imagedata.idl
-- Up-to-date: /root/research-1/install/mymsg/share/mymsg/msg/Pose.msg
-- Up-to-date: /root/research-1/install/mymsg/share/mymsg/msg/Poses.msg
-- Up-to-date: /root/research-1/install/mymsg/share/mymsg/msg/Transform.msg
-- Up-to-date: /root/research-1/install/mymsg/share/mymsg/msg/MultiTransform.msg
-- Up-to-date: /root/research-1/install/mymsg/share/mymsg/srv/Imagedata.srv
-- Up-to-date: /root/research-1/install/mymsg/share/mymsg/srv/Imagedata_Request.msg
-- Up-to-date: /root/research-1/install/mymsg/share/mymsg/srv/Imagedata_Response.msg
-- Up-to-date: /root/research-1/install/mymsg/share/ament_index/resource_index/package_run_dependencies/mymsg
-- Up-to-date: /root/research-1/install/mymsg/share/ament_index/resource_index/parent_prefix_path/mymsg
-- Up-to-date: /root/research-1/install/mymsg/share/mymsg/environment/ament_prefix_path.sh
-- Installing: /root/research-1/install/mymsg/share/mymsg/environment/ament_prefix_path.dsv
-- Up-to-date: /root/research-1/install/mymsg/share/mymsg/environment/path.sh
-- Installing: /root/research-1/install/mymsg/share/mymsg/environment/path.dsv
-- Up-to-date: /root/research-1/install/mymsg/share/mymsg/local_setup.bash
-- Up-to-date: /root/research-1/install/mymsg/share/mymsg/local_setup.sh
-- Up-to-date: /root/research-1/install/mymsg/share/mymsg/local_setup.zsh
-- Installing: /root/research-1/install/mymsg/share/mymsg/local_setup.dsv
-- Installing: /root/research-1/install/mymsg/share/mymsg/package.dsv
-- Up-to-date: /root/research-1/install/mymsg/share/ament_index/resource_index/packages/mymsg
-- Old export file "/root/research-1/install/mymsg/share/mymsg/cmake/mymsg__rosidl_generator_cExport.cmake" will be replaced.  Removing files [/root/research-1/install/mymsg/share/mymsg/cmake/mymsg__rosidl_generator_cExport-noconfig.cmake].
-- Installing: /root/research-1/install/mymsg/share/mymsg/cmake/mymsg__rosidl_generator_cExport.cmake
-- Installing: /root/research-1/install/mymsg/share/mymsg/cmake/mymsg__rosidl_generator_cExport-noconfig.cmake
-- Old export file "/root/research-1/install/mymsg/share/mymsg/cmake/mymsg__rosidl_typesupport_introspection_cExport.cmake" will be replaced.  Removing files [/root/research-1/install/mymsg/share/mymsg/cmake/mymsg__rosidl_typesupport_introspection_cExport-noconfig.cmake].
-- Installing: /root/research-1/install/mymsg/share/mymsg/cmake/mymsg__rosidl_typesupport_introspection_cExport.cmake
-- Installing: /root/research-1/install/mymsg/share/mymsg/cmake/mymsg__rosidl_typesupport_introspection_cExport-noconfig.cmake
-- Old export file "/root/research-1/install/mymsg/share/mymsg/cmake/mymsg__rosidl_typesupport_cExport.cmake" will be replaced.  Removing files [/root/research-1/install/mymsg/share/mymsg/cmake/mymsg__rosidl_typesupport_cExport-noconfig.cmake].
-- Installing: /root/research-1/install/mymsg/share/mymsg/cmake/mymsg__rosidl_typesupport_cExport.cmake
-- Installing: /root/research-1/install/mymsg/share/mymsg/cmake/mymsg__rosidl_typesupport_cExport-noconfig.cmake
-- Installing: /root/research-1/install/mymsg/share/mymsg/cmake/mymsg__rosidl_generator_cppExport.cmake
-- Old export file "/root/research-1/install/mymsg/share/mymsg/cmake/mymsg__rosidl_typesupport_introspection_cppExport.cmake" will be replaced.  Removing files [/root/research-1/install/mymsg/share/mymsg/cmake/mymsg__rosidl_typesupport_introspection_cppExport-noconfig.cmake].
-- Installing: /root/research-1/install/mymsg/share/mymsg/cmake/mymsg__rosidl_typesupport_introspection_cppExport.cmake
-- Installing: /root/research-1/install/mymsg/share/mymsg/cmake/mymsg__rosidl_typesupport_introspection_cppExport-noconfig.cmake
-- Old export file "/root/research-1/install/mymsg/share/mymsg/cmake/mymsg__rosidl_typesupport_cppExport.cmake" will be replaced.  Removing files [/root/research-1/install/mymsg/share/mymsg/cmake/mymsg__rosidl_typesupport_cppExport-noconfig.cmake].
-- Installing: /root/research-1/install/mymsg/share/mymsg/cmake/mymsg__rosidl_typesupport_cppExport.cmake
-- Installing: /root/research-1/install/mymsg/share/mymsg/cmake/mymsg__rosidl_typesupport_cppExport-noconfig.cmake
-- Up-to-date: /root/research-1/install/mymsg/share/mymsg/cmake/rosidl_cmake-extras.cmake
-- Installing: /root/research-1/install/mymsg/share/mymsg/cmake/ament_cmake_export_dependencies-extras.cmake
-- Up-to-date: /root/research-1/install/mymsg/share/mymsg/cmake/ament_cmake_export_libraries-extras.cmake
-- Up-to-date: /root/research-1/install/mymsg/share/mymsg/cmake/ament_cmake_export_targets-extras.cmake
-- Up-to-date: /root/research-1/install/mymsg/share/mymsg/cmake/ament_cmake_export_include_directories-extras.cmake
-- Up-to-date: /root/research-1/install/mymsg/share/mymsg/cmake/rosidl_cmake_export_typesupport_libraries-extras.cmake
-- Up-to-date: /root/research-1/install/mymsg/share/mymsg/cmake/rosidl_cmake_export_typesupport_targets-extras.cmake
-- Up-to-date: /root/research-1/install/mymsg/share/mymsg/cmake/mymsgConfig.cmake
-- Up-to-date: /root/research-1/install/mymsg/share/mymsg/cmake/mymsgConfig-version.cmake
-- Up-to-date: /root/research-1/install/mymsg/share/mymsg/package.xml
