[0.321s] Invoking command in '/root/research-1/build/mymsg': CMAKE_PREFIX_PATH=${CMAKE_PREFIX_PATH}:/root/chapter2/install/hello:/root/chapter2/install/happy_topic:/root/chapter2/install/happy_service:/root/chapter2/install/happy_pub_sub:/root/chapter2/install/bringme_service:/root/chapter2/install/happy_action:/root/chapter2/install/happy:/root/research_version_two/install/pose_chaser:/root/research-1/install/chaser_navigation_system:/root/Pose_waypointmaker/install/tf2_pifpaf:/root/Pose_waypointmaker/install/ros2_pifpaf:/root/Pose_waypointmaker/install/pifpaf_navi:/root/sirius/sirius_ws/install/turtlebot3_teleop:/root/sirius/sirius_ws/install/turtlebot3_example:/opt/ros/foxy /usr/bin/cmake --build /root/research-1/build/mymsg -- -j12 -l12
[0.371s] -- Found ament_cmake: 0.9.11 (/opt/ros/foxy/share/ament_cmake/cmake)
[0.413s] -- Found PythonInterp: /usr/bin/python3 (found suitable version "3.8.10", minimum required is "3") 
[0.413s] -- Using PYTHON_EXECUTABLE: /usr/bin/python3
[0.645s] -- Found geometry_msgs: 2.0.5 (/opt/ros/foxy/share/geometry_msgs/cmake)
[0.682s] -- Using all available rosidl_typesupport_c: rosidl_typesupport_connext_c;rosidl_typesupport_fastrtps_c;rosidl_typesupport_introspection_c
[0.688s] -- Found rosidl_adapter: 1.3.0 (/opt/ros/foxy/share/rosidl_adapter/cmake)
[0.692s] -- Found RTI Connext: /opt/rti.com/rti_connext_dds-5.3.1
[1.439s] -- Using all available rosidl_typesupport_cpp: rosidl_typesupport_connext_cpp;rosidl_typesupport_fastrtps_cpp;rosidl_typesupport_introspection_cpp
[1.562s] -- Found rosidl_default_generators: 1.0.1 (/opt/ros/foxy/share/rosidl_default_generators/cmake)
[1.586s] -- Found sensor_msgs: 2.0.5 (/opt/ros/foxy/share/sensor_msgs/cmake)
[1.665s] -- Found visualization_msgs: 2.0.5 (/opt/ros/foxy/share/visualization_msgs/cmake)
[1.794s] -- Found PythonInterp: /usr/bin/python3 (found version "3.8.10") 
[2.451s] -- Found ament_cmake_ros: 0.9.2 (/opt/ros/foxy/share/ament_cmake_ros/cmake)
[2.998s] -- Using all available rosidl_typesupport_c: rosidl_typesupport_connext_c;rosidl_typesupport_fastrtps_c;rosidl_typesupport_introspection_c
[3.276s] -- Using all available rosidl_typesupport_cpp: rosidl_typesupport_connext_cpp;rosidl_typesupport_fastrtps_cpp;rosidl_typesupport_introspection_cpp
[3.347s] -- Found PythonInterp: /usr/bin/python3 (found suitable version "3.8.10", minimum required is "3.5") 
[3.348s] -- Found python_cmake_module: 0.8.1 (/opt/ros/foxy/share/python_cmake_module/cmake)
[3.409s] -- Using PYTHON_EXECUTABLE: /usr/bin/python3
[3.409s] -- Using PYTHON_INCLUDE_DIRS: /usr/include/python3.8
[3.409s] -- Using PYTHON_LIBRARIES: /usr/lib/x86_64-linux-gnu/libpython3.8.so
[3.554s] -- Found ament_lint_auto: 0.9.7 (/opt/ros/foxy/share/ament_lint_auto/cmake)
[3.569s] -- Added test 'copyright' to check source files copyright and LICENSE
[3.572s] -- Added test 'flake8' to check Python code syntax and style conventions
[3.573s] -- Added test 'lint_cmake' to check CMake code style
[3.574s] -- Added test 'pep257' to check Python code against some of the style conventions in PEP 257
[3.575s] -- Added test 'xmllint' to check XML markup files
[3.581s] -- Configuring done
[3.777s] -- Generating done
[3.783s] -- Build files have been written to: /root/research-1/build/mymsg
[3.842s] [  1%] Built target mymsg__dds_connext_idl
[3.842s] [  1%] Built target mymsg__cpp
[3.850s] [  2%] [32m[1mLinking C shared library libmymsg__rosidl_generator_c.so[0m
[3.884s] [  3%] [32m[1mLinking CXX shared library libmymsg__rosidl_typesupport_cpp.so[0m
[3.885s] [  4%] [32m[1mLinking CXX shared library libmymsg__rosidl_typesupport_introspection_cpp.so[0m
[3.890s] [35m[1mScanning dependencies of target mymsg__rosidl_typesupport_connext_cpp[0m
[3.896s] [  5%] [32m[1mLinking CXX shared library libmymsg__rosidl_typesupport_fastrtps_cpp.so[0m
[3.938s] [ 11%] Built target mymsg__rosidl_generator_c
[3.959s] [ 16%] Built target mymsg__rosidl_typesupport_cpp
[4.006s] [ 18%] [32mBuilding CXX object CMakeFiles/mymsg__rosidl_typesupport_connext_cpp.dir/rosidl_typesupport_connext_cpp/mymsg/msg/dds_connext/pose__type_support.cpp.o[0m
[4.006s] [ 18%] [32m[1mLinking CXX shared library libmymsg__rosidl_typesupport_c.so[0m
[4.007s] [ 19%] [32m[1mLinking C shared library libmymsg__rosidl_typesupport_introspection_c.so[0m
[4.008s] [ 20%] [32mBuilding CXX object CMakeFiles/mymsg__rosidl_typesupport_connext_cpp.dir/rosidl_typesupport_connext_cpp/mymsg/msg/dds_connext/poses__type_support.cpp.o[0m
[4.012s] [ 21%] [32mBuilding CXX object CMakeFiles/mymsg__rosidl_typesupport_connext_cpp.dir/rosidl_typesupport_connext_cpp/mymsg/msg/dds_connext/multi_transform__type_support.cpp.o[0m
[4.014s] [ 21%] [32mBuilding CXX object CMakeFiles/mymsg__rosidl_typesupport_connext_cpp.dir/rosidl_typesupport_connext_cpp/mymsg/msg/dds_connext/Pose_Support.cxx.o[0m
[4.015s] [ 22%] [32mBuilding CXX object CMakeFiles/mymsg__rosidl_typesupport_connext_cpp.dir/rosidl_typesupport_connext_cpp/mymsg/msg/dds_connext/transform__type_support.cpp.o[0m
[4.016s] [ 23%] [32mBuilding CXX object CMakeFiles/mymsg__rosidl_typesupport_connext_cpp.dir/rosidl_typesupport_connext_cpp/mymsg/srv/dds_connext/imagedata__type_support.cpp.o[0m
[4.023s] [ 24%] [32mBuilding CXX object CMakeFiles/mymsg__rosidl_typesupport_connext_cpp.dir/rosidl_typesupport_connext_cpp/mymsg/msg/dds_connext/Pose_Plugin.cxx.o[0m
[4.025s] [ 25%] [32mBuilding CXX object CMakeFiles/mymsg__rosidl_typesupport_connext_cpp.dir/rosidl_typesupport_connext_cpp/mymsg/msg/dds_connext/Pose_.cxx.o[0m
[4.049s] [ 31%] Built target mymsg__rosidl_typesupport_introspection_cpp
[4.071s] [ 32%] [32mBuilding CXX object CMakeFiles/mymsg__rosidl_typesupport_connext_cpp.dir/rosidl_typesupport_connext_cpp/mymsg/msg/dds_connext/Poses_.cxx.o[0m
[4.116s] [ 37%] Built target mymsg__rosidl_typesupport_fastrtps_cpp
[4.137s] [ 43%] Built target mymsg__rosidl_typesupport_introspection_c
[4.141s] [ 48%] Built target mymsg__rosidl_typesupport_c
[4.162s] [ 49%] [32mBuilding CXX object CMakeFiles/mymsg__rosidl_typesupport_connext_cpp.dir/rosidl_typesupport_connext_cpp/mymsg/msg/dds_connext/Poses_Plugin.cxx.o[0m
[4.163s] [ 50%] [32mBuilding CXX object CMakeFiles/mymsg__rosidl_typesupport_connext_cpp.dir/rosidl_typesupport_connext_cpp/mymsg/msg/dds_connext/Poses_Support.cxx.o[0m
[4.194s] [35m[1mScanning dependencies of target mymsg__rosidl_typesupport_fastrtps_c[0m
[4.280s] [ 51%] [32mBuilding CXX object CMakeFiles/mymsg__rosidl_typesupport_fastrtps_c.dir/rosidl_typesupport_fastrtps_c/mymsg/msg/detail/pose__type_support_c.cpp.o[0m
[4.928s] [ 52%] [32mBuilding CXX object CMakeFiles/mymsg__rosidl_typesupport_fastrtps_c.dir/rosidl_typesupport_fastrtps_c/mymsg/msg/detail/poses__type_support_c.cpp.o[0m
[4.946s] [ 53%] [32mBuilding CXX object CMakeFiles/mymsg__rosidl_typesupport_connext_cpp.dir/rosidl_typesupport_connext_cpp/mymsg/msg/dds_connext/Transform_.cxx.o[0m
[4.964s] [ 54%] [32mBuilding CXX object CMakeFiles/mymsg__rosidl_typesupport_connext_cpp.dir/rosidl_typesupport_connext_cpp/mymsg/msg/dds_connext/Transform_Plugin.cxx.o[0m
[4.969s] [ 55%] [32mBuilding CXX object CMakeFiles/mymsg__rosidl_typesupport_connext_cpp.dir/rosidl_typesupport_connext_cpp/mymsg/msg/dds_connext/Transform_Support.cxx.o[0m
[4.989s] [ 56%] [32mBuilding CXX object CMakeFiles/mymsg__rosidl_typesupport_connext_cpp.dir/rosidl_typesupport_connext_cpp/mymsg/msg/dds_connext/MultiTransform_.cxx.o[0m
[5.010s] [ 57%] [32mBuilding CXX object CMakeFiles/mymsg__rosidl_typesupport_fastrtps_c.dir/rosidl_typesupport_fastrtps_c/mymsg/msg/detail/transform__type_support_c.cpp.o[0m
[5.029s] [ 58%] [32mBuilding CXX object CMakeFiles/mymsg__rosidl_typesupport_fastrtps_c.dir/rosidl_typesupport_fastrtps_c/mymsg/msg/detail/multi_transform__type_support_c.cpp.o[0m
[5.054s] [ 59%] [32mBuilding CXX object CMakeFiles/mymsg__rosidl_typesupport_connext_cpp.dir/rosidl_typesupport_connext_cpp/mymsg/msg/dds_connext/MultiTransform_Plugin.cxx.o[0m
[5.060s] [ 59%] [32mBuilding CXX object CMakeFiles/mymsg__rosidl_typesupport_connext_cpp.dir/rosidl_typesupport_connext_cpp/mymsg/msg/dds_connext/MultiTransform_Support.cxx.o[0m
[5.095s] [ 59%] [32mBuilding CXX object CMakeFiles/mymsg__rosidl_typesupport_fastrtps_c.dir/rosidl_typesupport_fastrtps_c/mymsg/srv/detail/imagedata__type_support_c.cpp.o[0m
[5.299s] [ 60%] [32mBuilding CXX object CMakeFiles/mymsg__rosidl_typesupport_connext_cpp.dir/rosidl_typesupport_connext_cpp/mymsg/srv/dds_connext/Imagedata_.cxx.o[0m
[5.566s] [ 61%] [32mBuilding CXX object CMakeFiles/mymsg__rosidl_typesupport_connext_cpp.dir/rosidl_typesupport_connext_cpp/mymsg/srv/dds_connext/Imagedata_Plugin.cxx.o[0m
[5.593s] [ 62%] [32mBuilding CXX object CMakeFiles/mymsg__rosidl_typesupport_connext_cpp.dir/rosidl_typesupport_connext_cpp/mymsg/srv/dds_connext/Imagedata_Support.cxx.o[0m
[5.700s] [ 63%] [32m[1mLinking CXX shared library libmymsg__rosidl_typesupport_fastrtps_c.so[0m
[5.865s] [ 64%] Built target mymsg__rosidl_typesupport_fastrtps_c
[6.437s] [ 65%] [32m[1mLinking CXX shared library libmymsg__rosidl_typesupport_connext_cpp.so[0m
[6.893s] [ 66%] Built target mymsg__rosidl_typesupport_connext_cpp
[6.938s] [35m[1mScanning dependencies of target mymsg__rosidl_typesupport_connext_c[0m
[7.025s] [ 68%] [32mBuilding CXX object CMakeFiles/mymsg__rosidl_typesupport_connext_c.dir/rosidl_typesupport_connext_c/mymsg/msg/dds_connext/poses__type_support_c.cpp.o[0m
[7.026s] [ 68%] [32mBuilding CXX object CMakeFiles/mymsg__rosidl_typesupport_connext_c.dir/rosidl_typesupport_connext_c/mymsg/msg/dds_connext/pose__type_support_c.cpp.o[0m
[7.028s] [ 69%] [32mBuilding CXX object CMakeFiles/mymsg__rosidl_typesupport_connext_c.dir/rosidl_typesupport_connext_c/mymsg/msg/dds_connext/transform__type_support_c.cpp.o[0m
[7.028s] [ 70%] [32mBuilding CXX object CMakeFiles/mymsg__rosidl_typesupport_connext_c.dir/rosidl_typesupport_connext_c/mymsg/msg/dds_connext/multi_transform__type_support_c.cpp.o[0m
[7.032s] [ 71%] [32mBuilding CXX object CMakeFiles/mymsg__rosidl_typesupport_connext_c.dir/rosidl_typesupport_connext_c/mymsg/srv/dds_connext/imagedata__type_support_c.cpp.o[0m
[7.033s] [ 72%] [32mBuilding CXX object CMakeFiles/mymsg__rosidl_typesupport_connext_c.dir/rosidl_typesupport_connext_cpp/mymsg/msg/dds_connext/Poses_.cxx.o[0m
[7.033s] [ 74%] [32mBuilding CXX object CMakeFiles/mymsg__rosidl_typesupport_connext_c.dir/rosidl_typesupport_connext_cpp/mymsg/msg/dds_connext/Poses_Plugin.cxx.o[0m
[7.033s] [ 74%] [32mBuilding CXX object CMakeFiles/mymsg__rosidl_typesupport_connext_c.dir/rosidl_typesupport_connext_cpp/mymsg/msg/dds_connext/Poses_Support.cxx.o[0m
[7.034s] [ 74%] [32mBuilding CXX object CMakeFiles/mymsg__rosidl_typesupport_connext_c.dir/rosidl_typesupport_connext_cpp/mymsg/msg/dds_connext/Pose_Plugin.cxx.o[0m
[7.034s] [ 75%] [32mBuilding CXX object CMakeFiles/mymsg__rosidl_typesupport_connext_c.dir/rosidl_typesupport_connext_cpp/mymsg/msg/dds_connext/Pose_Support.cxx.o[0m
[7.035s] [ 76%] [32mBuilding CXX object CMakeFiles/mymsg__rosidl_typesupport_connext_c.dir/rosidl_typesupport_connext_cpp/mymsg/msg/dds_connext/Pose_.cxx.o[0m
[7.049s] [ 77%] [32mBuilding CXX object CMakeFiles/mymsg__rosidl_typesupport_connext_c.dir/rosidl_typesupport_connext_cpp/mymsg/msg/dds_connext/Transform_.cxx.o[0m
[7.775s] [ 78%] [32mBuilding CXX object CMakeFiles/mymsg__rosidl_typesupport_connext_c.dir/rosidl_typesupport_connext_cpp/mymsg/msg/dds_connext/Transform_Plugin.cxx.o[0m
[7.840s] [ 79%] [32mBuilding CXX object CMakeFiles/mymsg__rosidl_typesupport_connext_c.dir/rosidl_typesupport_connext_cpp/mymsg/msg/dds_connext/Transform_Support.cxx.o[0m
[7.858s] [ 80%] [32mBuilding CXX object CMakeFiles/mymsg__rosidl_typesupport_connext_c.dir/rosidl_typesupport_connext_cpp/mymsg/msg/dds_connext/MultiTransform_Plugin.cxx.o[0m
[7.858s] [ 80%] [32mBuilding CXX object CMakeFiles/mymsg__rosidl_typesupport_connext_c.dir/rosidl_typesupport_connext_cpp/mymsg/msg/dds_connext/MultiTransform_.cxx.o[0m
[7.877s] [ 81%] [32mBuilding CXX object CMakeFiles/mymsg__rosidl_typesupport_connext_c.dir/rosidl_typesupport_connext_cpp/mymsg/msg/dds_connext/MultiTransform_Support.cxx.o[0m
[7.934s] [ 82%] [32mBuilding CXX object CMakeFiles/mymsg__rosidl_typesupport_connext_c.dir/rosidl_typesupport_connext_cpp/mymsg/srv/dds_connext/Imagedata_.cxx.o[0m
[7.958s] [ 83%] [32mBuilding CXX object CMakeFiles/mymsg__rosidl_typesupport_connext_c.dir/rosidl_typesupport_connext_cpp/mymsg/srv/dds_connext/Imagedata_Plugin.cxx.o[0m
[7.995s] [ 84%] [32mBuilding CXX object CMakeFiles/mymsg__rosidl_typesupport_connext_c.dir/rosidl_typesupport_connext_cpp/mymsg/srv/dds_connext/Imagedata_Support.cxx.o[0m
[8.948s] [ 85%] [32m[1mLinking CXX shared library libmymsg__rosidl_typesupport_connext_c.so[0m
[9.453s] [ 87%] Built target mymsg__rosidl_typesupport_connext_c
[9.486s] [ 87%] Built target mymsg
[9.521s] [ 88%] Built target mymsg__py
[9.567s] [ 88%] [32m[1mLinking C shared library rosidl_generator_py/mymsg/libmymsg__python.so[0m
[9.636s] [ 93%] Built target mymsg__python
[9.653s] [35m[1mScanning dependencies of target mymsg__rosidl_typesupport_fastrtps_c__pyext[0m
[9.653s] [35m[1mScanning dependencies of target mymsg__rosidl_typesupport_connext_c__pyext[0m
[9.677s] [ 94%] [32mBuilding C object CMakeFiles/mymsg__rosidl_typesupport_connext_c__pyext.dir/rosidl_generator_py/mymsg/_mymsg_s.ep.rosidl_typesupport_connext_c.c.o[0m
[9.677s] [ 95%] [32mBuilding C object CMakeFiles/mymsg__rosidl_typesupport_fastrtps_c__pyext.dir/rosidl_generator_py/mymsg/_mymsg_s.ep.rosidl_typesupport_fastrtps_c.c.o[0m
[9.682s] [ 96%] [32m[1mLinking C shared library rosidl_generator_py/mymsg/mymsg_s__rosidl_typesupport_introspection_c.cpython-38-x86_64-linux-gnu.so[0m
[9.683s] [ 97%] [32m[1mLinking C shared library rosidl_generator_py/mymsg/mymsg_s__rosidl_typesupport_c.cpython-38-x86_64-linux-gnu.so[0m
[9.752s] [ 98%] Built target mymsg__rosidl_typesupport_c__pyext
[9.753s] [ 98%] Built target mymsg__rosidl_typesupport_introspection_c__pyext
[9.813s] [ 99%] [32m[1mLinking C shared library rosidl_generator_py/mymsg/mymsg_s__rosidl_typesupport_connext_c.cpython-38-x86_64-linux-gnu.so[0m
[9.821s] [100%] [32m[1mLinking CXX shared library rosidl_generator_py/mymsg/mymsg_s__rosidl_typesupport_fastrtps_c.cpython-38-x86_64-linux-gnu.so[0m
[9.935s] [100%] Built target mymsg__rosidl_typesupport_fastrtps_c__pyext
[9.974s] [100%] Built target mymsg__rosidl_typesupport_connext_c__pyext
[9.989s] Invoked command in '/root/research-1/build/mymsg' returned '0': CMAKE_PREFIX_PATH=${CMAKE_PREFIX_PATH}:/root/chapter2/install/hello:/root/chapter2/install/happy_topic:/root/chapter2/install/happy_service:/root/chapter2/install/happy_pub_sub:/root/chapter2/install/bringme_service:/root/chapter2/install/happy_action:/root/chapter2/install/happy:/root/research_version_two/install/pose_chaser:/root/research-1/install/chaser_navigation_system:/root/Pose_waypointmaker/install/tf2_pifpaf:/root/Pose_waypointmaker/install/ros2_pifpaf:/root/Pose_waypointmaker/install/pifpaf_navi:/root/sirius/sirius_ws/install/turtlebot3_teleop:/root/sirius/sirius_ws/install/turtlebot3_example:/opt/ros/foxy /usr/bin/cmake --build /root/research-1/build/mymsg -- -j12 -l12
[10.348s] Invoking command in '/root/research-1/build/mymsg': CMAKE_PREFIX_PATH=${CMAKE_PREFIX_PATH}:/root/chapter2/install/hello:/root/chapter2/install/happy_topic:/root/chapter2/install/happy_service:/root/chapter2/install/happy_pub_sub:/root/chapter2/install/bringme_service:/root/chapter2/install/happy_action:/root/chapter2/install/happy:/root/research_version_two/install/pose_chaser:/root/research-1/install/chaser_navigation_system:/root/Pose_waypointmaker/install/tf2_pifpaf:/root/Pose_waypointmaker/install/ros2_pifpaf:/root/Pose_waypointmaker/install/pifpaf_navi:/root/sirius/sirius_ws/install/turtlebot3_teleop:/root/sirius/sirius_ws/install/turtlebot3_example:/opt/ros/foxy /usr/bin/cmake --install /root/research-1/build/mymsg
[10.361s] -- Install configuration: ""
[10.361s] -- Up-to-date: /root/research-1/install/mymsg/share/ament_index/resource_index/rosidl_interfaces/mymsg
[10.361s] -- Up-to-date: /root/research-1/install/mymsg/include/mymsg
[10.362s] -- Up-to-date: /root/research-1/install/mymsg/include/mymsg/srv
[10.362s] -- Up-to-date: /root/research-1/install/mymsg/include/mymsg/srv/imagedata.h
[10.362s] -- Up-to-date: /root/research-1/install/mymsg/include/mymsg/srv/detail
[10.362s] -- Up-to-date: /root/research-1/install/mymsg/include/mymsg/srv/detail/imagedata__functions.c
[10.362s] -- Up-to-date: /root/research-1/install/mymsg/include/mymsg/srv/detail/imagedata__functions.h
[10.362s] -- Up-to-date: /root/research-1/install/mymsg/include/mymsg/srv/detail/imagedata__struct.h
[10.363s] -- Up-to-date: /root/research-1/install/mymsg/include/mymsg/srv/detail/imagedata__type_support.h
[10.363s] -- Up-to-date: /root/research-1/install/mymsg/include/mymsg/msg
[10.363s] -- Up-to-date: /root/research-1/install/mymsg/include/mymsg/msg/multi_transform.h
[10.363s] -- Up-to-date: /root/research-1/install/mymsg/include/mymsg/msg/rosidl_generator_c__visibility_control.h
[10.363s] -- Up-to-date: /root/research-1/install/mymsg/include/mymsg/msg/poses.h
[10.363s] -- Up-to-date: /root/research-1/install/mymsg/include/mymsg/msg/detail
[10.364s] -- Up-to-date: /root/research-1/install/mymsg/include/mymsg/msg/detail/multi_transform__type_support.h
[10.364s] -- Up-to-date: /root/research-1/install/mymsg/include/mymsg/msg/detail/pose__functions.h
[10.364s] -- Up-to-date: /root/research-1/install/mymsg/include/mymsg/msg/detail/multi_transform__functions.h
[10.364s] -- Up-to-date: /root/research-1/install/mymsg/include/mymsg/msg/detail/transform__functions.c
[10.364s] -- Up-to-date: /root/research-1/install/mymsg/include/mymsg/msg/detail/pose__struct.h
[10.364s] -- Up-to-date: /root/research-1/install/mymsg/include/mymsg/msg/detail/multi_transform__struct.h
[10.364s] -- Up-to-date: /root/research-1/install/mymsg/include/mymsg/msg/detail/pose__type_support.h
[10.365s] -- Up-to-date: /root/research-1/install/mymsg/include/mymsg/msg/detail/poses__type_support.h
[10.365s] -- Up-to-date: /root/research-1/install/mymsg/include/mymsg/msg/detail/transform__type_support.h
[10.365s] -- Up-to-date: /root/research-1/install/mymsg/include/mymsg/msg/detail/transform__struct.h
[10.365s] -- Up-to-date: /root/research-1/install/mymsg/include/mymsg/msg/detail/poses__functions.c
[10.365s] -- Up-to-date: /root/research-1/install/mymsg/include/mymsg/msg/detail/multi_transform__functions.c
[10.365s] -- Up-to-date: /root/research-1/install/mymsg/include/mymsg/msg/detail/transform__functions.h
[10.365s] -- Up-to-date: /root/research-1/install/mymsg/include/mymsg/msg/detail/poses__struct.h
[10.365s] -- Up-to-date: /root/research-1/install/mymsg/include/mymsg/msg/detail/pose__functions.c
[10.366s] -- Up-to-date: /root/research-1/install/mymsg/include/mymsg/msg/detail/poses__functions.h
[10.366s] -- Up-to-date: /root/research-1/install/mymsg/include/mymsg/msg/transform.h
[10.366s] -- Up-to-date: /root/research-1/install/mymsg/include/mymsg/msg/pose.h
[10.366s] -- Up-to-date: /root/research-1/install/mymsg/share/mymsg/environment/library_path.sh
[10.366s] -- Installing: /root/research-1/install/mymsg/share/mymsg/environment/library_path.dsv
[10.366s] -- Installing: /root/research-1/install/mymsg/lib/libmymsg__rosidl_generator_c.so
[10.366s] -- Set runtime path of "/root/research-1/install/mymsg/lib/libmymsg__rosidl_generator_c.so" to ""
[10.366s] -- Up-to-date: /root/research-1/install/mymsg/include/mymsg
[10.367s] -- Up-to-date: /root/research-1/install/mymsg/include/mymsg/srv
[10.367s] -- Up-to-date: /root/research-1/install/mymsg/include/mymsg/srv/dds_connext
[10.367s] -- Up-to-date: /root/research-1/install/mymsg/include/mymsg/srv/imagedata__rosidl_typesupport_connext_c.h
[10.367s] -- Up-to-date: /root/research-1/install/mymsg/include/mymsg/msg
[10.367s] -- Up-to-date: /root/research-1/install/mymsg/include/mymsg/msg/rosidl_typesupport_connext_c__visibility_control.h
[10.368s] -- Up-to-date: /root/research-1/install/mymsg/include/mymsg/msg/pose__rosidl_typesupport_connext_c.h
[10.368s] -- Up-to-date: /root/research-1/install/mymsg/include/mymsg/msg/poses__rosidl_typesupport_connext_c.h
[10.368s] -- Up-to-date: /root/research-1/install/mymsg/include/mymsg/msg/multi_transform__rosidl_typesupport_connext_c.h
[10.368s] -- Up-to-date: /root/research-1/install/mymsg/include/mymsg/msg/dds_connext
[10.369s] -- Up-to-date: /root/research-1/install/mymsg/include/mymsg/msg/transform__rosidl_typesupport_connext_c.h
[10.369s] -- Installing: /root/research-1/install/mymsg/lib/libmymsg__rosidl_typesupport_connext_c.so
[10.369s] -- Set runtime path of "/root/research-1/install/mymsg/lib/libmymsg__rosidl_typesupport_connext_c.so" to ""
[10.369s] -- Up-to-date: /root/research-1/install/mymsg/share/mymsg/msg/dds_connext
[10.369s] -- Up-to-date: /root/research-1/install/mymsg/share/mymsg/msg/dds_connext/Poses_.idl
[10.369s] -- Up-to-date: /root/research-1/install/mymsg/share/mymsg/msg/dds_connext/Pose_.idl
[10.369s] -- Up-to-date: /root/research-1/install/mymsg/share/mymsg/msg/dds_connext/MultiTransform_.idl
[10.369s] -- Up-to-date: /root/research-1/install/mymsg/share/mymsg/msg/dds_connext/Transform_.idl
[10.370s] -- Up-to-date: /root/research-1/install/mymsg/share/mymsg/srv/dds_connext
[10.370s] -- Up-to-date: /root/research-1/install/mymsg/share/mymsg/srv/dds_connext/Imagedata_.idl
[10.370s] -- Up-to-date: /root/research-1/install/mymsg/include/mymsg
[10.370s] -- Up-to-date: /root/research-1/install/mymsg/include/mymsg/srv
[10.370s] -- Up-to-date: /root/research-1/install/mymsg/include/mymsg/srv/imagedata__rosidl_typesupport_connext_cpp.hpp
[10.370s] -- Up-to-date: /root/research-1/install/mymsg/include/mymsg/srv/dds_connext
[10.370s] -- Up-to-date: /root/research-1/install/mymsg/include/mymsg/srv/dds_connext/Imagedata_.cxx
[10.371s] -- Up-to-date: /root/research-1/install/mymsg/include/mymsg/srv/dds_connext/Imagedata_Support.h
[10.371s] -- Up-to-date: /root/research-1/install/mymsg/include/mymsg/srv/dds_connext/Imagedata_Plugin.cxx
[10.371s] -- Up-to-date: /root/research-1/install/mymsg/include/mymsg/srv/dds_connext/Imagedata_.h
[10.371s] -- Up-to-date: /root/research-1/install/mymsg/include/mymsg/srv/dds_connext/Imagedata_Plugin.h
[10.371s] -- Up-to-date: /root/research-1/install/mymsg/include/mymsg/srv/dds_connext/Imagedata_Support.cxx
[10.371s] -- Up-to-date: /root/research-1/install/mymsg/include/mymsg/msg
[10.371s] -- Up-to-date: /root/research-1/install/mymsg/include/mymsg/msg/rosidl_typesupport_connext_cpp__visibility_control.h
[10.372s] -- Up-to-date: /root/research-1/install/mymsg/include/mymsg/msg/multi_transform__rosidl_typesupport_connext_cpp.hpp
[10.372s] -- Up-to-date: /root/research-1/install/mymsg/include/mymsg/msg/transform__rosidl_typesupport_connext_cpp.hpp
[10.372s] -- Up-to-date: /root/research-1/install/mymsg/include/mymsg/msg/dds_connext
[10.372s] -- Up-to-date: /root/research-1/install/mymsg/include/mymsg/msg/dds_connext/Transform_Support.cxx
[10.372s] -- Up-to-date: /root/research-1/install/mymsg/include/mymsg/msg/dds_connext/Transform_.cxx
[10.372s] -- Up-to-date: /root/research-1/install/mymsg/include/mymsg/msg/dds_connext/Poses_Plugin.cxx
[10.373s] -- Up-to-date: /root/research-1/install/mymsg/include/mymsg/msg/dds_connext/Poses_.h
[10.373s] -- Up-to-date: /root/research-1/install/mymsg/include/mymsg/msg/dds_connext/Pose_Support.h
[10.373s] -- Up-to-date: /root/research-1/install/mymsg/include/mymsg/msg/dds_connext/Transform_Support.h
[10.373s] -- Up-to-date: /root/research-1/install/mymsg/include/mymsg/msg/dds_connext/Transform_Plugin.h
[10.373s] -- Up-to-date: /root/research-1/install/mymsg/include/mymsg/msg/dds_connext/MultiTransform_Plugin.cxx
[10.373s] -- Up-to-date: /root/research-1/install/mymsg/include/mymsg/msg/dds_connext/Poses_Support.h
[10.373s] -- Up-to-date: /root/research-1/install/mymsg/include/mymsg/msg/dds_connext/Pose_.h
[10.373s] -- Up-to-date: /root/research-1/install/mymsg/include/mymsg/msg/dds_connext/Poses_.cxx
[10.373s] -- Up-to-date: /root/research-1/install/mymsg/include/mymsg/msg/dds_connext/Pose_Support.cxx
[10.374s] -- Up-to-date: /root/research-1/install/mymsg/include/mymsg/msg/dds_connext/Poses_Plugin.h
[10.374s] -- Up-to-date: /root/research-1/install/mymsg/include/mymsg/msg/dds_connext/Transform_Plugin.cxx
[10.374s] -- Up-to-date: /root/research-1/install/mymsg/include/mymsg/msg/dds_connext/MultiTransform_.h
[10.374s] -- Up-to-date: /root/research-1/install/mymsg/include/mymsg/msg/dds_connext/Pose_.cxx
[10.374s] -- Up-to-date: /root/research-1/install/mymsg/include/mymsg/msg/dds_connext/Transform_.h
[10.375s] -- Up-to-date: /root/research-1/install/mymsg/include/mymsg/msg/dds_connext/MultiTransform_.cxx
[10.375s] -- Up-to-date: /root/research-1/install/mymsg/include/mymsg/msg/dds_connext/Pose_Plugin.cxx
[10.375s] -- Up-to-date: /root/research-1/install/mymsg/include/mymsg/msg/dds_connext/Poses_Support.cxx
[10.375s] -- Up-to-date: /root/research-1/install/mymsg/include/mymsg/msg/dds_connext/MultiTransform_Support.cxx
[10.375s] -- Up-to-date: /root/research-1/install/mymsg/include/mymsg/msg/dds_connext/Pose_Plugin.h
[10.375s] -- Up-to-date: /root/research-1/install/mymsg/include/mymsg/msg/dds_connext/MultiTransform_Support.h
[10.375s] -- Up-to-date: /root/research-1/install/mymsg/include/mymsg/msg/dds_connext/MultiTransform_Plugin.h
[10.375s] -- Up-to-date: /root/research-1/install/mymsg/include/mymsg/msg/pose__rosidl_typesupport_connext_cpp.hpp
[10.375s] -- Up-to-date: /root/research-1/install/mymsg/include/mymsg/msg/poses__rosidl_typesupport_connext_cpp.hpp
[10.375s] -- Installing: /root/research-1/install/mymsg/lib/libmymsg__rosidl_typesupport_connext_cpp.so
[10.376s] -- Set runtime path of "/root/research-1/install/mymsg/lib/libmymsg__rosidl_typesupport_connext_cpp.so" to ""
[10.376s] -- Up-to-date: /root/research-1/install/mymsg/include/mymsg
[10.376s] -- Up-to-date: /root/research-1/install/mymsg/include/mymsg/srv
[10.376s] -- Up-to-date: /root/research-1/install/mymsg/include/mymsg/srv/detail
[10.376s] -- Up-to-date: /root/research-1/install/mymsg/include/mymsg/srv/detail/imagedata__rosidl_typesupport_fastrtps_c.h
[10.376s] -- Up-to-date: /root/research-1/install/mymsg/include/mymsg/msg
[10.376s] -- Up-to-date: /root/research-1/install/mymsg/include/mymsg/msg/detail
[10.376s] -- Up-to-date: /root/research-1/install/mymsg/include/mymsg/msg/detail/poses__rosidl_typesupport_fastrtps_c.h
[10.377s] -- Up-to-date: /root/research-1/install/mymsg/include/mymsg/msg/detail/multi_transform__rosidl_typesupport_fastrtps_c.h
[10.377s] -- Up-to-date: /root/research-1/install/mymsg/include/mymsg/msg/detail/transform__rosidl_typesupport_fastrtps_c.h
[10.377s] -- Up-to-date: /root/research-1/install/mymsg/include/mymsg/msg/detail/pose__rosidl_typesupport_fastrtps_c.h
[10.377s] -- Up-to-date: /root/research-1/install/mymsg/include/mymsg/msg/rosidl_typesupport_fastrtps_c__visibility_control.h
[10.377s] -- Installing: /root/research-1/install/mymsg/lib/libmymsg__rosidl_typesupport_fastrtps_c.so
[10.377s] -- Set runtime path of "/root/research-1/install/mymsg/lib/libmymsg__rosidl_typesupport_fastrtps_c.so" to ""
[10.377s] -- Up-to-date: /root/research-1/install/mymsg/include/mymsg
[10.377s] -- Up-to-date: /root/research-1/install/mymsg/include/mymsg/srv
[10.377s] -- Up-to-date: /root/research-1/install/mymsg/include/mymsg/srv/detail
[10.377s] -- Up-to-date: /root/research-1/install/mymsg/include/mymsg/srv/detail/imagedata__rosidl_typesupport_fastrtps_cpp.hpp
[10.378s] -- Up-to-date: /root/research-1/install/mymsg/include/mymsg/srv/detail/dds_fastrtps
[10.378s] -- Up-to-date: /root/research-1/install/mymsg/include/mymsg/msg
[10.378s] -- Up-to-date: /root/research-1/install/mymsg/include/mymsg/msg/detail
[10.378s] -- Up-to-date: /root/research-1/install/mymsg/include/mymsg/msg/detail/multi_transform__rosidl_typesupport_fastrtps_cpp.hpp
[10.378s] -- Up-to-date: /root/research-1/install/mymsg/include/mymsg/msg/detail/pose__rosidl_typesupport_fastrtps_cpp.hpp
[10.378s] -- Up-to-date: /root/research-1/install/mymsg/include/mymsg/msg/detail/transform__rosidl_typesupport_fastrtps_cpp.hpp
[10.378s] -- Up-to-date: /root/research-1/install/mymsg/include/mymsg/msg/detail/poses__rosidl_typesupport_fastrtps_cpp.hpp
[10.378s] -- Up-to-date: /root/research-1/install/mymsg/include/mymsg/msg/detail/dds_fastrtps
[10.378s] -- Up-to-date: /root/research-1/install/mymsg/include/mymsg/msg/rosidl_typesupport_fastrtps_cpp__visibility_control.h
[10.379s] -- Installing: /root/research-1/install/mymsg/lib/libmymsg__rosidl_typesupport_fastrtps_cpp.so
[10.379s] -- Set runtime path of "/root/research-1/install/mymsg/lib/libmymsg__rosidl_typesupport_fastrtps_cpp.so" to ""
[10.379s] -- Up-to-date: /root/research-1/install/mymsg/include/mymsg
[10.379s] -- Up-to-date: /root/research-1/install/mymsg/include/mymsg/srv
[10.379s] -- Up-to-date: /root/research-1/install/mymsg/include/mymsg/srv/detail
[10.380s] -- Up-to-date: /root/research-1/install/mymsg/include/mymsg/srv/detail/imagedata__type_support.c
[10.380s] -- Up-to-date: /root/research-1/install/mymsg/include/mymsg/srv/detail/imagedata__rosidl_typesupport_introspection_c.h
[10.380s] -- Up-to-date: /root/research-1/install/mymsg/include/mymsg/msg
[10.380s] -- Up-to-date: /root/research-1/install/mymsg/include/mymsg/msg/detail
[10.380s] -- Up-to-date: /root/research-1/install/mymsg/include/mymsg/msg/detail/pose__rosidl_typesupport_introspection_c.h
[10.381s] -- Up-to-date: /root/research-1/install/mymsg/include/mymsg/msg/detail/transform__type_support.c
[10.381s] -- Up-to-date: /root/research-1/install/mymsg/include/mymsg/msg/detail/multi_transform__rosidl_typesupport_introspection_c.h
[10.381s] -- Up-to-date: /root/research-1/install/mymsg/include/mymsg/msg/detail/transform__rosidl_typesupport_introspection_c.h
[10.381s] -- Up-to-date: /root/research-1/install/mymsg/include/mymsg/msg/detail/multi_transform__type_support.c
[10.381s] -- Up-to-date: /root/research-1/install/mymsg/include/mymsg/msg/detail/poses__type_support.c
[10.381s] -- Up-to-date: /root/research-1/install/mymsg/include/mymsg/msg/detail/pose__type_support.c
[10.381s] -- Up-to-date: /root/research-1/install/mymsg/include/mymsg/msg/detail/poses__rosidl_typesupport_introspection_c.h
[10.382s] -- Up-to-date: /root/research-1/install/mymsg/include/mymsg/msg/rosidl_typesupport_introspection_c__visibility_control.h
[10.382s] -- Installing: /root/research-1/install/mymsg/lib/libmymsg__rosidl_typesupport_introspection_c.so
[10.382s] -- Set runtime path of "/root/research-1/install/mymsg/lib/libmymsg__rosidl_typesupport_introspection_c.so" to ""
[10.382s] -- Installing: /root/research-1/install/mymsg/lib/libmymsg__rosidl_typesupport_c.so
[10.382s] -- Set runtime path of "/root/research-1/install/mymsg/lib/libmymsg__rosidl_typesupport_c.so" to ""
[10.383s] -- Up-to-date: /root/research-1/install/mymsg/include/mymsg
[10.383s] -- Up-to-date: /root/research-1/install/mymsg/include/mymsg/srv
[10.383s] -- Up-to-date: /root/research-1/install/mymsg/include/mymsg/srv/detail
[10.383s] -- Up-to-date: /root/research-1/install/mymsg/include/mymsg/srv/detail/imagedata__traits.hpp
[10.383s] -- Up-to-date: /root/research-1/install/mymsg/include/mymsg/srv/detail/imagedata__builder.hpp
[10.383s] -- Up-to-date: /root/research-1/install/mymsg/include/mymsg/srv/detail/imagedata__struct.hpp
[10.384s] -- Up-to-date: /root/research-1/install/mymsg/include/mymsg/srv/imagedata.hpp
[10.384s] -- Up-to-date: /root/research-1/install/mymsg/include/mymsg/msg
[10.384s] -- Up-to-date: /root/research-1/install/mymsg/include/mymsg/msg/multi_transform.hpp
[10.384s] -- Up-to-date: /root/research-1/install/mymsg/include/mymsg/msg/transform.hpp
[10.384s] -- Up-to-date: /root/research-1/install/mymsg/include/mymsg/msg/detail
[10.384s] -- Up-to-date: /root/research-1/install/mymsg/include/mymsg/msg/detail/poses__struct.hpp
[10.384s] -- Up-to-date: /root/research-1/install/mymsg/include/mymsg/msg/detail/multi_transform__struct.hpp
[10.385s] -- Up-to-date: /root/research-1/install/mymsg/include/mymsg/msg/detail/multi_transform__traits.hpp
[10.385s] -- Up-to-date: /root/research-1/install/mymsg/include/mymsg/msg/detail/poses__builder.hpp
[10.385s] -- Up-to-date: /root/research-1/install/mymsg/include/mymsg/msg/detail/transform__struct.hpp
[10.385s] -- Up-to-date: /root/research-1/install/mymsg/include/mymsg/msg/detail/pose__struct.hpp
[10.385s] -- Up-to-date: /root/research-1/install/mymsg/include/mymsg/msg/detail/pose__traits.hpp
[10.385s] -- Up-to-date: /root/research-1/install/mymsg/include/mymsg/msg/detail/transform__traits.hpp
[10.385s] -- Up-to-date: /root/research-1/install/mymsg/include/mymsg/msg/detail/poses__traits.hpp
[10.385s] -- Up-to-date: /root/research-1/install/mymsg/include/mymsg/msg/detail/transform__builder.hpp
[10.386s] -- Up-to-date: /root/research-1/install/mymsg/include/mymsg/msg/detail/multi_transform__builder.hpp
[10.386s] -- Up-to-date: /root/research-1/install/mymsg/include/mymsg/msg/detail/pose__builder.hpp
[10.386s] -- Up-to-date: /root/research-1/install/mymsg/include/mymsg/msg/pose.hpp
[10.386s] -- Up-to-date: /root/research-1/install/mymsg/include/mymsg/msg/poses.hpp
[10.386s] -- Up-to-date: /root/research-1/install/mymsg/include/mymsg
[10.386s] -- Up-to-date: /root/research-1/install/mymsg/include/mymsg/srv
[10.386s] -- Up-to-date: /root/research-1/install/mymsg/include/mymsg/srv/detail
[10.386s] -- Up-to-date: /root/research-1/install/mymsg/include/mymsg/srv/detail/imagedata__rosidl_typesupport_introspection_cpp.hpp
[10.387s] -- Up-to-date: /root/research-1/install/mymsg/include/mymsg/srv/detail/imagedata__type_support.cpp
[10.387s] -- Up-to-date: /root/research-1/install/mymsg/include/mymsg/msg
[10.387s] -- Up-to-date: /root/research-1/install/mymsg/include/mymsg/msg/detail
[10.387s] -- Up-to-date: /root/research-1/install/mymsg/include/mymsg/msg/detail/poses__type_support.cpp
[10.387s] -- Up-to-date: /root/research-1/install/mymsg/include/mymsg/msg/detail/multi_transform__type_support.cpp
[10.387s] -- Up-to-date: /root/research-1/install/mymsg/include/mymsg/msg/detail/transform__type_support.cpp
[10.388s] -- Up-to-date: /root/research-1/install/mymsg/include/mymsg/msg/detail/pose__type_support.cpp
[10.388s] -- Up-to-date: /root/research-1/install/mymsg/include/mymsg/msg/detail/multi_transform__rosidl_typesupport_introspection_cpp.hpp
[10.388s] -- Up-to-date: /root/research-1/install/mymsg/include/mymsg/msg/detail/pose__rosidl_typesupport_introspection_cpp.hpp
[10.388s] -- Up-to-date: /root/research-1/install/mymsg/include/mymsg/msg/detail/transform__rosidl_typesupport_introspection_cpp.hpp
[10.388s] -- Up-to-date: /root/research-1/install/mymsg/include/mymsg/msg/detail/poses__rosidl_typesupport_introspection_cpp.hpp
[10.388s] -- Installing: /root/research-1/install/mymsg/lib/libmymsg__rosidl_typesupport_introspection_cpp.so
[10.389s] -- Set runtime path of "/root/research-1/install/mymsg/lib/libmymsg__rosidl_typesupport_introspection_cpp.so" to ""
[10.389s] -- Installing: /root/research-1/install/mymsg/lib/libmymsg__rosidl_typesupport_cpp.so
[10.389s] -- Set runtime path of "/root/research-1/install/mymsg/lib/libmymsg__rosidl_typesupport_cpp.so" to ""
[10.389s] -- Up-to-date: /root/research-1/install/mymsg/share/mymsg/environment/pythonpath.sh
[10.389s] -- Installing: /root/research-1/install/mymsg/share/mymsg/environment/pythonpath.dsv
[10.389s] -- Installing: /root/research-1/install/mymsg/lib/python3.8/site-packages/mymsg/__init__.py
[10.456s] Compiling '/root/research-1/install/mymsg/lib/python3.8/site-packages/mymsg/__init__.py'...
[10.461s] -- Up-to-date: /root/research-1/install/mymsg/lib/python3.8/site-packages/mymsg/msg
[10.461s] -- Up-to-date: /root/research-1/install/mymsg/lib/python3.8/site-packages/mymsg/msg/_transform_s.c
[10.462s] -- Up-to-date: /root/research-1/install/mymsg/lib/python3.8/site-packages/mymsg/msg/_multi_transform_s.c
[10.462s] -- Up-to-date: /root/research-1/install/mymsg/lib/python3.8/site-packages/mymsg/msg/_pose_s.c
[10.462s] -- Up-to-date: /root/research-1/install/mymsg/lib/python3.8/site-packages/mymsg/msg/_transform.py
[10.462s] -- Up-to-date: /root/research-1/install/mymsg/lib/python3.8/site-packages/mymsg/msg/_poses_s.c
[10.462s] -- Up-to-date: /root/research-1/install/mymsg/lib/python3.8/site-packages/mymsg/msg/_poses.py
[10.462s] -- Up-to-date: /root/research-1/install/mymsg/lib/python3.8/site-packages/mymsg/msg/__init__.py
[10.462s] -- Up-to-date: /root/research-1/install/mymsg/lib/python3.8/site-packages/mymsg/msg/_pose.py
[10.462s] -- Up-to-date: /root/research-1/install/mymsg/lib/python3.8/site-packages/mymsg/msg/_multi_transform.py
[10.463s] -- Up-to-date: /root/research-1/install/mymsg/lib/python3.8/site-packages/mymsg/srv
[10.463s] -- Up-to-date: /root/research-1/install/mymsg/lib/python3.8/site-packages/mymsg/srv/_imagedata_s.c
[10.463s] -- Up-to-date: /root/research-1/install/mymsg/lib/python3.8/site-packages/mymsg/srv/_imagedata.py
[10.463s] -- Up-to-date: /root/research-1/install/mymsg/lib/python3.8/site-packages/mymsg/srv/__init__.py
[10.463s] -- Installing: /root/research-1/install/mymsg/lib/python3.8/site-packages/mymsg/mymsg_s__rosidl_typesupport_connext_c.cpython-38-x86_64-linux-gnu.so
[10.463s] -- Set runtime path of "/root/research-1/install/mymsg/lib/python3.8/site-packages/mymsg/mymsg_s__rosidl_typesupport_connext_c.cpython-38-x86_64-linux-gnu.so" to ""
[10.463s] -- Installing: /root/research-1/install/mymsg/lib/python3.8/site-packages/mymsg/mymsg_s__rosidl_typesupport_fastrtps_c.cpython-38-x86_64-linux-gnu.so
[10.464s] -- Set runtime path of "/root/research-1/install/mymsg/lib/python3.8/site-packages/mymsg/mymsg_s__rosidl_typesupport_fastrtps_c.cpython-38-x86_64-linux-gnu.so" to ""
[10.465s] -- Installing: /root/research-1/install/mymsg/lib/python3.8/site-packages/mymsg/mymsg_s__rosidl_typesupport_introspection_c.cpython-38-x86_64-linux-gnu.so
[10.466s] -- Set runtime path of "/root/research-1/install/mymsg/lib/python3.8/site-packages/mymsg/mymsg_s__rosidl_typesupport_introspection_c.cpython-38-x86_64-linux-gnu.so" to ""
[10.466s] -- Installing: /root/research-1/install/mymsg/lib/python3.8/site-packages/mymsg/mymsg_s__rosidl_typesupport_c.cpython-38-x86_64-linux-gnu.so
[10.467s] -- Set runtime path of "/root/research-1/install/mymsg/lib/python3.8/site-packages/mymsg/mymsg_s__rosidl_typesupport_c.cpython-38-x86_64-linux-gnu.so" to ""
[10.467s] -- Installing: /root/research-1/install/mymsg/lib/libmymsg__python.so
[10.468s] -- Set runtime path of "/root/research-1/install/mymsg/lib/libmymsg__python.so" to ""
[10.468s] -- Up-to-date: /root/research-1/install/mymsg/share/mymsg/msg/Pose.idl
[10.468s] -- Up-to-date: /root/research-1/install/mymsg/share/mymsg/msg/Poses.idl
[10.468s] -- Up-to-date: /root/research-1/install/mymsg/share/mymsg/msg/Transform.idl
[10.468s] -- Up-to-date: /root/research-1/install/mymsg/share/mymsg/msg/MultiTransform.idl
[10.469s] -- Up-to-date: /root/research-1/install/mymsg/share/mymsg/srv/Imagedata.idl
[10.469s] -- Up-to-date: /root/research-1/install/mymsg/share/mymsg/msg/Pose.msg
[10.469s] -- Up-to-date: /root/research-1/install/mymsg/share/mymsg/msg/Poses.msg
[10.469s] -- Up-to-date: /root/research-1/install/mymsg/share/mymsg/msg/Transform.msg
[10.469s] -- Up-to-date: /root/research-1/install/mymsg/share/mymsg/msg/MultiTransform.msg
[10.469s] -- Up-to-date: /root/research-1/install/mymsg/share/mymsg/srv/Imagedata.srv
[10.470s] -- Up-to-date: /root/research-1/install/mymsg/share/mymsg/srv/Imagedata_Request.msg
[10.470s] -- Up-to-date: /root/research-1/install/mymsg/share/mymsg/srv/Imagedata_Response.msg
[10.470s] -- Up-to-date: /root/research-1/install/mymsg/share/ament_index/resource_index/package_run_dependencies/mymsg
[10.470s] -- Up-to-date: /root/research-1/install/mymsg/share/ament_index/resource_index/parent_prefix_path/mymsg
[10.470s] -- Up-to-date: /root/research-1/install/mymsg/share/mymsg/environment/ament_prefix_path.sh
[10.470s] -- Installing: /root/research-1/install/mymsg/share/mymsg/environment/ament_prefix_path.dsv
[10.470s] -- Up-to-date: /root/research-1/install/mymsg/share/mymsg/environment/path.sh
[10.471s] -- Installing: /root/research-1/install/mymsg/share/mymsg/environment/path.dsv
[10.471s] -- Up-to-date: /root/research-1/install/mymsg/share/mymsg/local_setup.bash
[10.471s] -- Up-to-date: /root/research-1/install/mymsg/share/mymsg/local_setup.sh
[10.471s] -- Up-to-date: /root/research-1/install/mymsg/share/mymsg/local_setup.zsh
[10.471s] -- Installing: /root/research-1/install/mymsg/share/mymsg/local_setup.dsv
[10.471s] -- Installing: /root/research-1/install/mymsg/share/mymsg/package.dsv
[10.471s] -- Up-to-date: /root/research-1/install/mymsg/share/ament_index/resource_index/packages/mymsg
[10.472s] -- Old export file "/root/research-1/install/mymsg/share/mymsg/cmake/mymsg__rosidl_generator_cExport.cmake" will be replaced.  Removing files [/root/research-1/install/mymsg/share/mymsg/cmake/mymsg__rosidl_generator_cExport-noconfig.cmake].
[10.472s] -- Installing: /root/research-1/install/mymsg/share/mymsg/cmake/mymsg__rosidl_generator_cExport.cmake
[10.472s] -- Installing: /root/research-1/install/mymsg/share/mymsg/cmake/mymsg__rosidl_generator_cExport-noconfig.cmake
[10.472s] -- Old export file "/root/research-1/install/mymsg/share/mymsg/cmake/mymsg__rosidl_typesupport_introspection_cExport.cmake" will be replaced.  Removing files [/root/research-1/install/mymsg/share/mymsg/cmake/mymsg__rosidl_typesupport_introspection_cExport-noconfig.cmake].
[10.472s] -- Installing: /root/research-1/install/mymsg/share/mymsg/cmake/mymsg__rosidl_typesupport_introspection_cExport.cmake
[10.472s] -- Installing: /root/research-1/install/mymsg/share/mymsg/cmake/mymsg__rosidl_typesupport_introspection_cExport-noconfig.cmake
[10.473s] -- Old export file "/root/research-1/install/mymsg/share/mymsg/cmake/mymsg__rosidl_typesupport_cExport.cmake" will be replaced.  Removing files [/root/research-1/install/mymsg/share/mymsg/cmake/mymsg__rosidl_typesupport_cExport-noconfig.cmake].
[10.473s] -- Installing: /root/research-1/install/mymsg/share/mymsg/cmake/mymsg__rosidl_typesupport_cExport.cmake
[10.473s] -- Installing: /root/research-1/install/mymsg/share/mymsg/cmake/mymsg__rosidl_typesupport_cExport-noconfig.cmake
[10.474s] -- Installing: /root/research-1/install/mymsg/share/mymsg/cmake/mymsg__rosidl_generator_cppExport.cmake
[10.474s] -- Old export file "/root/research-1/install/mymsg/share/mymsg/cmake/mymsg__rosidl_typesupport_introspection_cppExport.cmake" will be replaced.  Removing files [/root/research-1/install/mymsg/share/mymsg/cmake/mymsg__rosidl_typesupport_introspection_cppExport-noconfig.cmake].
[10.474s] -- Installing: /root/research-1/install/mymsg/share/mymsg/cmake/mymsg__rosidl_typesupport_introspection_cppExport.cmake
[10.475s] -- Installing: /root/research-1/install/mymsg/share/mymsg/cmake/mymsg__rosidl_typesupport_introspection_cppExport-noconfig.cmake
[10.475s] -- Old export file "/root/research-1/install/mymsg/share/mymsg/cmake/mymsg__rosidl_typesupport_cppExport.cmake" will be replaced.  Removing files [/root/research-1/install/mymsg/share/mymsg/cmake/mymsg__rosidl_typesupport_cppExport-noconfig.cmake].
[10.475s] -- Installing: /root/research-1/install/mymsg/share/mymsg/cmake/mymsg__rosidl_typesupport_cppExport.cmake
[10.475s] -- Installing: /root/research-1/install/mymsg/share/mymsg/cmake/mymsg__rosidl_typesupport_cppExport-noconfig.cmake
[10.476s] -- Up-to-date: /root/research-1/install/mymsg/share/mymsg/cmake/rosidl_cmake-extras.cmake
[10.476s] -- Installing: /root/research-1/install/mymsg/share/mymsg/cmake/ament_cmake_export_dependencies-extras.cmake
[10.476s] -- Up-to-date: /root/research-1/install/mymsg/share/mymsg/cmake/ament_cmake_export_libraries-extras.cmake
[10.476s] -- Up-to-date: /root/research-1/install/mymsg/share/mymsg/cmake/ament_cmake_export_targets-extras.cmake
[10.476s] -- Up-to-date: /root/research-1/install/mymsg/share/mymsg/cmake/ament_cmake_export_include_directories-extras.cmake
[10.477s] -- Up-to-date: /root/research-1/install/mymsg/share/mymsg/cmake/rosidl_cmake_export_typesupport_libraries-extras.cmake
[10.477s] -- Up-to-date: /root/research-1/install/mymsg/share/mymsg/cmake/rosidl_cmake_export_typesupport_targets-extras.cmake
[10.477s] -- Up-to-date: /root/research-1/install/mymsg/share/mymsg/cmake/mymsgConfig.cmake
[10.477s] -- Up-to-date: /root/research-1/install/mymsg/share/mymsg/cmake/mymsgConfig-version.cmake
[10.477s] -- Up-to-date: /root/research-1/install/mymsg/share/mymsg/package.xml
[10.482s] Invoked command in '/root/research-1/build/mymsg' returned '0': CMAKE_PREFIX_PATH=${CMAKE_PREFIX_PATH}:/root/chapter2/install/hello:/root/chapter2/install/happy_topic:/root/chapter2/install/happy_service:/root/chapter2/install/happy_pub_sub:/root/chapter2/install/bringme_service:/root/chapter2/install/happy_action:/root/chapter2/install/happy:/root/research_version_two/install/pose_chaser:/root/research-1/install/chaser_navigation_system:/root/Pose_waypointmaker/install/tf2_pifpaf:/root/Pose_waypointmaker/install/ros2_pifpaf:/root/Pose_waypointmaker/install/pifpaf_navi:/root/sirius/sirius_ws/install/turtlebot3_teleop:/root/sirius/sirius_ws/install/turtlebot3_example:/opt/ros/foxy /usr/bin/cmake --install /root/research-1/build/mymsg
