[1.066s] Invoking command in '/root/research-1/src/chaser_navigation_system': AMENT_PREFIX_PATH=/root/research-1/install/mymsg:${AMENT_PREFIX_PATH} CMAKE_PREFIX_PATH=/root/research-1/install/mymsg:${CMAKE_PREFIX_PATH} LD_LIBRARY_PATH=/root/research-1/install/mymsg/lib:${LD_LIBRARY_PATH} PYTHONPATH=/root/research-1/build/chaser_navigation_system/prefix_override:/root/research-1/install/chaser_navigation_system/lib/python3.8/site-packages:/root/research-1/install/mymsg/lib/python3.8/site-packages:${PYTHONPATH} /usr/bin/python3 setup.py egg_info --egg-base ../../build/chaser_navigation_system build --build-base /root/research-1/build/chaser_navigation_system/build install --record /root/research-1/build/chaser_navigation_system/install.log --install-scripts $base/lib/chaser_navigation_system --single-version-externally-managed
[1.437s] running egg_info
[1.438s] creating ../../build/chaser_navigation_system/chaser_navigation_system.egg-info
[1.438s] writing ../../build/chaser_navigation_system/chaser_navigation_system.egg-info/PKG-INFO
[1.438s] writing dependency_links to ../../build/chaser_navigation_system/chaser_navigation_system.egg-info/dependency_links.txt
[1.439s] writing entry points to ../../build/chaser_navigation_system/chaser_navigation_system.egg-info/entry_points.txt
[1.439s] writing requirements to ../../build/chaser_navigation_system/chaser_navigation_system.egg-info/requires.txt
[1.439s] writing top-level names to ../../build/chaser_navigation_system/chaser_navigation_system.egg-info/top_level.txt
[1.441s] writing manifest file '../../build/chaser_navigation_system/chaser_navigation_system.egg-info/SOURCES.txt'
[1.500s] reading manifest file '../../build/chaser_navigation_system/chaser_navigation_system.egg-info/SOURCES.txt'
[1.501s] writing manifest file '../../build/chaser_navigation_system/chaser_navigation_system.egg-info/SOURCES.txt'
[1.501s] running build
[1.501s] running build_py
[1.501s] creating /root/research-1/build/chaser_navigation_system/build
[1.502s] creating /root/research-1/build/chaser_navigation_system/build/lib
[1.502s] creating /root/research-1/build/chaser_navigation_system/build/lib/chaser_navigation_system
[1.502s] copying chaser_navigation_system/image_cutter.py -> /root/research-1/build/chaser_navigation_system/build/lib/chaser_navigation_system
[1.503s] copying chaser_navigation_system/image_inputer.py -> /root/research-1/build/chaser_navigation_system/build/lib/chaser_navigation_system
[1.503s] copying chaser_navigation_system/3d_pose_analysis.py -> /root/research-1/build/chaser_navigation_system/build/lib/chaser_navigation_system
[1.504s] copying chaser_navigation_system/pose_tf2.py -> /root/research-1/build/chaser_navigation_system/build/lib/chaser_navigation_system
[1.504s] copying chaser_navigation_system/__init__.py -> /root/research-1/build/chaser_navigation_system/build/lib/chaser_navigation_system
[1.505s] running install
[1.506s] running install_lib
[1.507s] creating /root/research-1/install/chaser_navigation_system/lib/python3.8/site-packages/chaser_navigation_system
[1.507s] copying /root/research-1/build/chaser_navigation_system/build/lib/chaser_navigation_system/image_cutter.py -> /root/research-1/install/chaser_navigation_system/lib/python3.8/site-packages/chaser_navigation_system
[1.508s] copying /root/research-1/build/chaser_navigation_system/build/lib/chaser_navigation_system/image_inputer.py -> /root/research-1/install/chaser_navigation_system/lib/python3.8/site-packages/chaser_navigation_system
[1.508s] copying /root/research-1/build/chaser_navigation_system/build/lib/chaser_navigation_system/3d_pose_analysis.py -> /root/research-1/install/chaser_navigation_system/lib/python3.8/site-packages/chaser_navigation_system
[1.508s] copying /root/research-1/build/chaser_navigation_system/build/lib/chaser_navigation_system/pose_tf2.py -> /root/research-1/install/chaser_navigation_system/lib/python3.8/site-packages/chaser_navigation_system
[1.508s] copying /root/research-1/build/chaser_navigation_system/build/lib/chaser_navigation_system/__init__.py -> /root/research-1/install/chaser_navigation_system/lib/python3.8/site-packages/chaser_navigation_system
[1.509s] byte-compiling /root/research-1/install/chaser_navigation_system/lib/python3.8/site-packages/chaser_navigation_system/image_cutter.py to image_cutter.cpython-38.pyc
[1.511s] byte-compiling /root/research-1/install/chaser_navigation_system/lib/python3.8/site-packages/chaser_navigation_system/image_inputer.py to image_inputer.cpython-38.pyc
[1.513s] byte-compiling /root/research-1/install/chaser_navigation_system/lib/python3.8/site-packages/chaser_navigation_system/3d_pose_analysis.py to 3d_pose_analysis.cpython-38.pyc
[1.515s] byte-compiling /root/research-1/install/chaser_navigation_system/lib/python3.8/site-packages/chaser_navigation_system/pose_tf2.py to pose_tf2.cpython-38.pyc
[1.517s] byte-compiling /root/research-1/install/chaser_navigation_system/lib/python3.8/site-packages/chaser_navigation_system/__init__.py to __init__.cpython-38.pyc
[1.517s] running install_data
[1.518s] creating /root/research-1/install/chaser_navigation_system/share/ament_index
[1.518s] creating /root/research-1/install/chaser_navigation_system/share/ament_index/resource_index
[1.518s] creating /root/research-1/install/chaser_navigation_system/share/ament_index/resource_index/packages
[1.518s] copying resource/chaser_navigation_system -> /root/research-1/install/chaser_navigation_system/share/ament_index/resource_index/packages
[1.518s] copying package.xml -> /root/research-1/install/chaser_navigation_system/share/chaser_navigation_system
[1.518s] running install_egg_info
[1.521s] Copying ../../build/chaser_navigation_system/chaser_navigation_system.egg-info to /root/research-1/install/chaser_navigation_system/lib/python3.8/site-packages/chaser_navigation_system-0.0.0-py3.8.egg-info
[1.522s] running install_scripts
[1.549s] Installing image_cutter script to /root/research-1/install/chaser_navigation_system/lib/chaser_navigation_system
[1.549s] Installing image_inputer script to /root/research-1/install/chaser_navigation_system/lib/chaser_navigation_system
[1.550s] writing list of installed files to '/root/research-1/build/chaser_navigation_system/install.log'
[1.578s] Invoked command in '/root/research-1/src/chaser_navigation_system' returned '0': AMENT_PREFIX_PATH=/root/research-1/install/mymsg:${AMENT_PREFIX_PATH} CMAKE_PREFIX_PATH=/root/research-1/install/mymsg:${CMAKE_PREFIX_PATH} LD_LIBRARY_PATH=/root/research-1/install/mymsg/lib:${LD_LIBRARY_PATH} PYTHONPATH=/root/research-1/build/chaser_navigation_system/prefix_override:/root/research-1/install/chaser_navigation_system/lib/python3.8/site-packages:/root/research-1/install/mymsg/lib/python3.8/site-packages:${PYTHONPATH} /usr/bin/python3 setup.py egg_info --egg-base ../../build/chaser_navigation_system build --build-base /root/research-1/build/chaser_navigation_system/build install --record /root/research-1/build/chaser_navigation_system/install.log --install-scripts $base/lib/chaser_navigation_system --single-version-externally-managed
