[0.342s] Invoking command in '/root/research-1/build/mymsg': CMAKE_PREFIX_PATH=${CMAKE_PREFIX_PATH}:/root/Pose_waypointmaker/install/tf2_pifpaf:/root/Pose_waypointmaker/install/ros2_pifpaf:/root/Pose_waypointmaker/install/pifpaf_navi:/root/sirius/sirius_ws/install/turtlebot3_teleop:/root/sirius/sirius_ws/install/turtlebot3_example:/opt/ros/foxy /usr/bin/cmake --build /root/research-1/build/mymsg -- -j12 -l12
[0.388s] -- Found ament_cmake: 0.9.11 (/opt/ros/foxy/share/ament_cmake/cmake)
[0.437s] -- Found PythonInterp: /usr/bin/python3 (found suitable version "3.8.10", minimum required is "3") 
[0.437s] -- Using PYTHON_EXECUTABLE: /usr/bin/python3
[0.711s] -- Found geometry_msgs: 2.0.5 (/opt/ros/foxy/share/geometry_msgs/cmake)
[0.755s] -- Using all available rosidl_typesupport_c: rosidl_typesupport_fastrtps_c;rosidl_typesupport_introspection_c
[0.761s] -- Found rosidl_adapter: 1.3.0 (/opt/ros/foxy/share/rosidl_adapter/cmake)
[0.977s] -- Using all available rosidl_typesupport_cpp: rosidl_typesupport_fastrtps_cpp;rosidl_typesupport_introspection_cpp
[1.064s] -- Found rosidl_default_generators: 1.0.1 (/opt/ros/foxy/share/rosidl_default_generators/cmake)
[1.084s] -- Found sensor_msgs: 2.0.5 (/opt/ros/foxy/share/sensor_msgs/cmake)
[1.162s] -- Found visualization_msgs: 2.0.5 (/opt/ros/foxy/share/visualization_msgs/cmake)
[1.313s] -- Found PythonInterp: /usr/bin/python3 (found version "3.8.10") 
[1.710s] -- Found ament_cmake_ros: 0.9.2 (/opt/ros/foxy/share/ament_cmake_ros/cmake)
[2.242s] -- Using all available rosidl_typesupport_c: rosidl_typesupport_fastrtps_c;rosidl_typesupport_introspection_c
[2.509s] -- Using all available rosidl_typesupport_cpp: rosidl_typesupport_fastrtps_cpp;rosidl_typesupport_introspection_cpp
[2.575s] -- Found PythonInterp: /usr/bin/python3 (found suitable version "3.8.10", minimum required is "3.5") 
[2.576s] -- Found python_cmake_module: 0.8.1 (/opt/ros/foxy/share/python_cmake_module/cmake)
[2.630s] -- Using PYTHON_EXECUTABLE: /usr/bin/python3
[2.630s] -- Using PYTHON_INCLUDE_DIRS: /usr/include/python3.8
[2.630s] -- Using PYTHON_LIBRARIES: /usr/lib/x86_64-linux-gnu/libpython3.8.so
[2.792s] -- Found ament_lint_auto: 0.9.7 (/opt/ros/foxy/share/ament_lint_auto/cmake)
[2.825s] -- Added test 'copyright' to check source files copyright and LICENSE
[2.829s] -- Added test 'lint_cmake' to check CMake code style
[2.832s] -- Added test 'xmllint' to check XML markup files
[2.839s] -- Configuring done
[2.977s] -- Generating done
[2.983s] -- Build files have been written to: /root/research-1/build/mymsg
[3.025s] [  2%] [34m[1mGenerating C code for ROS interfaces[0m
[3.043s] [  5%] [34m[1mGenerating C++ code for ROS interfaces[0m
[3.489s] [  5%] Built target mymsg__cpp
[3.508s] [ 12%] [34m[1mGenerating C++ introspection for ROS interfaces[0m
[3.509s] [ 12%] [34m[1mGenerating C++ type support for eProsima Fast-RTPS[0m
[3.509s] [ 12%] [34m[1mGenerating C++ type support dispatch for ROS interfaces[0m
[3.561s] [35m[1mScanning dependencies of target mymsg__rosidl_generator_c[0m
[3.587s] [ 15%] [32mBuilding C object CMakeFiles/mymsg__rosidl_generator_c.dir/rosidl_generator_c/mymsg/msg/detail/pose__functions.c.o[0m
[3.589s] [ 17%] [32mBuilding C object CMakeFiles/mymsg__rosidl_generator_c.dir/rosidl_generator_c/mymsg/msg/detail/poses__functions.c.o[0m
[3.708s] In file included from [01m[K/root/research-1/build/mymsg/rosidl_generator_c/mymsg/msg/detail/poses__functions.h:19[m[K,
[3.709s]                  from [01m[K/root/research-1/build/mymsg/rosidl_generator_c/mymsg/msg/detail/poses__functions.c:4[m[K:
[3.709s] [01m[K/root/research-1/build/mymsg/rosidl_generator_c/mymsg/msg/detail/poses__struct.h:26:10:[m[K [01;31m[Kfatal error: [m[Kmymsg/msg/detail/int__struct.h: No such file or directory
[3.709s]    26 | #include [01;31m[K"mymsg/msg/detail/int__struct.h"[m[K
[3.709s]       |          [01;31m[K^~~~~~~~~~~~~~~~~~~~~~~~~~~~~~~~[m[K
[3.709s] compilation terminated.
[3.710s] make[2]: *** [CMakeFiles/mymsg__rosidl_generator_c.dir/build.make:193: CMakeFiles/mymsg__rosidl_generator_c.dir/rosidl_generator_c/mymsg/msg/detail/poses__functions.c.o] Error 1
[3.710s] make[2]: *** Waiting for unfinished jobs....
[3.768s] make[1]: *** [CMakeFiles/Makefile2:242: CMakeFiles/mymsg__rosidl_generator_c.dir/all] Error 2
[3.768s] make[1]: *** Waiting for unfinished jobs....
[3.856s] [35m[1mScanning dependencies of target mymsg__rosidl_typesupport_cpp[0m
[3.878s] [ 20%] [32mBuilding CXX object CMakeFiles/mymsg__rosidl_typesupport_cpp.dir/rosidl_typesupport_cpp/mymsg/msg/pose__type_support.cpp.o[0m
[3.880s] [ 23%] [32mBuilding CXX object CMakeFiles/mymsg__rosidl_typesupport_cpp.dir/rosidl_typesupport_cpp/mymsg/msg/poses__type_support.cpp.o[0m
[3.958s] [35m[1mScanning dependencies of target mymsg__rosidl_typesupport_introspection_cpp[0m
[3.958s] [35m[1mScanning dependencies of target mymsg__rosidl_typesupport_fastrtps_cpp[0m
[3.983s] [ 25%] [32mBuilding CXX object CMakeFiles/mymsg__rosidl_typesupport_introspection_cpp.dir/rosidl_typesupport_introspection_cpp/mymsg/msg/detail/pose__type_support.cpp.o[0m
[3.983s] [ 28%] [32mBuilding CXX object CMakeFiles/mymsg__rosidl_typesupport_introspection_cpp.dir/rosidl_typesupport_introspection_cpp/mymsg/msg/detail/poses__type_support.cpp.o[0m
[3.987s] [ 30%] [32mBuilding CXX object CMakeFiles/mymsg__rosidl_typesupport_fastrtps_cpp.dir/rosidl_typesupport_fastrtps_cpp/mymsg/msg/detail/dds_fastrtps/pose__type_support.cpp.o[0m
[3.988s] [ 33%] [32mBuilding CXX object CMakeFiles/mymsg__rosidl_typesupport_fastrtps_cpp.dir/rosidl_typesupport_fastrtps_cpp/mymsg/msg/detail/dds_fastrtps/poses__type_support.cpp.o[0m
[4.076s] In file included from [01m[K/root/research-1/build/mymsg/rosidl_typesupport_fastrtps_cpp/mymsg/msg/detail/poses__rosidl_typesupport_fastrtps_cpp.hpp:11[m[K,
[4.076s]                  from [01m[K/root/research-1/build/mymsg/rosidl_typesupport_fastrtps_cpp/mymsg/msg/detail/dds_fastrtps/poses__type_support.cpp:4[m[K:
[4.076s] [01m[K/root/research-1/build/mymsg/rosidl_generator_cpp/mymsg/msg/detail/poses__struct.hpp:23:10:[m[K [01;31m[Kfatal error: [m[Kmymsg/msg/detail/int__struct.hpp: No such file or directory
[4.076s]    23 | #include [01;31m[K"mymsg/msg/detail/int__struct.hpp"[m[K
[4.076s]       |          [01;31m[K^~~~~~~~~~~~~~~~~~~~~~~~~~~~~~~~~~[m[K
[4.076s] compilation terminated.
[4.077s] In file included from [01m[K/root/research-1/build/mymsg/rosidl_typesupport_cpp/mymsg/msg/poses__type_support.cpp:7[m[K:
[4.077s] [01m[K/root/research-1/build/mymsg/rosidl_generator_cpp/mymsg/msg/detail/poses__struct.hpp:23:10:[m[K [01;31m[Kfatal error: [m[Kmymsg/msg/detail/int__struct.hpp: No such file or directory
[4.077s]    23 | #include [01;31m[K"mymsg/msg/detail/int__struct.hpp"[m[K
[4.077s]       |          [01;31m[K^~~~~~~~~~~~~~~~~~~~~~~~~~~~~~~~~~[m[K
[4.077s] compilation terminated.
[4.077s] make[2]: *** [CMakeFiles/mymsg__rosidl_typesupport_fastrtps_cpp.dir/build.make:170: CMakeFiles/mymsg__rosidl_typesupport_fastrtps_cpp.dir/rosidl_typesupport_fastrtps_cpp/mymsg/msg/detail/dds_fastrtps/poses__type_support.cpp.o] Error 1
[4.078s] make[2]: *** Waiting for unfinished jobs....
[4.078s] make[2]: *** [CMakeFiles/mymsg__rosidl_typesupport_cpp.dir/build.make:162: CMakeFiles/mymsg__rosidl_typesupport_cpp.dir/rosidl_typesupport_cpp/mymsg/msg/poses__type_support.cpp.o] Error 1
[4.078s] make[2]: *** Waiting for unfinished jobs....
[4.084s] In file included from [01m[K/root/research-1/build/mymsg/rosidl_typesupport_introspection_cpp/mymsg/msg/detail/poses__type_support.cpp:12[m[K:
[4.084s] [01m[K/root/research-1/build/mymsg/rosidl_generator_cpp/mymsg/msg/detail/poses__struct.hpp:23:10:[m[K [01;31m[Kfatal error: [m[Kmymsg/msg/detail/int__struct.hpp: No such file or directory
[4.084s]    23 | #include [01;31m[K"mymsg/msg/detail/int__struct.hpp"[m[K
[4.085s]       |          [01;31m[K^~~~~~~~~~~~~~~~~~~~~~~~~~~~~~~~~~[m[K
[4.085s] compilation terminated.
[4.086s] make[2]: *** [CMakeFiles/mymsg__rosidl_typesupport_introspection_cpp.dir/build.make:170: CMakeFiles/mymsg__rosidl_typesupport_introspection_cpp.dir/rosidl_typesupport_introspection_cpp/mymsg/msg/detail/poses__type_support.cpp.o] Error 1
[4.087s] make[2]: *** Waiting for unfinished jobs....
[4.395s] make[1]: *** [CMakeFiles/Makefile2:269: CMakeFiles/mymsg__rosidl_typesupport_cpp.dir/all] Error 2
[4.464s] make[1]: *** [CMakeFiles/Makefile2:496: CMakeFiles/mymsg__rosidl_typesupport_introspection_cpp.dir/all] Error 2
[4.636s] make[1]: *** [CMakeFiles/Makefile2:325: CMakeFiles/mymsg__rosidl_typesupport_fastrtps_cpp.dir/all] Error 2
[4.636s] make: *** [Makefile:141: all] Error 2
[4.638s] Invoked command in '/root/research-1/build/mymsg' returned '2': CMAKE_PREFIX_PATH=${CMAKE_PREFIX_PATH}:/root/Pose_waypointmaker/install/tf2_pifpaf:/root/Pose_waypointmaker/install/ros2_pifpaf:/root/Pose_waypointmaker/install/pifpaf_navi:/root/sirius/sirius_ws/install/turtlebot3_teleop:/root/sirius/sirius_ws/install/turtlebot3_example:/opt/ros/foxy /usr/bin/cmake --build /root/research-1/build/mymsg -- -j12 -l12
