-- Found ament_cmake: 0.9.11 (/opt/ros/foxy/share/ament_cmake/cmake)
-- Found PythonInterp: /usr/bin/python3 (found suitable version "3.8.10", minimum required is "3") 
-- Using PYTHON_EXECUTABLE: /usr/bin/python3
-- Override CMake install command with custom implementation using symlinks instead of copying resources
-- Found geometry_msgs: 2.0.5 (/opt/ros/foxy/share/geometry_msgs/cmake)
-- Using all available rosidl_typesupport_c: rosidl_typesupport_fastrtps_c;rosidl_typesupport_introspection_c
-- Found rosidl_adapter: 1.3.0 (/opt/ros/foxy/share/rosidl_adapter/cmake)
-- Using all available rosidl_typesupport_cpp: rosidl_typesupport_fastrtps_cpp;rosidl_typesupport_introspection_cpp
-- Found rosidl_default_generators: 1.0.1 (/opt/ros/foxy/share/rosidl_default_generators/cmake)
-- Found sensor_msgs: 2.0.5 (/opt/ros/foxy/share/sensor_msgs/cmake)
-- Found visualization_msgs: 2.0.5 (/opt/ros/foxy/share/visualization_msgs/cmake)
-- Found PythonInterp: /usr/bin/python3 (found version "3.8.10") 
-- Found ament_cmake_ros: 0.9.2 (/opt/ros/foxy/share/ament_cmake_ros/cmake)
-- Using all available rosidl_typesupport_c: rosidl_typesupport_fastrtps_c;rosidl_typesupport_introspection_c
-- Using all available rosidl_typesupport_cpp: rosidl_typesupport_fastrtps_cpp;rosidl_typesupport_introspection_cpp
-- Found PythonInterp: /usr/bin/python3 (found suitable version "3.8.10", minimum required is "3.5") 
-- Found python_cmake_module: 0.8.1 (/opt/ros/foxy/share/python_cmake_module/cmake)
-- Using PYTHON_EXECUTABLE: /usr/bin/python3
-- Using PYTHON_INCLUDE_DIRS: /usr/include/python3.8
-- Using PYTHON_LIBRARIES: /usr/lib/x86_64-linux-gnu/libpython3.8.so
-- Found ament_lint_auto: 0.9.7 (/opt/ros/foxy/share/ament_lint_auto/cmake)
-- Added test 'copyright' to check source files copyright and LICENSE
-- Added test 'lint_cmake' to check CMake code style
-- Added test 'xmllint' to check XML markup files
-- Configuring done
-- Generating done
-- Build files have been written to: /root/research-1/build/mymsg
[  1%] Built target mymsg__cpp
[ 12%] Built target mymsg__rosidl_generator_c
[ 45%] Built target mymsg__rosidl_typesupport_c
[ 45%] Built target mymsg__rosidl_typesupport_introspection_cpp
[ 45%] Built target mymsg__rosidl_typesupport_cpp
[ 56%] Built target mymsg__rosidl_typesupport_introspection_c
[ 58%] [32m[1mLinking CXX shared library libmymsg__rosidl_typesupport_fastrtps_cpp.so[0m
[ 67%] Built target mymsg__rosidl_typesupport_fastrtps_cpp
[ 69%] [32m[1mLinking CXX shared library libmymsg__rosidl_typesupport_fastrtps_c.so[0m
[ 78%] Built target mymsg__rosidl_typesupport_fastrtps_c
[ 78%] Built target mymsg
[ 80%] Built target mymsg__py
[ 81%] [32m[1mLinking C shared library rosidl_generator_py/mymsg/libmymsg__python.so[0m
[ 89%] Built target mymsg__python
[ 94%] [32m[1mLinking C shared library rosidl_generator_py/mymsg/mymsg_s__rosidl_typesupport_c.cpython-38-x86_64-linux-gnu.so[0m
[ 94%] [32m[1mLinking C shared library rosidl_generator_py/mymsg/mymsg_s__rosidl_typesupport_introspection_c.cpython-38-x86_64-linux-gnu.so[0m
[ 94%] [32m[1mLinking CXX shared library rosidl_generator_py/mymsg/mymsg_s__rosidl_typesupport_fastrtps_c.cpython-38-x86_64-linux-gnu.so[0m
[ 98%] Built target mymsg__rosidl_typesupport_introspection_c__pyext
[ 98%] Built target mymsg__rosidl_typesupport_c__pyext
[100%] Built target mymsg__rosidl_typesupport_fastrtps_c__pyext
-- Install configuration: ""
-- Execute custom install script
-- Symlinking: /root/research-1/install/mymsg/share/ament_index/resource_index/rosidl_interfaces/mymsg
-- Symlinking: /root/research-1/install/mymsg/include/mymsg/msg/detail/multi_transform__functions.h
-- Symlinking: /root/research-1/install/mymsg/include/mymsg/msg/detail/multi_transform__struct.h
-- Symlinking: /root/research-1/install/mymsg/include/mymsg/msg/detail/multi_transform__type_support.h
-- Symlinking: /root/research-1/install/mymsg/include/mymsg/msg/detail/pose__functions.h
-- Symlinking: /root/research-1/install/mymsg/include/mymsg/msg/detail/pose__struct.h
-- Symlinking: /root/research-1/install/mymsg/include/mymsg/msg/detail/pose__type_support.h
-- Symlinking: /root/research-1/install/mymsg/include/mymsg/msg/detail/poses__functions.h
-- Symlinking: /root/research-1/install/mymsg/include/mymsg/msg/detail/poses__struct.h
-- Symlinking: /root/research-1/install/mymsg/include/mymsg/msg/detail/poses__type_support.h
-- Symlinking: /root/research-1/install/mymsg/include/mymsg/msg/detail/transform__functions.h
-- Symlinking: /root/research-1/install/mymsg/include/mymsg/msg/detail/transform__struct.h
-- Symlinking: /root/research-1/install/mymsg/include/mymsg/msg/detail/transform__type_support.h
-- Symlinking: /root/research-1/install/mymsg/include/mymsg/msg/multi_transform.h
-- Symlinking: /root/research-1/install/mymsg/include/mymsg/msg/pose.h
-- Symlinking: /root/research-1/install/mymsg/include/mymsg/msg/poses.h
-- Symlinking: /root/research-1/install/mymsg/include/mymsg/msg/rosidl_generator_c__visibility_control.h
-- Symlinking: /root/research-1/install/mymsg/include/mymsg/msg/transform.h
-- Symlinking: /root/research-1/install/mymsg/share/mymsg/environment/library_path.sh
-- Symlinking: /root/research-1/install/mymsg/share/mymsg/environment/library_path.dsv
-- Symlinking: /root/research-1/install/mymsg/include/mymsg/msg/detail/multi_transform__rosidl_typesupport_fastrtps_c.h
-- Symlinking: /root/research-1/install/mymsg/include/mymsg/msg/detail/pose__rosidl_typesupport_fastrtps_c.h
-- Symlinking: /root/research-1/install/mymsg/include/mymsg/msg/detail/poses__rosidl_typesupport_fastrtps_c.h
-- Symlinking: /root/research-1/install/mymsg/include/mymsg/msg/detail/transform__rosidl_typesupport_fastrtps_c.h
-- Symlinking: /root/research-1/install/mymsg/include/mymsg/msg/rosidl_typesupport_fastrtps_c__visibility_control.h
-- Symlinking: /root/research-1/install/mymsg/lib/libmymsg__rosidl_typesupport_fastrtps_c.so
-- Symlinking: /root/research-1/install/mymsg/include/mymsg/msg/detail/multi_transform__rosidl_typesupport_fastrtps_cpp.hpp
-- Symlinking: /root/research-1/install/mymsg/include/mymsg/msg/detail/pose__rosidl_typesupport_fastrtps_cpp.hpp
-- Symlinking: /root/research-1/install/mymsg/include/mymsg/msg/detail/poses__rosidl_typesupport_fastrtps_cpp.hpp
-- Symlinking: /root/research-1/install/mymsg/include/mymsg/msg/detail/transform__rosidl_typesupport_fastrtps_cpp.hpp
-- Symlinking: /root/research-1/install/mymsg/include/mymsg/msg/rosidl_typesupport_fastrtps_cpp__visibility_control.h
-- Symlinking: /root/research-1/install/mymsg/lib/libmymsg__rosidl_typesupport_fastrtps_cpp.so
-- Symlinking: /root/research-1/install/mymsg/include/mymsg/msg/detail/multi_transform__rosidl_typesupport_introspection_c.h
-- Symlinking: /root/research-1/install/mymsg/include/mymsg/msg/detail/pose__rosidl_typesupport_introspection_c.h
-- Symlinking: /root/research-1/install/mymsg/include/mymsg/msg/detail/poses__rosidl_typesupport_introspection_c.h
-- Symlinking: /root/research-1/install/mymsg/include/mymsg/msg/detail/transform__rosidl_typesupport_introspection_c.h
-- Symlinking: /root/research-1/install/mymsg/include/mymsg/msg/rosidl_typesupport_introspection_c__visibility_control.h
-- Symlinking: /root/research-1/install/mymsg/include/mymsg/msg/detail/multi_transform__builder.hpp
-- Symlinking: /root/research-1/install/mymsg/include/mymsg/msg/detail/multi_transform__struct.hpp
-- Symlinking: /root/research-1/install/mymsg/include/mymsg/msg/detail/multi_transform__traits.hpp
-- Symlinking: /root/research-1/install/mymsg/include/mymsg/msg/detail/pose__builder.hpp
-- Symlinking: /root/research-1/install/mymsg/include/mymsg/msg/detail/pose__struct.hpp
-- Symlinking: /root/research-1/install/mymsg/include/mymsg/msg/detail/pose__traits.hpp
-- Symlinking: /root/research-1/install/mymsg/include/mymsg/msg/detail/poses__builder.hpp
-- Symlinking: /root/research-1/install/mymsg/include/mymsg/msg/detail/poses__struct.hpp
-- Symlinking: /root/research-1/install/mymsg/include/mymsg/msg/detail/poses__traits.hpp
-- Symlinking: /root/research-1/install/mymsg/include/mymsg/msg/detail/transform__builder.hpp
-- Symlinking: /root/research-1/install/mymsg/include/mymsg/msg/detail/transform__struct.hpp
-- Symlinking: /root/research-1/install/mymsg/include/mymsg/msg/detail/transform__traits.hpp
-- Symlinking: /root/research-1/install/mymsg/include/mymsg/msg/multi_transform.hpp
-- Symlinking: /root/research-1/install/mymsg/include/mymsg/msg/pose.hpp
-- Symlinking: /root/research-1/install/mymsg/include/mymsg/msg/poses.hpp
-- Symlinking: /root/research-1/install/mymsg/include/mymsg/msg/transform.hpp
-- Symlinking: /root/research-1/install/mymsg/include/mymsg/msg/detail/multi_transform__rosidl_typesupport_introspection_cpp.hpp
-- Symlinking: /root/research-1/install/mymsg/include/mymsg/msg/detail/pose__rosidl_typesupport_introspection_cpp.hpp
-- Symlinking: /root/research-1/install/mymsg/include/mymsg/msg/detail/poses__rosidl_typesupport_introspection_cpp.hpp
-- Symlinking: /root/research-1/install/mymsg/include/mymsg/msg/detail/transform__rosidl_typesupport_introspection_cpp.hpp
-- Symlinking: /root/research-1/install/mymsg/share/mymsg/environment/pythonpath.sh
-- Symlinking: /root/research-1/install/mymsg/share/mymsg/environment/pythonpath.dsv
-- Symlinking: /root/research-1/install/mymsg/lib/python3.8/site-packages/mymsg/__init__.py
-- Symlinking: /root/research-1/install/mymsg/lib/python3.8/site-packages/mymsg/msg/__init__.py
-- Symlinking: /root/research-1/install/mymsg/lib/python3.8/site-packages/mymsg/msg/_multi_transform.py
-- Symlinking: /root/research-1/install/mymsg/lib/python3.8/site-packages/mymsg/msg/_pose.py
-- Symlinking: /root/research-1/install/mymsg/lib/python3.8/site-packages/mymsg/msg/_poses.py
-- Symlinking: /root/research-1/install/mymsg/lib/python3.8/site-packages/mymsg/msg/_transform.py
-- Symlinking: /root/research-1/install/mymsg/lib/python3.8/site-packages/mymsg/mymsg_s__rosidl_typesupport_fastrtps_c.cpython-38-x86_64-linux-gnu.so
-- Symlinking: /root/research-1/install/mymsg/lib/python3.8/site-packages/mymsg/mymsg_s__rosidl_typesupport_introspection_c.cpython-38-x86_64-linux-gnu.so
-- Symlinking: /root/research-1/install/mymsg/lib/python3.8/site-packages/mymsg/mymsg_s__rosidl_typesupport_c.cpython-38-x86_64-linux-gnu.so
-- Symlinking: /root/research-1/install/mymsg/lib/libmymsg__python.so
-- Symlinking: /root/research-1/install/mymsg/share/mymsg/msg/Pose.idl
-- Symlinking: /root/research-1/install/mymsg/share/mymsg/msg/Poses.idl
-- Symlinking: /root/research-1/install/mymsg/share/mymsg/msg/Transform.idl
-- Symlinking: /root/research-1/install/mymsg/share/mymsg/msg/MultiTransform.idl
-- Symlinking: /root/research-1/install/mymsg/share/mymsg/msg/Pose.msg
-- Symlinking: /root/research-1/install/mymsg/share/mymsg/msg/Poses.msg
-- Symlinking: /root/research-1/install/mymsg/share/mymsg/msg/Transform.msg
-- Symlinking: /root/research-1/install/mymsg/share/mymsg/msg/MultiTransform.msg
-- Symlinking: /root/research-1/install/mymsg/share/ament_index/resource_index/package_run_dependencies/mymsg
-- Symlinking: /root/research-1/install/mymsg/share/ament_index/resource_index/parent_prefix_path/mymsg
-- Symlinking: /root/research-1/install/mymsg/share/mymsg/environment/ament_prefix_path.sh
-- Symlinking: /root/research-1/install/mymsg/share/mymsg/environment/ament_prefix_path.dsv
-- Symlinking: /root/research-1/install/mymsg/share/mymsg/environment/path.sh
-- Symlinking: /root/research-1/install/mymsg/share/mymsg/environment/path.dsv
-- Symlinking: /root/research-1/install/mymsg/share/mymsg/local_setup.bash
-- Symlinking: /root/research-1/install/mymsg/share/mymsg/local_setup.sh
-- Symlinking: /root/research-1/install/mymsg/share/mymsg/local_setup.zsh
-- Symlinking: /root/research-1/install/mymsg/share/mymsg/local_setup.dsv
-- Symlinking: /root/research-1/install/mymsg/share/mymsg/package.dsv
-- Symlinking: /root/research-1/install/mymsg/share/ament_index/resource_index/packages/mymsg
-- Symlinking: /root/research-1/install/mymsg/share/mymsg/cmake/rosidl_cmake-extras.cmake
-- Symlinking: /root/research-1/install/mymsg/share/mymsg/cmake/ament_cmake_export_dependencies-extras.cmake
-- Symlinking: /root/research-1/install/mymsg/share/mymsg/cmake/ament_cmake_export_libraries-extras.cmake
-- Symlinking: /root/research-1/install/mymsg/share/mymsg/cmake/ament_cmake_export_targets-extras.cmake
-- Symlinking: /root/research-1/install/mymsg/share/mymsg/cmake/ament_cmake_export_include_directories-extras.cmake
-- Symlinking: /root/research-1/install/mymsg/share/mymsg/cmake/rosidl_cmake_export_typesupport_libraries-extras.cmake
-- Symlinking: /root/research-1/install/mymsg/share/mymsg/cmake/rosidl_cmake_export_typesupport_targets-extras.cmake
-- Symlinking: /root/research-1/install/mymsg/share/mymsg/cmake/mymsgConfig.cmake
-- Symlinking: /root/research-1/install/mymsg/share/mymsg/cmake/mymsgConfig-version.cmake
-- Symlinking: /root/research-1/install/mymsg/share/mymsg/package.xml
-- Up-to-date: /root/research-1/install/mymsg/lib/libmymsg__rosidl_generator_c.so
-- Up-to-date: /root/research-1/install/mymsg/lib/libmymsg__rosidl_typesupport_introspection_c.so
-- Up-to-date: /root/research-1/install/mymsg/lib/libmymsg__rosidl_typesupport_c.so
-- Up-to-date: /root/research-1/install/mymsg/lib/libmymsg__rosidl_typesupport_introspection_cpp.so
-- Up-to-date: /root/research-1/install/mymsg/lib/libmymsg__rosidl_typesupport_cpp.so
Compiling '/root/research-1/install/mymsg/lib/python3.8/site-packages/mymsg/__init__.py'...
-- Up-to-date: /root/research-1/install/mymsg/share/mymsg/cmake/mymsg__rosidl_generator_cExport.cmake
-- Installing: /root/research-1/install/mymsg/share/mymsg/cmake/mymsg__rosidl_generator_cExport-noconfig.cmake
-- Up-to-date: /root/research-1/install/mymsg/share/mymsg/cmake/mymsg__rosidl_typesupport_introspection_cExport.cmake
-- Installing: /root/research-1/install/mymsg/share/mymsg/cmake/mymsg__rosidl_typesupport_introspection_cExport-noconfig.cmake
-- Up-to-date: /root/research-1/install/mymsg/share/mymsg/cmake/mymsg__rosidl_typesupport_cExport.cmake
-- Installing: /root/research-1/install/mymsg/share/mymsg/cmake/mymsg__rosidl_typesupport_cExport-noconfig.cmake
-- Up-to-date: /root/research-1/install/mymsg/share/mymsg/cmake/mymsg__rosidl_generator_cppExport.cmake
-- Up-to-date: /root/research-1/install/mymsg/share/mymsg/cmake/mymsg__rosidl_typesupport_introspection_cppExport.cmake
-- Installing: /root/research-1/install/mymsg/share/mymsg/cmake/mymsg__rosidl_typesupport_introspection_cppExport-noconfig.cmake
-- Up-to-date: /root/research-1/install/mymsg/share/mymsg/cmake/mymsg__rosidl_typesupport_cppExport.cmake
-- Installing: /root/research-1/install/mymsg/share/mymsg/cmake/mymsg__rosidl_typesupport_cppExport-noconfig.cmake
