[0.016s] Invoking command in '/root/research-1/build/mymsg': CMAKE_PREFIX_PATH=${CMAKE_PREFIX_PATH}:/root/Pose_waypointmaker/install/tf2_pifpaf:/root/Pose_waypointmaker/install/ros2_pifpaf:/root/Pose_waypointmaker/install/pifpaf_navi:/root/sirius/sirius_ws/install/turtlebot3_teleop:/root/sirius/sirius_ws/install/turtlebot3_example:/opt/ros/foxy /usr/bin/cmake /root/research-1/src/mymsg -DAMENT_CMAKE_SYMLINK_INSTALL=1 -DCMAKE_INSTALL_PREFIX=/root/research-1/install/mymsg
[0.034s] -- Found ament_cmake: 0.9.11 (/opt/ros/foxy/share/ament_cmake/cmake)
[0.061s] -- Found PythonInterp: /usr/bin/python3 (found suitable version "3.8.10", minimum required is "3") 
[0.061s] -- Using PYTHON_EXECUTABLE: /usr/bin/python3
[0.239s] -- Override CMake install command with custom implementation using symlinks instead of copying resources
[0.248s] -- Found geometry_msgs: 2.0.5 (/opt/ros/foxy/share/geometry_msgs/cmake)
[0.273s] -- Using all available rosidl_typesupport_c: rosidl_typesupport_fastrtps_c;rosidl_typesupport_introspection_c
[0.276s] -- Found rosidl_adapter: 1.3.0 (/opt/ros/foxy/share/rosidl_adapter/cmake)
[0.440s] -- Using all available rosidl_typesupport_cpp: rosidl_typesupport_fastrtps_cpp;rosidl_typesupport_introspection_cpp
[0.513s] -- Found rosidl_default_generators: 1.0.1 (/opt/ros/foxy/share/rosidl_default_generators/cmake)
[0.524s] -- Found sensor_msgs: 2.0.5 (/opt/ros/foxy/share/sensor_msgs/cmake)
[0.590s] -- Found visualization_msgs: 2.0.5 (/opt/ros/foxy/share/visualization_msgs/cmake)
[0.688s] -- Found PythonInterp: /usr/bin/python3 (found version "3.8.10") 
[0.892s] -- Found ament_cmake_ros: 0.9.2 (/opt/ros/foxy/share/ament_cmake_ros/cmake)
[1.202s] -- Using all available rosidl_typesupport_c: rosidl_typesupport_fastrtps_c;rosidl_typesupport_introspection_c
[1.321s] -- Using all available rosidl_typesupport_cpp: rosidl_typesupport_fastrtps_cpp;rosidl_typesupport_introspection_cpp
[1.356s] -- Found PythonInterp: /usr/bin/python3 (found suitable version "3.8.10", minimum required is "3.5") 
[1.357s] -- Found python_cmake_module: 0.8.1 (/opt/ros/foxy/share/python_cmake_module/cmake)
[1.385s] -- Using PYTHON_EXECUTABLE: /usr/bin/python3
[1.385s] -- Using PYTHON_INCLUDE_DIRS: /usr/include/python3.8
[1.385s] -- Using PYTHON_LIBRARIES: /usr/lib/x86_64-linux-gnu/libpython3.8.so
[1.461s] -- Found ament_lint_auto: 0.9.7 (/opt/ros/foxy/share/ament_lint_auto/cmake)
[1.475s] -- Added test 'copyright' to check source files copyright and LICENSE
[1.478s] -- Added test 'lint_cmake' to check CMake code style
[1.480s] -- Added test 'xmllint' to check XML markup files
[1.486s] -- Configuring done
[1.565s] -- Generating done
[1.571s] -- Build files have been written to: /root/research-1/build/mymsg
[1.578s] Invoked command in '/root/research-1/build/mymsg' returned '0': CMAKE_PREFIX_PATH=${CMAKE_PREFIX_PATH}:/root/Pose_waypointmaker/install/tf2_pifpaf:/root/Pose_waypointmaker/install/ros2_pifpaf:/root/Pose_waypointmaker/install/pifpaf_navi:/root/sirius/sirius_ws/install/turtlebot3_teleop:/root/sirius/sirius_ws/install/turtlebot3_example:/opt/ros/foxy /usr/bin/cmake /root/research-1/src/mymsg -DAMENT_CMAKE_SYMLINK_INSTALL=1 -DCMAKE_INSTALL_PREFIX=/root/research-1/install/mymsg
[1.581s] Invoking command in '/root/research-1/build/mymsg': CMAKE_PREFIX_PATH=${CMAKE_PREFIX_PATH}:/root/Pose_waypointmaker/install/tf2_pifpaf:/root/Pose_waypointmaker/install/ros2_pifpaf:/root/Pose_waypointmaker/install/pifpaf_navi:/root/sirius/sirius_ws/install/turtlebot3_teleop:/root/sirius/sirius_ws/install/turtlebot3_example:/opt/ros/foxy /usr/bin/cmake --build /root/research-1/build/mymsg -- -j12 -l12
[1.644s] [  1%] Built target mymsg__cpp
[1.646s] [ 12%] Built target mymsg__rosidl_generator_c
[1.677s] [ 45%] Built target mymsg__rosidl_typesupport_c
[1.677s] [ 45%] Built target mymsg__rosidl_typesupport_introspection_cpp
[1.677s] [ 45%] Built target mymsg__rosidl_typesupport_cpp
[1.678s] [ 56%] Built target mymsg__rosidl_typesupport_introspection_c
[1.682s] [ 58%] [32m[1mLinking CXX shared library libmymsg__rosidl_typesupport_fastrtps_cpp.so[0m
[1.774s] [ 67%] Built target mymsg__rosidl_typesupport_fastrtps_cpp
[1.810s] [ 69%] [32m[1mLinking CXX shared library libmymsg__rosidl_typesupport_fastrtps_c.so[0m
[1.901s] [ 78%] Built target mymsg__rosidl_typesupport_fastrtps_c
[1.926s] [ 78%] Built target mymsg
[1.951s] [ 80%] Built target mymsg__py
[1.986s] [ 81%] [32m[1mLinking C shared library rosidl_generator_py/mymsg/libmymsg__python.so[0m
[2.038s] [ 89%] Built target mymsg__python
[2.075s] [ 94%] [32m[1mLinking C shared library rosidl_generator_py/mymsg/mymsg_s__rosidl_typesupport_c.cpython-38-x86_64-linux-gnu.so[0m
[2.075s] [ 94%] [32m[1mLinking C shared library rosidl_generator_py/mymsg/mymsg_s__rosidl_typesupport_introspection_c.cpython-38-x86_64-linux-gnu.so[0m
[2.075s] [ 94%] [32m[1mLinking CXX shared library rosidl_generator_py/mymsg/mymsg_s__rosidl_typesupport_fastrtps_c.cpython-38-x86_64-linux-gnu.so[0m
[2.124s] [ 98%] Built target mymsg__rosidl_typesupport_introspection_c__pyext
[2.124s] [ 98%] Built target mymsg__rosidl_typesupport_c__pyext
[2.152s] [100%] Built target mymsg__rosidl_typesupport_fastrtps_c__pyext
[2.166s] Invoked command in '/root/research-1/build/mymsg' returned '0': CMAKE_PREFIX_PATH=${CMAKE_PREFIX_PATH}:/root/Pose_waypointmaker/install/tf2_pifpaf:/root/Pose_waypointmaker/install/ros2_pifpaf:/root/Pose_waypointmaker/install/pifpaf_navi:/root/sirius/sirius_ws/install/turtlebot3_teleop:/root/sirius/sirius_ws/install/turtlebot3_example:/opt/ros/foxy /usr/bin/cmake --build /root/research-1/build/mymsg -- -j12 -l12
[2.375s] Invoking command in '/root/research-1/build/mymsg': CMAKE_PREFIX_PATH=${CMAKE_PREFIX_PATH}:/root/Pose_waypointmaker/install/tf2_pifpaf:/root/Pose_waypointmaker/install/ros2_pifpaf:/root/Pose_waypointmaker/install/pifpaf_navi:/root/sirius/sirius_ws/install/turtlebot3_teleop:/root/sirius/sirius_ws/install/turtlebot3_example:/opt/ros/foxy /usr/bin/cmake --install /root/research-1/build/mymsg
[2.391s] -- Install configuration: ""
[2.392s] -- Execute custom install script
[2.392s] -- Symlinking: /root/research-1/install/mymsg/share/ament_index/resource_index/rosidl_interfaces/mymsg
[2.411s] -- Symlinking: /root/research-1/install/mymsg/include/mymsg/msg/detail/multi_transform__functions.h
[2.429s] -- Symlinking: /root/research-1/install/mymsg/include/mymsg/msg/detail/multi_transform__struct.h
[2.447s] -- Symlinking: /root/research-1/install/mymsg/include/mymsg/msg/detail/multi_transform__type_support.h
[2.465s] -- Symlinking: /root/research-1/install/mymsg/include/mymsg/msg/detail/pose__functions.h
[2.482s] -- Symlinking: /root/research-1/install/mymsg/include/mymsg/msg/detail/pose__struct.h
[2.500s] -- Symlinking: /root/research-1/install/mymsg/include/mymsg/msg/detail/pose__type_support.h
[2.519s] -- Symlinking: /root/research-1/install/mymsg/include/mymsg/msg/detail/poses__functions.h
[2.537s] -- Symlinking: /root/research-1/install/mymsg/include/mymsg/msg/detail/poses__struct.h
[2.555s] -- Symlinking: /root/research-1/install/mymsg/include/mymsg/msg/detail/poses__type_support.h
[2.573s] -- Symlinking: /root/research-1/install/mymsg/include/mymsg/msg/detail/transform__functions.h
[2.590s] -- Symlinking: /root/research-1/install/mymsg/include/mymsg/msg/detail/transform__struct.h
[2.609s] -- Symlinking: /root/research-1/install/mymsg/include/mymsg/msg/detail/transform__type_support.h
[2.626s] -- Symlinking: /root/research-1/install/mymsg/include/mymsg/msg/multi_transform.h
[2.639s] -- Symlinking: /root/research-1/install/mymsg/include/mymsg/msg/pose.h
[2.649s] -- Symlinking: /root/research-1/install/mymsg/include/mymsg/msg/poses.h
[2.659s] -- Symlinking: /root/research-1/install/mymsg/include/mymsg/msg/rosidl_generator_c__visibility_control.h
[2.669s] -- Symlinking: /root/research-1/install/mymsg/include/mymsg/msg/transform.h
[2.679s] -- Symlinking: /root/research-1/install/mymsg/share/mymsg/environment/library_path.sh
[2.689s] -- Symlinking: /root/research-1/install/mymsg/share/mymsg/environment/library_path.dsv
[2.699s] -- Symlinking: /root/research-1/install/mymsg/include/mymsg/msg/detail/multi_transform__rosidl_typesupport_fastrtps_c.h
[2.709s] -- Symlinking: /root/research-1/install/mymsg/include/mymsg/msg/detail/pose__rosidl_typesupport_fastrtps_c.h
[2.719s] -- Symlinking: /root/research-1/install/mymsg/include/mymsg/msg/detail/poses__rosidl_typesupport_fastrtps_c.h
[2.729s] -- Symlinking: /root/research-1/install/mymsg/include/mymsg/msg/detail/transform__rosidl_typesupport_fastrtps_c.h
[2.739s] -- Symlinking: /root/research-1/install/mymsg/include/mymsg/msg/rosidl_typesupport_fastrtps_c__visibility_control.h
[2.750s] -- Symlinking: /root/research-1/install/mymsg/lib/libmymsg__rosidl_typesupport_fastrtps_c.so
[2.760s] -- Symlinking: /root/research-1/install/mymsg/include/mymsg/msg/detail/multi_transform__rosidl_typesupport_fastrtps_cpp.hpp
[2.770s] -- Symlinking: /root/research-1/install/mymsg/include/mymsg/msg/detail/pose__rosidl_typesupport_fastrtps_cpp.hpp
[2.780s] -- Symlinking: /root/research-1/install/mymsg/include/mymsg/msg/detail/poses__rosidl_typesupport_fastrtps_cpp.hpp
[2.790s] -- Symlinking: /root/research-1/install/mymsg/include/mymsg/msg/detail/transform__rosidl_typesupport_fastrtps_cpp.hpp
[2.800s] -- Symlinking: /root/research-1/install/mymsg/include/mymsg/msg/rosidl_typesupport_fastrtps_cpp__visibility_control.h
[2.811s] -- Symlinking: /root/research-1/install/mymsg/lib/libmymsg__rosidl_typesupport_fastrtps_cpp.so
[2.821s] -- Symlinking: /root/research-1/install/mymsg/include/mymsg/msg/detail/multi_transform__rosidl_typesupport_introspection_c.h
[2.831s] -- Symlinking: /root/research-1/install/mymsg/include/mymsg/msg/detail/pose__rosidl_typesupport_introspection_c.h
[2.842s] -- Symlinking: /root/research-1/install/mymsg/include/mymsg/msg/detail/poses__rosidl_typesupport_introspection_c.h
[2.852s] -- Symlinking: /root/research-1/install/mymsg/include/mymsg/msg/detail/transform__rosidl_typesupport_introspection_c.h
[2.862s] -- Symlinking: /root/research-1/install/mymsg/include/mymsg/msg/rosidl_typesupport_introspection_c__visibility_control.h
[2.873s] -- Symlinking: /root/research-1/install/mymsg/include/mymsg/msg/detail/multi_transform__builder.hpp
[2.883s] -- Symlinking: /root/research-1/install/mymsg/include/mymsg/msg/detail/multi_transform__struct.hpp
[2.893s] -- Symlinking: /root/research-1/install/mymsg/include/mymsg/msg/detail/multi_transform__traits.hpp
[2.903s] -- Symlinking: /root/research-1/install/mymsg/include/mymsg/msg/detail/pose__builder.hpp
[2.913s] -- Symlinking: /root/research-1/install/mymsg/include/mymsg/msg/detail/pose__struct.hpp
[2.924s] -- Symlinking: /root/research-1/install/mymsg/include/mymsg/msg/detail/pose__traits.hpp
[2.934s] -- Symlinking: /root/research-1/install/mymsg/include/mymsg/msg/detail/poses__builder.hpp
[2.945s] -- Symlinking: /root/research-1/install/mymsg/include/mymsg/msg/detail/poses__struct.hpp
[2.954s] -- Symlinking: /root/research-1/install/mymsg/include/mymsg/msg/detail/poses__traits.hpp
[2.964s] -- Symlinking: /root/research-1/install/mymsg/include/mymsg/msg/detail/transform__builder.hpp
[2.975s] -- Symlinking: /root/research-1/install/mymsg/include/mymsg/msg/detail/transform__struct.hpp
[2.985s] -- Symlinking: /root/research-1/install/mymsg/include/mymsg/msg/detail/transform__traits.hpp
[2.995s] -- Symlinking: /root/research-1/install/mymsg/include/mymsg/msg/multi_transform.hpp
[3.005s] -- Symlinking: /root/research-1/install/mymsg/include/mymsg/msg/pose.hpp
[3.015s] -- Symlinking: /root/research-1/install/mymsg/include/mymsg/msg/poses.hpp
[3.026s] -- Symlinking: /root/research-1/install/mymsg/include/mymsg/msg/transform.hpp
[3.036s] -- Symlinking: /root/research-1/install/mymsg/include/mymsg/msg/detail/multi_transform__rosidl_typesupport_introspection_cpp.hpp
[3.047s] -- Symlinking: /root/research-1/install/mymsg/include/mymsg/msg/detail/pose__rosidl_typesupport_introspection_cpp.hpp
[3.056s] -- Symlinking: /root/research-1/install/mymsg/include/mymsg/msg/detail/poses__rosidl_typesupport_introspection_cpp.hpp
[3.066s] -- Symlinking: /root/research-1/install/mymsg/include/mymsg/msg/detail/transform__rosidl_typesupport_introspection_cpp.hpp
[3.076s] -- Symlinking: /root/research-1/install/mymsg/share/mymsg/environment/pythonpath.sh
[3.087s] -- Symlinking: /root/research-1/install/mymsg/share/mymsg/environment/pythonpath.dsv
[3.097s] -- Symlinking: /root/research-1/install/mymsg/lib/python3.8/site-packages/mymsg/__init__.py
[3.107s] -- Symlinking: /root/research-1/install/mymsg/lib/python3.8/site-packages/mymsg/msg/__init__.py
[3.117s] -- Symlinking: /root/research-1/install/mymsg/lib/python3.8/site-packages/mymsg/msg/_multi_transform.py
[3.127s] -- Symlinking: /root/research-1/install/mymsg/lib/python3.8/site-packages/mymsg/msg/_pose.py
[3.137s] -- Symlinking: /root/research-1/install/mymsg/lib/python3.8/site-packages/mymsg/msg/_poses.py
[3.147s] -- Symlinking: /root/research-1/install/mymsg/lib/python3.8/site-packages/mymsg/msg/_transform.py
[3.158s] -- Symlinking: /root/research-1/install/mymsg/lib/python3.8/site-packages/mymsg/mymsg_s__rosidl_typesupport_fastrtps_c.cpython-38-x86_64-linux-gnu.so
[3.168s] -- Symlinking: /root/research-1/install/mymsg/lib/python3.8/site-packages/mymsg/mymsg_s__rosidl_typesupport_introspection_c.cpython-38-x86_64-linux-gnu.so
[3.178s] -- Symlinking: /root/research-1/install/mymsg/lib/python3.8/site-packages/mymsg/mymsg_s__rosidl_typesupport_c.cpython-38-x86_64-linux-gnu.so
[3.188s] -- Symlinking: /root/research-1/install/mymsg/lib/libmymsg__python.so
[3.199s] -- Symlinking: /root/research-1/install/mymsg/share/mymsg/msg/Pose.idl
[3.208s] -- Symlinking: /root/research-1/install/mymsg/share/mymsg/msg/Poses.idl
[3.219s] -- Symlinking: /root/research-1/install/mymsg/share/mymsg/msg/Transform.idl
[3.230s] -- Symlinking: /root/research-1/install/mymsg/share/mymsg/msg/MultiTransform.idl
[3.241s] -- Symlinking: /root/research-1/install/mymsg/share/mymsg/msg/Pose.msg
[3.252s] -- Symlinking: /root/research-1/install/mymsg/share/mymsg/msg/Poses.msg
[3.262s] -- Symlinking: /root/research-1/install/mymsg/share/mymsg/msg/Transform.msg
[3.273s] -- Symlinking: /root/research-1/install/mymsg/share/mymsg/msg/MultiTransform.msg
[3.283s] -- Symlinking: /root/research-1/install/mymsg/share/ament_index/resource_index/package_run_dependencies/mymsg
[3.294s] -- Symlinking: /root/research-1/install/mymsg/share/ament_index/resource_index/parent_prefix_path/mymsg
[3.306s] -- Symlinking: /root/research-1/install/mymsg/share/mymsg/environment/ament_prefix_path.sh
[3.317s] -- Symlinking: /root/research-1/install/mymsg/share/mymsg/environment/ament_prefix_path.dsv
[3.328s] -- Symlinking: /root/research-1/install/mymsg/share/mymsg/environment/path.sh
[3.340s] -- Symlinking: /root/research-1/install/mymsg/share/mymsg/environment/path.dsv
[3.352s] -- Symlinking: /root/research-1/install/mymsg/share/mymsg/local_setup.bash
[3.363s] -- Symlinking: /root/research-1/install/mymsg/share/mymsg/local_setup.sh
[3.375s] -- Symlinking: /root/research-1/install/mymsg/share/mymsg/local_setup.zsh
[3.386s] -- Symlinking: /root/research-1/install/mymsg/share/mymsg/local_setup.dsv
[3.398s] -- Symlinking: /root/research-1/install/mymsg/share/mymsg/package.dsv
[3.409s] -- Symlinking: /root/research-1/install/mymsg/share/ament_index/resource_index/packages/mymsg
[3.420s] -- Symlinking: /root/research-1/install/mymsg/share/mymsg/cmake/rosidl_cmake-extras.cmake
[3.432s] -- Symlinking: /root/research-1/install/mymsg/share/mymsg/cmake/ament_cmake_export_dependencies-extras.cmake
[3.444s] -- Symlinking: /root/research-1/install/mymsg/share/mymsg/cmake/ament_cmake_export_libraries-extras.cmake
[3.455s] -- Symlinking: /root/research-1/install/mymsg/share/mymsg/cmake/ament_cmake_export_targets-extras.cmake
[3.466s] -- Symlinking: /root/research-1/install/mymsg/share/mymsg/cmake/ament_cmake_export_include_directories-extras.cmake
[3.477s] -- Symlinking: /root/research-1/install/mymsg/share/mymsg/cmake/rosidl_cmake_export_typesupport_libraries-extras.cmake
[3.489s] -- Symlinking: /root/research-1/install/mymsg/share/mymsg/cmake/rosidl_cmake_export_typesupport_targets-extras.cmake
[3.499s] -- Symlinking: /root/research-1/install/mymsg/share/mymsg/cmake/mymsgConfig.cmake
[3.510s] -- Symlinking: /root/research-1/install/mymsg/share/mymsg/cmake/mymsgConfig-version.cmake
[3.521s] -- Symlinking: /root/research-1/install/mymsg/share/mymsg/package.xml
[3.532s] -- Up-to-date: /root/research-1/install/mymsg/lib/libmymsg__rosidl_generator_c.so
[3.533s] -- Up-to-date: /root/research-1/install/mymsg/lib/libmymsg__rosidl_typesupport_introspection_c.so
[3.534s] -- Up-to-date: /root/research-1/install/mymsg/lib/libmymsg__rosidl_typesupport_c.so
[3.534s] -- Up-to-date: /root/research-1/install/mymsg/lib/libmymsg__rosidl_typesupport_introspection_cpp.so
[3.535s] -- Up-to-date: /root/research-1/install/mymsg/lib/libmymsg__rosidl_typesupport_cpp.so
[3.571s] Compiling '/root/research-1/install/mymsg/lib/python3.8/site-packages/mymsg/__init__.py'...
[3.574s] -- Up-to-date: /root/research-1/install/mymsg/share/mymsg/cmake/mymsg__rosidl_generator_cExport.cmake
[3.575s] -- Installing: /root/research-1/install/mymsg/share/mymsg/cmake/mymsg__rosidl_generator_cExport-noconfig.cmake
[3.575s] -- Up-to-date: /root/research-1/install/mymsg/share/mymsg/cmake/mymsg__rosidl_typesupport_introspection_cExport.cmake
[3.575s] -- Installing: /root/research-1/install/mymsg/share/mymsg/cmake/mymsg__rosidl_typesupport_introspection_cExport-noconfig.cmake
[3.575s] -- Up-to-date: /root/research-1/install/mymsg/share/mymsg/cmake/mymsg__rosidl_typesupport_cExport.cmake
[3.576s] -- Installing: /root/research-1/install/mymsg/share/mymsg/cmake/mymsg__rosidl_typesupport_cExport-noconfig.cmake
[3.576s] -- Up-to-date: /root/research-1/install/mymsg/share/mymsg/cmake/mymsg__rosidl_generator_cppExport.cmake
[3.576s] -- Up-to-date: /root/research-1/install/mymsg/share/mymsg/cmake/mymsg__rosidl_typesupport_introspection_cppExport.cmake
[3.576s] -- Installing: /root/research-1/install/mymsg/share/mymsg/cmake/mymsg__rosidl_typesupport_introspection_cppExport-noconfig.cmake
[3.576s] -- Up-to-date: /root/research-1/install/mymsg/share/mymsg/cmake/mymsg__rosidl_typesupport_cppExport.cmake
[3.576s] -- Installing: /root/research-1/install/mymsg/share/mymsg/cmake/mymsg__rosidl_typesupport_cppExport-noconfig.cmake
[3.579s] Invoked command in '/root/research-1/build/mymsg' returned '0': CMAKE_PREFIX_PATH=${CMAKE_PREFIX_PATH}:/root/Pose_waypointmaker/install/tf2_pifpaf:/root/Pose_waypointmaker/install/ros2_pifpaf:/root/Pose_waypointmaker/install/pifpaf_navi:/root/sirius/sirius_ws/install/turtlebot3_teleop:/root/sirius/sirius_ws/install/turtlebot3_example:/opt/ros/foxy /usr/bin/cmake --install /root/research-1/build/mymsg
