running develop
running egg_info
writing ../../build/chaser_navigation_system/chaser_navigation_system.egg-info/PKG-INFO
writing dependency_links to ../../build/chaser_navigation_system/chaser_navigation_system.egg-info/dependency_links.txt
writing entry points to ../../build/chaser_navigation_system/chaser_navigation_system.egg-info/entry_points.txt
writing requirements to ../../build/chaser_navigation_system/chaser_navigation_system.egg-info/requires.txt
writing top-level names to ../../build/chaser_navigation_system/chaser_navigation_system.egg-info/top_level.txt
reading manifest file '../../build/chaser_navigation_system/chaser_navigation_system.egg-info/SOURCES.txt'
writing manifest file '../../build/chaser_navigation_system/chaser_navigation_system.egg-info/SOURCES.txt'
running build
running build_py
copying chaser_navigation_system/3d_pose_analysis.py -> /root/research-1/build/chaser_navigation_system/build/lib/chaser_navigation_system
copying chaser_navigation_system/pose_tf2.py -> /root/research-1/build/chaser_navigation_system/build/lib/chaser_navigation_system
running install
running install_lib
copying /root/research-1/build/chaser_navigation_system/build/lib/chaser_navigation_system/3d_pose_analysis.py -> /root/research-1/install/chaser_navigation_system/lib/python3.8/site-packages/chaser_navigation_system
copying /root/research-1/build/chaser_navigation_system/build/lib/chaser_navigation_system/pose_tf2.py -> /root/research-1/install/chaser_navigation_system/lib/python3.8/site-packages/chaser_navigation_system
byte-compiling /root/research-1/install/chaser_navigation_system/lib/python3.8/site-packages/chaser_navigation_system/3d_pose_analysis.py to 3d_pose_analysis.cpython-38.pyc
byte-compiling /root/research-1/install/chaser_navigation_system/lib/python3.8/site-packages/chaser_navigation_system/pose_tf2.py to pose_tf2.cpython-38.pyc
running install_data
running install_egg_info
removing '/root/research-1/install/chaser_navigation_system/lib/python3.8/site-packages/chaser_navigation_system-0.0.0-py3.8.egg-info' (and everything under it)
Copying ../../build/chaser_navigation_system/chaser_navigation_system.egg-info to /root/research-1/install/chaser_navigation_system/lib/python3.8/site-packages/chaser_navigation_system-0.0.0-py3.8.egg-info
running install_scripts
Installing image_cutter script to /root/research-1/install/chaser_navigation_system/lib/chaser_navigation_system
Installing image_inputer script to /root/research-1/install/chaser_navigation_system/lib/chaser_navigation_system
writing list of installed files to '/root/research-1/build/chaser_navigation_system/install.log'
