[0.267s] [34mcolcon[0m [1;30mDEBUG[0m [32mCommand line arguments: ['/usr/bin/colcon', 'build'][0m
[0.267s] [34mcolcon[0m [1;30mDEBUG[0m [32mParsed command line arguments: Namespace(ament_cmake_args=None, base_paths=['.'], build_base='build', catkin_cmake_args=None, catkin_skip_building_tests=False, cmake_args=None, cmake_clean_cache=False, cmake_clean_first=False, cmake_force_configure=False, cmake_target=None, cmake_target_skip_unavailable=False, continue_on_error=False, event_handlers=None, executor='parallel', ignore_user_meta=False, install_base='install', log_base=None, log_level=None, main=<bound method BuildVerb.main of <colcon_core.verb.build.BuildVerb object at 0x7f5d3cd94d00>>, merge_install=False, metas=['./colcon.meta'], packages_above=None, packages_above_and_dependencies=None, packages_above_depth=None, packages_end=None, packages_ignore=None, packages_ignore_regex=None, packages_select=None, packages_select_build_failed=False, packages_select_by_dep=None, packages_select_regex=None, packages_select_test_failures=False, packages_skip=None, packages_skip_build_finished=False, packages_skip_by_dep=None, packages_skip_regex=None, packages_skip_test_passed=False, packages_skip_up_to=None, packages_start=None, packages_up_to=None, packages_up_to_regex=None, parallel_workers=12, paths=None, symlink_install=False, test_result_base=None, verb_extension=<colcon_core.verb.build.BuildVerb object at 0x7f5d3cd94d00>, verb_name='build', verb_parser=<colcon_defaults.argument_parser.defaults.DefaultArgumentsDecorator object at 0x7f5d3cda02b0>)[0m
[0.313s] [34mcolcon.colcon_core.package_discovery[0m [1;30mLevel 1[0m discover_packages(colcon_meta) check parameters
[0.313s] [34mcolcon.colcon_core.package_discovery[0m [1;30mLevel 1[0m discover_packages(recursive) check parameters
[0.314s] [34mcolcon.colcon_core.package_discovery[0m [1;30mLevel 1[0m discover_packages(ignore) check parameters
[0.314s] [34mcolcon.colcon_core.package_discovery[0m [1;30mLevel 1[0m discover_packages(path) check parameters
[0.314s] [34mcolcon.colcon_core.package_discovery[0m [1;30mLevel 1[0m discover_packages(colcon_meta) discover
[0.314s] [34mcolcon.colcon_core.package_discovery[0m [1;30mLevel 1[0m discover_packages(recursive) discover
[0.314s] [34mcolcon.colcon_core.package_discovery[0m [1;30mINFO[0m Crawling recursively for packages in '/root/research-1'
[0.314s] [34mcolcon.colcon_core.package_identification[0m [1;30mLevel 1[0m _identify(.) by extensions ['ignore', 'ignore_ament_install']
[0.314s] [34mcolcon.colcon_core.package_identification[0m [1;30mLevel 1[0m _identify(.) by extension 'ignore'
[0.314s] [34mcolcon.colcon_core.package_identification[0m [1;30mLevel 1[0m _identify(.) by extension 'ignore_ament_install'
[0.314s] [34mcolcon.colcon_core.package_identification[0m [1;30mLevel 1[0m _identify(.) by extensions ['colcon_pkg']
[0.314s] [34mcolcon.colcon_core.package_identification[0m [1;30mLevel 1[0m _identify(.) by extension 'colcon_pkg'
[0.314s] [34mcolcon.colcon_core.package_identification[0m [1;30mLevel 1[0m _identify(.) by extensions ['colcon_meta']
[0.314s] [34mcolcon.colcon_core.package_identification[0m [1;30mLevel 1[0m _identify(.) by extension 'colcon_meta'
[0.314s] [34mcolcon.colcon_core.package_identification[0m [1;30mLevel 1[0m _identify(.) by extensions ['ros']
[0.314s] [34mcolcon.colcon_core.package_identification[0m [1;30mLevel 1[0m _identify(.) by extension 'ros'
[0.330s] [34mcolcon.colcon_core.package_identification[0m [1;30mLevel 1[0m _identify(.) by extensions ['cmake', 'python']
[0.330s] [34mcolcon.colcon_core.package_identification[0m [1;30mLevel 1[0m _identify(.) by extension 'cmake'
[0.330s] [34mcolcon.colcon_core.package_identification[0m [1;30mLevel 1[0m _identify(.) by extension 'python'
[0.330s] [34mcolcon.colcon_core.package_identification[0m [1;30mLevel 1[0m _identify(.) by extensions ['python_setup_py']
[0.330s] [34mcolcon.colcon_core.package_identification[0m [1;30mLevel 1[0m _identify(.) by extension 'python_setup_py'
[0.330s] [34mcolcon.colcon_core.package_identification[0m [1;30mLevel 1[0m _identify(build) by extensions ['ignore', 'ignore_ament_install']
[0.330s] [34mcolcon.colcon_core.package_identification[0m [1;30mLevel 1[0m _identify(build) by extension 'ignore'
[0.330s] [34mcolcon.colcon_core.package_identification[0m [1;30mLevel 1[0m _identify(build) ignored
[0.330s] [34mcolcon.colcon_core.package_identification[0m [1;30mLevel 1[0m _identify(install) by extensions ['ignore', 'ignore_ament_install']
[0.330s] [34mcolcon.colcon_core.package_identification[0m [1;30mLevel 1[0m _identify(install) by extension 'ignore'
[0.330s] [34mcolcon.colcon_core.package_identification[0m [1;30mLevel 1[0m _identify(install) ignored
[0.330s] [34mcolcon.colcon_core.package_identification[0m [1;30mLevel 1[0m _identify(log) by extensions ['ignore', 'ignore_ament_install']
[0.331s] [34mcolcon.colcon_core.package_identification[0m [1;30mLevel 1[0m _identify(log) by extension 'ignore'
[0.331s] [34mcolcon.colcon_core.package_identification[0m [1;30mLevel 1[0m _identify(log) ignored
[0.331s] [34mcolcon.colcon_core.package_identification[0m [1;30mLevel 1[0m _identify(src) by extensions ['ignore', 'ignore_ament_install']
[0.331s] [34mcolcon.colcon_core.package_identification[0m [1;30mLevel 1[0m _identify(src) by extension 'ignore'
[0.331s] [34mcolcon.colcon_core.package_identification[0m [1;30mLevel 1[0m _identify(src) by extension 'ignore_ament_install'
[0.331s] [34mcolcon.colcon_core.package_identification[0m [1;30mLevel 1[0m _identify(src) by extensions ['colcon_pkg']
[0.331s] [34mcolcon.colcon_core.package_identification[0m [1;30mLevel 1[0m _identify(src) by extension 'colcon_pkg'
[0.331s] [34mcolcon.colcon_core.package_identification[0m [1;30mLevel 1[0m _identify(src) by extensions ['colcon_meta']
[0.331s] [34mcolcon.colcon_core.package_identification[0m [1;30mLevel 1[0m _identify(src) by extension 'colcon_meta'
[0.331s] [34mcolcon.colcon_core.package_identification[0m [1;30mLevel 1[0m _identify(src) by extensions ['ros']
[0.331s] [34mcolcon.colcon_core.package_identification[0m [1;30mLevel 1[0m _identify(src) by extension 'ros'
[0.331s] [34mcolcon.colcon_core.package_identification[0m [1;30mLevel 1[0m _identify(src) by extensions ['cmake', 'python']
[0.331s] [34mcolcon.colcon_core.package_identification[0m [1;30mLevel 1[0m _identify(src) by extension 'cmake'
[0.331s] [34mcolcon.colcon_core.package_identification[0m [1;30mLevel 1[0m _identify(src) by extension 'python'
[0.331s] [34mcolcon.colcon_core.package_identification[0m [1;30mLevel 1[0m _identify(src) by extensions ['python_setup_py']
[0.331s] [34mcolcon.colcon_core.package_identification[0m [1;30mLevel 1[0m _identify(src) by extension 'python_setup_py'
[0.331s] [34mcolcon.colcon_core.package_identification[0m [1;30mLevel 1[0m _identify(src/chaser_navigation_system) by extensions ['ignore', 'ignore_ament_install']
[0.331s] [34mcolcon.colcon_core.package_identification[0m [1;30mLevel 1[0m _identify(src/chaser_navigation_system) by extension 'ignore'
[0.332s] [34mcolcon.colcon_core.package_identification[0m [1;30mLevel 1[0m _identify(src/chaser_navigation_system) by extension 'ignore_ament_install'
[0.332s] [34mcolcon.colcon_core.package_identification[0m [1;30mLevel 1[0m _identify(src/chaser_navigation_system) by extensions ['colcon_pkg']
[0.332s] [34mcolcon.colcon_core.package_identification[0m [1;30mLevel 1[0m _identify(src/chaser_navigation_system) by extension 'colcon_pkg'
[0.332s] [34mcolcon.colcon_core.package_identification[0m [1;30mLevel 1[0m _identify(src/chaser_navigation_system) by extensions ['colcon_meta']
[0.332s] [34mcolcon.colcon_core.package_identification[0m [1;30mLevel 1[0m _identify(src/chaser_navigation_system) by extension 'colcon_meta'
[0.332s] [34mcolcon.colcon_core.package_identification[0m [1;30mLevel 1[0m _identify(src/chaser_navigation_system) by extensions ['ros']
[0.332s] [34mcolcon.colcon_core.package_identification[0m [1;30mLevel 1[0m _identify(src/chaser_navigation_system) by extension 'ros'
[0.388s] [34mcolcon.colcon_core.package_identification[0m [1;30mDEBUG[0m [32mFailed to parse potential ROS package manifest in'src/chaser_navigation_system': Error(s) in package 'src/chaser_navigation_system/package.xml':
The manifest contains invalid XML:
mismatched tag: line 25, column 2[0m
[0.388s] [34mcolcon.colcon_core.package_identification[0m [1;30mLevel 1[0m _identify(src/chaser_navigation_system) by extensions ['cmake', 'python']
[0.388s] [34mcolcon.colcon_core.package_identification[0m [1;30mLevel 1[0m _identify(src/chaser_navigation_system) by extension 'cmake'
[0.388s] [34mcolcon.colcon_core.package_identification[0m [1;30mLevel 1[0m _identify(src/chaser_navigation_system) by extension 'python'
[0.388s] [34mcolcon.colcon_core.package_identification[0m [1;30mDEBUG[0m [32mPython package in 'src/chaser_navigation_system' passes arguments to the setup() function which requires a different identification extension than 'python'[0m
[0.388s] [34mcolcon.colcon_core.package_identification[0m [1;30mLevel 1[0m _identify(src/chaser_navigation_system) by extensions ['python_setup_py']
[0.389s] [34mcolcon.colcon_core.package_identification[0m [1;30mLevel 1[0m _identify(src/chaser_navigation_system) by extension 'python_setup_py'
[0.641s] [34mcolcon.colcon_core.package_identification[0m [1;30mDEBUG[0m [32mPackage 'src/chaser_navigation_system' with type 'python' and name 'chaser_navigation_system'[0m
[0.642s] [34mcolcon.colcon_core.package_identification[0m [1;30mLevel 1[0m _identify(src/mymsg) by extensions ['ignore', 'ignore_ament_install']
[0.642s] [34mcolcon.colcon_core.package_identification[0m [1;30mLevel 1[0m _identify(src/mymsg) by extension 'ignore'
[0.642s] [34mcolcon.colcon_core.package_identification[0m [1;30mLevel 1[0m _identify(src/mymsg) by extension 'ignore_ament_install'
[0.642s] [34mcolcon.colcon_core.package_identification[0m [1;30mLevel 1[0m _identify(src/mymsg) by extensions ['colcon_pkg']
[0.642s] [34mcolcon.colcon_core.package_identification[0m [1;30mLevel 1[0m _identify(src/mymsg) by extension 'colcon_pkg'
[0.642s] [34mcolcon.colcon_core.package_identification[0m [1;30mLevel 1[0m _identify(src/mymsg) by extensions ['colcon_meta']
[0.642s] [34mcolcon.colcon_core.package_identification[0m [1;30mLevel 1[0m _identify(src/mymsg) by extension 'colcon_meta'
[0.642s] [34mcolcon.colcon_core.package_identification[0m [1;30mLevel 1[0m _identify(src/mymsg) by extensions ['ros']
[0.642s] [34mcolcon.colcon_core.package_identification[0m [1;30mLevel 1[0m _identify(src/mymsg) by extension 'ros'
[0.645s] [34mcolcon.colcon_core.package_identification[0m [1;30mDEBUG[0m [32mPackage 'src/mymsg' with type 'ros.ament_cmake' and name 'mymsg'[0m
[0.645s] [34mcolcon.colcon_core.package_discovery[0m [1;30mLevel 1[0m discover_packages(recursive) using defaults
[0.646s] [34mcolcon.colcon_core.package_discovery[0m [1;30mLevel 1[0m discover_packages(ignore) discover
[0.646s] [34mcolcon.colcon_core.package_discovery[0m [1;30mLevel 1[0m discover_packages(ignore) using defaults
[0.646s] [34mcolcon.colcon_core.package_discovery[0m [1;30mLevel 1[0m discover_packages(path) discover
[0.646s] [34mcolcon.colcon_core.package_discovery[0m [1;30mLevel 1[0m discover_packages(path) using defaults
[0.682s] [34mcolcon.colcon_core.verb[0m [1;30mLevel 5[0m set package 'chaser_navigation_system' build argument 'cmake_args' from command line to 'None'
[0.682s] [34mcolcon.colcon_core.verb[0m [1;30mLevel 5[0m set package 'chaser_navigation_system' build argument 'cmake_target' from command line to 'None'
[0.682s] [34mcolcon.colcon_core.verb[0m [1;30mLevel 5[0m set package 'chaser_navigation_system' build argument 'cmake_target_skip_unavailable' from command line to 'False'
[0.682s] [34mcolcon.colcon_core.verb[0m [1;30mLevel 5[0m set package 'chaser_navigation_system' build argument 'cmake_clean_cache' from command line to 'False'
[0.682s] [34mcolcon.colcon_core.verb[0m [1;30mLevel 5[0m set package 'chaser_navigation_system' build argument 'cmake_clean_first' from command line to 'False'
[0.682s] [34mcolcon.colcon_core.verb[0m [1;30mLevel 5[0m set package 'chaser_navigation_system' build argument 'cmake_force_configure' from command line to 'False'
[0.682s] [34mcolcon.colcon_core.verb[0m [1;30mLevel 5[0m set package 'chaser_navigation_system' build argument 'ament_cmake_args' from command line to 'None'
[0.682s] [34mcolcon.colcon_core.verb[0m [1;30mLevel 5[0m set package 'chaser_navigation_system' build argument 'catkin_cmake_args' from command line to 'None'
[0.682s] [34mcolcon.colcon_core.verb[0m [1;30mLevel 5[0m set package 'chaser_navigation_system' build argument 'catkin_skip_building_tests' from command line to 'False'
[0.682s] [34mcolcon.colcon_core.verb[0m [1;30mDEBUG[0m [32mBuilding package 'chaser_navigation_system' with the following arguments: {'ament_cmake_args': None, 'build_base': '/root/research-1/build/chaser_navigation_system', 'catkin_cmake_args': None, 'catkin_skip_building_tests': False, 'cmake_args': None, 'cmake_clean_cache': False, 'cmake_clean_first': False, 'cmake_force_configure': False, 'cmake_target': None, 'cmake_target_skip_unavailable': False, 'install_base': '/root/research-1/install/chaser_navigation_system', 'merge_install': False, 'path': '/root/research-1/src/chaser_navigation_system', 'symlink_install': False, 'test_result_base': None}[0m
[0.683s] [34mcolcon.colcon_core.verb[0m [1;30mLevel 5[0m set package 'mymsg' build argument 'cmake_args' from command line to 'None'
[0.683s] [34mcolcon.colcon_core.verb[0m [1;30mLevel 5[0m set package 'mymsg' build argument 'cmake_target' from command line to 'None'
[0.683s] [34mcolcon.colcon_core.verb[0m [1;30mLevel 5[0m set package 'mymsg' build argument 'cmake_target_skip_unavailable' from command line to 'False'
[0.683s] [34mcolcon.colcon_core.verb[0m [1;30mLevel 5[0m set package 'mymsg' build argument 'cmake_clean_cache' from command line to 'False'
[0.683s] [34mcolcon.colcon_core.verb[0m [1;30mLevel 5[0m set package 'mymsg' build argument 'cmake_clean_first' from command line to 'False'
[0.683s] [34mcolcon.colcon_core.verb[0m [1;30mLevel 5[0m set package 'mymsg' build argument 'cmake_force_configure' from command line to 'False'
[0.683s] [34mcolcon.colcon_core.verb[0m [1;30mLevel 5[0m set package 'mymsg' build argument 'ament_cmake_args' from command line to 'None'
[0.683s] [34mcolcon.colcon_core.verb[0m [1;30mLevel 5[0m set package 'mymsg' build argument 'catkin_cmake_args' from command line to 'None'
[0.683s] [34mcolcon.colcon_core.verb[0m [1;30mLevel 5[0m set package 'mymsg' build argument 'catkin_skip_building_tests' from command line to 'False'
[0.683s] [34mcolcon.colcon_core.verb[0m [1;30mDEBUG[0m [32mBuilding package 'mymsg' with the following arguments: {'ament_cmake_args': None, 'build_base': '/root/research-1/build/mymsg', 'catkin_cmake_args': None, 'catkin_skip_building_tests': False, 'cmake_args': None, 'cmake_clean_cache': False, 'cmake_clean_first': False, 'cmake_force_configure': False, 'cmake_target': None, 'cmake_target_skip_unavailable': False, 'install_base': '/root/research-1/install/mymsg', 'merge_install': False, 'path': '/root/research-1/src/mymsg', 'symlink_install': False, 'test_result_base': None}[0m
[0.684s] [34mcolcon.colcon_core.executor[0m [1;30mINFO[0m Executing jobs using 'parallel' executor
[0.688s] [34mcolcon.colcon_parallel_executor.executor.parallel[0m [1;30mDEBUG[0m [32mrun_until_complete[0m
[0.688s] [34mcolcon.colcon_core.task.python.build[0m [1;30mINFO[0m Building Python package in '/root/research-1/src/chaser_navigation_system'
[0.696s] [34mcolcon.colcon_core.plugin_system[0m [1;30mINFO[0m Skipping extension 'colcon_core.shell.bat': Not used on non-Windows systems
[0.696s] [34mcolcon.colcon_core.shell[0m [1;30mINFO[0m Skip shell extension 'powershell' for command environment: Not usable outside of PowerShell
[0.696s] [34mcolcon.colcon_core.shell[0m [1;30mDEBUG[0m [32mSkip shell extension 'dsv' for command environment[0m
[0.699s] [34mcolcon.colcon_ros.prefix_path.ament[0m [1;30mWARNING[0m [33mThe path '/root/research-1/install/mymsg' in the environment variable AMENT_PREFIX_PATH doesn't exist[0m
[0.710s] [34mcolcon.colcon_ros.prefix_path.catkin[0m [1;30mWARNING[0m [33mThe path '/root/research-1/install/mymsg' in the environment variable CMAKE_PREFIX_PATH doesn't exist[0m
[0.757s] [34mcolcon.colcon_ros.task.ament_cmake.build[0m [1;30mINFO[0m Building ROS package in '/root/research-1/src/mymsg' with build type 'ament_cmake'
[0.758s] [34mcolcon.colcon_cmake.task.cmake.build[0m [1;30mINFO[0m Building CMake package in '/root/research-1/src/mymsg'
[0.760s] [34mcolcon.colcon_core.shell[0m [1;30mINFO[0m Skip shell extension 'powershell' for command environment: Not usable outside of PowerShell
[0.760s] [34mcolcon.colcon_core.shell[0m [1;30mDEBUG[0m [32mSkip shell extension 'dsv' for command environment[0m
[1.061s] [34mcolcon.colcon_core.event_handler.log_command[0m [1;30mDEBUG[0m [32mInvoking command in '/root/research-1/build/mymsg': CMAKE_PREFIX_PATH=${CMAKE_PREFIX_PATH}:/root/research/install/chaser_navigation_system:/root/Pose_waypointmaker/install/tf2_pifpaf:/root/Pose_waypointmaker/install/ros2_pifpaf:/root/Pose_waypointmaker/install/pifpaf_navi:/opt/ros/foxy _=/usr/bin/env /usr/bin/cmake /root/research-1/src/mymsg -DCMAKE_INSTALL_PREFIX=/root/research-1/install/mymsg[0m
[1.699s] [34mcolcon.colcon_core.event_handler.log_command[0m [1;30mDEBUG[0m [32mInvoking command in '/root/research-1/src/chaser_navigation_system': PYTHONPATH=/root/research-1/install/chaser_navigation_system/lib/python3.8/site-packages:${PYTHONPATH} _=/usr/bin/env /usr/bin/python3 setup.py egg_info --egg-base ../../build/chaser_navigation_system build --build-base /root/research-1/build/chaser_navigation_system/build install --prefix /root/research-1/install/chaser_navigation_system --record /root/research-1/build/chaser_navigation_system/install.log --single-version-externally-managed[0m
[2.051s] [34mcolcon.colcon_core.event_handler.log_command[0m [1;30mDEBUG[0m [32mInvoked command in '/root/research-1/src/chaser_navigation_system' returned '0': PYTHONPATH=/root/research-1/install/chaser_navigation_system/lib/python3.8/site-packages:${PYTHONPATH} _=/usr/bin/env /usr/bin/python3 setup.py egg_info --egg-base ../../build/chaser_navigation_system build --build-base /root/research-1/build/chaser_navigation_system/build install --prefix /root/research-1/install/chaser_navigation_system --record /root/research-1/build/chaser_navigation_system/install.log --single-version-externally-managed[0m
[2.062s] [34mcolcon.colcon_core.environment[0m [1;30mLevel 1[0m checking '/root/research-1/install/chaser_navigation_system' for CMake module files
[2.063s] [34mcolcon.colcon_core.environment[0m [1;30mLevel 1[0m checking '/root/research-1/install/chaser_navigation_system' for CMake config files
[2.064s] [34mcolcon.colcon_core.environment[0m [1;30mLevel 1[0m checking '/root/research-1/install/chaser_navigation_system/lib'
[2.064s] [34mcolcon.colcon_core.environment[0m [1;30mLevel 1[0m checking '/root/research-1/install/chaser_navigation_system/bin'
[2.064s] [34mcolcon.colcon_core.environment[0m [1;30mLevel 1[0m checking '/root/research-1/install/chaser_navigation_system/lib/pkgconfig/chaser_navigation_system.pc'
[2.064s] [34mcolcon.colcon_core.environment[0m [1;30mLevel 1[0m checking '/root/research-1/install/chaser_navigation_system/lib/python3.8/site-packages'
[2.064s] [34mcolcon.colcon_core.shell[0m [1;30mLevel 1[0m create_environment_hook('chaser_navigation_system', 'pythonpath')
[2.066s] [34mcolcon.colcon_core.shell[0m [1;30mINFO[0m Creating environment hook '/root/research-1/install/chaser_navigation_system/share/chaser_navigation_system/hook/pythonpath.ps1'
[2.067s] [34mcolcon.colcon_core.shell[0m [1;30mINFO[0m Creating environment descriptor '/root/research-1/install/chaser_navigation_system/share/chaser_navigation_system/hook/pythonpath.dsv'
[2.068s] [34mcolcon.colcon_core.shell[0m [1;30mINFO[0m Creating environment hook '/root/research-1/install/chaser_navigation_system/share/chaser_navigation_system/hook/pythonpath.sh'
[2.070s] [34mcolcon.colcon_core.environment[0m [1;30mLevel 1[0m checking '/root/research-1/install/chaser_navigation_system/bin'
[2.070s] [34mcolcon.colcon_core.environment[0m [1;30mLevel 1[0m create_environment_scripts_only(chaser_navigation_system)
[2.072s] [34mcolcon.colcon_core.shell[0m [1;30mINFO[0m Creating package script '/root/research-1/install/chaser_navigation_system/share/chaser_navigation_system/package.ps1'
[2.073s] [34mcolcon.colcon_core.shell[0m [1;30mINFO[0m Creating package descriptor '/root/research-1/install/chaser_navigation_system/share/chaser_navigation_system/package.dsv'
[2.074s] [34mcolcon.colcon_core.shell[0m [1;30mINFO[0m Creating package script '/root/research-1/install/chaser_navigation_system/share/chaser_navigation_system/package.sh'
[2.075s] [34mcolcon.colcon_core.shell[0m [1;30mINFO[0m Creating package script '/root/research-1/install/chaser_navigation_system/share/chaser_navigation_system/package.bash'
[2.076s] [34mcolcon.colcon_core.shell[0m [1;30mINFO[0m Creating package script '/root/research-1/install/chaser_navigation_system/share/chaser_navigation_system/package.zsh'
[2.078s] [34mcolcon.colcon_core.environment[0m [1;30mLevel 1[0m create_file_with_runtime_dependencies(/root/research-1/install/chaser_navigation_system/share/colcon-core/packages/chaser_navigation_system)
[4.517s] [34mcolcon.colcon_core.event_handler.log_command[0m [1;30mDEBUG[0m [32mInvoked command in '/root/research-1/build/mymsg' returned '0': CMAKE_PREFIX_PATH=${CMAKE_PREFIX_PATH}:/root/research/install/chaser_navigation_system:/root/Pose_waypointmaker/install/tf2_pifpaf:/root/Pose_waypointmaker/install/ros2_pifpaf:/root/Pose_waypointmaker/install/pifpaf_navi:/opt/ros/foxy _=/usr/bin/env /usr/bin/cmake /root/research-1/src/mymsg -DCMAKE_INSTALL_PREFIX=/root/research-1/install/mymsg[0m
[4.521s] [34mcolcon.colcon_core.event_handler.log_command[0m [1;30mDEBUG[0m [32mInvoking command in '/root/research-1/build/mymsg': CMAKE_PREFIX_PATH=${CMAKE_PREFIX_PATH}:/root/research/install/chaser_navigation_system:/root/Pose_waypointmaker/install/tf2_pifpaf:/root/Pose_waypointmaker/install/ros2_pifpaf:/root/Pose_waypointmaker/install/pifpaf_navi:/opt/ros/foxy _=/usr/bin/env /usr/bin/cmake --build /root/research-1/build/mymsg -- -j12 -l12[0m
[9.527s] [34mcolcon.colcon_core.event_handler.log_command[0m [1;30mDEBUG[0m [32mInvoked command in '/root/research-1/build/mymsg' returned '0': CMAKE_PREFIX_PATH=${CMAKE_PREFIX_PATH}:/root/research/install/chaser_navigation_system:/root/Pose_waypointmaker/install/tf2_pifpaf:/root/Pose_waypointmaker/install/ros2_pifpaf:/root/Pose_waypointmaker/install/pifpaf_navi:/opt/ros/foxy _=/usr/bin/env /usr/bin/cmake --build /root/research-1/build/mymsg -- -j12 -l12[0m
[9.785s] [34mcolcon.colcon_core.event_handler.log_command[0m [1;30mDEBUG[0m [32mInvoking command in '/root/research-1/build/mymsg': CMAKE_PREFIX_PATH=${CMAKE_PREFIX_PATH}:/root/research/install/chaser_navigation_system:/root/Pose_waypointmaker/install/tf2_pifpaf:/root/Pose_waypointmaker/install/ros2_pifpaf:/root/Pose_waypointmaker/install/pifpaf_navi:/opt/ros/foxy _=/usr/bin/env /usr/bin/cmake --install /root/research-1/build/mymsg[0m
[9.876s] [34mcolcon.colcon_core.environment[0m [1;30mLevel 1[0m create_environment_scripts_only(mymsg)
[9.880s] [34mcolcon.colcon_core.environment[0m [1;30mLevel 1[0m checking '/root/research-1/install/mymsg' for CMake module files
[9.881s] [34mcolcon.colcon_core.event_handler.log_command[0m [1;30mDEBUG[0m [32mInvoked command in '/root/research-1/build/mymsg' returned '0': CMAKE_PREFIX_PATH=${CMAKE_PREFIX_PATH}:/root/research/install/chaser_navigation_system:/root/Pose_waypointmaker/install/tf2_pifpaf:/root/Pose_waypointmaker/install/ros2_pifpaf:/root/Pose_waypointmaker/install/pifpaf_navi:/opt/ros/foxy _=/usr/bin/env /usr/bin/cmake --install /root/research-1/build/mymsg[0m
[9.882s] [34mcolcon.colcon_core.environment[0m [1;30mLevel 1[0m checking '/root/research-1/install/mymsg' for CMake config files
[9.883s] [34mcolcon.colcon_core.shell[0m [1;30mLevel 1[0m create_environment_hook('mymsg', 'cmake_prefix_path')
[9.886s] [34mcolcon.colcon_core.shell[0m [1;30mINFO[0m Creating environment hook '/root/research-1/install/mymsg/share/mymsg/hook/cmake_prefix_path.ps1'
[9.886s] [34mcolcon.colcon_core.shell[0m [1;30mINFO[0m Creating environment descriptor '/root/research-1/install/mymsg/share/mymsg/hook/cmake_prefix_path.dsv'
[9.887s] [34mcolcon.colcon_core.shell[0m [1;30mINFO[0m Creating environment hook '/root/research-1/install/mymsg/share/mymsg/hook/cmake_prefix_path.sh'
[9.887s] [34mcolcon.colcon_core.environment[0m [1;30mLevel 1[0m checking '/root/research-1/install/mymsg/lib'
[9.887s] [34mcolcon.colcon_core.shell[0m [1;30mLevel 1[0m create_environment_hook('mymsg', 'ld_library_path_lib')
[9.890s] [34mcolcon.colcon_core.shell[0m [1;30mINFO[0m Creating environment hook '/root/research-1/install/mymsg/share/mymsg/hook/ld_library_path_lib.ps1'
[9.890s] [34mcolcon.colcon_core.shell[0m [1;30mINFO[0m Creating environment descriptor '/root/research-1/install/mymsg/share/mymsg/hook/ld_library_path_lib.dsv'
[9.891s] [34mcolcon.colcon_core.shell[0m [1;30mINFO[0m Creating environment hook '/root/research-1/install/mymsg/share/mymsg/hook/ld_library_path_lib.sh'
[9.891s] [34mcolcon.colcon_core.environment[0m [1;30mLevel 1[0m checking '/root/research-1/install/mymsg/bin'
[9.891s] [34mcolcon.colcon_core.environment[0m [1;30mLevel 1[0m checking '/root/research-1/install/mymsg/lib/pkgconfig/mymsg.pc'
[9.891s] [34mcolcon.colcon_core.environment[0m [1;30mLevel 1[0m checking '/root/research-1/install/mymsg/lib/python3.8/site-packages'
[9.891s] [34mcolcon.colcon_core.shell[0m [1;30mLevel 1[0m create_environment_hook('mymsg', 'pythonpath')
[9.894s] [34mcolcon.colcon_core.shell[0m [1;30mINFO[0m Creating environment hook '/root/research-1/install/mymsg/share/mymsg/hook/pythonpath.ps1'
[9.894s] [34mcolcon.colcon_core.shell[0m [1;30mINFO[0m Creating environment descriptor '/root/research-1/install/mymsg/share/mymsg/hook/pythonpath.dsv'
[9.894s] [34mcolcon.colcon_core.shell[0m [1;30mINFO[0m Creating environment hook '/root/research-1/install/mymsg/share/mymsg/hook/pythonpath.sh'
[9.895s] [34mcolcon.colcon_core.environment[0m [1;30mLevel 1[0m checking '/root/research-1/install/mymsg/bin'
[9.897s] [34mcolcon.colcon_core.shell[0m [1;30mINFO[0m Creating package script '/root/research-1/install/mymsg/share/mymsg/package.ps1'
[9.898s] [34mcolcon.colcon_core.shell[0m [1;30mINFO[0m Creating package descriptor '/root/research-1/install/mymsg/share/mymsg/package.dsv'
[9.898s] [34mcolcon.colcon_core.shell[0m [1;30mINFO[0m Creating package script '/root/research-1/install/mymsg/share/mymsg/package.sh'
[9.899s] [34mcolcon.colcon_core.shell[0m [1;30mINFO[0m Creating package script '/root/research-1/install/mymsg/share/mymsg/package.bash'
[9.899s] [34mcolcon.colcon_core.shell[0m [1;30mINFO[0m Creating package script '/root/research-1/install/mymsg/share/mymsg/package.zsh'
[9.900s] [34mcolcon.colcon_core.environment[0m [1;30mLevel 1[0m create_file_with_runtime_dependencies(/root/research-1/install/mymsg/share/colcon-core/packages/mymsg)
[10.153s] [34mcolcon.colcon_core.environment[0m [1;30mLevel 1[0m create_environment_scripts_only(mymsg)
[10.156s] [34mcolcon.colcon_core.environment[0m [1;30mLevel 1[0m checking '/root/research-1/install/mymsg' for CMake module files
[10.157s] [34mcolcon.colcon_core.environment[0m [1;30mLevel 1[0m checking '/root/research-1/install/mymsg' for CMake config files
[10.157s] [34mcolcon.colcon_core.shell[0m [1;30mLevel 1[0m create_environment_hook('mymsg', 'cmake_prefix_path')
[10.160s] [34mcolcon.colcon_core.shell[0m [1;30mINFO[0m Creating environment hook '/root/research-1/install/mymsg/share/mymsg/hook/cmake_prefix_path.ps1'
[10.160s] [34mcolcon.colcon_core.shell[0m [1;30mINFO[0m Creating environment descriptor '/root/research-1/install/mymsg/share/mymsg/hook/cmake_prefix_path.dsv'
[10.160s] [34mcolcon.colcon_core.shell[0m [1;30mINFO[0m Creating environment hook '/root/research-1/install/mymsg/share/mymsg/hook/cmake_prefix_path.sh'
[10.161s] [34mcolcon.colcon_core.environment[0m [1;30mLevel 1[0m checking '/root/research-1/install/mymsg/lib'
[10.161s] [34mcolcon.colcon_core.shell[0m [1;30mLevel 1[0m create_environment_hook('mymsg', 'ld_library_path_lib')
[10.162s] [34mcolcon.colcon_core.shell[0m [1;30mINFO[0m Creating environment hook '/root/research-1/install/mymsg/share/mymsg/hook/ld_library_path_lib.ps1'
[10.163s] [34mcolcon.colcon_core.shell[0m [1;30mINFO[0m Creating environment descriptor '/root/research-1/install/mymsg/share/mymsg/hook/ld_library_path_lib.dsv'
[10.163s] [34mcolcon.colcon_core.shell[0m [1;30mINFO[0m Creating environment hook '/root/research-1/install/mymsg/share/mymsg/hook/ld_library_path_lib.sh'
[10.163s] [34mcolcon.colcon_core.environment[0m [1;30mLevel 1[0m checking '/root/research-1/install/mymsg/bin'
[10.163s] [34mcolcon.colcon_core.environment[0m [1;30mLevel 1[0m checking '/root/research-1/install/mymsg/lib/pkgconfig/mymsg.pc'
[10.164s] [34mcolcon.colcon_core.environment[0m [1;30mLevel 1[0m checking '/root/research-1/install/mymsg/lib/python3.8/site-packages'
[10.164s] [34mcolcon.colcon_core.shell[0m [1;30mLevel 1[0m create_environment_hook('mymsg', 'pythonpath')
[10.165s] [34mcolcon.colcon_core.shell[0m [1;30mINFO[0m Creating environment hook '/root/research-1/install/mymsg/share/mymsg/hook/pythonpath.ps1'
[10.165s] [34mcolcon.colcon_core.shell[0m [1;30mINFO[0m Creating environment descriptor '/root/research-1/install/mymsg/share/mymsg/hook/pythonpath.dsv'
[10.166s] [34mcolcon.colcon_core.shell[0m [1;30mINFO[0m Creating environment hook '/root/research-1/install/mymsg/share/mymsg/hook/pythonpath.sh'
[10.166s] [34mcolcon.colcon_core.environment[0m [1;30mLevel 1[0m checking '/root/research-1/install/mymsg/bin'
[10.168s] [34mcolcon.colcon_core.shell[0m [1;30mINFO[0m Creating package script '/root/research-1/install/mymsg/share/mymsg/package.ps1'
[10.168s] [34mcolcon.colcon_core.shell[0m [1;30mINFO[0m Creating package descriptor '/root/research-1/install/mymsg/share/mymsg/package.dsv'
[10.169s] [34mcolcon.colcon_core.shell[0m [1;30mINFO[0m Creating package script '/root/research-1/install/mymsg/share/mymsg/package.sh'
[10.169s] [34mcolcon.colcon_core.shell[0m [1;30mINFO[0m Creating package script '/root/research-1/install/mymsg/share/mymsg/package.bash'
[10.170s] [34mcolcon.colcon_core.shell[0m [1;30mINFO[0m Creating package script '/root/research-1/install/mymsg/share/mymsg/package.zsh'
[10.170s] [34mcolcon.colcon_core.environment[0m [1;30mLevel 1[0m create_file_with_runtime_dependencies(/root/research-1/install/mymsg/share/colcon-core/packages/mymsg)
[10.170s] [34mcolcon.colcon_parallel_executor.executor.parallel[0m [1;30mDEBUG[0m [32mclosing loop[0m
[10.171s] [34mcolcon.colcon_parallel_executor.executor.parallel[0m [1;30mDEBUG[0m [32mloop closed[0m
[10.171s] [34mcolcon.colcon_parallel_executor.executor.parallel[0m [1;30mDEBUG[0m [32mrun_until_complete finished with '0'[0m
[10.171s] [34mcolcon.colcon_core.event_reactor[0m [1;30mDEBUG[0m [32mjoining thread[0m
[10.188s] [34mcolcon.colcon_core.plugin_system[0m [1;30mINFO[0m Skipping extension 'colcon_notification.desktop_notification.notify_send': Could not find 'notify-send'
[10.188s] [34mcolcon.colcon_core.plugin_system[0m [1;30mINFO[0m Skipping extension 'colcon_notification.desktop_notification.terminal_notifier': Not used on non-Darwin systems
[10.188s] [34mcolcon.colcon_core.plugin_system[0m [1;30mINFO[0m Skipping extension 'colcon_notification.desktop_notification.win32': Not used on non-Windows systems
[10.188s] [34mcolcon.colcon_notification.desktop_notification[0m [1;30mINFO[0m Sending desktop notification using 'notify2'
[10.255s] [34mcolcon.colcon_notification.desktop_notification.notify2[0m [1;30mDEBUG[0m [32mFailed to initialize notify2: org.freedesktop.DBus.Error.ServiceUnknown: The name org.freedesktop.Notifications was not provided by any .service files[0m
[10.255s] [34mcolcon.colcon_core.event_reactor[0m [1;30mDEBUG[0m [32mjoined thread[0m
[10.257s] [34mcolcon.colcon_core.shell[0m [1;30mINFO[0m Creating prefix script '/root/research-1/install/local_setup.ps1'
[10.258s] [34mcolcon.colcon_core.shell[0m [1;30mINFO[0m Creating prefix util module '/root/research-1/install/_local_setup_util_ps1.py'
[10.260s] [34mcolcon.colcon_core.shell[0m [1;30mINFO[0m Creating prefix chain script '/root/research-1/install/setup.ps1'
[10.262s] [34mcolcon.colcon_core.shell[0m [1;30mINFO[0m Creating prefix script '/root/research-1/install/local_setup.sh'
[10.263s] [34mcolcon.colcon_core.shell[0m [1;30mINFO[0m Creating prefix util module '/root/research-1/install/_local_setup_util_sh.py'
[10.263s] [34mcolcon.colcon_core.shell[0m [1;30mINFO[0m Creating prefix chain script '/root/research-1/install/setup.sh'
[10.269s] [34mcolcon.colcon_core.shell[0m [1;30mINFO[0m Creating prefix script '/root/research-1/install/local_setup.bash'
[10.269s] [34mcolcon.colcon_core.shell[0m [1;30mINFO[0m Creating prefix chain script '/root/research-1/install/setup.bash'
[10.271s] [34mcolcon.colcon_core.shell[0m [1;30mINFO[0m Creating prefix script '/root/research-1/install/local_setup.zsh'
[10.272s] [34mcolcon.colcon_core.shell[0m [1;30mINFO[0m Creating prefix chain script '/root/research-1/install/setup.zsh'
