[0.300s] Invoking command in '/root/research-1/build/mymsg': CMAKE_PREFIX_PATH=${CMAKE_PREFIX_PATH}:/root/chapter2/install/hello:/root/chapter2/install/happy_topic:/root/chapter2/install/happy_service:/root/chapter2/install/happy_pub_sub:/root/chapter2/install/bringme_service:/root/chapter2/install/happy_action:/root/chapter2/install/happy:/root/research_version_two/install/pose_chaser:/root/research-1/install/chaser_navigation_system:/root/Pose_waypointmaker/install/tf2_pifpaf:/root/Pose_waypointmaker/install/ros2_pifpaf:/root/Pose_waypointmaker/install/pifpaf_navi:/root/sirius/sirius_ws/install/turtlebot3_teleop:/root/sirius/sirius_ws/install/turtlebot3_example:/opt/ros/foxy /usr/bin/cmake --build /root/research-1/build/mymsg -- -j12 -l12
[0.353s] -- Found ament_cmake: 0.9.11 (/opt/ros/foxy/share/ament_cmake/cmake)
[0.400s] -- Found PythonInterp: /usr/bin/python3 (found suitable version "3.8.10", minimum required is "3") 
[0.400s] -- Using PYTHON_EXECUTABLE: /usr/bin/python3
[0.690s] -- Found geometry_msgs: 2.0.5 (/opt/ros/foxy/share/geometry_msgs/cmake)
[0.726s] -- Using all available rosidl_typesupport_c: rosidl_typesupport_connext_c;rosidl_typesupport_fastrtps_c;rosidl_typesupport_introspection_c
[0.732s] -- Found rosidl_adapter: 1.3.0 (/opt/ros/foxy/share/rosidl_adapter/cmake)
[0.736s] -- Found RTI Connext: /opt/rti.com/rti_connext_dds-5.3.1
[1.430s] -- Using all available rosidl_typesupport_cpp: rosidl_typesupport_connext_cpp;rosidl_typesupport_fastrtps_cpp;rosidl_typesupport_introspection_cpp
[1.523s] -- Found rosidl_default_generators: 1.0.1 (/opt/ros/foxy/share/rosidl_default_generators/cmake)
[1.537s] -- Found sensor_msgs: 2.0.5 (/opt/ros/foxy/share/sensor_msgs/cmake)
[1.606s] -- Found visualization_msgs: 2.0.5 (/opt/ros/foxy/share/visualization_msgs/cmake)
[1.725s] -- Found PythonInterp: /usr/bin/python3 (found version "3.8.10") 
[2.257s] -- Found ament_cmake_ros: 0.9.2 (/opt/ros/foxy/share/ament_cmake_ros/cmake)
[2.671s] -- Using all available rosidl_typesupport_c: rosidl_typesupport_connext_c;rosidl_typesupport_fastrtps_c;rosidl_typesupport_introspection_c
[2.918s] -- Using all available rosidl_typesupport_cpp: rosidl_typesupport_connext_cpp;rosidl_typesupport_fastrtps_cpp;rosidl_typesupport_introspection_cpp
[2.989s] -- Found PythonInterp: /usr/bin/python3 (found suitable version "3.8.10", minimum required is "3.5") 
[2.989s] -- Found python_cmake_module: 0.8.1 (/opt/ros/foxy/share/python_cmake_module/cmake)
[3.050s] -- Using PYTHON_EXECUTABLE: /usr/bin/python3
[3.050s] -- Using PYTHON_INCLUDE_DIRS: /usr/include/python3.8
[3.050s] -- Using PYTHON_LIBRARIES: /usr/lib/x86_64-linux-gnu/libpython3.8.so
[3.176s] -- Found ament_lint_auto: 0.9.7 (/opt/ros/foxy/share/ament_lint_auto/cmake)
[3.188s] -- Added test 'copyright' to check source files copyright and LICENSE
[3.191s] -- Added test 'flake8' to check Python code syntax and style conventions
[3.191s] -- Added test 'lint_cmake' to check CMake code style
[3.192s] -- Added test 'pep257' to check Python code against some of the style conventions in PEP 257
[3.193s] -- Added test 'xmllint' to check XML markup files
[3.199s] -- Configuring done
[3.369s] -- Generating done
[3.376s] -- Build files have been written to: /root/research-1/build/mymsg
[3.428s] [  0%] Built target mymsg__cpp
[3.429s] [  1%] Built target mymsg__dds_connext_idl
[3.434s] [  8%] Built target mymsg__rosidl_generator_c
[3.469s] [ 15%] Built target mymsg__rosidl_typesupport_introspection_cpp
[3.469s] [ 21%] Built target mymsg__rosidl_typesupport_cpp
[3.474s] [ 27%] Built target mymsg__rosidl_typesupport_c
[3.475s] [ 34%] Built target mymsg__rosidl_typesupport_introspection_c
[3.481s] [ 40%] Built target mymsg__rosidl_typesupport_fastrtps_cpp
[3.517s] [ 60%] Built target mymsg__rosidl_typesupport_connext_cpp
[3.531s] [ 66%] Built target mymsg__rosidl_typesupport_fastrtps_c
[3.591s] [ 87%] Built target mymsg__rosidl_typesupport_connext_c
[3.623s] [ 87%] Built target mymsg
[3.652s] [ 88%] Built target mymsg__py
[3.700s] [ 93%] Built target mymsg__python
[3.744s] [ 95%] Built target mymsg__rosidl_typesupport_fastrtps_c__pyext
[3.744s] [ 97%] Built target mymsg__rosidl_typesupport_introspection_c__pyext
[3.745s] [ 99%] Built target mymsg__rosidl_typesupport_connext_c__pyext
[3.745s] [100%] Built target mymsg__rosidl_typesupport_c__pyext
[3.761s] Invoked command in '/root/research-1/build/mymsg' returned '0': CMAKE_PREFIX_PATH=${CMAKE_PREFIX_PATH}:/root/chapter2/install/hello:/root/chapter2/install/happy_topic:/root/chapter2/install/happy_service:/root/chapter2/install/happy_pub_sub:/root/chapter2/install/bringme_service:/root/chapter2/install/happy_action:/root/chapter2/install/happy:/root/research_version_two/install/pose_chaser:/root/research-1/install/chaser_navigation_system:/root/Pose_waypointmaker/install/tf2_pifpaf:/root/Pose_waypointmaker/install/ros2_pifpaf:/root/Pose_waypointmaker/install/pifpaf_navi:/root/sirius/sirius_ws/install/turtlebot3_teleop:/root/sirius/sirius_ws/install/turtlebot3_example:/opt/ros/foxy /usr/bin/cmake --build /root/research-1/build/mymsg -- -j12 -l12
[4.102s] Invoking command in '/root/research-1/build/mymsg': CMAKE_PREFIX_PATH=${CMAKE_PREFIX_PATH}:/root/chapter2/install/hello:/root/chapter2/install/happy_topic:/root/chapter2/install/happy_service:/root/chapter2/install/happy_pub_sub:/root/chapter2/install/bringme_service:/root/chapter2/install/happy_action:/root/chapter2/install/happy:/root/research_version_two/install/pose_chaser:/root/research-1/install/chaser_navigation_system:/root/Pose_waypointmaker/install/tf2_pifpaf:/root/Pose_waypointmaker/install/ros2_pifpaf:/root/Pose_waypointmaker/install/pifpaf_navi:/root/sirius/sirius_ws/install/turtlebot3_teleop:/root/sirius/sirius_ws/install/turtlebot3_example:/opt/ros/foxy /usr/bin/cmake --install /root/research-1/build/mymsg
[4.114s] -- Install configuration: ""
[4.114s] -- Up-to-date: /root/research-1/install/mymsg/share/ament_index/resource_index/rosidl_interfaces/mymsg
[4.115s] -- Up-to-date: /root/research-1/install/mymsg/include/mymsg
[4.115s] -- Up-to-date: /root/research-1/install/mymsg/include/mymsg/srv
[4.115s] -- Up-to-date: /root/research-1/install/mymsg/include/mymsg/srv/imagedata.h
[4.115s] -- Up-to-date: /root/research-1/install/mymsg/include/mymsg/srv/detail
[4.116s] -- Up-to-date: /root/research-1/install/mymsg/include/mymsg/srv/detail/imagedata__functions.c
[4.116s] -- Up-to-date: /root/research-1/install/mymsg/include/mymsg/srv/detail/imagedata__functions.h
[4.116s] -- Up-to-date: /root/research-1/install/mymsg/include/mymsg/srv/detail/imagedata__struct.h
[4.116s] -- Up-to-date: /root/research-1/install/mymsg/include/mymsg/srv/detail/imagedata__type_support.h
[4.116s] -- Up-to-date: /root/research-1/install/mymsg/include/mymsg/msg
[4.116s] -- Up-to-date: /root/research-1/install/mymsg/include/mymsg/msg/multi_transform.h
[4.117s] -- Up-to-date: /root/research-1/install/mymsg/include/mymsg/msg/rosidl_generator_c__visibility_control.h
[4.117s] -- Up-to-date: /root/research-1/install/mymsg/include/mymsg/msg/poses.h
[4.117s] -- Up-to-date: /root/research-1/install/mymsg/include/mymsg/msg/detail
[4.117s] -- Up-to-date: /root/research-1/install/mymsg/include/mymsg/msg/detail/multi_transform__type_support.h
[4.117s] -- Up-to-date: /root/research-1/install/mymsg/include/mymsg/msg/detail/pose__functions.h
[4.118s] -- Up-to-date: /root/research-1/install/mymsg/include/mymsg/msg/detail/multi_transform__functions.h
[4.118s] -- Up-to-date: /root/research-1/install/mymsg/include/mymsg/msg/detail/transform__functions.c
[4.118s] -- Up-to-date: /root/research-1/install/mymsg/include/mymsg/msg/detail/pose__struct.h
[4.118s] -- Up-to-date: /root/research-1/install/mymsg/include/mymsg/msg/detail/multi_transform__struct.h
[4.118s] -- Up-to-date: /root/research-1/install/mymsg/include/mymsg/msg/detail/pose__type_support.h
[4.118s] -- Up-to-date: /root/research-1/install/mymsg/include/mymsg/msg/detail/poses__type_support.h
[4.119s] -- Up-to-date: /root/research-1/install/mymsg/include/mymsg/msg/detail/transform__type_support.h
[4.119s] -- Up-to-date: /root/research-1/install/mymsg/include/mymsg/msg/detail/transform__struct.h
[4.119s] -- Up-to-date: /root/research-1/install/mymsg/include/mymsg/msg/detail/poses__functions.c
[4.119s] -- Up-to-date: /root/research-1/install/mymsg/include/mymsg/msg/detail/multi_transform__functions.c
[4.120s] -- Up-to-date: /root/research-1/install/mymsg/include/mymsg/msg/detail/transform__functions.h
[4.120s] -- Up-to-date: /root/research-1/install/mymsg/include/mymsg/msg/detail/poses__struct.h
[4.120s] -- Up-to-date: /root/research-1/install/mymsg/include/mymsg/msg/detail/pose__functions.c
[4.120s] -- Up-to-date: /root/research-1/install/mymsg/include/mymsg/msg/detail/poses__functions.h
[4.120s] -- Up-to-date: /root/research-1/install/mymsg/include/mymsg/msg/transform.h
[4.120s] -- Up-to-date: /root/research-1/install/mymsg/include/mymsg/msg/pose.h
[4.120s] -- Up-to-date: /root/research-1/install/mymsg/share/mymsg/environment/library_path.sh
[4.120s] -- Installing: /root/research-1/install/mymsg/share/mymsg/environment/library_path.dsv
[4.121s] -- Up-to-date: /root/research-1/install/mymsg/lib/libmymsg__rosidl_generator_c.so
[4.121s] -- Up-to-date: /root/research-1/install/mymsg/include/mymsg
[4.121s] -- Up-to-date: /root/research-1/install/mymsg/include/mymsg/srv
[4.121s] -- Up-to-date: /root/research-1/install/mymsg/include/mymsg/srv/dds_connext
[4.121s] -- Up-to-date: /root/research-1/install/mymsg/include/mymsg/srv/imagedata__rosidl_typesupport_connext_c.h
[4.121s] -- Up-to-date: /root/research-1/install/mymsg/include/mymsg/msg
[4.121s] -- Up-to-date: /root/research-1/install/mymsg/include/mymsg/msg/rosidl_typesupport_connext_c__visibility_control.h
[4.122s] -- Up-to-date: /root/research-1/install/mymsg/include/mymsg/msg/pose__rosidl_typesupport_connext_c.h
[4.122s] -- Up-to-date: /root/research-1/install/mymsg/include/mymsg/msg/poses__rosidl_typesupport_connext_c.h
[4.122s] -- Up-to-date: /root/research-1/install/mymsg/include/mymsg/msg/multi_transform__rosidl_typesupport_connext_c.h
[4.122s] -- Up-to-date: /root/research-1/install/mymsg/include/mymsg/msg/dds_connext
[4.122s] -- Up-to-date: /root/research-1/install/mymsg/include/mymsg/msg/transform__rosidl_typesupport_connext_c.h
[4.123s] -- Up-to-date: /root/research-1/install/mymsg/lib/libmymsg__rosidl_typesupport_connext_c.so
[4.123s] -- Up-to-date: /root/research-1/install/mymsg/share/mymsg/msg/dds_connext
[4.123s] -- Up-to-date: /root/research-1/install/mymsg/share/mymsg/msg/dds_connext/Poses_.idl
[4.123s] -- Up-to-date: /root/research-1/install/mymsg/share/mymsg/msg/dds_connext/Pose_.idl
[4.123s] -- Up-to-date: /root/research-1/install/mymsg/share/mymsg/msg/dds_connext/MultiTransform_.idl
[4.124s] -- Up-to-date: /root/research-1/install/mymsg/share/mymsg/msg/dds_connext/Transform_.idl
[4.124s] -- Up-to-date: /root/research-1/install/mymsg/share/mymsg/srv/dds_connext
[4.124s] -- Up-to-date: /root/research-1/install/mymsg/share/mymsg/srv/dds_connext/Imagedata_.idl
[4.124s] -- Up-to-date: /root/research-1/install/mymsg/include/mymsg
[4.124s] -- Up-to-date: /root/research-1/install/mymsg/include/mymsg/srv
[4.124s] -- Up-to-date: /root/research-1/install/mymsg/include/mymsg/srv/imagedata__rosidl_typesupport_connext_cpp.hpp
[4.124s] -- Up-to-date: /root/research-1/install/mymsg/include/mymsg/srv/dds_connext
[4.125s] -- Up-to-date: /root/research-1/install/mymsg/include/mymsg/srv/dds_connext/Imagedata_.cxx
[4.125s] -- Up-to-date: /root/research-1/install/mymsg/include/mymsg/srv/dds_connext/Imagedata_Support.h
[4.125s] -- Up-to-date: /root/research-1/install/mymsg/include/mymsg/srv/dds_connext/Imagedata_Plugin.cxx
[4.125s] -- Up-to-date: /root/research-1/install/mymsg/include/mymsg/srv/dds_connext/Imagedata_.h
[4.125s] -- Up-to-date: /root/research-1/install/mymsg/include/mymsg/srv/dds_connext/Imagedata_Plugin.h
[4.125s] -- Up-to-date: /root/research-1/install/mymsg/include/mymsg/srv/dds_connext/Imagedata_Support.cxx
[4.126s] -- Up-to-date: /root/research-1/install/mymsg/include/mymsg/msg
[4.126s] -- Up-to-date: /root/research-1/install/mymsg/include/mymsg/msg/rosidl_typesupport_connext_cpp__visibility_control.h
[4.126s] -- Up-to-date: /root/research-1/install/mymsg/include/mymsg/msg/multi_transform__rosidl_typesupport_connext_cpp.hpp
[4.126s] -- Up-to-date: /root/research-1/install/mymsg/include/mymsg/msg/transform__rosidl_typesupport_connext_cpp.hpp
[4.126s] -- Up-to-date: /root/research-1/install/mymsg/include/mymsg/msg/dds_connext
[4.127s] -- Up-to-date: /root/research-1/install/mymsg/include/mymsg/msg/dds_connext/Transform_Support.cxx
[4.127s] -- Up-to-date: /root/research-1/install/mymsg/include/mymsg/msg/dds_connext/Transform_.cxx
[4.127s] -- Up-to-date: /root/research-1/install/mymsg/include/mymsg/msg/dds_connext/Poses_Plugin.cxx
[4.127s] -- Up-to-date: /root/research-1/install/mymsg/include/mymsg/msg/dds_connext/Poses_.h
[4.127s] -- Up-to-date: /root/research-1/install/mymsg/include/mymsg/msg/dds_connext/Pose_Support.h
[4.127s] -- Up-to-date: /root/research-1/install/mymsg/include/mymsg/msg/dds_connext/Transform_Support.h
[4.127s] -- Up-to-date: /root/research-1/install/mymsg/include/mymsg/msg/dds_connext/Transform_Plugin.h
[4.127s] -- Up-to-date: /root/research-1/install/mymsg/include/mymsg/msg/dds_connext/MultiTransform_Plugin.cxx
[4.127s] -- Up-to-date: /root/research-1/install/mymsg/include/mymsg/msg/dds_connext/Poses_Support.h
[4.128s] -- Up-to-date: /root/research-1/install/mymsg/include/mymsg/msg/dds_connext/Pose_.h
[4.128s] -- Up-to-date: /root/research-1/install/mymsg/include/mymsg/msg/dds_connext/Poses_.cxx
[4.128s] -- Up-to-date: /root/research-1/install/mymsg/include/mymsg/msg/dds_connext/Pose_Support.cxx
[4.128s] -- Up-to-date: /root/research-1/install/mymsg/include/mymsg/msg/dds_connext/Poses_Plugin.h
[4.128s] -- Up-to-date: /root/research-1/install/mymsg/include/mymsg/msg/dds_connext/Transform_Plugin.cxx
[4.128s] -- Up-to-date: /root/research-1/install/mymsg/include/mymsg/msg/dds_connext/MultiTransform_.h
[4.128s] -- Up-to-date: /root/research-1/install/mymsg/include/mymsg/msg/dds_connext/Pose_.cxx
[4.128s] -- Up-to-date: /root/research-1/install/mymsg/include/mymsg/msg/dds_connext/Transform_.h
[4.129s] -- Up-to-date: /root/research-1/install/mymsg/include/mymsg/msg/dds_connext/MultiTransform_.cxx
[4.129s] -- Up-to-date: /root/research-1/install/mymsg/include/mymsg/msg/dds_connext/Pose_Plugin.cxx
[4.129s] -- Up-to-date: /root/research-1/install/mymsg/include/mymsg/msg/dds_connext/Poses_Support.cxx
[4.129s] -- Up-to-date: /root/research-1/install/mymsg/include/mymsg/msg/dds_connext/MultiTransform_Support.cxx
[4.129s] -- Up-to-date: /root/research-1/install/mymsg/include/mymsg/msg/dds_connext/Pose_Plugin.h
[4.129s] -- Up-to-date: /root/research-1/install/mymsg/include/mymsg/msg/dds_connext/MultiTransform_Support.h
[4.129s] -- Up-to-date: /root/research-1/install/mymsg/include/mymsg/msg/dds_connext/MultiTransform_Plugin.h
[4.129s] -- Up-to-date: /root/research-1/install/mymsg/include/mymsg/msg/pose__rosidl_typesupport_connext_cpp.hpp
[4.129s] -- Up-to-date: /root/research-1/install/mymsg/include/mymsg/msg/poses__rosidl_typesupport_connext_cpp.hpp
[4.130s] -- Up-to-date: /root/research-1/install/mymsg/lib/libmymsg__rosidl_typesupport_connext_cpp.so
[4.130s] -- Up-to-date: /root/research-1/install/mymsg/include/mymsg
[4.130s] -- Up-to-date: /root/research-1/install/mymsg/include/mymsg/srv
[4.130s] -- Up-to-date: /root/research-1/install/mymsg/include/mymsg/srv/detail
[4.130s] -- Up-to-date: /root/research-1/install/mymsg/include/mymsg/srv/detail/imagedata__rosidl_typesupport_fastrtps_c.h
[4.130s] -- Up-to-date: /root/research-1/install/mymsg/include/mymsg/msg
[4.130s] -- Up-to-date: /root/research-1/install/mymsg/include/mymsg/msg/detail
[4.130s] -- Up-to-date: /root/research-1/install/mymsg/include/mymsg/msg/detail/poses__rosidl_typesupport_fastrtps_c.h
[4.131s] -- Up-to-date: /root/research-1/install/mymsg/include/mymsg/msg/detail/multi_transform__rosidl_typesupport_fastrtps_c.h
[4.131s] -- Up-to-date: /root/research-1/install/mymsg/include/mymsg/msg/detail/transform__rosidl_typesupport_fastrtps_c.h
[4.131s] -- Up-to-date: /root/research-1/install/mymsg/include/mymsg/msg/detail/pose__rosidl_typesupport_fastrtps_c.h
[4.131s] -- Up-to-date: /root/research-1/install/mymsg/include/mymsg/msg/rosidl_typesupport_fastrtps_c__visibility_control.h
[4.131s] -- Up-to-date: /root/research-1/install/mymsg/lib/libmymsg__rosidl_typesupport_fastrtps_c.so
[4.131s] -- Up-to-date: /root/research-1/install/mymsg/include/mymsg
[4.131s] -- Up-to-date: /root/research-1/install/mymsg/include/mymsg/srv
[4.131s] -- Up-to-date: /root/research-1/install/mymsg/include/mymsg/srv/detail
[4.131s] -- Up-to-date: /root/research-1/install/mymsg/include/mymsg/srv/detail/imagedata__rosidl_typesupport_fastrtps_cpp.hpp
[4.132s] -- Up-to-date: /root/research-1/install/mymsg/include/mymsg/srv/detail/dds_fastrtps
[4.132s] -- Up-to-date: /root/research-1/install/mymsg/include/mymsg/msg
[4.132s] -- Up-to-date: /root/research-1/install/mymsg/include/mymsg/msg/detail
[4.132s] -- Up-to-date: /root/research-1/install/mymsg/include/mymsg/msg/detail/multi_transform__rosidl_typesupport_fastrtps_cpp.hpp
[4.132s] -- Up-to-date: /root/research-1/install/mymsg/include/mymsg/msg/detail/pose__rosidl_typesupport_fastrtps_cpp.hpp
[4.132s] -- Up-to-date: /root/research-1/install/mymsg/include/mymsg/msg/detail/transform__rosidl_typesupport_fastrtps_cpp.hpp
[4.132s] -- Up-to-date: /root/research-1/install/mymsg/include/mymsg/msg/detail/poses__rosidl_typesupport_fastrtps_cpp.hpp
[4.132s] -- Up-to-date: /root/research-1/install/mymsg/include/mymsg/msg/detail/dds_fastrtps
[4.132s] -- Up-to-date: /root/research-1/install/mymsg/include/mymsg/msg/rosidl_typesupport_fastrtps_cpp__visibility_control.h
[4.133s] -- Up-to-date: /root/research-1/install/mymsg/lib/libmymsg__rosidl_typesupport_fastrtps_cpp.so
[4.133s] -- Up-to-date: /root/research-1/install/mymsg/include/mymsg
[4.133s] -- Up-to-date: /root/research-1/install/mymsg/include/mymsg/srv
[4.133s] -- Up-to-date: /root/research-1/install/mymsg/include/mymsg/srv/detail
[4.133s] -- Up-to-date: /root/research-1/install/mymsg/include/mymsg/srv/detail/imagedata__type_support.c
[4.133s] -- Up-to-date: /root/research-1/install/mymsg/include/mymsg/srv/detail/imagedata__rosidl_typesupport_introspection_c.h
[4.133s] -- Up-to-date: /root/research-1/install/mymsg/include/mymsg/msg
[4.133s] -- Up-to-date: /root/research-1/install/mymsg/include/mymsg/msg/detail
[4.134s] -- Up-to-date: /root/research-1/install/mymsg/include/mymsg/msg/detail/pose__rosidl_typesupport_introspection_c.h
[4.134s] -- Up-to-date: /root/research-1/install/mymsg/include/mymsg/msg/detail/transform__type_support.c
[4.134s] -- Up-to-date: /root/research-1/install/mymsg/include/mymsg/msg/detail/multi_transform__rosidl_typesupport_introspection_c.h
[4.134s] -- Up-to-date: /root/research-1/install/mymsg/include/mymsg/msg/detail/transform__rosidl_typesupport_introspection_c.h
[4.134s] -- Up-to-date: /root/research-1/install/mymsg/include/mymsg/msg/detail/multi_transform__type_support.c
[4.134s] -- Up-to-date: /root/research-1/install/mymsg/include/mymsg/msg/detail/poses__type_support.c
[4.134s] -- Up-to-date: /root/research-1/install/mymsg/include/mymsg/msg/detail/pose__type_support.c
[4.134s] -- Up-to-date: /root/research-1/install/mymsg/include/mymsg/msg/detail/poses__rosidl_typesupport_introspection_c.h
[4.134s] -- Up-to-date: /root/research-1/install/mymsg/include/mymsg/msg/rosidl_typesupport_introspection_c__visibility_control.h
[4.135s] -- Up-to-date: /root/research-1/install/mymsg/lib/libmymsg__rosidl_typesupport_introspection_c.so
[4.135s] -- Up-to-date: /root/research-1/install/mymsg/lib/libmymsg__rosidl_typesupport_c.so
[4.135s] -- Up-to-date: /root/research-1/install/mymsg/include/mymsg
[4.135s] -- Up-to-date: /root/research-1/install/mymsg/include/mymsg/srv
[4.135s] -- Up-to-date: /root/research-1/install/mymsg/include/mymsg/srv/detail
[4.135s] -- Up-to-date: /root/research-1/install/mymsg/include/mymsg/srv/detail/imagedata__traits.hpp
[4.135s] -- Up-to-date: /root/research-1/install/mymsg/include/mymsg/srv/detail/imagedata__builder.hpp
[4.135s] -- Up-to-date: /root/research-1/install/mymsg/include/mymsg/srv/detail/imagedata__struct.hpp
[4.135s] -- Up-to-date: /root/research-1/install/mymsg/include/mymsg/srv/imagedata.hpp
[4.136s] -- Up-to-date: /root/research-1/install/mymsg/include/mymsg/msg
[4.136s] -- Up-to-date: /root/research-1/install/mymsg/include/mymsg/msg/multi_transform.hpp
[4.136s] -- Up-to-date: /root/research-1/install/mymsg/include/mymsg/msg/transform.hpp
[4.136s] -- Up-to-date: /root/research-1/install/mymsg/include/mymsg/msg/detail
[4.136s] -- Up-to-date: /root/research-1/install/mymsg/include/mymsg/msg/detail/poses__struct.hpp
[4.136s] -- Up-to-date: /root/research-1/install/mymsg/include/mymsg/msg/detail/multi_transform__struct.hpp
[4.136s] -- Up-to-date: /root/research-1/install/mymsg/include/mymsg/msg/detail/multi_transform__traits.hpp
[4.136s] -- Up-to-date: /root/research-1/install/mymsg/include/mymsg/msg/detail/poses__builder.hpp
[4.136s] -- Up-to-date: /root/research-1/install/mymsg/include/mymsg/msg/detail/transform__struct.hpp
[4.137s] -- Up-to-date: /root/research-1/install/mymsg/include/mymsg/msg/detail/pose__struct.hpp
[4.137s] -- Up-to-date: /root/research-1/install/mymsg/include/mymsg/msg/detail/pose__traits.hpp
[4.137s] -- Up-to-date: /root/research-1/install/mymsg/include/mymsg/msg/detail/transform__traits.hpp
[4.137s] -- Up-to-date: /root/research-1/install/mymsg/include/mymsg/msg/detail/poses__traits.hpp
[4.137s] -- Up-to-date: /root/research-1/install/mymsg/include/mymsg/msg/detail/transform__builder.hpp
[4.137s] -- Up-to-date: /root/research-1/install/mymsg/include/mymsg/msg/detail/multi_transform__builder.hpp
[4.137s] -- Up-to-date: /root/research-1/install/mymsg/include/mymsg/msg/detail/pose__builder.hpp
[4.137s] -- Up-to-date: /root/research-1/install/mymsg/include/mymsg/msg/pose.hpp
[4.137s] -- Up-to-date: /root/research-1/install/mymsg/include/mymsg/msg/poses.hpp
[4.138s] -- Up-to-date: /root/research-1/install/mymsg/include/mymsg
[4.138s] -- Up-to-date: /root/research-1/install/mymsg/include/mymsg/srv
[4.138s] -- Up-to-date: /root/research-1/install/mymsg/include/mymsg/srv/detail
[4.138s] -- Up-to-date: /root/research-1/install/mymsg/include/mymsg/srv/detail/imagedata__rosidl_typesupport_introspection_cpp.hpp
[4.138s] -- Up-to-date: /root/research-1/install/mymsg/include/mymsg/srv/detail/imagedata__type_support.cpp
[4.138s] -- Up-to-date: /root/research-1/install/mymsg/include/mymsg/msg
[4.138s] -- Up-to-date: /root/research-1/install/mymsg/include/mymsg/msg/detail
[4.138s] -- Up-to-date: /root/research-1/install/mymsg/include/mymsg/msg/detail/poses__type_support.cpp
[4.139s] -- Up-to-date: /root/research-1/install/mymsg/include/mymsg/msg/detail/multi_transform__type_support.cpp
[4.139s] -- Up-to-date: /root/research-1/install/mymsg/include/mymsg/msg/detail/transform__type_support.cpp
[4.139s] -- Up-to-date: /root/research-1/install/mymsg/include/mymsg/msg/detail/pose__type_support.cpp
[4.139s] -- Up-to-date: /root/research-1/install/mymsg/include/mymsg/msg/detail/multi_transform__rosidl_typesupport_introspection_cpp.hpp
[4.139s] -- Up-to-date: /root/research-1/install/mymsg/include/mymsg/msg/detail/pose__rosidl_typesupport_introspection_cpp.hpp
[4.139s] -- Up-to-date: /root/research-1/install/mymsg/include/mymsg/msg/detail/transform__rosidl_typesupport_introspection_cpp.hpp
[4.139s] -- Up-to-date: /root/research-1/install/mymsg/include/mymsg/msg/detail/poses__rosidl_typesupport_introspection_cpp.hpp
[4.139s] -- Up-to-date: /root/research-1/install/mymsg/lib/libmymsg__rosidl_typesupport_introspection_cpp.so
[4.139s] -- Up-to-date: /root/research-1/install/mymsg/lib/libmymsg__rosidl_typesupport_cpp.so
[4.140s] -- Up-to-date: /root/research-1/install/mymsg/share/mymsg/environment/pythonpath.sh
[4.140s] -- Installing: /root/research-1/install/mymsg/share/mymsg/environment/pythonpath.dsv
[4.140s] -- Installing: /root/research-1/install/mymsg/lib/python3.8/site-packages/mymsg/__init__.py
[4.195s] Compiling '/root/research-1/install/mymsg/lib/python3.8/site-packages/mymsg/__init__.py'...
[4.201s] -- Up-to-date: /root/research-1/install/mymsg/lib/python3.8/site-packages/mymsg/msg
[4.201s] -- Up-to-date: /root/research-1/install/mymsg/lib/python3.8/site-packages/mymsg/msg/_transform_s.c
[4.201s] -- Up-to-date: /root/research-1/install/mymsg/lib/python3.8/site-packages/mymsg/msg/_multi_transform_s.c
[4.201s] -- Up-to-date: /root/research-1/install/mymsg/lib/python3.8/site-packages/mymsg/msg/_pose_s.c
[4.201s] -- Up-to-date: /root/research-1/install/mymsg/lib/python3.8/site-packages/mymsg/msg/_transform.py
[4.201s] -- Up-to-date: /root/research-1/install/mymsg/lib/python3.8/site-packages/mymsg/msg/_poses_s.c
[4.202s] -- Up-to-date: /root/research-1/install/mymsg/lib/python3.8/site-packages/mymsg/msg/_poses.py
[4.202s] -- Up-to-date: /root/research-1/install/mymsg/lib/python3.8/site-packages/mymsg/msg/__init__.py
[4.202s] -- Up-to-date: /root/research-1/install/mymsg/lib/python3.8/site-packages/mymsg/msg/_pose.py
[4.202s] -- Up-to-date: /root/research-1/install/mymsg/lib/python3.8/site-packages/mymsg/msg/_multi_transform.py
[4.202s] -- Up-to-date: /root/research-1/install/mymsg/lib/python3.8/site-packages/mymsg/srv
[4.202s] -- Up-to-date: /root/research-1/install/mymsg/lib/python3.8/site-packages/mymsg/srv/_imagedata_s.c
[4.202s] -- Up-to-date: /root/research-1/install/mymsg/lib/python3.8/site-packages/mymsg/srv/_imagedata.py
[4.202s] -- Up-to-date: /root/research-1/install/mymsg/lib/python3.8/site-packages/mymsg/srv/__init__.py
[4.203s] -- Up-to-date: /root/research-1/install/mymsg/lib/python3.8/site-packages/mymsg/mymsg_s__rosidl_typesupport_connext_c.cpython-38-x86_64-linux-gnu.so
[4.203s] -- Up-to-date: /root/research-1/install/mymsg/lib/python3.8/site-packages/mymsg/mymsg_s__rosidl_typesupport_fastrtps_c.cpython-38-x86_64-linux-gnu.so
[4.204s] -- Up-to-date: /root/research-1/install/mymsg/lib/python3.8/site-packages/mymsg/mymsg_s__rosidl_typesupport_introspection_c.cpython-38-x86_64-linux-gnu.so
[4.205s] -- Up-to-date: /root/research-1/install/mymsg/lib/python3.8/site-packages/mymsg/mymsg_s__rosidl_typesupport_c.cpython-38-x86_64-linux-gnu.so
[4.205s] -- Up-to-date: /root/research-1/install/mymsg/lib/libmymsg__python.so
[4.206s] -- Up-to-date: /root/research-1/install/mymsg/share/mymsg/msg/Pose.idl
[4.206s] -- Up-to-date: /root/research-1/install/mymsg/share/mymsg/msg/Poses.idl
[4.206s] -- Up-to-date: /root/research-1/install/mymsg/share/mymsg/msg/Transform.idl
[4.206s] -- Up-to-date: /root/research-1/install/mymsg/share/mymsg/msg/MultiTransform.idl
[4.207s] -- Up-to-date: /root/research-1/install/mymsg/share/mymsg/srv/Imagedata.idl
[4.207s] -- Up-to-date: /root/research-1/install/mymsg/share/mymsg/msg/Pose.msg
[4.207s] -- Up-to-date: /root/research-1/install/mymsg/share/mymsg/msg/Poses.msg
[4.207s] -- Up-to-date: /root/research-1/install/mymsg/share/mymsg/msg/Transform.msg
[4.207s] -- Up-to-date: /root/research-1/install/mymsg/share/mymsg/msg/MultiTransform.msg
[4.207s] -- Up-to-date: /root/research-1/install/mymsg/share/mymsg/srv/Imagedata.srv
[4.208s] -- Up-to-date: /root/research-1/install/mymsg/share/mymsg/srv/Imagedata_Request.msg
[4.208s] -- Up-to-date: /root/research-1/install/mymsg/share/mymsg/srv/Imagedata_Response.msg
[4.208s] -- Up-to-date: /root/research-1/install/mymsg/share/ament_index/resource_index/package_run_dependencies/mymsg
[4.208s] -- Up-to-date: /root/research-1/install/mymsg/share/ament_index/resource_index/parent_prefix_path/mymsg
[4.208s] -- Up-to-date: /root/research-1/install/mymsg/share/mymsg/environment/ament_prefix_path.sh
[4.208s] -- Installing: /root/research-1/install/mymsg/share/mymsg/environment/ament_prefix_path.dsv
[4.208s] -- Up-to-date: /root/research-1/install/mymsg/share/mymsg/environment/path.sh
[4.208s] -- Installing: /root/research-1/install/mymsg/share/mymsg/environment/path.dsv
[4.209s] -- Up-to-date: /root/research-1/install/mymsg/share/mymsg/local_setup.bash
[4.209s] -- Up-to-date: /root/research-1/install/mymsg/share/mymsg/local_setup.sh
[4.209s] -- Up-to-date: /root/research-1/install/mymsg/share/mymsg/local_setup.zsh
[4.209s] -- Installing: /root/research-1/install/mymsg/share/mymsg/local_setup.dsv
[4.209s] -- Installing: /root/research-1/install/mymsg/share/mymsg/package.dsv
[4.209s] -- Up-to-date: /root/research-1/install/mymsg/share/ament_index/resource_index/packages/mymsg
[4.209s] -- Up-to-date: /root/research-1/install/mymsg/share/mymsg/cmake/mymsg__rosidl_generator_cExport.cmake
[4.209s] -- Installing: /root/research-1/install/mymsg/share/mymsg/cmake/mymsg__rosidl_generator_cExport-noconfig.cmake
[4.210s] -- Up-to-date: /root/research-1/install/mymsg/share/mymsg/cmake/mymsg__rosidl_typesupport_introspection_cExport.cmake
[4.210s] -- Installing: /root/research-1/install/mymsg/share/mymsg/cmake/mymsg__rosidl_typesupport_introspection_cExport-noconfig.cmake
[4.210s] -- Up-to-date: /root/research-1/install/mymsg/share/mymsg/cmake/mymsg__rosidl_typesupport_cExport.cmake
[4.210s] -- Installing: /root/research-1/install/mymsg/share/mymsg/cmake/mymsg__rosidl_typesupport_cExport-noconfig.cmake
[4.210s] -- Up-to-date: /root/research-1/install/mymsg/share/mymsg/cmake/mymsg__rosidl_generator_cppExport.cmake
[4.211s] -- Up-to-date: /root/research-1/install/mymsg/share/mymsg/cmake/mymsg__rosidl_typesupport_introspection_cppExport.cmake
[4.211s] -- Installing: /root/research-1/install/mymsg/share/mymsg/cmake/mymsg__rosidl_typesupport_introspection_cppExport-noconfig.cmake
[4.211s] -- Up-to-date: /root/research-1/install/mymsg/share/mymsg/cmake/mymsg__rosidl_typesupport_cppExport.cmake
[4.211s] -- Installing: /root/research-1/install/mymsg/share/mymsg/cmake/mymsg__rosidl_typesupport_cppExport-noconfig.cmake
[4.212s] -- Up-to-date: /root/research-1/install/mymsg/share/mymsg/cmake/rosidl_cmake-extras.cmake
[4.212s] -- Installing: /root/research-1/install/mymsg/share/mymsg/cmake/ament_cmake_export_dependencies-extras.cmake
[4.212s] -- Up-to-date: /root/research-1/install/mymsg/share/mymsg/cmake/ament_cmake_export_libraries-extras.cmake
[4.212s] -- Up-to-date: /root/research-1/install/mymsg/share/mymsg/cmake/ament_cmake_export_targets-extras.cmake
[4.213s] -- Up-to-date: /root/research-1/install/mymsg/share/mymsg/cmake/ament_cmake_export_include_directories-extras.cmake
[4.213s] -- Up-to-date: /root/research-1/install/mymsg/share/mymsg/cmake/rosidl_cmake_export_typesupport_libraries-extras.cmake
[4.213s] -- Up-to-date: /root/research-1/install/mymsg/share/mymsg/cmake/rosidl_cmake_export_typesupport_targets-extras.cmake
[4.213s] -- Up-to-date: /root/research-1/install/mymsg/share/mymsg/cmake/mymsgConfig.cmake
[4.213s] -- Up-to-date: /root/research-1/install/mymsg/share/mymsg/cmake/mymsgConfig-version.cmake
[4.213s] -- Up-to-date: /root/research-1/install/mymsg/share/mymsg/package.xml
[4.220s] Invoked command in '/root/research-1/build/mymsg' returned '0': CMAKE_PREFIX_PATH=${CMAKE_PREFIX_PATH}:/root/chapter2/install/hello:/root/chapter2/install/happy_topic:/root/chapter2/install/happy_service:/root/chapter2/install/happy_pub_sub:/root/chapter2/install/bringme_service:/root/chapter2/install/happy_action:/root/chapter2/install/happy:/root/research_version_two/install/pose_chaser:/root/research-1/install/chaser_navigation_system:/root/Pose_waypointmaker/install/tf2_pifpaf:/root/Pose_waypointmaker/install/ros2_pifpaf:/root/Pose_waypointmaker/install/pifpaf_navi:/root/sirius/sirius_ws/install/turtlebot3_teleop:/root/sirius/sirius_ws/install/turtlebot3_example:/opt/ros/foxy /usr/bin/cmake --install /root/research-1/build/mymsg
