[0.017s] Invoking command in '/root/research-1/build/mymsg': CMAKE_PREFIX_PATH=${CMAKE_PREFIX_PATH}:/root/Pose_waypointmaker/install/tf2_pifpaf:/root/Pose_waypointmaker/install/ros2_pifpaf:/root/Pose_waypointmaker/install/pifpaf_navi:/root/sirius/sirius_ws/install/turtlebot3_teleop:/root/sirius/sirius_ws/install/turtlebot3_example:/opt/ros/foxy /usr/bin/cmake /root/research-1/src/mymsg -DCMAKE_INSTALL_PREFIX=/root/research-1/install/mymsg
[0.034s] -- Found ament_cmake: 0.9.11 (/opt/ros/foxy/share/ament_cmake/cmake)
[0.062s] -- Found PythonInterp: /usr/bin/python3 (found suitable version "3.8.10", minimum required is "3") 
[0.062s] -- Using PYTHON_EXECUTABLE: /usr/bin/python3
[0.243s] -- Override CMake install command with custom implementation using symlinks instead of copying resources
[0.250s] -- Found geometry_msgs: 2.0.5 (/opt/ros/foxy/share/geometry_msgs/cmake)
[0.276s] -- Using all available rosidl_typesupport_c: rosidl_typesupport_fastrtps_c;rosidl_typesupport_introspection_c
[0.279s] -- Found rosidl_adapter: 1.3.0 (/opt/ros/foxy/share/rosidl_adapter/cmake)
[0.448s] -- Using all available rosidl_typesupport_cpp: rosidl_typesupport_fastrtps_cpp;rosidl_typesupport_introspection_cpp
[0.521s] -- Found rosidl_default_generators: 1.0.1 (/opt/ros/foxy/share/rosidl_default_generators/cmake)
[0.533s] -- Found sensor_msgs: 2.0.5 (/opt/ros/foxy/share/sensor_msgs/cmake)
[0.601s] -- Found visualization_msgs: 2.0.5 (/opt/ros/foxy/share/visualization_msgs/cmake)
[0.715s] -- Found PythonInterp: /usr/bin/python3 (found version "3.8.10") 
[0.917s] -- Found ament_cmake_ros: 0.9.2 (/opt/ros/foxy/share/ament_cmake_ros/cmake)
[1.228s] -- Using all available rosidl_typesupport_c: rosidl_typesupport_fastrtps_c;rosidl_typesupport_introspection_c
[1.350s] -- Using all available rosidl_typesupport_cpp: rosidl_typesupport_fastrtps_cpp;rosidl_typesupport_introspection_cpp
[1.385s] -- Found PythonInterp: /usr/bin/python3 (found suitable version "3.8.10", minimum required is "3.5") 
[1.385s] -- Found python_cmake_module: 0.8.1 (/opt/ros/foxy/share/python_cmake_module/cmake)
[1.414s] -- Using PYTHON_EXECUTABLE: /usr/bin/python3
[1.414s] -- Using PYTHON_INCLUDE_DIRS: /usr/include/python3.8
[1.414s] -- Using PYTHON_LIBRARIES: /usr/lib/x86_64-linux-gnu/libpython3.8.so
[1.485s] -- Found ament_lint_auto: 0.9.7 (/opt/ros/foxy/share/ament_lint_auto/cmake)
[1.496s] -- Added test 'copyright' to check source files copyright and LICENSE
[1.498s] -- Added test 'flake8' to check Python code syntax and style conventions
[1.499s] -- Added test 'lint_cmake' to check CMake code style
[1.500s] -- Added test 'pep257' to check Python code against some of the style conventions in PEP 257
[1.502s] -- Added test 'xmllint' to check XML markup files
[1.507s] -- Configuring done
[1.574s] -- Generating done
[1.578s] -- Build files have been written to: /root/research-1/build/mymsg
[1.583s] Invoked command in '/root/research-1/build/mymsg' returned '0': CMAKE_PREFIX_PATH=${CMAKE_PREFIX_PATH}:/root/Pose_waypointmaker/install/tf2_pifpaf:/root/Pose_waypointmaker/install/ros2_pifpaf:/root/Pose_waypointmaker/install/pifpaf_navi:/root/sirius/sirius_ws/install/turtlebot3_teleop:/root/sirius/sirius_ws/install/turtlebot3_example:/opt/ros/foxy /usr/bin/cmake /root/research-1/src/mymsg -DCMAKE_INSTALL_PREFIX=/root/research-1/install/mymsg
[1.585s] Invoking command in '/root/research-1/build/mymsg': CMAKE_PREFIX_PATH=${CMAKE_PREFIX_PATH}:/root/Pose_waypointmaker/install/tf2_pifpaf:/root/Pose_waypointmaker/install/ros2_pifpaf:/root/Pose_waypointmaker/install/pifpaf_navi:/root/sirius/sirius_ws/install/turtlebot3_teleop:/root/sirius/sirius_ws/install/turtlebot3_example:/opt/ros/foxy /usr/bin/cmake --build /root/research-1/build/mymsg -- -j12 -l12
[1.649s] [  1%] Built target mymsg__cpp
[1.652s] [ 12%] Built target mymsg__rosidl_generator_c
[1.680s] [ 32%] Built target mymsg__rosidl_typesupport_introspection_cpp
[1.681s] [ 34%] Built target mymsg__rosidl_typesupport_cpp
[1.682s] [ 45%] Built target mymsg__rosidl_typesupport_c
[1.683s] [ 56%] Built target mymsg__rosidl_typesupport_introspection_c
[1.687s] [ 67%] Built target mymsg__rosidl_typesupport_fastrtps_cpp
[1.725s] [ 78%] Built target mymsg__rosidl_typesupport_fastrtps_c
[1.751s] [ 78%] Built target mymsg
[1.777s] [ 80%] Built target mymsg__py
[1.812s] [ 89%] Built target mymsg__python
[1.848s] [100%] Built target mymsg__rosidl_typesupport_fastrtps_c__pyext
[1.848s] [100%] Built target mymsg__rosidl_typesupport_c__pyext
[1.848s] [100%] Built target mymsg__rosidl_typesupport_introspection_c__pyext
[1.862s] Invoked command in '/root/research-1/build/mymsg' returned '0': CMAKE_PREFIX_PATH=${CMAKE_PREFIX_PATH}:/root/Pose_waypointmaker/install/tf2_pifpaf:/root/Pose_waypointmaker/install/ros2_pifpaf:/root/Pose_waypointmaker/install/pifpaf_navi:/root/sirius/sirius_ws/install/turtlebot3_teleop:/root/sirius/sirius_ws/install/turtlebot3_example:/opt/ros/foxy /usr/bin/cmake --build /root/research-1/build/mymsg -- -j12 -l12
[2.146s] Invoking command in '/root/research-1/build/mymsg': CMAKE_PREFIX_PATH=${CMAKE_PREFIX_PATH}:/root/Pose_waypointmaker/install/tf2_pifpaf:/root/Pose_waypointmaker/install/ros2_pifpaf:/root/Pose_waypointmaker/install/pifpaf_navi:/root/sirius/sirius_ws/install/turtlebot3_teleop:/root/sirius/sirius_ws/install/turtlebot3_example:/opt/ros/foxy /usr/bin/cmake --install /root/research-1/build/mymsg
[2.163s] -- Install configuration: ""
[2.164s] -- Execute custom install script
[2.164s] -- Up-to-date symlink: /root/research-1/install/mymsg/share/ament_index/resource_index/rosidl_interfaces/mymsg
[2.165s] -- Up-to-date symlink: /root/research-1/install/mymsg/include/mymsg/msg/detail/multi_transform__functions.h
[2.166s] -- Up-to-date symlink: /root/research-1/install/mymsg/include/mymsg/msg/detail/multi_transform__struct.h
[2.166s] -- Up-to-date symlink: /root/research-1/install/mymsg/include/mymsg/msg/detail/multi_transform__type_support.h
[2.166s] -- Up-to-date symlink: /root/research-1/install/mymsg/include/mymsg/msg/detail/pose__functions.h
[2.166s] -- Up-to-date symlink: /root/research-1/install/mymsg/include/mymsg/msg/detail/pose__struct.h
[2.167s] -- Up-to-date symlink: /root/research-1/install/mymsg/include/mymsg/msg/detail/pose__type_support.h
[2.167s] -- Up-to-date symlink: /root/research-1/install/mymsg/include/mymsg/msg/detail/poses__functions.h
[2.167s] -- Up-to-date symlink: /root/research-1/install/mymsg/include/mymsg/msg/detail/poses__struct.h
[2.167s] -- Up-to-date symlink: /root/research-1/install/mymsg/include/mymsg/msg/detail/poses__type_support.h
[2.167s] -- Up-to-date symlink: /root/research-1/install/mymsg/include/mymsg/msg/detail/transform__functions.h
[2.168s] -- Up-to-date symlink: /root/research-1/install/mymsg/include/mymsg/msg/detail/transform__struct.h
[2.168s] -- Up-to-date symlink: /root/research-1/install/mymsg/include/mymsg/msg/detail/transform__type_support.h
[2.168s] -- Up-to-date symlink: /root/research-1/install/mymsg/include/mymsg/msg/multi_transform.h
[2.168s] -- Up-to-date symlink: /root/research-1/install/mymsg/include/mymsg/msg/pose.h
[2.168s] -- Up-to-date symlink: /root/research-1/install/mymsg/include/mymsg/msg/poses.h
[2.169s] -- Up-to-date symlink: /root/research-1/install/mymsg/include/mymsg/msg/rosidl_generator_c__visibility_control.h
[2.169s] -- Up-to-date symlink: /root/research-1/install/mymsg/include/mymsg/msg/transform.h
[2.169s] -- Up-to-date symlink: /root/research-1/install/mymsg/share/mymsg/environment/library_path.sh
[2.169s] -- Up-to-date symlink: /root/research-1/install/mymsg/share/mymsg/environment/library_path.dsv
[2.170s] -- Up-to-date symlink: /root/research-1/install/mymsg/include/mymsg/msg/detail/multi_transform__rosidl_typesupport_fastrtps_c.h
[2.170s] -- Up-to-date symlink: /root/research-1/install/mymsg/include/mymsg/msg/detail/pose__rosidl_typesupport_fastrtps_c.h
[2.171s] -- Up-to-date symlink: /root/research-1/install/mymsg/include/mymsg/msg/detail/poses__rosidl_typesupport_fastrtps_c.h
[2.171s] -- Up-to-date symlink: /root/research-1/install/mymsg/include/mymsg/msg/detail/transform__rosidl_typesupport_fastrtps_c.h
[2.171s] -- Up-to-date symlink: /root/research-1/install/mymsg/include/mymsg/msg/rosidl_typesupport_fastrtps_c__visibility_control.h
[2.171s] -- Up-to-date symlink: /root/research-1/install/mymsg/lib/libmymsg__rosidl_typesupport_fastrtps_c.so
[2.172s] -- Up-to-date symlink: /root/research-1/install/mymsg/include/mymsg/msg/detail/multi_transform__rosidl_typesupport_fastrtps_cpp.hpp
[2.172s] -- Up-to-date symlink: /root/research-1/install/mymsg/include/mymsg/msg/detail/pose__rosidl_typesupport_fastrtps_cpp.hpp
[2.172s] -- Up-to-date symlink: /root/research-1/install/mymsg/include/mymsg/msg/detail/poses__rosidl_typesupport_fastrtps_cpp.hpp
[2.173s] -- Up-to-date symlink: /root/research-1/install/mymsg/include/mymsg/msg/detail/transform__rosidl_typesupport_fastrtps_cpp.hpp
[2.173s] -- Up-to-date symlink: /root/research-1/install/mymsg/include/mymsg/msg/rosidl_typesupport_fastrtps_cpp__visibility_control.h
[2.173s] -- Up-to-date symlink: /root/research-1/install/mymsg/lib/libmymsg__rosidl_typesupport_fastrtps_cpp.so
[2.174s] -- Up-to-date symlink: /root/research-1/install/mymsg/include/mymsg/msg/detail/multi_transform__rosidl_typesupport_introspection_c.h
[2.174s] -- Up-to-date symlink: /root/research-1/install/mymsg/include/mymsg/msg/detail/pose__rosidl_typesupport_introspection_c.h
[2.174s] -- Up-to-date symlink: /root/research-1/install/mymsg/include/mymsg/msg/detail/poses__rosidl_typesupport_introspection_c.h
[2.174s] -- Up-to-date symlink: /root/research-1/install/mymsg/include/mymsg/msg/detail/transform__rosidl_typesupport_introspection_c.h
[2.174s] -- Up-to-date symlink: /root/research-1/install/mymsg/include/mymsg/msg/rosidl_typesupport_introspection_c__visibility_control.h
[2.175s] -- Up-to-date symlink: /root/research-1/install/mymsg/include/mymsg/msg/detail/multi_transform__builder.hpp
[2.175s] -- Up-to-date symlink: /root/research-1/install/mymsg/include/mymsg/msg/detail/multi_transform__struct.hpp
[2.175s] -- Up-to-date symlink: /root/research-1/install/mymsg/include/mymsg/msg/detail/multi_transform__traits.hpp
[2.176s] -- Up-to-date symlink: /root/research-1/install/mymsg/include/mymsg/msg/detail/pose__builder.hpp
[2.176s] -- Up-to-date symlink: /root/research-1/install/mymsg/include/mymsg/msg/detail/pose__struct.hpp
[2.176s] -- Up-to-date symlink: /root/research-1/install/mymsg/include/mymsg/msg/detail/pose__traits.hpp
[2.176s] -- Up-to-date symlink: /root/research-1/install/mymsg/include/mymsg/msg/detail/poses__builder.hpp
[2.176s] -- Up-to-date symlink: /root/research-1/install/mymsg/include/mymsg/msg/detail/poses__struct.hpp
[2.177s] -- Up-to-date symlink: /root/research-1/install/mymsg/include/mymsg/msg/detail/poses__traits.hpp
[2.177s] -- Up-to-date symlink: /root/research-1/install/mymsg/include/mymsg/msg/detail/transform__builder.hpp
[2.177s] -- Up-to-date symlink: /root/research-1/install/mymsg/include/mymsg/msg/detail/transform__struct.hpp
[2.177s] -- Up-to-date symlink: /root/research-1/install/mymsg/include/mymsg/msg/detail/transform__traits.hpp
[2.177s] -- Up-to-date symlink: /root/research-1/install/mymsg/include/mymsg/msg/multi_transform.hpp
[2.178s] -- Up-to-date symlink: /root/research-1/install/mymsg/include/mymsg/msg/pose.hpp
[2.178s] -- Up-to-date symlink: /root/research-1/install/mymsg/include/mymsg/msg/poses.hpp
[2.178s] -- Up-to-date symlink: /root/research-1/install/mymsg/include/mymsg/msg/transform.hpp
[2.178s] -- Up-to-date symlink: /root/research-1/install/mymsg/include/mymsg/msg/detail/multi_transform__rosidl_typesupport_introspection_cpp.hpp
[2.179s] -- Up-to-date symlink: /root/research-1/install/mymsg/include/mymsg/msg/detail/pose__rosidl_typesupport_introspection_cpp.hpp
[2.179s] -- Up-to-date symlink: /root/research-1/install/mymsg/include/mymsg/msg/detail/poses__rosidl_typesupport_introspection_cpp.hpp
[2.179s] -- Up-to-date symlink: /root/research-1/install/mymsg/include/mymsg/msg/detail/transform__rosidl_typesupport_introspection_cpp.hpp
[2.179s] -- Up-to-date symlink: /root/research-1/install/mymsg/share/mymsg/environment/pythonpath.sh
[2.180s] -- Up-to-date symlink: /root/research-1/install/mymsg/share/mymsg/environment/pythonpath.dsv
[2.180s] -- Up-to-date symlink: /root/research-1/install/mymsg/lib/python3.8/site-packages/mymsg/__init__.py
[2.180s] -- Up-to-date symlink: /root/research-1/install/mymsg/lib/python3.8/site-packages/mymsg/msg/__init__.py
[2.181s] -- Up-to-date symlink: /root/research-1/install/mymsg/lib/python3.8/site-packages/mymsg/msg/_multi_transform.py
[2.181s] -- Up-to-date symlink: /root/research-1/install/mymsg/lib/python3.8/site-packages/mymsg/msg/_pose.py
[2.181s] -- Up-to-date symlink: /root/research-1/install/mymsg/lib/python3.8/site-packages/mymsg/msg/_poses.py
[2.181s] -- Up-to-date symlink: /root/research-1/install/mymsg/lib/python3.8/site-packages/mymsg/msg/_transform.py
[2.182s] -- Up-to-date symlink: /root/research-1/install/mymsg/lib/python3.8/site-packages/mymsg/mymsg_s__rosidl_typesupport_fastrtps_c.cpython-38-x86_64-linux-gnu.so
[2.182s] -- Up-to-date symlink: /root/research-1/install/mymsg/lib/python3.8/site-packages/mymsg/mymsg_s__rosidl_typesupport_introspection_c.cpython-38-x86_64-linux-gnu.so
[2.182s] -- Up-to-date symlink: /root/research-1/install/mymsg/lib/python3.8/site-packages/mymsg/mymsg_s__rosidl_typesupport_c.cpython-38-x86_64-linux-gnu.so
[2.183s] -- Up-to-date symlink: /root/research-1/install/mymsg/lib/libmymsg__python.so
[2.183s] -- Up-to-date symlink: /root/research-1/install/mymsg/share/mymsg/msg/Pose.idl
[2.183s] -- Up-to-date symlink: /root/research-1/install/mymsg/share/mymsg/msg/Poses.idl
[2.184s] -- Up-to-date symlink: /root/research-1/install/mymsg/share/mymsg/msg/Transform.idl
[2.184s] -- Up-to-date symlink: /root/research-1/install/mymsg/share/mymsg/msg/MultiTransform.idl
[2.184s] -- Up-to-date symlink: /root/research-1/install/mymsg/share/mymsg/msg/Pose.msg
[2.184s] -- Up-to-date symlink: /root/research-1/install/mymsg/share/mymsg/msg/Poses.msg
[2.185s] -- Up-to-date symlink: /root/research-1/install/mymsg/share/mymsg/msg/Transform.msg
[2.185s] -- Up-to-date symlink: /root/research-1/install/mymsg/share/mymsg/msg/MultiTransform.msg
[2.185s] -- Up-to-date symlink: /root/research-1/install/mymsg/share/ament_index/resource_index/package_run_dependencies/mymsg
[2.185s] -- Up-to-date symlink: /root/research-1/install/mymsg/share/ament_index/resource_index/parent_prefix_path/mymsg
[2.186s] -- Up-to-date symlink: /root/research-1/install/mymsg/share/mymsg/environment/ament_prefix_path.sh
[2.186s] -- Up-to-date symlink: /root/research-1/install/mymsg/share/mymsg/environment/ament_prefix_path.dsv
[2.186s] -- Up-to-date symlink: /root/research-1/install/mymsg/share/mymsg/environment/path.sh
[2.186s] -- Up-to-date symlink: /root/research-1/install/mymsg/share/mymsg/environment/path.dsv
[2.187s] -- Up-to-date symlink: /root/research-1/install/mymsg/share/mymsg/local_setup.bash
[2.187s] -- Up-to-date symlink: /root/research-1/install/mymsg/share/mymsg/local_setup.sh
[2.187s] -- Up-to-date symlink: /root/research-1/install/mymsg/share/mymsg/local_setup.zsh
[2.187s] -- Up-to-date symlink: /root/research-1/install/mymsg/share/mymsg/local_setup.dsv
[2.188s] -- Symlinking: /root/research-1/install/mymsg/share/mymsg/package.dsv
[2.198s] -- Up-to-date symlink: /root/research-1/install/mymsg/share/ament_index/resource_index/packages/mymsg
[2.199s] -- Up-to-date symlink: /root/research-1/install/mymsg/share/mymsg/cmake/rosidl_cmake-extras.cmake
[2.199s] -- Up-to-date symlink: /root/research-1/install/mymsg/share/mymsg/cmake/ament_cmake_export_dependencies-extras.cmake
[2.199s] -- Up-to-date symlink: /root/research-1/install/mymsg/share/mymsg/cmake/ament_cmake_export_libraries-extras.cmake
[2.199s] -- Up-to-date symlink: /root/research-1/install/mymsg/share/mymsg/cmake/ament_cmake_export_targets-extras.cmake
[2.200s] -- Up-to-date symlink: /root/research-1/install/mymsg/share/mymsg/cmake/ament_cmake_export_include_directories-extras.cmake
[2.200s] -- Up-to-date symlink: /root/research-1/install/mymsg/share/mymsg/cmake/rosidl_cmake_export_typesupport_libraries-extras.cmake
[2.200s] -- Up-to-date symlink: /root/research-1/install/mymsg/share/mymsg/cmake/rosidl_cmake_export_typesupport_targets-extras.cmake
[2.201s] -- Up-to-date symlink: /root/research-1/install/mymsg/share/mymsg/cmake/mymsgConfig.cmake
[2.201s] -- Up-to-date symlink: /root/research-1/install/mymsg/share/mymsg/cmake/mymsgConfig-version.cmake
[2.201s] -- Up-to-date symlink: /root/research-1/install/mymsg/share/mymsg/package.xml
[2.202s] -- Up-to-date: /root/research-1/install/mymsg/lib/libmymsg__rosidl_generator_c.so
[2.202s] -- Up-to-date: /root/research-1/install/mymsg/lib/libmymsg__rosidl_typesupport_introspection_c.so
[2.202s] -- Up-to-date: /root/research-1/install/mymsg/lib/libmymsg__rosidl_typesupport_c.so
[2.203s] -- Up-to-date: /root/research-1/install/mymsg/lib/libmymsg__rosidl_typesupport_introspection_cpp.so
[2.204s] -- Up-to-date: /root/research-1/install/mymsg/lib/libmymsg__rosidl_typesupport_cpp.so
[2.238s] Compiling '/root/research-1/install/mymsg/lib/python3.8/site-packages/mymsg/__init__.py'...
[2.241s] -- Up-to-date: /root/research-1/install/mymsg/share/mymsg/cmake/mymsg__rosidl_generator_cExport.cmake
[2.242s] -- Installing: /root/research-1/install/mymsg/share/mymsg/cmake/mymsg__rosidl_generator_cExport-noconfig.cmake
[2.242s] -- Up-to-date: /root/research-1/install/mymsg/share/mymsg/cmake/mymsg__rosidl_typesupport_introspection_cExport.cmake
[2.242s] -- Installing: /root/research-1/install/mymsg/share/mymsg/cmake/mymsg__rosidl_typesupport_introspection_cExport-noconfig.cmake
[2.242s] -- Up-to-date: /root/research-1/install/mymsg/share/mymsg/cmake/mymsg__rosidl_typesupport_cExport.cmake
[2.242s] -- Installing: /root/research-1/install/mymsg/share/mymsg/cmake/mymsg__rosidl_typesupport_cExport-noconfig.cmake
[2.243s] -- Up-to-date: /root/research-1/install/mymsg/share/mymsg/cmake/mymsg__rosidl_generator_cppExport.cmake
[2.243s] -- Up-to-date: /root/research-1/install/mymsg/share/mymsg/cmake/mymsg__rosidl_typesupport_introspection_cppExport.cmake
[2.243s] -- Installing: /root/research-1/install/mymsg/share/mymsg/cmake/mymsg__rosidl_typesupport_introspection_cppExport-noconfig.cmake
[2.244s] -- Up-to-date: /root/research-1/install/mymsg/share/mymsg/cmake/mymsg__rosidl_typesupport_cppExport.cmake
[2.244s] -- Installing: /root/research-1/install/mymsg/share/mymsg/cmake/mymsg__rosidl_typesupport_cppExport-noconfig.cmake
[2.247s] Invoked command in '/root/research-1/build/mymsg' returned '0': CMAKE_PREFIX_PATH=${CMAKE_PREFIX_PATH}:/root/Pose_waypointmaker/install/tf2_pifpaf:/root/Pose_waypointmaker/install/ros2_pifpaf:/root/Pose_waypointmaker/install/pifpaf_navi:/root/sirius/sirius_ws/install/turtlebot3_teleop:/root/sirius/sirius_ws/install/turtlebot3_example:/opt/ros/foxy /usr/bin/cmake --install /root/research-1/build/mymsg
