In file included from [01m[K/root/research-1/build/mymsg/rosidl_generator_c/mymsg/msg/detail/poses__functions.h:19[m[K,
                 from [01m[K/root/research-1/build/mymsg/rosidl_generator_c/mymsg/msg/detail/poses__functions.c:4[m[K:
[01m[K/root/research-1/build/mymsg/rosidl_generator_c/mymsg/msg/detail/poses__struct.h:26:10:[m[K [01;31m[Kfatal error: [m[Kmymsg/msg/detail/string__struct.h: No such file or directory
   26 | #include [01;31m[K"mymsg/msg/detail/string__struct.h"[m[K
      |          [01;31m[K^~~~~~~~~~~~~~~~~~~~~~~~~~~~~~~~~~~[m[K
compilation terminated.
make[2]: *** [CMakeFiles/mymsg__rosidl_generator_c.dir/build.make:193: CMakeFiles/mymsg__rosidl_generator_c.dir/rosidl_generator_c/mymsg/msg/detail/poses__functions.c.o] Error 1
make[2]: *** Waiting for unfinished jobs....
make[1]: *** [CMakeFiles/Makefile2:242: CMakeFiles/mymsg__rosidl_generator_c.dir/all] Error 2
make[1]: *** Waiting for unfinished jobs....
In file included from [01m[K/root/research-1/build/mymsg/rosidl_typesupport_cpp/mymsg/msg/poses__type_support.cpp:7[m[K:
[01m[K/root/research-1/build/mymsg/rosidl_generator_cpp/mymsg/msg/detail/poses__struct.hpp:23:10:[m[K [01;31m[Kfatal error: [m[Kmymsg/msg/detail/string__struct.hpp: No such file or directory
   23 | #include [01;31m[K"mymsg/msg/detail/string__struct.hpp"[m[K
      |          [01;31m[K^~~~~~~~~~~~~~~~~~~~~~~~~~~~~~~~~~~~~[m[K
compilation terminated.
make[2]: *** [CMakeFiles/mymsg__rosidl_typesupport_cpp.dir/build.make:162: CMakeFiles/mymsg__rosidl_typesupport_cpp.dir/rosidl_typesupport_cpp/mymsg/msg/poses__type_support.cpp.o] Error 1
make[2]: *** Waiting for unfinished jobs....
In file included from [01m[K/root/research-1/build/mymsg/rosidl_typesupport_introspection_cpp/mymsg/msg/detail/poses__type_support.cpp:12[m[K:
[01m[K/root/research-1/build/mymsg/rosidl_generator_cpp/mymsg/msg/detail/poses__struct.hpp:23:10:[m[K [01;31m[Kfatal error: [m[Kmymsg/msg/detail/string__struct.hpp: No such file or directory
   23 | #include [01;31m[K"mymsg/msg/detail/string__struct.hpp"[m[K
      |          [01;31m[K^~~~~~~~~~~~~~~~~~~~~~~~~~~~~~~~~~~~~[m[K
compilation terminated.
make[2]: *** [CMakeFiles/mymsg__rosidl_typesupport_introspection_cpp.dir/build.make:170: CMakeFiles/mymsg__rosidl_typesupport_introspection_cpp.dir/rosidl_typesupport_introspection_cpp/mymsg/msg/detail/poses__type_support.cpp.o] Error 1
make[2]: *** Waiting for unfinished jobs....
In file included from [01m[K/root/research-1/build/mymsg/rosidl_typesupport_fastrtps_cpp/mymsg/msg/detail/poses__rosidl_typesupport_fastrtps_cpp.hpp:11[m[K,
                 from [01m[K/root/research-1/build/mymsg/rosidl_typesupport_fastrtps_cpp/mymsg/msg/detail/dds_fastrtps/poses__type_support.cpp:4[m[K:
[01m[K/root/research-1/build/mymsg/rosidl_generator_cpp/mymsg/msg/detail/poses__struct.hpp:23:10:[m[K [01;31m[Kfatal error: [m[Kmymsg/msg/detail/string__struct.hpp: No such file or directory
   23 | #include [01;31m[K"mymsg/msg/detail/string__struct.hpp"[m[K
      |          [01;31m[K^~~~~~~~~~~~~~~~~~~~~~~~~~~~~~~~~~~~~[m[K
compilation terminated.
make[2]: *** [CMakeFiles/mymsg__rosidl_typesupport_fastrtps_cpp.dir/build.make:170: CMakeFiles/mymsg__rosidl_typesupport_fastrtps_cpp.dir/rosidl_typesupport_fastrtps_cpp/mymsg/msg/detail/dds_fastrtps/poses__type_support.cpp.o] Error 1
make[2]: *** Waiting for unfinished jobs....
make[1]: *** [CMakeFiles/Makefile2:269: CMakeFiles/mymsg__rosidl_typesupport_cpp.dir/all] Error 2
make[1]: *** [CMakeFiles/Makefile2:496: CMakeFiles/mymsg__rosidl_typesupport_introspection_cpp.dir/all] Error 2
make[1]: *** [CMakeFiles/Makefile2:325: CMakeFiles/mymsg__rosidl_typesupport_fastrtps_cpp.dir/all] Error 2
make: *** [Makefile:141: all] Error 2
