[0.365s] Invoking command in '/root/research-1/build/mymsg': CMAKE_PREFIX_PATH=${CMAKE_PREFIX_PATH}:/root/Pose_waypointmaker/install/tf2_pifpaf:/root/Pose_waypointmaker/install/ros2_pifpaf:/root/Pose_waypointmaker/install/pifpaf_navi:/root/sirius/sirius_ws/install/turtlebot3_teleop:/root/sirius/sirius_ws/install/turtlebot3_example:/opt/ros/foxy /usr/bin/cmake --build /root/research-1/build/mymsg -- -j12 -l12
[0.412s] -- Found ament_cmake: 0.9.11 (/opt/ros/foxy/share/ament_cmake/cmake)
[0.457s] -- Found PythonInterp: /usr/bin/python3 (found suitable version "3.8.10", minimum required is "3") 
[0.458s] -- Using PYTHON_EXECUTABLE: /usr/bin/python3
[0.720s] -- Found geometry_msgs: 2.0.5 (/opt/ros/foxy/share/geometry_msgs/cmake)
[0.759s] -- Using all available rosidl_typesupport_c: rosidl_typesupport_fastrtps_c;rosidl_typesupport_introspection_c
[0.764s] -- Found rosidl_adapter: 1.3.0 (/opt/ros/foxy/share/rosidl_adapter/cmake)
[0.982s] -- Using all available rosidl_typesupport_cpp: rosidl_typesupport_fastrtps_cpp;rosidl_typesupport_introspection_cpp
[1.064s] -- Found rosidl_default_generators: 1.0.1 (/opt/ros/foxy/share/rosidl_default_generators/cmake)
[1.077s] -- Found sensor_msgs: 2.0.5 (/opt/ros/foxy/share/sensor_msgs/cmake)
[1.182s] -- Found visualization_msgs: 2.0.5 (/opt/ros/foxy/share/visualization_msgs/cmake)
[1.345s] -- Found PythonInterp: /usr/bin/python3 (found version "3.8.10") 
[1.667s] -- Found ament_cmake_ros: 0.9.2 (/opt/ros/foxy/share/ament_cmake_ros/cmake)
[2.240s] -- Using all available rosidl_typesupport_c: rosidl_typesupport_fastrtps_c;rosidl_typesupport_introspection_c
[2.509s] -- Using all available rosidl_typesupport_cpp: rosidl_typesupport_fastrtps_cpp;rosidl_typesupport_introspection_cpp
[2.571s] -- Found PythonInterp: /usr/bin/python3 (found suitable version "3.8.10", minimum required is "3.5") 
[2.572s] -- Found python_cmake_module: 0.8.1 (/opt/ros/foxy/share/python_cmake_module/cmake)
[2.620s] -- Using PYTHON_EXECUTABLE: /usr/bin/python3
[2.620s] -- Using PYTHON_INCLUDE_DIRS: /usr/include/python3.8
[2.621s] -- Using PYTHON_LIBRARIES: /usr/lib/x86_64-linux-gnu/libpython3.8.so
[2.774s] -- Found ament_lint_auto: 0.9.7 (/opt/ros/foxy/share/ament_lint_auto/cmake)
[2.790s] -- Added test 'copyright' to check source files copyright and LICENSE
[2.793s] -- Added test 'lint_cmake' to check CMake code style
[2.795s] -- Added test 'xmllint' to check XML markup files
[2.801s] -- Configuring done
[2.919s] -- Generating done
[2.925s] -- Build files have been written to: /root/research-1/build/mymsg
[2.962s] [  2%] [34m[1mGenerating C code for ROS interfaces[0m
[2.979s] [  5%] [34m[1mGenerating C++ code for ROS interfaces[0m
[3.433s] [  5%] Built target mymsg__cpp
[3.449s] [ 12%] [34m[1mGenerating C++ type support for eProsima Fast-RTPS[0m
[3.449s] [ 12%] [34m[1mGenerating C++ introspection for ROS interfaces[0m
[3.449s] [ 12%] [34m[1mGenerating C++ type support dispatch for ROS interfaces[0m
[3.455s] [35m[1mScanning dependencies of target mymsg__rosidl_generator_c[0m
[3.474s] [ 15%] [32mBuilding C object CMakeFiles/mymsg__rosidl_generator_c.dir/rosidl_generator_c/mymsg/msg/detail/poses__functions.c.o[0m
[3.476s] [ 17%] [32mBuilding C object CMakeFiles/mymsg__rosidl_generator_c.dir/rosidl_generator_c/mymsg/msg/detail/pose__functions.c.o[0m
[3.493s] In file included from [01m[K/root/research-1/build/mymsg/rosidl_generator_c/mymsg/msg/detail/poses__functions.h:19[m[K,
[3.493s]                  from [01m[K/root/research-1/build/mymsg/rosidl_generator_c/mymsg/msg/detail/poses__functions.c:4[m[K:
[3.493s] [01m[K/root/research-1/build/mymsg/rosidl_generator_c/mymsg/msg/detail/poses__struct.h:26:10:[m[K [01;31m[Kfatal error: [m[Kmymsg/msg/detail/string__struct.h: No such file or directory
[3.493s]    26 | #include [01;31m[K"mymsg/msg/detail/string__struct.h"[m[K
[3.493s]       |          [01;31m[K^~~~~~~~~~~~~~~~~~~~~~~~~~~~~~~~~~~[m[K
[3.493s] compilation terminated.
[3.494s] make[2]: *** [CMakeFiles/mymsg__rosidl_generator_c.dir/build.make:193: CMakeFiles/mymsg__rosidl_generator_c.dir/rosidl_generator_c/mymsg/msg/detail/poses__functions.c.o] Error 1
[3.494s] make[2]: *** Waiting for unfinished jobs....
[3.532s] make[1]: *** [CMakeFiles/Makefile2:242: CMakeFiles/mymsg__rosidl_generator_c.dir/all] Error 2
[3.532s] make[1]: *** Waiting for unfinished jobs....
[3.806s] [35m[1mScanning dependencies of target mymsg__rosidl_typesupport_cpp[0m
[3.826s] [ 20%] [32mBuilding CXX object CMakeFiles/mymsg__rosidl_typesupport_cpp.dir/rosidl_typesupport_cpp/mymsg/msg/poses__type_support.cpp.o[0m
[3.826s] [ 23%] [32mBuilding CXX object CMakeFiles/mymsg__rosidl_typesupport_cpp.dir/rosidl_typesupport_cpp/mymsg/msg/pose__type_support.cpp.o[0m
[3.836s] [35m[1mScanning dependencies of target mymsg__rosidl_typesupport_introspection_cpp[0m
[3.860s] [ 25%] [32mBuilding CXX object CMakeFiles/mymsg__rosidl_typesupport_introspection_cpp.dir/rosidl_typesupport_introspection_cpp/mymsg/msg/detail/pose__type_support.cpp.o[0m
[3.860s] [ 28%] [32mBuilding CXX object CMakeFiles/mymsg__rosidl_typesupport_introspection_cpp.dir/rosidl_typesupport_introspection_cpp/mymsg/msg/detail/poses__type_support.cpp.o[0m
[3.881s] [35m[1mScanning dependencies of target mymsg__rosidl_typesupport_fastrtps_cpp[0m
[3.899s] In file included from [01m[K/root/research-1/build/mymsg/rosidl_typesupport_cpp/mymsg/msg/poses__type_support.cpp:7[m[K:
[3.899s] [01m[K/root/research-1/build/mymsg/rosidl_generator_cpp/mymsg/msg/detail/poses__struct.hpp:23:10:[m[K [01;31m[Kfatal error: [m[Kmymsg/msg/detail/string__struct.hpp: No such file or directory
[3.899s]    23 | #include [01;31m[K"mymsg/msg/detail/string__struct.hpp"[m[K
[3.899s]       |          [01;31m[K^~~~~~~~~~~~~~~~~~~~~~~~~~~~~~~~~~~~~[m[K
[3.899s] compilation terminated.
[3.900s] make[2]: *** [CMakeFiles/mymsg__rosidl_typesupport_cpp.dir/build.make:162: CMakeFiles/mymsg__rosidl_typesupport_cpp.dir/rosidl_typesupport_cpp/mymsg/msg/poses__type_support.cpp.o] Error 1
[3.901s] make[2]: *** Waiting for unfinished jobs....
[3.907s] [ 30%] [32mBuilding CXX object CMakeFiles/mymsg__rosidl_typesupport_fastrtps_cpp.dir/rosidl_typesupport_fastrtps_cpp/mymsg/msg/detail/dds_fastrtps/pose__type_support.cpp.o[0m
[3.907s] [ 33%] [32mBuilding CXX object CMakeFiles/mymsg__rosidl_typesupport_fastrtps_cpp.dir/rosidl_typesupport_fastrtps_cpp/mymsg/msg/detail/dds_fastrtps/poses__type_support.cpp.o[0m
[3.936s] In file included from [01m[K/root/research-1/build/mymsg/rosidl_typesupport_introspection_cpp/mymsg/msg/detail/poses__type_support.cpp:12[m[K:
[3.936s] [01m[K/root/research-1/build/mymsg/rosidl_generator_cpp/mymsg/msg/detail/poses__struct.hpp:23:10:[m[K [01;31m[Kfatal error: [m[Kmymsg/msg/detail/string__struct.hpp: No such file or directory
[3.936s]    23 | #include [01;31m[K"mymsg/msg/detail/string__struct.hpp"[m[K
[3.936s]       |          [01;31m[K^~~~~~~~~~~~~~~~~~~~~~~~~~~~~~~~~~~~~[m[K
[3.936s] compilation terminated.
[3.938s] make[2]: *** [CMakeFiles/mymsg__rosidl_typesupport_introspection_cpp.dir/build.make:170: CMakeFiles/mymsg__rosidl_typesupport_introspection_cpp.dir/rosidl_typesupport_introspection_cpp/mymsg/msg/detail/poses__type_support.cpp.o] Error 1
[3.938s] make[2]: *** Waiting for unfinished jobs....
[3.958s] In file included from [01m[K/root/research-1/build/mymsg/rosidl_typesupport_fastrtps_cpp/mymsg/msg/detail/poses__rosidl_typesupport_fastrtps_cpp.hpp:11[m[K,
[3.958s]                  from [01m[K/root/research-1/build/mymsg/rosidl_typesupport_fastrtps_cpp/mymsg/msg/detail/dds_fastrtps/poses__type_support.cpp:4[m[K:
[3.958s] [01m[K/root/research-1/build/mymsg/rosidl_generator_cpp/mymsg/msg/detail/poses__struct.hpp:23:10:[m[K [01;31m[Kfatal error: [m[Kmymsg/msg/detail/string__struct.hpp: No such file or directory
[3.958s]    23 | #include [01;31m[K"mymsg/msg/detail/string__struct.hpp"[m[K
[3.959s]       |          [01;31m[K^~~~~~~~~~~~~~~~~~~~~~~~~~~~~~~~~~~~~[m[K
[3.959s] compilation terminated.
[3.959s] make[2]: *** [CMakeFiles/mymsg__rosidl_typesupport_fastrtps_cpp.dir/build.make:170: CMakeFiles/mymsg__rosidl_typesupport_fastrtps_cpp.dir/rosidl_typesupport_fastrtps_cpp/mymsg/msg/detail/dds_fastrtps/poses__type_support.cpp.o] Error 1
[3.959s] make[2]: *** Waiting for unfinished jobs....
[4.174s] make[1]: *** [CMakeFiles/Makefile2:269: CMakeFiles/mymsg__rosidl_typesupport_cpp.dir/all] Error 2
[4.254s] make[1]: *** [CMakeFiles/Makefile2:496: CMakeFiles/mymsg__rosidl_typesupport_introspection_cpp.dir/all] Error 2
[4.440s] make[1]: *** [CMakeFiles/Makefile2:325: CMakeFiles/mymsg__rosidl_typesupport_fastrtps_cpp.dir/all] Error 2
[4.440s] make: *** [Makefile:141: all] Error 2
[4.442s] Invoked command in '/root/research-1/build/mymsg' returned '2': CMAKE_PREFIX_PATH=${CMAKE_PREFIX_PATH}:/root/Pose_waypointmaker/install/tf2_pifpaf:/root/Pose_waypointmaker/install/ros2_pifpaf:/root/Pose_waypointmaker/install/pifpaf_navi:/root/sirius/sirius_ws/install/turtlebot3_teleop:/root/sirius/sirius_ws/install/turtlebot3_example:/opt/ros/foxy /usr/bin/cmake --build /root/research-1/build/mymsg -- -j12 -l12
