[0.681s] Invoking command in '/root/research-1/src/chaser_navigation_system': PYTHONPATH=/root/research-1/install/chaser_navigation_system/lib/python3.8/site-packages:${PYTHONPATH} _=/usr/bin/env /usr/bin/python3 setup.py egg_info --egg-base ../../build/chaser_navigation_system build --build-base /root/research-1/build/chaser_navigation_system/build install --prefix /root/research-1/install/chaser_navigation_system --record /root/research-1/build/chaser_navigation_system/install.log --single-version-externally-managed
[0.955s] running egg_info
[0.955s] creating ../../build/chaser_navigation_system/chaser_navigation_system.egg-info
[0.956s] writing ../../build/chaser_navigation_system/chaser_navigation_system.egg-info/PKG-INFO
[0.956s] writing dependency_links to ../../build/chaser_navigation_system/chaser_navigation_system.egg-info/dependency_links.txt
[0.956s] writing entry points to ../../build/chaser_navigation_system/chaser_navigation_system.egg-info/entry_points.txt
[0.956s] writing requirements to ../../build/chaser_navigation_system/chaser_navigation_system.egg-info/requires.txt
[0.956s] writing top-level names to ../../build/chaser_navigation_system/chaser_navigation_system.egg-info/top_level.txt
[0.958s] writing manifest file '../../build/chaser_navigation_system/chaser_navigation_system.egg-info/SOURCES.txt'
[0.994s] reading manifest file '../../build/chaser_navigation_system/chaser_navigation_system.egg-info/SOURCES.txt'
[0.995s] writing manifest file '../../build/chaser_navigation_system/chaser_navigation_system.egg-info/SOURCES.txt'
[0.995s] running build
[0.995s] running build_py
[0.996s] creating /root/research-1/build/chaser_navigation_system/build
[0.996s] creating /root/research-1/build/chaser_navigation_system/build/lib
[0.996s] creating /root/research-1/build/chaser_navigation_system/build/lib/chaser_navigation_system
[0.996s] copying chaser_navigation_system/rgbd_generator.py -> /root/research-1/build/chaser_navigation_system/build/lib/chaser_navigation_system
[0.996s] copying chaser_navigation_system/image_cutter.py -> /root/research-1/build/chaser_navigation_system/build/lib/chaser_navigation_system
[0.996s] copying chaser_navigation_system/image_inputer.py -> /root/research-1/build/chaser_navigation_system/build/lib/chaser_navigation_system
[0.997s] copying chaser_navigation_system/three_d_pose_analysis.py -> /root/research-1/build/chaser_navigation_system/build/lib/chaser_navigation_system
[0.997s] copying chaser_navigation_system/pose_tf2.py -> /root/research-1/build/chaser_navigation_system/build/lib/chaser_navigation_system
[0.997s] copying chaser_navigation_system/__init__.py -> /root/research-1/build/chaser_navigation_system/build/lib/chaser_navigation_system
[0.997s] running install
[0.998s] running install_lib
[0.999s] creating /root/research-1/install/chaser_navigation_system/lib/python3.8/site-packages/chaser_navigation_system
[0.999s] copying /root/research-1/build/chaser_navigation_system/build/lib/chaser_navigation_system/rgbd_generator.py -> /root/research-1/install/chaser_navigation_system/lib/python3.8/site-packages/chaser_navigation_system
[1.000s] copying /root/research-1/build/chaser_navigation_system/build/lib/chaser_navigation_system/image_cutter.py -> /root/research-1/install/chaser_navigation_system/lib/python3.8/site-packages/chaser_navigation_system
[1.000s] copying /root/research-1/build/chaser_navigation_system/build/lib/chaser_navigation_system/image_inputer.py -> /root/research-1/install/chaser_navigation_system/lib/python3.8/site-packages/chaser_navigation_system
[1.000s] copying /root/research-1/build/chaser_navigation_system/build/lib/chaser_navigation_system/three_d_pose_analysis.py -> /root/research-1/install/chaser_navigation_system/lib/python3.8/site-packages/chaser_navigation_system
[1.000s] copying /root/research-1/build/chaser_navigation_system/build/lib/chaser_navigation_system/pose_tf2.py -> /root/research-1/install/chaser_navigation_system/lib/python3.8/site-packages/chaser_navigation_system
[1.000s] copying /root/research-1/build/chaser_navigation_system/build/lib/chaser_navigation_system/__init__.py -> /root/research-1/install/chaser_navigation_system/lib/python3.8/site-packages/chaser_navigation_system
[1.001s] byte-compiling /root/research-1/install/chaser_navigation_system/lib/python3.8/site-packages/chaser_navigation_system/rgbd_generator.py to rgbd_generator.cpython-38.pyc
[1.003s] byte-compiling /root/research-1/install/chaser_navigation_system/lib/python3.8/site-packages/chaser_navigation_system/image_cutter.py to image_cutter.cpython-38.pyc
[1.004s] byte-compiling /root/research-1/install/chaser_navigation_system/lib/python3.8/site-packages/chaser_navigation_system/image_inputer.py to image_inputer.cpython-38.pyc
[1.005s] byte-compiling /root/research-1/install/chaser_navigation_system/lib/python3.8/site-packages/chaser_navigation_system/three_d_pose_analysis.py to three_d_pose_analysis.cpython-38.pyc
[1.007s] byte-compiling /root/research-1/install/chaser_navigation_system/lib/python3.8/site-packages/chaser_navigation_system/pose_tf2.py to pose_tf2.cpython-38.pyc
[1.008s] byte-compiling /root/research-1/install/chaser_navigation_system/lib/python3.8/site-packages/chaser_navigation_system/__init__.py to __init__.cpython-38.pyc
[1.008s] running install_data
[1.009s] creating /root/research-1/install/chaser_navigation_system/share
[1.009s] creating /root/research-1/install/chaser_navigation_system/share/ament_index
[1.009s] creating /root/research-1/install/chaser_navigation_system/share/ament_index/resource_index
[1.010s] creating /root/research-1/install/chaser_navigation_system/share/ament_index/resource_index/packages
[1.010s] copying resource/chaser_navigation_system -> /root/research-1/install/chaser_navigation_system/share/ament_index/resource_index/packages
[1.010s] creating /root/research-1/install/chaser_navigation_system/share/chaser_navigation_system
[1.010s] copying package.xml -> /root/research-1/install/chaser_navigation_system/share/chaser_navigation_system
[1.010s] running install_egg_info
[1.011s] Copying ../../build/chaser_navigation_system/chaser_navigation_system.egg-info to /root/research-1/install/chaser_navigation_system/lib/python3.8/site-packages/chaser_navigation_system-0.0.0-py3.8.egg-info
[1.012s] running install_scripts
[1.029s] Installing image_inputer script to /root/research-1/install/chaser_navigation_system/lib/chaser_navigation_system
[1.029s] Installing pose_tf2 = chaser_navigation_system.pose_tf2:mainrgbd_generator script to /root/research-1/install/chaser_navigation_system/lib/chaser_navigation_system
[1.029s] Installing three_d_pose_analysis script to /root/research-1/install/chaser_navigation_system/lib/chaser_navigation_system
[1.030s] writing list of installed files to '/root/research-1/build/chaser_navigation_system/install.log'
[1.052s] Invoked command in '/root/research-1/src/chaser_navigation_system' returned '0': PYTHONPATH=/root/research-1/install/chaser_navigation_system/lib/python3.8/site-packages:${PYTHONPATH} _=/usr/bin/env /usr/bin/python3 setup.py egg_info --egg-base ../../build/chaser_navigation_system build --build-base /root/research-1/build/chaser_navigation_system/build install --prefix /root/research-1/install/chaser_navigation_system --record /root/research-1/build/chaser_navigation_system/install.log --single-version-externally-managed
