[0.639s] Invoking command in '/root/research-1/build/chaser_navigation_system': AMENT_PREFIX_PATH=/root/research-1/install/mymsg:${AMENT_PREFIX_PATH} CMAKE_PREFIX_PATH=/root/research-1/install/mymsg:${CMAKE_PREFIX_PATH} LD_LIBRARY_PATH=/root/research-1/install/mymsg/lib:${LD_LIBRARY_PATH} PYTHONPATH=/root/research-1/build/chaser_navigation_system/prefix_override:/root/research-1/install/chaser_navigation_system/lib/python3.8/site-packages:/root/research-1/install/mymsg/lib/python3.8/site-packages:${PYTHONPATH} /usr/bin/python3 setup.py develop --uninstall --editable --build-directory /root/research-1/build/chaser_navigation_system/build
[0.869s] running develop
[1.022s] Removing /root/research-1/install/chaser_navigation_system/lib/python3.8/site-packages/chaser-navigation-system.egg-link (link to .)
[1.039s] Invoked command in '/root/research-1/build/chaser_navigation_system' returned '0': AMENT_PREFIX_PATH=/root/research-1/install/mymsg:${AMENT_PREFIX_PATH} CMAKE_PREFIX_PATH=/root/research-1/install/mymsg:${CMAKE_PREFIX_PATH} LD_LIBRARY_PATH=/root/research-1/install/mymsg/lib:${LD_LIBRARY_PATH} PYTHONPATH=/root/research-1/build/chaser_navigation_system/prefix_override:/root/research-1/install/chaser_navigation_system/lib/python3.8/site-packages:/root/research-1/install/mymsg/lib/python3.8/site-packages:${PYTHONPATH} /usr/bin/python3 setup.py develop --uninstall --editable --build-directory /root/research-1/build/chaser_navigation_system/build
[1.039s] Invoking command in '/root/research-1/src/chaser_navigation_system': AMENT_PREFIX_PATH=/root/research-1/install/mymsg:${AMENT_PREFIX_PATH} CMAKE_PREFIX_PATH=/root/research-1/install/mymsg:${CMAKE_PREFIX_PATH} LD_LIBRARY_PATH=/root/research-1/install/mymsg/lib:${LD_LIBRARY_PATH} PYTHONPATH=/root/research-1/build/chaser_navigation_system/prefix_override:/root/research-1/install/chaser_navigation_system/lib/python3.8/site-packages:/root/research-1/install/mymsg/lib/python3.8/site-packages:${PYTHONPATH} /usr/bin/python3 setup.py egg_info --egg-base ../../build/chaser_navigation_system build --build-base /root/research-1/build/chaser_navigation_system/build install --record /root/research-1/build/chaser_navigation_system/install.log --install-scripts $base/lib/chaser_navigation_system --single-version-externally-managed
[1.253s] running egg_info
[1.253s] writing ../../build/chaser_navigation_system/chaser_navigation_system.egg-info/PKG-INFO
[1.254s] writing dependency_links to ../../build/chaser_navigation_system/chaser_navigation_system.egg-info/dependency_links.txt
[1.254s] writing entry points to ../../build/chaser_navigation_system/chaser_navigation_system.egg-info/entry_points.txt
[1.254s] writing requirements to ../../build/chaser_navigation_system/chaser_navigation_system.egg-info/requires.txt
[1.254s] writing top-level names to ../../build/chaser_navigation_system/chaser_navigation_system.egg-info/top_level.txt
[1.284s] reading manifest file '../../build/chaser_navigation_system/chaser_navigation_system.egg-info/SOURCES.txt'
[1.285s] writing manifest file '../../build/chaser_navigation_system/chaser_navigation_system.egg-info/SOURCES.txt'
[1.285s] running build
[1.285s] running build_py
[1.286s] running install
[1.286s] running install_lib
[1.288s] creating /root/research-1/install/chaser_navigation_system/lib/python3.8/site-packages/chaser_navigation_system
[1.288s] copying /root/research-1/build/chaser_navigation_system/build/lib/chaser_navigation_system/image_cutter.py -> /root/research-1/install/chaser_navigation_system/lib/python3.8/site-packages/chaser_navigation_system
[1.288s] copying /root/research-1/build/chaser_navigation_system/build/lib/chaser_navigation_system/image_inputer.py -> /root/research-1/install/chaser_navigation_system/lib/python3.8/site-packages/chaser_navigation_system
[1.288s] copying /root/research-1/build/chaser_navigation_system/build/lib/chaser_navigation_system/3d_pose_analysis.py -> /root/research-1/install/chaser_navigation_system/lib/python3.8/site-packages/chaser_navigation_system
[1.288s] copying /root/research-1/build/chaser_navigation_system/build/lib/chaser_navigation_system/__init__.py -> /root/research-1/install/chaser_navigation_system/lib/python3.8/site-packages/chaser_navigation_system
[1.289s] byte-compiling /root/research-1/install/chaser_navigation_system/lib/python3.8/site-packages/chaser_navigation_system/image_cutter.py to image_cutter.cpython-38.pyc
[1.291s] byte-compiling /root/research-1/install/chaser_navigation_system/lib/python3.8/site-packages/chaser_navigation_system/image_inputer.py to image_inputer.cpython-38.pyc
[1.293s] byte-compiling /root/research-1/install/chaser_navigation_system/lib/python3.8/site-packages/chaser_navigation_system/3d_pose_analysis.py to 3d_pose_analysis.cpython-38.pyc
[1.294s] byte-compiling /root/research-1/install/chaser_navigation_system/lib/python3.8/site-packages/chaser_navigation_system/__init__.py to __init__.cpython-38.pyc
[1.295s] running install_data
[1.295s] copying package.xml -> /root/research-1/install/chaser_navigation_system/share/chaser_navigation_system
[1.295s] running install_egg_info
[1.297s] Copying ../../build/chaser_navigation_system/chaser_navigation_system.egg-info to /root/research-1/install/chaser_navigation_system/lib/python3.8/site-packages/chaser_navigation_system-0.0.0-py3.8.egg-info
[1.299s] running install_scripts
[1.313s] Installing image_cutter script to /root/research-1/install/chaser_navigation_system/lib/chaser_navigation_system
[1.313s] Installing image_inputer script to /root/research-1/install/chaser_navigation_system/lib/chaser_navigation_system
[1.314s] writing list of installed files to '/root/research-1/build/chaser_navigation_system/install.log'
[1.331s] Invoked command in '/root/research-1/src/chaser_navigation_system' returned '0': AMENT_PREFIX_PATH=/root/research-1/install/mymsg:${AMENT_PREFIX_PATH} CMAKE_PREFIX_PATH=/root/research-1/install/mymsg:${CMAKE_PREFIX_PATH} LD_LIBRARY_PATH=/root/research-1/install/mymsg/lib:${LD_LIBRARY_PATH} PYTHONPATH=/root/research-1/build/chaser_navigation_system/prefix_override:/root/research-1/install/chaser_navigation_system/lib/python3.8/site-packages:/root/research-1/install/mymsg/lib/python3.8/site-packages:${PYTHONPATH} /usr/bin/python3 setup.py egg_info --egg-base ../../build/chaser_navigation_system build --build-base /root/research-1/build/chaser_navigation_system/build install --record /root/research-1/build/chaser_navigation_system/install.log --install-scripts $base/lib/chaser_navigation_system --single-version-externally-managed
