[0.418s] Invoking command in '/root/research-1/build/mymsg': CMAKE_PREFIX_PATH=${CMAKE_PREFIX_PATH}:/root/Pose_waypointmaker/install/tf2_pifpaf:/root/Pose_waypointmaker/install/ros2_pifpaf:/root/Pose_waypointmaker/install/pifpaf_navi:/root/sirius/sirius_ws/install/turtlebot3_teleop:/root/sirius/sirius_ws/install/turtlebot3_example:/opt/ros/foxy /usr/bin/cmake --build /root/research-1/build/mymsg -- -j12 -l12
[0.462s] -- Found ament_cmake: 0.9.11 (/opt/ros/foxy/share/ament_cmake/cmake)
[0.510s] -- Found PythonInterp: /usr/bin/python3 (found suitable version "3.8.10", minimum required is "3") 
[0.510s] -- Using PYTHON_EXECUTABLE: /usr/bin/python3
[0.869s] -- Found geometry_msgs: 2.0.5 (/opt/ros/foxy/share/geometry_msgs/cmake)
[0.915s] -- Using all available rosidl_typesupport_c: rosidl_typesupport_fastrtps_c;rosidl_typesupport_introspection_c
[0.921s] -- Found rosidl_adapter: 1.3.0 (/opt/ros/foxy/share/rosidl_adapter/cmake)
[1.194s] -- Using all available rosidl_typesupport_cpp: rosidl_typesupport_fastrtps_cpp;rosidl_typesupport_introspection_cpp
[1.359s] -- Found rosidl_default_generators: 1.0.1 (/opt/ros/foxy/share/rosidl_default_generators/cmake)
[1.386s] -- Found sensor_msgs: 2.0.5 (/opt/ros/foxy/share/sensor_msgs/cmake)
[1.531s] -- Found visualization_msgs: 2.0.5 (/opt/ros/foxy/share/visualization_msgs/cmake)
[1.660s] -- Found PythonInterp: /usr/bin/python3 (found version "3.8.10") 
[2.027s] -- Found ament_cmake_ros: 0.9.2 (/opt/ros/foxy/share/ament_cmake_ros/cmake)
[2.552s] -- Using all available rosidl_typesupport_c: rosidl_typesupport_fastrtps_c;rosidl_typesupport_introspection_c
[2.790s] -- Using all available rosidl_typesupport_cpp: rosidl_typesupport_fastrtps_cpp;rosidl_typesupport_introspection_cpp
[2.852s] -- Found PythonInterp: /usr/bin/python3 (found suitable version "3.8.10", minimum required is "3.5") 
[2.853s] -- Found python_cmake_module: 0.8.1 (/opt/ros/foxy/share/python_cmake_module/cmake)
[2.903s] -- Using PYTHON_EXECUTABLE: /usr/bin/python3
[2.903s] -- Using PYTHON_INCLUDE_DIRS: /usr/include/python3.8
[2.903s] -- Using PYTHON_LIBRARIES: /usr/lib/x86_64-linux-gnu/libpython3.8.so
[3.001s] -- Found ament_lint_auto: 0.9.7 (/opt/ros/foxy/share/ament_lint_auto/cmake)
[3.016s] -- Added test 'copyright' to check source files copyright and LICENSE
[3.019s] -- Added test 'lint_cmake' to check CMake code style
[3.021s] -- Added test 'xmllint' to check XML markup files
[3.028s] -- Configuring done
[3.145s] -- Generating done
[3.151s] -- Build files have been written to: /root/research-1/build/mymsg
[3.191s] [  2%] [34m[1mGenerating C code for ROS interfaces[0m
[3.207s] [  5%] [34m[1mGenerating C++ code for ROS interfaces[0m
[3.677s] [  5%] Built target mymsg__cpp
[3.707s] [ 10%] [34m[1mGenerating C++ type support dispatch for ROS interfaces[0m
[3.707s] [ 10%] [34m[1mGenerating C++ introspection for ROS interfaces[0m
[3.710s] [ 12%] [34m[1mGenerating C++ type support for eProsima Fast-RTPS[0m
[3.718s] [35m[1mScanning dependencies of target mymsg__rosidl_generator_c[0m
[3.744s] [ 17%] [32mBuilding C object CMakeFiles/mymsg__rosidl_generator_c.dir/rosidl_generator_c/mymsg/msg/detail/pose__functions.c.o[0m
[3.744s] [ 17%] [32mBuilding C object CMakeFiles/mymsg__rosidl_generator_c.dir/rosidl_generator_c/mymsg/msg/detail/poses__functions.c.o[0m
[3.821s] [ 20%] [32m[1mLinking C shared library libmymsg__rosidl_generator_c.so[0m
[3.919s] [ 20%] Built target mymsg__rosidl_generator_c
[3.936s] [ 23%] [34m[1mGenerating C type support dispatch for ROS interfaces[0m
[3.939s] [ 25%] [34m[1mGenerating C introspection for ROS interfaces[0m
[4.102s] [35m[1mScanning dependencies of target mymsg__rosidl_typesupport_cpp[0m
[4.122s] [35m[1mScanning dependencies of target mymsg__rosidl_typesupport_introspection_cpp[0m
[4.128s] [ 28%] [32mBuilding CXX object CMakeFiles/mymsg__rosidl_typesupport_cpp.dir/rosidl_typesupport_cpp/mymsg/msg/pose__type_support.cpp.o[0m
[4.129s] [ 30%] [32mBuilding CXX object CMakeFiles/mymsg__rosidl_typesupport_cpp.dir/rosidl_typesupport_cpp/mymsg/msg/poses__type_support.cpp.o[0m
[4.149s] [ 33%] [32mBuilding CXX object CMakeFiles/mymsg__rosidl_typesupport_introspection_cpp.dir/rosidl_typesupport_introspection_cpp/mymsg/msg/detail/poses__type_support.cpp.o[0m
[4.151s] [ 35%] [32mBuilding CXX object CMakeFiles/mymsg__rosidl_typesupport_introspection_cpp.dir/rosidl_typesupport_introspection_cpp/mymsg/msg/detail/pose__type_support.cpp.o[0m
[4.210s] [35m[1mScanning dependencies of target mymsg__rosidl_typesupport_fastrtps_cpp[0m
[4.246s] [ 38%] [32mBuilding CXX object CMakeFiles/mymsg__rosidl_typesupport_fastrtps_cpp.dir/rosidl_typesupport_fastrtps_cpp/mymsg/msg/detail/dds_fastrtps/poses__type_support.cpp.o[0m
[4.247s] [ 41%] [32mBuilding CXX object CMakeFiles/mymsg__rosidl_typesupport_fastrtps_cpp.dir/rosidl_typesupport_fastrtps_cpp/mymsg/msg/detail/dds_fastrtps/pose__type_support.cpp.o[0m
[4.297s] [35m[1mScanning dependencies of target mymsg__rosidl_typesupport_c[0m
[4.321s] [ 43%] [32mBuilding CXX object CMakeFiles/mymsg__rosidl_typesupport_c.dir/rosidl_typesupport_c/mymsg/msg/pose__type_support.cpp.o[0m
[4.324s] [ 46%] [32mBuilding CXX object CMakeFiles/mymsg__rosidl_typesupport_c.dir/rosidl_typesupport_c/mymsg/msg/poses__type_support.cpp.o[0m
[4.367s] [35m[1mScanning dependencies of target mymsg__rosidl_typesupport_introspection_c[0m
[4.381s] [ 48%] [32m[1mLinking CXX shared library libmymsg__rosidl_typesupport_c.so[0m
[4.395s] [ 51%] [32mBuilding C object CMakeFiles/mymsg__rosidl_typesupport_introspection_c.dir/rosidl_typesupport_introspection_c/mymsg/msg/detail/pose__type_support.c.o[0m
[4.406s] [ 53%] [32mBuilding C object CMakeFiles/mymsg__rosidl_typesupport_introspection_c.dir/rosidl_typesupport_introspection_c/mymsg/msg/detail/poses__type_support.c.o[0m
[4.469s] [ 53%] Built target mymsg__rosidl_typesupport_c
[4.484s] [ 56%] [32m[1mLinking C shared library libmymsg__rosidl_typesupport_introspection_c.so[0m
[4.559s] [ 56%] Built target mymsg__rosidl_typesupport_introspection_c
[4.591s] [ 58%] [32m[1mLinking CXX shared library libmymsg__rosidl_typesupport_cpp.so[0m
[4.670s] [ 58%] Built target mymsg__rosidl_typesupport_cpp
[4.741s] [ 61%] [32m[1mLinking CXX shared library libmymsg__rosidl_typesupport_introspection_cpp.so[0m
[4.871s] [ 61%] Built target mymsg__rosidl_typesupport_introspection_cpp
[4.995s] [ 64%] [32m[1mLinking CXX shared library libmymsg__rosidl_typesupport_fastrtps_cpp.so[0m
[5.164s] [ 64%] Built target mymsg__rosidl_typesupport_fastrtps_cpp
[5.182s] [ 66%] [34m[1mGenerating C type support for eProsima Fast-RTPS[0m
[5.551s] [35m[1mScanning dependencies of target mymsg__rosidl_typesupport_fastrtps_c[0m
[5.578s] [ 69%] [32mBuilding CXX object CMakeFiles/mymsg__rosidl_typesupport_fastrtps_c.dir/rosidl_typesupport_fastrtps_c/mymsg/msg/detail/pose__type_support_c.cpp.o[0m
[5.578s] [ 71%] [32mBuilding CXX object CMakeFiles/mymsg__rosidl_typesupport_fastrtps_c.dir/rosidl_typesupport_fastrtps_c/mymsg/msg/detail/poses__type_support_c.cpp.o[0m
[6.070s] [ 74%] [32m[1mLinking CXX shared library libmymsg__rosidl_typesupport_fastrtps_c.so[0m
[6.193s] [ 74%] Built target mymsg__rosidl_typesupport_fastrtps_c
[6.228s] [ 74%] Built target mymsg
[6.262s] [ 76%] [34m[1mGenerating Python code for ROS interfaces[0m
[7.137s] [ 76%] Built target mymsg__py
[7.155s] [35m[1mScanning dependencies of target mymsg__python[0m
[7.184s] [ 79%] [32mBuilding C object CMakeFiles/mymsg__python.dir/rosidl_generator_py/mymsg/msg/_pose_s.c.o[0m
[7.184s] [ 82%] [32mBuilding C object CMakeFiles/mymsg__python.dir/rosidl_generator_py/mymsg/msg/_poses_s.c.o[0m
[7.382s] [ 84%] [32m[1mLinking C shared library rosidl_generator_py/mymsg/libmymsg__python.so[0m
[7.451s] [ 84%] Built target mymsg__python
[7.469s] [35m[1mScanning dependencies of target mymsg__rosidl_typesupport_c__pyext[0m
[7.469s] [35m[1mScanning dependencies of target mymsg__rosidl_typesupport_introspection_c__pyext[0m
[7.469s] [35m[1mScanning dependencies of target mymsg__rosidl_typesupport_fastrtps_c__pyext[0m
[7.495s] [ 87%] [32mBuilding C object CMakeFiles/mymsg__rosidl_typesupport_introspection_c__pyext.dir/rosidl_generator_py/mymsg/_mymsg_s.ep.rosidl_typesupport_introspection_c.c.o[0m
[7.497s] [ 89%] [32mBuilding C object CMakeFiles/mymsg__rosidl_typesupport_c__pyext.dir/rosidl_generator_py/mymsg/_mymsg_s.ep.rosidl_typesupport_c.c.o[0m
[7.503s] [ 92%] [32mBuilding C object CMakeFiles/mymsg__rosidl_typesupport_fastrtps_c__pyext.dir/rosidl_generator_py/mymsg/_mymsg_s.ep.rosidl_typesupport_fastrtps_c.c.o[0m
[7.588s] [ 94%] [32m[1mLinking C shared library rosidl_generator_py/mymsg/mymsg_s__rosidl_typesupport_c.cpython-38-x86_64-linux-gnu.so[0m
[7.592s] [ 97%] [32m[1mLinking C shared library rosidl_generator_py/mymsg/mymsg_s__rosidl_typesupport_introspection_c.cpython-38-x86_64-linux-gnu.so[0m
[7.602s] [100%] [32m[1mLinking CXX shared library rosidl_generator_py/mymsg/mymsg_s__rosidl_typesupport_fastrtps_c.cpython-38-x86_64-linux-gnu.so[0m
[7.657s] [100%] Built target mymsg__rosidl_typesupport_c__pyext
[7.661s] [100%] Built target mymsg__rosidl_typesupport_introspection_c__pyext
[7.713s] [100%] Built target mymsg__rosidl_typesupport_fastrtps_c__pyext
[7.731s] Invoked command in '/root/research-1/build/mymsg' returned '0': CMAKE_PREFIX_PATH=${CMAKE_PREFIX_PATH}:/root/Pose_waypointmaker/install/tf2_pifpaf:/root/Pose_waypointmaker/install/ros2_pifpaf:/root/Pose_waypointmaker/install/pifpaf_navi:/root/sirius/sirius_ws/install/turtlebot3_teleop:/root/sirius/sirius_ws/install/turtlebot3_example:/opt/ros/foxy /usr/bin/cmake --build /root/research-1/build/mymsg -- -j12 -l12
[7.884s] Invoking command in '/root/research-1/build/mymsg': CMAKE_PREFIX_PATH=${CMAKE_PREFIX_PATH}:/root/Pose_waypointmaker/install/tf2_pifpaf:/root/Pose_waypointmaker/install/ros2_pifpaf:/root/Pose_waypointmaker/install/pifpaf_navi:/root/sirius/sirius_ws/install/turtlebot3_teleop:/root/sirius/sirius_ws/install/turtlebot3_example:/opt/ros/foxy /usr/bin/cmake --install /root/research-1/build/mymsg
[7.899s] -- Install configuration: ""
[7.899s] -- Up-to-date: /root/research-1/install/mymsg/share/ament_index/resource_index/rosidl_interfaces/mymsg
[7.899s] -- Up-to-date: /root/research-1/install/mymsg/include/mymsg
[7.899s] -- Up-to-date: /root/research-1/install/mymsg/include/mymsg/msg
[7.900s] -- Up-to-date: /root/research-1/install/mymsg/include/mymsg/msg/rosidl_generator_c__visibility_control.h
[7.900s] -- Installing: /root/research-1/install/mymsg/include/mymsg/msg/poses.h
[7.900s] -- Up-to-date: /root/research-1/install/mymsg/include/mymsg/msg/detail
[7.900s] -- Installing: /root/research-1/install/mymsg/include/mymsg/msg/detail/pose__functions.h
[7.900s] -- Installing: /root/research-1/install/mymsg/include/mymsg/msg/detail/pose__struct.h
[7.900s] -- Installing: /root/research-1/install/mymsg/include/mymsg/msg/detail/pose__type_support.h
[7.901s] -- Installing: /root/research-1/install/mymsg/include/mymsg/msg/detail/poses__type_support.h
[7.901s] -- Installing: /root/research-1/install/mymsg/include/mymsg/msg/detail/poses__functions.c
[7.901s] -- Installing: /root/research-1/install/mymsg/include/mymsg/msg/detail/poses__struct.h
[7.901s] -- Installing: /root/research-1/install/mymsg/include/mymsg/msg/detail/pose__functions.c
[7.901s] -- Installing: /root/research-1/install/mymsg/include/mymsg/msg/detail/poses__functions.h
[7.902s] -- Installing: /root/research-1/install/mymsg/include/mymsg/msg/pose.h
[7.902s] -- Up-to-date: /root/research-1/install/mymsg/share/mymsg/environment/library_path.sh
[7.902s] -- Installing: /root/research-1/install/mymsg/share/mymsg/environment/library_path.dsv
[7.903s] -- Installing: /root/research-1/install/mymsg/lib/libmymsg__rosidl_generator_c.so
[7.904s] -- Set runtime path of "/root/research-1/install/mymsg/lib/libmymsg__rosidl_generator_c.so" to ""
[7.904s] -- Up-to-date: /root/research-1/install/mymsg/include/mymsg
[7.904s] -- Up-to-date: /root/research-1/install/mymsg/include/mymsg/msg
[7.904s] -- Up-to-date: /root/research-1/install/mymsg/include/mymsg/msg/detail
[7.905s] -- Installing: /root/research-1/install/mymsg/include/mymsg/msg/detail/poses__rosidl_typesupport_fastrtps_c.h
[7.905s] -- Installing: /root/research-1/install/mymsg/include/mymsg/msg/detail/pose__rosidl_typesupport_fastrtps_c.h
[7.905s] -- Up-to-date: /root/research-1/install/mymsg/include/mymsg/msg/rosidl_typesupport_fastrtps_c__visibility_control.h
[7.905s] -- Installing: /root/research-1/install/mymsg/lib/libmymsg__rosidl_typesupport_fastrtps_c.so
[7.906s] -- Set runtime path of "/root/research-1/install/mymsg/lib/libmymsg__rosidl_typesupport_fastrtps_c.so" to ""
[7.907s] -- Up-to-date: /root/research-1/install/mymsg/include/mymsg
[7.907s] -- Up-to-date: /root/research-1/install/mymsg/include/mymsg/msg
[7.907s] -- Up-to-date: /root/research-1/install/mymsg/include/mymsg/msg/detail
[7.907s] -- Installing: /root/research-1/install/mymsg/include/mymsg/msg/detail/pose__rosidl_typesupport_fastrtps_cpp.hpp
[7.907s] -- Installing: /root/research-1/install/mymsg/include/mymsg/msg/detail/poses__rosidl_typesupport_fastrtps_cpp.hpp
[7.908s] -- Up-to-date: /root/research-1/install/mymsg/include/mymsg/msg/detail/dds_fastrtps
[7.908s] -- Up-to-date: /root/research-1/install/mymsg/include/mymsg/msg/rosidl_typesupport_fastrtps_cpp__visibility_control.h
[7.908s] -- Installing: /root/research-1/install/mymsg/lib/libmymsg__rosidl_typesupport_fastrtps_cpp.so
[7.909s] -- Set runtime path of "/root/research-1/install/mymsg/lib/libmymsg__rosidl_typesupport_fastrtps_cpp.so" to ""
[7.909s] -- Up-to-date: /root/research-1/install/mymsg/include/mymsg
[7.910s] -- Up-to-date: /root/research-1/install/mymsg/include/mymsg/msg
[7.910s] -- Up-to-date: /root/research-1/install/mymsg/include/mymsg/msg/detail
[7.910s] -- Installing: /root/research-1/install/mymsg/include/mymsg/msg/detail/pose__rosidl_typesupport_introspection_c.h
[7.910s] -- Installing: /root/research-1/install/mymsg/include/mymsg/msg/detail/poses__type_support.c
[7.910s] -- Installing: /root/research-1/install/mymsg/include/mymsg/msg/detail/pose__type_support.c
[7.911s] -- Installing: /root/research-1/install/mymsg/include/mymsg/msg/detail/poses__rosidl_typesupport_introspection_c.h
[7.911s] -- Up-to-date: /root/research-1/install/mymsg/include/mymsg/msg/rosidl_typesupport_introspection_c__visibility_control.h
[7.911s] -- Installing: /root/research-1/install/mymsg/lib/libmymsg__rosidl_typesupport_introspection_c.so
[7.912s] -- Set runtime path of "/root/research-1/install/mymsg/lib/libmymsg__rosidl_typesupport_introspection_c.so" to ""
[7.912s] -- Installing: /root/research-1/install/mymsg/lib/libmymsg__rosidl_typesupport_c.so
[7.913s] -- Set runtime path of "/root/research-1/install/mymsg/lib/libmymsg__rosidl_typesupport_c.so" to ""
[7.913s] -- Up-to-date: /root/research-1/install/mymsg/include/mymsg
[7.913s] -- Up-to-date: /root/research-1/install/mymsg/include/mymsg/msg
[7.913s] -- Up-to-date: /root/research-1/install/mymsg/include/mymsg/msg/detail
[7.914s] -- Installing: /root/research-1/install/mymsg/include/mymsg/msg/detail/poses__struct.hpp
[7.914s] -- Installing: /root/research-1/install/mymsg/include/mymsg/msg/detail/poses__builder.hpp
[7.914s] -- Installing: /root/research-1/install/mymsg/include/mymsg/msg/detail/pose__struct.hpp
[7.914s] -- Installing: /root/research-1/install/mymsg/include/mymsg/msg/detail/pose__traits.hpp
[7.914s] -- Installing: /root/research-1/install/mymsg/include/mymsg/msg/detail/poses__traits.hpp
[7.915s] -- Installing: /root/research-1/install/mymsg/include/mymsg/msg/detail/pose__builder.hpp
[7.915s] -- Installing: /root/research-1/install/mymsg/include/mymsg/msg/pose.hpp
[7.915s] -- Installing: /root/research-1/install/mymsg/include/mymsg/msg/poses.hpp
[7.916s] -- Up-to-date: /root/research-1/install/mymsg/include/mymsg
[7.916s] -- Up-to-date: /root/research-1/install/mymsg/include/mymsg/msg
[7.916s] -- Up-to-date: /root/research-1/install/mymsg/include/mymsg/msg/detail
[7.916s] -- Installing: /root/research-1/install/mymsg/include/mymsg/msg/detail/poses__type_support.cpp
[7.916s] -- Installing: /root/research-1/install/mymsg/include/mymsg/msg/detail/pose__type_support.cpp
[7.916s] -- Installing: /root/research-1/install/mymsg/include/mymsg/msg/detail/pose__rosidl_typesupport_introspection_cpp.hpp
[7.917s] -- Installing: /root/research-1/install/mymsg/include/mymsg/msg/detail/poses__rosidl_typesupport_introspection_cpp.hpp
[7.917s] -- Installing: /root/research-1/install/mymsg/lib/libmymsg__rosidl_typesupport_introspection_cpp.so
[7.918s] -- Set runtime path of "/root/research-1/install/mymsg/lib/libmymsg__rosidl_typesupport_introspection_cpp.so" to ""
[7.919s] -- Installing: /root/research-1/install/mymsg/lib/libmymsg__rosidl_typesupport_cpp.so
[7.920s] -- Set runtime path of "/root/research-1/install/mymsg/lib/libmymsg__rosidl_typesupport_cpp.so" to ""
[7.920s] -- Up-to-date: /root/research-1/install/mymsg/share/mymsg/environment/pythonpath.sh
[7.920s] -- Installing: /root/research-1/install/mymsg/share/mymsg/environment/pythonpath.dsv
[7.920s] -- Installing: /root/research-1/install/mymsg/lib/python3.8/site-packages/mymsg/__init__.py
[7.968s] Compiling '/root/research-1/install/mymsg/lib/python3.8/site-packages/mymsg/__init__.py'...
[7.974s] -- Up-to-date: /root/research-1/install/mymsg/lib/python3.8/site-packages/mymsg/msg
[7.974s] -- Installing: /root/research-1/install/mymsg/lib/python3.8/site-packages/mymsg/msg/_pose_s.c
[7.974s] -- Installing: /root/research-1/install/mymsg/lib/python3.8/site-packages/mymsg/msg/_poses_s.c
[7.974s] -- Installing: /root/research-1/install/mymsg/lib/python3.8/site-packages/mymsg/msg/_poses.py
[7.974s] -- Installing: /root/research-1/install/mymsg/lib/python3.8/site-packages/mymsg/msg/__init__.py
[7.975s] -- Installing: /root/research-1/install/mymsg/lib/python3.8/site-packages/mymsg/msg/_pose.py
[7.975s] -- Installing: /root/research-1/install/mymsg/lib/python3.8/site-packages/mymsg/mymsg_s__rosidl_typesupport_fastrtps_c.cpython-38-x86_64-linux-gnu.so
[7.976s] -- Set runtime path of "/root/research-1/install/mymsg/lib/python3.8/site-packages/mymsg/mymsg_s__rosidl_typesupport_fastrtps_c.cpython-38-x86_64-linux-gnu.so" to ""
[7.977s] -- Installing: /root/research-1/install/mymsg/lib/python3.8/site-packages/mymsg/mymsg_s__rosidl_typesupport_introspection_c.cpython-38-x86_64-linux-gnu.so
[7.977s] -- Set runtime path of "/root/research-1/install/mymsg/lib/python3.8/site-packages/mymsg/mymsg_s__rosidl_typesupport_introspection_c.cpython-38-x86_64-linux-gnu.so" to ""
[7.978s] -- Installing: /root/research-1/install/mymsg/lib/python3.8/site-packages/mymsg/mymsg_s__rosidl_typesupport_c.cpython-38-x86_64-linux-gnu.so
[7.979s] -- Set runtime path of "/root/research-1/install/mymsg/lib/python3.8/site-packages/mymsg/mymsg_s__rosidl_typesupport_c.cpython-38-x86_64-linux-gnu.so" to ""
[7.979s] -- Installing: /root/research-1/install/mymsg/lib/libmymsg__python.so
[7.980s] -- Set runtime path of "/root/research-1/install/mymsg/lib/libmymsg__python.so" to ""
[7.980s] -- Up-to-date: /root/research-1/install/mymsg/share/mymsg/msg/Pose.idl
[7.980s] -- Installing: /root/research-1/install/mymsg/share/mymsg/msg/Poses.idl
[7.980s] -- Up-to-date: /root/research-1/install/mymsg/share/mymsg/msg/Pose.msg
[7.980s] -- Installing: /root/research-1/install/mymsg/share/mymsg/msg/Poses.msg
[7.981s] -- Up-to-date: /root/research-1/install/mymsg/share/ament_index/resource_index/package_run_dependencies/mymsg
[7.981s] -- Up-to-date: /root/research-1/install/mymsg/share/ament_index/resource_index/parent_prefix_path/mymsg
[7.981s] -- Up-to-date: /root/research-1/install/mymsg/share/mymsg/environment/ament_prefix_path.sh
[7.981s] -- Installing: /root/research-1/install/mymsg/share/mymsg/environment/ament_prefix_path.dsv
[7.981s] -- Up-to-date: /root/research-1/install/mymsg/share/mymsg/environment/path.sh
[7.981s] -- Installing: /root/research-1/install/mymsg/share/mymsg/environment/path.dsv
[7.982s] -- Up-to-date: /root/research-1/install/mymsg/share/mymsg/local_setup.bash
[7.982s] -- Up-to-date: /root/research-1/install/mymsg/share/mymsg/local_setup.sh
[7.982s] -- Up-to-date: /root/research-1/install/mymsg/share/mymsg/local_setup.zsh
[7.982s] -- Installing: /root/research-1/install/mymsg/share/mymsg/local_setup.dsv
[7.982s] -- Installing: /root/research-1/install/mymsg/share/mymsg/package.dsv
[7.982s] -- Up-to-date: /root/research-1/install/mymsg/share/ament_index/resource_index/packages/mymsg
[7.983s] -- Up-to-date: /root/research-1/install/mymsg/share/mymsg/cmake/mymsg__rosidl_generator_cExport.cmake
[7.983s] -- Installing: /root/research-1/install/mymsg/share/mymsg/cmake/mymsg__rosidl_generator_cExport-noconfig.cmake
[7.983s] -- Up-to-date: /root/research-1/install/mymsg/share/mymsg/cmake/mymsg__rosidl_typesupport_introspection_cExport.cmake
[7.983s] -- Installing: /root/research-1/install/mymsg/share/mymsg/cmake/mymsg__rosidl_typesupport_introspection_cExport-noconfig.cmake
[7.984s] -- Up-to-date: /root/research-1/install/mymsg/share/mymsg/cmake/mymsg__rosidl_typesupport_cExport.cmake
[7.984s] -- Installing: /root/research-1/install/mymsg/share/mymsg/cmake/mymsg__rosidl_typesupport_cExport-noconfig.cmake
[7.984s] -- Up-to-date: /root/research-1/install/mymsg/share/mymsg/cmake/mymsg__rosidl_generator_cppExport.cmake
[7.985s] -- Up-to-date: /root/research-1/install/mymsg/share/mymsg/cmake/mymsg__rosidl_typesupport_introspection_cppExport.cmake
[7.985s] -- Installing: /root/research-1/install/mymsg/share/mymsg/cmake/mymsg__rosidl_typesupport_introspection_cppExport-noconfig.cmake
[7.985s] -- Up-to-date: /root/research-1/install/mymsg/share/mymsg/cmake/mymsg__rosidl_typesupport_cppExport.cmake
[7.985s] -- Installing: /root/research-1/install/mymsg/share/mymsg/cmake/mymsg__rosidl_typesupport_cppExport-noconfig.cmake
[7.985s] -- Up-to-date: /root/research-1/install/mymsg/share/mymsg/cmake/rosidl_cmake-extras.cmake
[7.986s] -- Up-to-date: /root/research-1/install/mymsg/share/mymsg/cmake/ament_cmake_export_dependencies-extras.cmake
[7.986s] -- Up-to-date: /root/research-1/install/mymsg/share/mymsg/cmake/ament_cmake_export_libraries-extras.cmake
[7.986s] -- Up-to-date: /root/research-1/install/mymsg/share/mymsg/cmake/ament_cmake_export_targets-extras.cmake
[7.986s] -- Up-to-date: /root/research-1/install/mymsg/share/mymsg/cmake/ament_cmake_export_include_directories-extras.cmake
[7.986s] -- Up-to-date: /root/research-1/install/mymsg/share/mymsg/cmake/rosidl_cmake_export_typesupport_libraries-extras.cmake
[7.986s] -- Up-to-date: /root/research-1/install/mymsg/share/mymsg/cmake/rosidl_cmake_export_typesupport_targets-extras.cmake
[7.986s] -- Up-to-date: /root/research-1/install/mymsg/share/mymsg/cmake/mymsgConfig.cmake
[7.987s] -- Up-to-date: /root/research-1/install/mymsg/share/mymsg/cmake/mymsgConfig-version.cmake
[7.987s] -- Up-to-date: /root/research-1/install/mymsg/share/mymsg/package.xml
[7.992s] Invoked command in '/root/research-1/build/mymsg' returned '0': CMAKE_PREFIX_PATH=${CMAKE_PREFIX_PATH}:/root/Pose_waypointmaker/install/tf2_pifpaf:/root/Pose_waypointmaker/install/ros2_pifpaf:/root/Pose_waypointmaker/install/pifpaf_navi:/root/sirius/sirius_ws/install/turtlebot3_teleop:/root/sirius/sirius_ws/install/turtlebot3_example:/opt/ros/foxy /usr/bin/cmake --install /root/research-1/build/mymsg
