/root/research-1/install/chaser_navigation_system/lib/python3.8/site-packages/chaser_navigation_system/image_cutter.py
/root/research-1/install/chaser_navigation_system/lib/python3.8/site-packages/chaser_navigation_system/image_inputer.py
/root/research-1/install/chaser_navigation_system/lib/python3.8/site-packages/chaser_navigation_system/3d_pose_analysis.py
/root/research-1/install/chaser_navigation_system/lib/python3.8/site-packages/chaser_navigation_system/pose_tf2.py
/root/research-1/install/chaser_navigation_system/lib/python3.8/site-packages/chaser_navigation_system/__init__.py
/root/research-1/install/chaser_navigation_system/lib/python3.8/site-packages/chaser_navigation_system/__pycache__/image_cutter.cpython-38.pyc
/root/research-1/install/chaser_navigation_system/lib/python3.8/site-packages/chaser_navigation_system/__pycache__/image_inputer.cpython-38.pyc
/root/research-1/install/chaser_navigation_system/lib/python3.8/site-packages/chaser_navigation_system/__pycache__/3d_pose_analysis.cpython-38.pyc
/root/research-1/install/chaser_navigation_system/lib/python3.8/site-packages/chaser_navigation_system/__pycache__/pose_tf2.cpython-38.pyc
/root/research-1/install/chaser_navigation_system/lib/python3.8/site-packages/chaser_navigation_system/__pycache__/__init__.cpython-38.pyc
/root/research-1/install/chaser_navigation_system/share/ament_index/resource_index/packages/chaser_navigation_system
/root/research-1/install/chaser_navigation_system/share/chaser_navigation_system/package.xml
/root/research-1/install/chaser_navigation_system/lib/python3.8/site-packages/chaser_navigation_system-0.0.0-py3.8.egg-info/requires.txt
/root/research-1/install/chaser_navigation_system/lib/python3.8/site-packages/chaser_navigation_system-0.0.0-py3.8.egg-info/PKG-INFO
/root/research-1/install/chaser_navigation_system/lib/python3.8/site-packages/chaser_navigation_system-0.0.0-py3.8.egg-info/entry_points.txt
/root/research-1/install/chaser_navigation_system/lib/python3.8/site-packages/chaser_navigation_system-0.0.0-py3.8.egg-info/SOURCES.txt
/root/research-1/install/chaser_navigation_system/lib/python3.8/site-packages/chaser_navigation_system-0.0.0-py3.8.egg-info/dependency_links.txt
/root/research-1/install/chaser_navigation_system/lib/python3.8/site-packages/chaser_navigation_system-0.0.0-py3.8.egg-info/zip-safe
/root/research-1/install/chaser_navigation_system/lib/python3.8/site-packages/chaser_navigation_system-0.0.0-py3.8.egg-info/top_level.txt
/root/research-1/install/chaser_navigation_system/lib/chaser_navigation_system/image_cutter
/root/research-1/install/chaser_navigation_system/lib/chaser_navigation_system/image_inputer
