-- Found ament_cmake: 0.9.11 (/opt/ros/foxy/share/ament_cmake/cmake)
-- Found PythonInterp: /usr/bin/python3 (found suitable version "3.8.10", minimum required is "3") 
-- Using PYTHON_EXECUTABLE: /usr/bin/python3
-- Found geometry_msgs: 2.0.5 (/opt/ros/foxy/share/geometry_msgs/cmake)
-- Using all available rosidl_typesupport_c: rosidl_typesupport_fastrtps_c;rosidl_typesupport_introspection_c
-- Found rosidl_adapter: 1.3.0 (/opt/ros/foxy/share/rosidl_adapter/cmake)
-- Using all available rosidl_typesupport_cpp: rosidl_typesupport_fastrtps_cpp;rosidl_typesupport_introspection_cpp
-- Found rosidl_default_generators: 1.0.1 (/opt/ros/foxy/share/rosidl_default_generators/cmake)
-- Found sensor_msgs: 2.0.5 (/opt/ros/foxy/share/sensor_msgs/cmake)
-- Found visualization_msgs: 2.0.5 (/opt/ros/foxy/share/visualization_msgs/cmake)
-- Found PythonInterp: /usr/bin/python3 (found version "3.8.10") 
-- Found ament_cmake_ros: 0.9.2 (/opt/ros/foxy/share/ament_cmake_ros/cmake)
-- Using all available rosidl_typesupport_c: rosidl_typesupport_fastrtps_c;rosidl_typesupport_introspection_c
-- Using all available rosidl_typesupport_cpp: rosidl_typesupport_fastrtps_cpp;rosidl_typesupport_introspection_cpp
-- Found PythonInterp: /usr/bin/python3 (found suitable version "3.8.10", minimum required is "3.5") 
-- Found python_cmake_module: 0.8.1 (/opt/ros/foxy/share/python_cmake_module/cmake)
-- Using PYTHON_EXECUTABLE: /usr/bin/python3
-- Using PYTHON_INCLUDE_DIRS: /usr/include/python3.8
-- Using PYTHON_LIBRARIES: /usr/lib/x86_64-linux-gnu/libpython3.8.so
-- Found ament_lint_auto: 0.9.7 (/opt/ros/foxy/share/ament_lint_auto/cmake)
-- Added test 'copyright' to check source files copyright and LICENSE
-- Added test 'flake8' to check Python code syntax and style conventions
-- Added test 'lint_cmake' to check CMake code style
-- Added test 'pep257' to check Python code against some of the style conventions in PEP 257
-- Added test 'xmllint' to check XML markup files
-- Configuring done
-- Generating done
-- Build files have been written to: /root/research-1/build/mymsg
[35m[1mScanning dependencies of target mymsg__rosidl_generator_c[0m
[  1%] Built target mymsg__cpp
[  3%] [32mBuilding C object CMakeFiles/mymsg__rosidl_generator_c.dir/rosidl_generator_c/mymsg/msg/detail/poses__functions.c.o[0m
[  4%] [32mBuilding C object CMakeFiles/mymsg__rosidl_generator_c.dir/rosidl_generator_c/mymsg/msg/detail/pose__functions.c.o[0m
[  6%] [32mBuilding C object CMakeFiles/mymsg__rosidl_generator_c.dir/rosidl_generator_c/mymsg/msg/detail/multi_transform__functions.c.o[0m
[  7%] [32mBuilding C object CMakeFiles/mymsg__rosidl_generator_c.dir/rosidl_generator_c/mymsg/msg/detail/transform__functions.c.o[0m
[  9%] [32mBuilding C object CMakeFiles/mymsg__rosidl_generator_c.dir/rosidl_generator_c/mymsg/srv/detail/imagedata__functions.c.o[0m
[ 11%] [34m[1mGenerating C++ type support dispatch for ROS interfaces[0m
[35m[1mScanning dependencies of target mymsg__rosidl_typesupport_introspection_cpp[0m
[35m[1mScanning dependencies of target mymsg__rosidl_typesupport_fastrtps_cpp[0m
[ 12%] [32mBuilding CXX object CMakeFiles/mymsg__rosidl_typesupport_introspection_cpp.dir/rosidl_typesupport_introspection_cpp/mymsg/msg/detail/pose__type_support.cpp.o[0m
[ 17%] [32mBuilding CXX object CMakeFiles/mymsg__rosidl_typesupport_introspection_cpp.dir/rosidl_typesupport_introspection_cpp/mymsg/msg/detail/poses__type_support.cpp.o[0m
[ 17%] [32mBuilding CXX object CMakeFiles/mymsg__rosidl_typesupport_introspection_cpp.dir/rosidl_typesupport_introspection_cpp/mymsg/msg/detail/transform__type_support.cpp.o[0m
[ 17%] [32mBuilding CXX object CMakeFiles/mymsg__rosidl_typesupport_introspection_cpp.dir/rosidl_typesupport_introspection_cpp/mymsg/msg/detail/multi_transform__type_support.cpp.o[0m
[ 19%] [32mBuilding CXX object CMakeFiles/mymsg__rosidl_typesupport_introspection_cpp.dir/rosidl_typesupport_introspection_cpp/mymsg/srv/detail/imagedata__type_support.cpp.o[0m
[ 20%] [32mBuilding CXX object CMakeFiles/mymsg__rosidl_typesupport_fastrtps_cpp.dir/rosidl_typesupport_fastrtps_cpp/mymsg/msg/detail/dds_fastrtps/pose__type_support.cpp.o[0m
[ 25%] [32mBuilding CXX object CMakeFiles/mymsg__rosidl_typesupport_fastrtps_cpp.dir/rosidl_typesupport_fastrtps_cpp/mymsg/msg/detail/dds_fastrtps/transform__type_support.cpp.o[0m
[ 25%] [32mBuilding CXX object CMakeFiles/mymsg__rosidl_typesupport_fastrtps_cpp.dir/rosidl_typesupport_fastrtps_cpp/mymsg/msg/detail/dds_fastrtps/multi_transform__type_support.cpp.o[0m
[ 25%] [32mBuilding CXX object CMakeFiles/mymsg__rosidl_typesupport_fastrtps_cpp.dir/rosidl_typesupport_fastrtps_cpp/mymsg/msg/detail/dds_fastrtps/poses__type_support.cpp.o[0m
[ 26%] [32mBuilding CXX object CMakeFiles/mymsg__rosidl_typesupport_fastrtps_cpp.dir/rosidl_typesupport_fastrtps_cpp/mymsg/srv/detail/dds_fastrtps/imagedata__type_support.cpp.o[0m
[ 28%] [32m[1mLinking C shared library libmymsg__rosidl_generator_c.so[0m
[ 30%] Built target mymsg__rosidl_generator_c
[35m[1mScanning dependencies of target mymsg__rosidl_typesupport_introspection_c[0m
[ 31%] [32mBuilding C object CMakeFiles/mymsg__rosidl_typesupport_introspection_c.dir/rosidl_typesupport_introspection_c/mymsg/msg/detail/pose__type_support.c.o[0m
[ 33%] [32mBuilding C object CMakeFiles/mymsg__rosidl_typesupport_introspection_c.dir/rosidl_typesupport_introspection_c/mymsg/msg/detail/poses__type_support.c.o[0m
[ 34%] [34m[1mGenerating C type support dispatch for ROS interfaces[0m
[ 36%] [32mBuilding C object CMakeFiles/mymsg__rosidl_typesupport_introspection_c.dir/rosidl_typesupport_introspection_c/mymsg/msg/detail/transform__type_support.c.o[0m
[ 38%] [32mBuilding C object CMakeFiles/mymsg__rosidl_typesupport_introspection_c.dir/rosidl_typesupport_introspection_c/mymsg/msg/detail/multi_transform__type_support.c.o[0m
[35m[1mScanning dependencies of target mymsg__rosidl_typesupport_cpp[0m
[ 39%] [32mBuilding C object CMakeFiles/mymsg__rosidl_typesupport_introspection_c.dir/rosidl_typesupport_introspection_c/mymsg/srv/detail/imagedata__type_support.c.o[0m
[ 41%] [32mBuilding CXX object CMakeFiles/mymsg__rosidl_typesupport_cpp.dir/rosidl_typesupport_cpp/mymsg/msg/pose__type_support.cpp.o[0m
[ 42%] [32mBuilding CXX object CMakeFiles/mymsg__rosidl_typesupport_cpp.dir/rosidl_typesupport_cpp/mymsg/msg/poses__type_support.cpp.o[0m
[ 44%] [32mBuilding CXX object CMakeFiles/mymsg__rosidl_typesupport_cpp.dir/rosidl_typesupport_cpp/mymsg/msg/transform__type_support.cpp.o[0m
[ 46%] [32mBuilding CXX object CMakeFiles/mymsg__rosidl_typesupport_cpp.dir/rosidl_typesupport_cpp/mymsg/msg/multi_transform__type_support.cpp.o[0m
[ 47%] [32m[1mLinking C shared library libmymsg__rosidl_typesupport_introspection_c.so[0m
[ 49%] [32m[1mLinking CXX shared library libmymsg__rosidl_typesupport_introspection_cpp.so[0m
[ 50%] [32mBuilding CXX object CMakeFiles/mymsg__rosidl_typesupport_cpp.dir/rosidl_typesupport_cpp/mymsg/srv/imagedata__type_support.cpp.o[0m
[ 52%] Built target mymsg__rosidl_typesupport_introspection_c
[ 53%] Built target mymsg__rosidl_typesupport_introspection_cpp
[ 55%] [32m[1mLinking CXX shared library libmymsg__rosidl_typesupport_fastrtps_cpp.so[0m
[35m[1mScanning dependencies of target mymsg__rosidl_typesupport_c[0m
[ 57%] [32mBuilding CXX object CMakeFiles/mymsg__rosidl_typesupport_c.dir/rosidl_typesupport_c/mymsg/msg/pose__type_support.cpp.o[0m
[ 58%] [32mBuilding CXX object CMakeFiles/mymsg__rosidl_typesupport_c.dir/rosidl_typesupport_c/mymsg/msg/poses__type_support.cpp.o[0m
[ 61%] [32mBuilding CXX object CMakeFiles/mymsg__rosidl_typesupport_c.dir/rosidl_typesupport_c/mymsg/msg/transform__type_support.cpp.o[0m
[ 61%] [32mBuilding CXX object CMakeFiles/mymsg__rosidl_typesupport_c.dir/rosidl_typesupport_c/mymsg/msg/multi_transform__type_support.cpp.o[0m
[ 63%] [32mBuilding CXX object CMakeFiles/mymsg__rosidl_typesupport_c.dir/rosidl_typesupport_c/mymsg/srv/imagedata__type_support.cpp.o[0m
[ 65%] [32m[1mLinking CXX shared library libmymsg__rosidl_typesupport_c.so[0m
[ 66%] Built target mymsg__rosidl_typesupport_fastrtps_cpp
[35m[1mScanning dependencies of target mymsg__rosidl_typesupport_fastrtps_c[0m
[ 66%] Built target mymsg__rosidl_typesupport_c
[ 68%] [32mBuilding CXX object CMakeFiles/mymsg__rosidl_typesupport_fastrtps_c.dir/rosidl_typesupport_fastrtps_c/mymsg/msg/detail/pose__type_support_c.cpp.o[0m
[ 69%] [32mBuilding CXX object CMakeFiles/mymsg__rosidl_typesupport_fastrtps_c.dir/rosidl_typesupport_fastrtps_c/mymsg/msg/detail/poses__type_support_c.cpp.o[0m
[ 71%] [32mBuilding CXX object CMakeFiles/mymsg__rosidl_typesupport_fastrtps_c.dir/rosidl_typesupport_fastrtps_c/mymsg/msg/detail/transform__type_support_c.cpp.o[0m
[ 73%] [32mBuilding CXX object CMakeFiles/mymsg__rosidl_typesupport_fastrtps_c.dir/rosidl_typesupport_fastrtps_c/mymsg/msg/detail/multi_transform__type_support_c.cpp.o[0m
[ 74%] [32mBuilding CXX object CMakeFiles/mymsg__rosidl_typesupport_fastrtps_c.dir/rosidl_typesupport_fastrtps_c/mymsg/srv/detail/imagedata__type_support_c.cpp.o[0m
[ 76%] [32m[1mLinking CXX shared library libmymsg__rosidl_typesupport_cpp.so[0m
[ 76%] Built target mymsg__rosidl_typesupport_cpp
[ 77%] [32m[1mLinking CXX shared library libmymsg__rosidl_typesupport_fastrtps_c.so[0m
[ 79%] Built target mymsg__rosidl_typesupport_fastrtps_c
[ 79%] Built target mymsg
[35m[1mScanning dependencies of target mymsg__py[0m
[ 80%] Built target mymsg__py
[35m[1mScanning dependencies of target mymsg__python[0m
[ 82%] [32mBuilding C object CMakeFiles/mymsg__python.dir/rosidl_generator_py/mymsg/msg/_pose_s.c.o[0m
[ 84%] [32mBuilding C object CMakeFiles/mymsg__python.dir/rosidl_generator_py/mymsg/msg/_poses_s.c.o[0m
[ 85%] [32mBuilding C object CMakeFiles/mymsg__python.dir/rosidl_generator_py/mymsg/msg/_transform_s.c.o[0m
[ 87%] [32mBuilding C object CMakeFiles/mymsg__python.dir/rosidl_generator_py/mymsg/srv/_imagedata_s.c.o[0m
[ 88%] [32mBuilding C object CMakeFiles/mymsg__python.dir/rosidl_generator_py/mymsg/msg/_multi_transform_s.c.o[0m
[ 90%] [32m[1mLinking C shared library rosidl_generator_py/mymsg/libmymsg__python.so[0m
[ 90%] Built target mymsg__python
[35m[1mScanning dependencies of target mymsg__rosidl_typesupport_introspection_c__pyext[0m
[35m[1mScanning dependencies of target mymsg__rosidl_typesupport_fastrtps_c__pyext[0m
[35m[1mScanning dependencies of target mymsg__rosidl_typesupport_c__pyext[0m
[ 92%] [32mBuilding C object CMakeFiles/mymsg__rosidl_typesupport_c__pyext.dir/rosidl_generator_py/mymsg/_mymsg_s.ep.rosidl_typesupport_c.c.o[0m
[ 93%] [32mBuilding C object CMakeFiles/mymsg__rosidl_typesupport_introspection_c__pyext.dir/rosidl_generator_py/mymsg/_mymsg_s.ep.rosidl_typesupport_introspection_c.c.o[0m
[ 95%] [32mBuilding C object CMakeFiles/mymsg__rosidl_typesupport_fastrtps_c__pyext.dir/rosidl_generator_py/mymsg/_mymsg_s.ep.rosidl_typesupport_fastrtps_c.c.o[0m
[ 96%] [32m[1mLinking C shared library rosidl_generator_py/mymsg/mymsg_s__rosidl_typesupport_c.cpython-38-x86_64-linux-gnu.so[0m
[ 98%] [32m[1mLinking C shared library rosidl_generator_py/mymsg/mymsg_s__rosidl_typesupport_introspection_c.cpython-38-x86_64-linux-gnu.so[0m
[100%] [32m[1mLinking CXX shared library rosidl_generator_py/mymsg/mymsg_s__rosidl_typesupport_fastrtps_c.cpython-38-x86_64-linux-gnu.so[0m
[100%] Built target mymsg__rosidl_typesupport_introspection_c__pyext
[100%] Built target mymsg__rosidl_typesupport_c__pyext
[100%] Built target mymsg__rosidl_typesupport_fastrtps_c__pyext
-- Install configuration: ""
-- Up-to-date: /root/research-1/install/mymsg/share/ament_index/resource_index/rosidl_interfaces/mymsg
-- Up-to-date: /root/research-1/install/mymsg/include/mymsg
-- Up-to-date: /root/research-1/install/mymsg/include/mymsg/srv
-- Up-to-date: /root/research-1/install/mymsg/include/mymsg/srv/imagedata.h
-- Up-to-date: /root/research-1/install/mymsg/include/mymsg/srv/detail
-- Up-to-date: /root/research-1/install/mymsg/include/mymsg/srv/detail/imagedata__functions.c
-- Up-to-date: /root/research-1/install/mymsg/include/mymsg/srv/detail/imagedata__functions.h
-- Up-to-date: /root/research-1/install/mymsg/include/mymsg/srv/detail/imagedata__struct.h
-- Up-to-date: /root/research-1/install/mymsg/include/mymsg/srv/detail/imagedata__type_support.h
-- Up-to-date: /root/research-1/install/mymsg/include/mymsg/msg
-- Up-to-date: /root/research-1/install/mymsg/include/mymsg/msg/multi_transform.h
-- Up-to-date: /root/research-1/install/mymsg/include/mymsg/msg/rosidl_generator_c__visibility_control.h
-- Up-to-date: /root/research-1/install/mymsg/include/mymsg/msg/poses.h
-- Up-to-date: /root/research-1/install/mymsg/include/mymsg/msg/detail
-- Up-to-date: /root/research-1/install/mymsg/include/mymsg/msg/detail/multi_transform__type_support.h
-- Up-to-date: /root/research-1/install/mymsg/include/mymsg/msg/detail/pose__functions.h
-- Up-to-date: /root/research-1/install/mymsg/include/mymsg/msg/detail/multi_transform__functions.h
-- Up-to-date: /root/research-1/install/mymsg/include/mymsg/msg/detail/transform__functions.c
-- Up-to-date: /root/research-1/install/mymsg/include/mymsg/msg/detail/pose__struct.h
-- Up-to-date: /root/research-1/install/mymsg/include/mymsg/msg/detail/multi_transform__struct.h
-- Up-to-date: /root/research-1/install/mymsg/include/mymsg/msg/detail/pose__type_support.h
-- Up-to-date: /root/research-1/install/mymsg/include/mymsg/msg/detail/poses__type_support.h
-- Up-to-date: /root/research-1/install/mymsg/include/mymsg/msg/detail/transform__type_support.h
-- Up-to-date: /root/research-1/install/mymsg/include/mymsg/msg/detail/transform__struct.h
-- Up-to-date: /root/research-1/install/mymsg/include/mymsg/msg/detail/poses__functions.c
-- Up-to-date: /root/research-1/install/mymsg/include/mymsg/msg/detail/multi_transform__functions.c
-- Up-to-date: /root/research-1/install/mymsg/include/mymsg/msg/detail/transform__functions.h
-- Up-to-date: /root/research-1/install/mymsg/include/mymsg/msg/detail/poses__struct.h
-- Up-to-date: /root/research-1/install/mymsg/include/mymsg/msg/detail/pose__functions.c
-- Up-to-date: /root/research-1/install/mymsg/include/mymsg/msg/detail/poses__functions.h
-- Up-to-date: /root/research-1/install/mymsg/include/mymsg/msg/transform.h
-- Up-to-date: /root/research-1/install/mymsg/include/mymsg/msg/pose.h
-- Installing: /root/research-1/install/mymsg/share/mymsg/environment/library_path.sh
-- Installing: /root/research-1/install/mymsg/share/mymsg/environment/library_path.dsv
-- Installing: /root/research-1/install/mymsg/lib/libmymsg__rosidl_generator_c.so
-- Set runtime path of "/root/research-1/install/mymsg/lib/libmymsg__rosidl_generator_c.so" to ""
-- Up-to-date: /root/research-1/install/mymsg/include/mymsg
-- Up-to-date: /root/research-1/install/mymsg/include/mymsg/srv
-- Up-to-date: /root/research-1/install/mymsg/include/mymsg/srv/detail
-- Up-to-date: /root/research-1/install/mymsg/include/mymsg/srv/detail/imagedata__rosidl_typesupport_fastrtps_c.h
-- Up-to-date: /root/research-1/install/mymsg/include/mymsg/msg
-- Up-to-date: /root/research-1/install/mymsg/include/mymsg/msg/detail
-- Up-to-date: /root/research-1/install/mymsg/include/mymsg/msg/detail/poses__rosidl_typesupport_fastrtps_c.h
-- Up-to-date: /root/research-1/install/mymsg/include/mymsg/msg/detail/multi_transform__rosidl_typesupport_fastrtps_c.h
-- Up-to-date: /root/research-1/install/mymsg/include/mymsg/msg/detail/transform__rosidl_typesupport_fastrtps_c.h
-- Up-to-date: /root/research-1/install/mymsg/include/mymsg/msg/detail/pose__rosidl_typesupport_fastrtps_c.h
-- Up-to-date: /root/research-1/install/mymsg/include/mymsg/msg/rosidl_typesupport_fastrtps_c__visibility_control.h
-- Installing: /root/research-1/install/mymsg/lib/libmymsg__rosidl_typesupport_fastrtps_c.so
-- Set runtime path of "/root/research-1/install/mymsg/lib/libmymsg__rosidl_typesupport_fastrtps_c.so" to ""
-- Up-to-date: /root/research-1/install/mymsg/include/mymsg
-- Up-to-date: /root/research-1/install/mymsg/include/mymsg/srv
-- Up-to-date: /root/research-1/install/mymsg/include/mymsg/srv/detail
-- Up-to-date: /root/research-1/install/mymsg/include/mymsg/srv/detail/imagedata__rosidl_typesupport_fastrtps_cpp.hpp
-- Installing: /root/research-1/install/mymsg/include/mymsg/srv/detail/dds_fastrtps
-- Up-to-date: /root/research-1/install/mymsg/include/mymsg/msg
-- Up-to-date: /root/research-1/install/mymsg/include/mymsg/msg/detail
-- Up-to-date: /root/research-1/install/mymsg/include/mymsg/msg/detail/multi_transform__rosidl_typesupport_fastrtps_cpp.hpp
-- Up-to-date: /root/research-1/install/mymsg/include/mymsg/msg/detail/pose__rosidl_typesupport_fastrtps_cpp.hpp
-- Up-to-date: /root/research-1/install/mymsg/include/mymsg/msg/detail/transform__rosidl_typesupport_fastrtps_cpp.hpp
-- Up-to-date: /root/research-1/install/mymsg/include/mymsg/msg/detail/poses__rosidl_typesupport_fastrtps_cpp.hpp
-- Installing: /root/research-1/install/mymsg/include/mymsg/msg/detail/dds_fastrtps
-- Up-to-date: /root/research-1/install/mymsg/include/mymsg/msg/rosidl_typesupport_fastrtps_cpp__visibility_control.h
-- Installing: /root/research-1/install/mymsg/lib/libmymsg__rosidl_typesupport_fastrtps_cpp.so
-- Set runtime path of "/root/research-1/install/mymsg/lib/libmymsg__rosidl_typesupport_fastrtps_cpp.so" to ""
-- Up-to-date: /root/research-1/install/mymsg/include/mymsg
-- Up-to-date: /root/research-1/install/mymsg/include/mymsg/srv
-- Up-to-date: /root/research-1/install/mymsg/include/mymsg/srv/detail
-- Up-to-date: /root/research-1/install/mymsg/include/mymsg/srv/detail/imagedata__type_support.c
-- Up-to-date: /root/research-1/install/mymsg/include/mymsg/srv/detail/imagedata__rosidl_typesupport_introspection_c.h
-- Up-to-date: /root/research-1/install/mymsg/include/mymsg/msg
-- Up-to-date: /root/research-1/install/mymsg/include/mymsg/msg/detail
-- Up-to-date: /root/research-1/install/mymsg/include/mymsg/msg/detail/pose__rosidl_typesupport_introspection_c.h
-- Up-to-date: /root/research-1/install/mymsg/include/mymsg/msg/detail/transform__type_support.c
-- Up-to-date: /root/research-1/install/mymsg/include/mymsg/msg/detail/multi_transform__rosidl_typesupport_introspection_c.h
-- Up-to-date: /root/research-1/install/mymsg/include/mymsg/msg/detail/transform__rosidl_typesupport_introspection_c.h
-- Up-to-date: /root/research-1/install/mymsg/include/mymsg/msg/detail/multi_transform__type_support.c
-- Up-to-date: /root/research-1/install/mymsg/include/mymsg/msg/detail/poses__type_support.c
-- Up-to-date: /root/research-1/install/mymsg/include/mymsg/msg/detail/pose__type_support.c
-- Up-to-date: /root/research-1/install/mymsg/include/mymsg/msg/detail/poses__rosidl_typesupport_introspection_c.h
-- Up-to-date: /root/research-1/install/mymsg/include/mymsg/msg/rosidl_typesupport_introspection_c__visibility_control.h
-- Installing: /root/research-1/install/mymsg/lib/libmymsg__rosidl_typesupport_introspection_c.so
-- Set runtime path of "/root/research-1/install/mymsg/lib/libmymsg__rosidl_typesupport_introspection_c.so" to ""
-- Installing: /root/research-1/install/mymsg/lib/libmymsg__rosidl_typesupport_c.so
-- Set runtime path of "/root/research-1/install/mymsg/lib/libmymsg__rosidl_typesupport_c.so" to ""
-- Up-to-date: /root/research-1/install/mymsg/include/mymsg
-- Up-to-date: /root/research-1/install/mymsg/include/mymsg/srv
-- Up-to-date: /root/research-1/install/mymsg/include/mymsg/srv/detail
-- Up-to-date: /root/research-1/install/mymsg/include/mymsg/srv/detail/imagedata__traits.hpp
-- Up-to-date: /root/research-1/install/mymsg/include/mymsg/srv/detail/imagedata__builder.hpp
-- Up-to-date: /root/research-1/install/mymsg/include/mymsg/srv/detail/imagedata__struct.hpp
-- Up-to-date: /root/research-1/install/mymsg/include/mymsg/srv/imagedata.hpp
-- Up-to-date: /root/research-1/install/mymsg/include/mymsg/msg
-- Up-to-date: /root/research-1/install/mymsg/include/mymsg/msg/multi_transform.hpp
-- Up-to-date: /root/research-1/install/mymsg/include/mymsg/msg/transform.hpp
-- Up-to-date: /root/research-1/install/mymsg/include/mymsg/msg/detail
-- Up-to-date: /root/research-1/install/mymsg/include/mymsg/msg/detail/poses__struct.hpp
-- Installing: /root/research-1/install/mymsg/include/mymsg/msg/detail/multi_transform__struct.hpp
-- Installing: /root/research-1/install/mymsg/include/mymsg/msg/detail/multi_transform__traits.hpp
-- Up-to-date: /root/research-1/install/mymsg/include/mymsg/msg/detail/poses__builder.hpp
-- Up-to-date: /root/research-1/install/mymsg/include/mymsg/msg/detail/transform__struct.hpp
-- Up-to-date: /root/research-1/install/mymsg/include/mymsg/msg/detail/pose__struct.hpp
-- Up-to-date: /root/research-1/install/mymsg/include/mymsg/msg/detail/pose__traits.hpp
-- Up-to-date: /root/research-1/install/mymsg/include/mymsg/msg/detail/transform__traits.hpp
-- Up-to-date: /root/research-1/install/mymsg/include/mymsg/msg/detail/poses__traits.hpp
-- Up-to-date: /root/research-1/install/mymsg/include/mymsg/msg/detail/transform__builder.hpp
-- Installing: /root/research-1/install/mymsg/include/mymsg/msg/detail/multi_transform__builder.hpp
-- Installing: /root/research-1/install/mymsg/include/mymsg/msg/detail/pose__builder.hpp
-- Up-to-date: /root/research-1/install/mymsg/include/mymsg/msg/pose.hpp
-- Up-to-date: /root/research-1/install/mymsg/include/mymsg/msg/poses.hpp
-- Up-to-date: /root/research-1/install/mymsg/include/mymsg
-- Up-to-date: /root/research-1/install/mymsg/include/mymsg/srv
-- Up-to-date: /root/research-1/install/mymsg/include/mymsg/srv/detail
-- Up-to-date: /root/research-1/install/mymsg/include/mymsg/srv/detail/imagedata__rosidl_typesupport_introspection_cpp.hpp
-- Up-to-date: /root/research-1/install/mymsg/include/mymsg/srv/detail/imagedata__type_support.cpp
-- Up-to-date: /root/research-1/install/mymsg/include/mymsg/msg
-- Up-to-date: /root/research-1/install/mymsg/include/mymsg/msg/detail
-- Up-to-date: /root/research-1/install/mymsg/include/mymsg/msg/detail/poses__type_support.cpp
-- Up-to-date: /root/research-1/install/mymsg/include/mymsg/msg/detail/multi_transform__type_support.cpp
-- Up-to-date: /root/research-1/install/mymsg/include/mymsg/msg/detail/transform__type_support.cpp
-- Up-to-date: /root/research-1/install/mymsg/include/mymsg/msg/detail/pose__type_support.cpp
-- Up-to-date: /root/research-1/install/mymsg/include/mymsg/msg/detail/multi_transform__rosidl_typesupport_introspection_cpp.hpp
-- Up-to-date: /root/research-1/install/mymsg/include/mymsg/msg/detail/pose__rosidl_typesupport_introspection_cpp.hpp
-- Up-to-date: /root/research-1/install/mymsg/include/mymsg/msg/detail/transform__rosidl_typesupport_introspection_cpp.hpp
-- Up-to-date: /root/research-1/install/mymsg/include/mymsg/msg/detail/poses__rosidl_typesupport_introspection_cpp.hpp
-- Installing: /root/research-1/install/mymsg/lib/libmymsg__rosidl_typesupport_introspection_cpp.so
-- Set runtime path of "/root/research-1/install/mymsg/lib/libmymsg__rosidl_typesupport_introspection_cpp.so" to ""
-- Installing: /root/research-1/install/mymsg/lib/libmymsg__rosidl_typesupport_cpp.so
-- Set runtime path of "/root/research-1/install/mymsg/lib/libmymsg__rosidl_typesupport_cpp.so" to ""
-- Up-to-date: /root/research-1/install/mymsg/share/mymsg/environment/pythonpath.sh
-- Installing: /root/research-1/install/mymsg/share/mymsg/environment/pythonpath.dsv
-- Installing: /root/research-1/install/mymsg/lib/python3.8/site-packages/mymsg/__init__.py
Compiling '/root/research-1/install/mymsg/lib/python3.8/site-packages/mymsg/__init__.py'...
-- Up-to-date: /root/research-1/install/mymsg/lib/python3.8/site-packages/mymsg/msg
-- Up-to-date: /root/research-1/install/mymsg/lib/python3.8/site-packages/mymsg/msg/_transform_s.c
-- Up-to-date: /root/research-1/install/mymsg/lib/python3.8/site-packages/mymsg/msg/_multi_transform_s.c
-- Up-to-date: /root/research-1/install/mymsg/lib/python3.8/site-packages/mymsg/msg/_pose_s.c
-- Up-to-date: /root/research-1/install/mymsg/lib/python3.8/site-packages/mymsg/msg/_transform.py
-- Up-to-date: /root/research-1/install/mymsg/lib/python3.8/site-packages/mymsg/msg/_poses_s.c
-- Up-to-date: /root/research-1/install/mymsg/lib/python3.8/site-packages/mymsg/msg/_poses.py
-- Up-to-date: /root/research-1/install/mymsg/lib/python3.8/site-packages/mymsg/msg/__init__.py
-- Up-to-date: /root/research-1/install/mymsg/lib/python3.8/site-packages/mymsg/msg/_pose.py
-- Up-to-date: /root/research-1/install/mymsg/lib/python3.8/site-packages/mymsg/msg/_multi_transform.py
-- Up-to-date: /root/research-1/install/mymsg/lib/python3.8/site-packages/mymsg/srv
-- Up-to-date: /root/research-1/install/mymsg/lib/python3.8/site-packages/mymsg/srv/_imagedata_s.c
-- Up-to-date: /root/research-1/install/mymsg/lib/python3.8/site-packages/mymsg/srv/_imagedata.py
-- Up-to-date: /root/research-1/install/mymsg/lib/python3.8/site-packages/mymsg/srv/__init__.py
-- Installing: /root/research-1/install/mymsg/lib/python3.8/site-packages/mymsg/mymsg_s__rosidl_typesupport_fastrtps_c.cpython-38-x86_64-linux-gnu.so
-- Set runtime path of "/root/research-1/install/mymsg/lib/python3.8/site-packages/mymsg/mymsg_s__rosidl_typesupport_fastrtps_c.cpython-38-x86_64-linux-gnu.so" to ""
-- Installing: /root/research-1/install/mymsg/lib/python3.8/site-packages/mymsg/mymsg_s__rosidl_typesupport_introspection_c.cpython-38-x86_64-linux-gnu.so
-- Set runtime path of "/root/research-1/install/mymsg/lib/python3.8/site-packages/mymsg/mymsg_s__rosidl_typesupport_introspection_c.cpython-38-x86_64-linux-gnu.so" to ""
-- Installing: /root/research-1/install/mymsg/lib/python3.8/site-packages/mymsg/mymsg_s__rosidl_typesupport_c.cpython-38-x86_64-linux-gnu.so
-- Set runtime path of "/root/research-1/install/mymsg/lib/python3.8/site-packages/mymsg/mymsg_s__rosidl_typesupport_c.cpython-38-x86_64-linux-gnu.so" to ""
-- Installing: /root/research-1/install/mymsg/lib/libmymsg__python.so
-- Set runtime path of "/root/research-1/install/mymsg/lib/libmymsg__python.so" to ""
-- Up-to-date: /root/research-1/install/mymsg/share/mymsg/msg/Pose.idl
-- Up-to-date: /root/research-1/install/mymsg/share/mymsg/msg/Poses.idl
-- Up-to-date: /root/research-1/install/mymsg/share/mymsg/msg/Transform.idl
-- Up-to-date: /root/research-1/install/mymsg/share/mymsg/msg/MultiTransform.idl
-- Up-to-date: /root/research-1/install/mymsg/share/mymsg/srv/Imagedata.idl
-- Up-to-date: /root/research-1/install/mymsg/share/mymsg/msg/Pose.msg
-- Up-to-date: /root/research-1/install/mymsg/share/mymsg/msg/Poses.msg
-- Up-to-date: /root/research-1/install/mymsg/share/mymsg/msg/Transform.msg
-- Up-to-date: /root/research-1/install/mymsg/share/mymsg/msg/MultiTransform.msg
-- Up-to-date: /root/research-1/install/mymsg/share/mymsg/srv/Imagedata.srv
-- Up-to-date: /root/research-1/install/mymsg/share/mymsg/srv/Imagedata_Request.msg
-- Up-to-date: /root/research-1/install/mymsg/share/mymsg/srv/Imagedata_Response.msg
-- Up-to-date: /root/research-1/install/mymsg/share/ament_index/resource_index/package_run_dependencies/mymsg
-- Installing: /root/research-1/install/mymsg/share/ament_index/resource_index/parent_prefix_path/mymsg
-- Installing: /root/research-1/install/mymsg/share/mymsg/environment/ament_prefix_path.sh
-- Installing: /root/research-1/install/mymsg/share/mymsg/environment/ament_prefix_path.dsv
-- Installing: /root/research-1/install/mymsg/share/mymsg/environment/path.sh
-- Installing: /root/research-1/install/mymsg/share/mymsg/environment/path.dsv
-- Up-to-date: /root/research-1/install/mymsg/share/mymsg/local_setup.bash
-- Up-to-date: /root/research-1/install/mymsg/share/mymsg/local_setup.sh
-- Up-to-date: /root/research-1/install/mymsg/share/mymsg/local_setup.zsh
-- Installing: /root/research-1/install/mymsg/share/mymsg/local_setup.dsv
-- Installing: /root/research-1/install/mymsg/share/mymsg/package.dsv
-- Up-to-date: /root/research-1/install/mymsg/share/ament_index/resource_index/packages/mymsg
-- Up-to-date: /root/research-1/install/mymsg/share/mymsg/cmake/mymsg__rosidl_generator_cExport.cmake
-- Installing: /root/research-1/install/mymsg/share/mymsg/cmake/mymsg__rosidl_generator_cExport-noconfig.cmake
-- Up-to-date: /root/research-1/install/mymsg/share/mymsg/cmake/mymsg__rosidl_typesupport_introspection_cExport.cmake
-- Installing: /root/research-1/install/mymsg/share/mymsg/cmake/mymsg__rosidl_typesupport_introspection_cExport-noconfig.cmake
-- Up-to-date: /root/research-1/install/mymsg/share/mymsg/cmake/mymsg__rosidl_typesupport_cExport.cmake
-- Installing: /root/research-1/install/mymsg/share/mymsg/cmake/mymsg__rosidl_typesupport_cExport-noconfig.cmake
-- Up-to-date: /root/research-1/install/mymsg/share/mymsg/cmake/mymsg__rosidl_generator_cppExport.cmake
-- Up-to-date: /root/research-1/install/mymsg/share/mymsg/cmake/mymsg__rosidl_typesupport_introspection_cppExport.cmake
-- Installing: /root/research-1/install/mymsg/share/mymsg/cmake/mymsg__rosidl_typesupport_introspection_cppExport-noconfig.cmake
-- Up-to-date: /root/research-1/install/mymsg/share/mymsg/cmake/mymsg__rosidl_typesupport_cppExport.cmake
-- Installing: /root/research-1/install/mymsg/share/mymsg/cmake/mymsg__rosidl_typesupport_cppExport-noconfig.cmake
-- Up-to-date: /root/research-1/install/mymsg/share/mymsg/cmake/rosidl_cmake-extras.cmake
-- Up-to-date: /root/research-1/install/mymsg/share/mymsg/cmake/ament_cmake_export_dependencies-extras.cmake
-- Up-to-date: /root/research-1/install/mymsg/share/mymsg/cmake/ament_cmake_export_libraries-extras.cmake
-- Up-to-date: /root/research-1/install/mymsg/share/mymsg/cmake/ament_cmake_export_targets-extras.cmake
-- Up-to-date: /root/research-1/install/mymsg/share/mymsg/cmake/ament_cmake_export_include_directories-extras.cmake
-- Installing: /root/research-1/install/mymsg/share/mymsg/cmake/rosidl_cmake_export_typesupport_libraries-extras.cmake
-- Up-to-date: /root/research-1/install/mymsg/share/mymsg/cmake/rosidl_cmake_export_typesupport_targets-extras.cmake
-- Up-to-date: /root/research-1/install/mymsg/share/mymsg/cmake/mymsgConfig.cmake
-- Up-to-date: /root/research-1/install/mymsg/share/mymsg/cmake/mymsgConfig-version.cmake
-- Up-to-date: /root/research-1/install/mymsg/share/mymsg/package.xml
