[0.244s] Invoking command in '/root/research-1/build/mymsg': CMAKE_PREFIX_PATH=${CMAKE_PREFIX_PATH}:/root/research/install/chaser_navigation_system:/root/Pose_waypointmaker/install/tf2_pifpaf:/root/Pose_waypointmaker/install/ros2_pifpaf:/root/Pose_waypointmaker/install/pifpaf_navi:/opt/ros/foxy _=/usr/bin/env /usr/bin/cmake --build /root/research-1/build/mymsg -- -j12 -l12
[0.341s] -- Found ament_cmake: 0.9.11 (/opt/ros/foxy/share/ament_cmake/cmake)
[0.369s] -- Found PythonInterp: /usr/bin/python3 (found suitable version "3.8.10", minimum required is "3") 
[0.369s] -- Using PYTHON_EXECUTABLE: /usr/bin/python3
[0.581s] -- Found geometry_msgs: 2.0.5 (/opt/ros/foxy/share/geometry_msgs/cmake)
[0.621s] -- Using all available rosidl_typesupport_c: rosidl_typesupport_fastrtps_c;rosidl_typesupport_introspection_c
[0.627s] -- Found rosidl_adapter: 1.3.0 (/opt/ros/foxy/share/rosidl_adapter/cmake)
[0.817s] -- Using all available rosidl_typesupport_cpp: rosidl_typesupport_fastrtps_cpp;rosidl_typesupport_introspection_cpp
[0.913s] -- Found rosidl_default_generators: 1.0.1 (/opt/ros/foxy/share/rosidl_default_generators/cmake)
[0.926s] -- Found sensor_msgs: 2.0.5 (/opt/ros/foxy/share/sensor_msgs/cmake)
[1.053s] -- Found visualization_msgs: 2.0.5 (/opt/ros/foxy/share/visualization_msgs/cmake)
[1.215s] -- Found PythonInterp: /usr/bin/python3 (found version "3.8.10") 
[1.457s] -- Found ament_cmake_ros: 0.9.2 (/opt/ros/foxy/share/ament_cmake_ros/cmake)
[1.808s] -- Using all available rosidl_typesupport_c: rosidl_typesupport_fastrtps_c;rosidl_typesupport_introspection_c
[1.969s] -- Using all available rosidl_typesupport_cpp: rosidl_typesupport_fastrtps_cpp;rosidl_typesupport_introspection_cpp
[2.000s] -- Found PythonInterp: /usr/bin/python3 (found suitable version "3.8.10", minimum required is "3.5") 
[2.000s] -- Found python_cmake_module: 0.8.1 (/opt/ros/foxy/share/python_cmake_module/cmake)
[2.028s] -- Using PYTHON_EXECUTABLE: /usr/bin/python3
[2.028s] -- Using PYTHON_INCLUDE_DIRS: /usr/include/python3.8
[2.028s] -- Using PYTHON_LIBRARIES: /usr/lib/x86_64-linux-gnu/libpython3.8.so
[2.107s] -- Found ament_lint_auto: 0.9.7 (/opt/ros/foxy/share/ament_lint_auto/cmake)
[2.132s] -- Added test 'copyright' to check source files copyright and LICENSE
[2.135s] -- Added test 'flake8' to check Python code syntax and style conventions
[2.136s] -- Added test 'lint_cmake' to check CMake code style
[2.136s] -- Added test 'pep257' to check Python code against some of the style conventions in PEP 257
[2.138s] -- Added test 'xmllint' to check XML markup files
[2.144s] -- Configuring done
[2.255s] -- Generating done
[2.259s] -- Build files have been written to: /root/research-1/build/mymsg
[2.295s] [35m[1mScanning dependencies of target mymsg__rosidl_generator_c[0m
[2.309s] [  1%] Built target mymsg__cpp
[2.315s] [  3%] [32mBuilding C object CMakeFiles/mymsg__rosidl_generator_c.dir/rosidl_generator_c/mymsg/msg/detail/poses__functions.c.o[0m
[2.316s] [  4%] [32mBuilding C object CMakeFiles/mymsg__rosidl_generator_c.dir/rosidl_generator_c/mymsg/msg/detail/pose__functions.c.o[0m
[2.318s] [  6%] [32mBuilding C object CMakeFiles/mymsg__rosidl_generator_c.dir/rosidl_generator_c/mymsg/msg/detail/multi_transform__functions.c.o[0m
[2.318s] [  7%] [32mBuilding C object CMakeFiles/mymsg__rosidl_generator_c.dir/rosidl_generator_c/mymsg/msg/detail/transform__functions.c.o[0m
[2.319s] [  9%] [32mBuilding C object CMakeFiles/mymsg__rosidl_generator_c.dir/rosidl_generator_c/mymsg/srv/detail/imagedata__functions.c.o[0m
[2.325s] [ 11%] [34m[1mGenerating C++ type support dispatch for ROS interfaces[0m
[2.328s] [35m[1mScanning dependencies of target mymsg__rosidl_typesupport_introspection_cpp[0m
[2.331s] [35m[1mScanning dependencies of target mymsg__rosidl_typesupport_fastrtps_cpp[0m
[2.349s] [ 12%] [32mBuilding CXX object CMakeFiles/mymsg__rosidl_typesupport_introspection_cpp.dir/rosidl_typesupport_introspection_cpp/mymsg/msg/detail/pose__type_support.cpp.o[0m
[2.350s] [ 17%] [32mBuilding CXX object CMakeFiles/mymsg__rosidl_typesupport_introspection_cpp.dir/rosidl_typesupport_introspection_cpp/mymsg/msg/detail/poses__type_support.cpp.o[0m
[2.350s] [ 17%] [32mBuilding CXX object CMakeFiles/mymsg__rosidl_typesupport_introspection_cpp.dir/rosidl_typesupport_introspection_cpp/mymsg/msg/detail/transform__type_support.cpp.o[0m
[2.350s] [ 17%] [32mBuilding CXX object CMakeFiles/mymsg__rosidl_typesupport_introspection_cpp.dir/rosidl_typesupport_introspection_cpp/mymsg/msg/detail/multi_transform__type_support.cpp.o[0m
[2.353s] [ 19%] [32mBuilding CXX object CMakeFiles/mymsg__rosidl_typesupport_introspection_cpp.dir/rosidl_typesupport_introspection_cpp/mymsg/srv/detail/imagedata__type_support.cpp.o[0m
[2.364s] [ 20%] [32mBuilding CXX object CMakeFiles/mymsg__rosidl_typesupport_fastrtps_cpp.dir/rosidl_typesupport_fastrtps_cpp/mymsg/msg/detail/dds_fastrtps/pose__type_support.cpp.o[0m
[2.404s] [ 25%] [32mBuilding CXX object CMakeFiles/mymsg__rosidl_typesupport_fastrtps_cpp.dir/rosidl_typesupport_fastrtps_cpp/mymsg/msg/detail/dds_fastrtps/transform__type_support.cpp.o[0m
[2.405s] [ 25%] [32mBuilding CXX object CMakeFiles/mymsg__rosidl_typesupport_fastrtps_cpp.dir/rosidl_typesupport_fastrtps_cpp/mymsg/msg/detail/dds_fastrtps/multi_transform__type_support.cpp.o[0m
[2.405s] [ 25%] [32mBuilding CXX object CMakeFiles/mymsg__rosidl_typesupport_fastrtps_cpp.dir/rosidl_typesupport_fastrtps_cpp/mymsg/msg/detail/dds_fastrtps/poses__type_support.cpp.o[0m
[2.411s] [ 26%] [32mBuilding CXX object CMakeFiles/mymsg__rosidl_typesupport_fastrtps_cpp.dir/rosidl_typesupport_fastrtps_cpp/mymsg/srv/detail/dds_fastrtps/imagedata__type_support.cpp.o[0m
[2.412s] [ 28%] [32m[1mLinking C shared library libmymsg__rosidl_generator_c.so[0m
[2.545s] [ 30%] Built target mymsg__rosidl_generator_c
[2.567s] [35m[1mScanning dependencies of target mymsg__rosidl_typesupport_introspection_c[0m
[2.597s] [ 31%] [32mBuilding C object CMakeFiles/mymsg__rosidl_typesupport_introspection_c.dir/rosidl_typesupport_introspection_c/mymsg/msg/detail/pose__type_support.c.o[0m
[2.698s] [ 33%] [32mBuilding C object CMakeFiles/mymsg__rosidl_typesupport_introspection_c.dir/rosidl_typesupport_introspection_c/mymsg/msg/detail/poses__type_support.c.o[0m
[2.827s] [ 34%] [34m[1mGenerating C type support dispatch for ROS interfaces[0m
[2.828s] [ 36%] [32mBuilding C object CMakeFiles/mymsg__rosidl_typesupport_introspection_c.dir/rosidl_typesupport_introspection_c/mymsg/msg/detail/transform__type_support.c.o[0m
[2.862s] [ 38%] [32mBuilding C object CMakeFiles/mymsg__rosidl_typesupport_introspection_c.dir/rosidl_typesupport_introspection_c/mymsg/msg/detail/multi_transform__type_support.c.o[0m
[2.882s] [35m[1mScanning dependencies of target mymsg__rosidl_typesupport_cpp[0m
[2.887s] [ 39%] [32mBuilding C object CMakeFiles/mymsg__rosidl_typesupport_introspection_c.dir/rosidl_typesupport_introspection_c/mymsg/srv/detail/imagedata__type_support.c.o[0m
[2.909s] [ 41%] [32mBuilding CXX object CMakeFiles/mymsg__rosidl_typesupport_cpp.dir/rosidl_typesupport_cpp/mymsg/msg/pose__type_support.cpp.o[0m
[2.937s] [ 42%] [32mBuilding CXX object CMakeFiles/mymsg__rosidl_typesupport_cpp.dir/rosidl_typesupport_cpp/mymsg/msg/poses__type_support.cpp.o[0m
[2.945s] [ 44%] [32mBuilding CXX object CMakeFiles/mymsg__rosidl_typesupport_cpp.dir/rosidl_typesupport_cpp/mymsg/msg/transform__type_support.cpp.o[0m
[2.954s] [ 46%] [32mBuilding CXX object CMakeFiles/mymsg__rosidl_typesupport_cpp.dir/rosidl_typesupport_cpp/mymsg/msg/multi_transform__type_support.cpp.o[0m
[2.962s] [ 47%] [32m[1mLinking C shared library libmymsg__rosidl_typesupport_introspection_c.so[0m
[2.979s] [ 49%] [32m[1mLinking CXX shared library libmymsg__rosidl_typesupport_introspection_cpp.so[0m
[3.038s] [ 50%] [32mBuilding CXX object CMakeFiles/mymsg__rosidl_typesupport_cpp.dir/rosidl_typesupport_cpp/mymsg/srv/imagedata__type_support.cpp.o[0m
[3.054s] [ 52%] Built target mymsg__rosidl_typesupport_introspection_c
[3.135s] [ 53%] Built target mymsg__rosidl_typesupport_introspection_cpp
[3.157s] [ 55%] [32m[1mLinking CXX shared library libmymsg__rosidl_typesupport_fastrtps_cpp.so[0m
[3.230s] [35m[1mScanning dependencies of target mymsg__rosidl_typesupport_c[0m
[3.249s] [ 57%] [32mBuilding CXX object CMakeFiles/mymsg__rosidl_typesupport_c.dir/rosidl_typesupport_c/mymsg/msg/pose__type_support.cpp.o[0m
[3.251s] [ 58%] [32mBuilding CXX object CMakeFiles/mymsg__rosidl_typesupport_c.dir/rosidl_typesupport_c/mymsg/msg/poses__type_support.cpp.o[0m
[3.252s] [ 61%] [32mBuilding CXX object CMakeFiles/mymsg__rosidl_typesupport_c.dir/rosidl_typesupport_c/mymsg/msg/transform__type_support.cpp.o[0m
[3.252s] [ 61%] [32mBuilding CXX object CMakeFiles/mymsg__rosidl_typesupport_c.dir/rosidl_typesupport_c/mymsg/msg/multi_transform__type_support.cpp.o[0m
[3.255s] [ 63%] [32mBuilding CXX object CMakeFiles/mymsg__rosidl_typesupport_c.dir/rosidl_typesupport_c/mymsg/srv/imagedata__type_support.cpp.o[0m
[3.322s] [ 65%] [32m[1mLinking CXX shared library libmymsg__rosidl_typesupport_c.so[0m
[3.343s] [ 66%] Built target mymsg__rosidl_typesupport_fastrtps_cpp
[3.357s] [35m[1mScanning dependencies of target mymsg__rosidl_typesupport_fastrtps_c[0m
[3.371s] [ 66%] Built target mymsg__rosidl_typesupport_c
[3.388s] [ 68%] [32mBuilding CXX object CMakeFiles/mymsg__rosidl_typesupport_fastrtps_c.dir/rosidl_typesupport_fastrtps_c/mymsg/msg/detail/pose__type_support_c.cpp.o[0m
[3.389s] [ 69%] [32mBuilding CXX object CMakeFiles/mymsg__rosidl_typesupport_fastrtps_c.dir/rosidl_typesupport_fastrtps_c/mymsg/msg/detail/poses__type_support_c.cpp.o[0m
[3.390s] [ 71%] [32mBuilding CXX object CMakeFiles/mymsg__rosidl_typesupport_fastrtps_c.dir/rosidl_typesupport_fastrtps_c/mymsg/msg/detail/transform__type_support_c.cpp.o[0m
[3.390s] [ 73%] [32mBuilding CXX object CMakeFiles/mymsg__rosidl_typesupport_fastrtps_c.dir/rosidl_typesupport_fastrtps_c/mymsg/msg/detail/multi_transform__type_support_c.cpp.o[0m
[3.394s] [ 74%] [32mBuilding CXX object CMakeFiles/mymsg__rosidl_typesupport_fastrtps_c.dir/rosidl_typesupport_fastrtps_c/mymsg/srv/detail/imagedata__type_support_c.cpp.o[0m
[3.419s] [ 76%] [32m[1mLinking CXX shared library libmymsg__rosidl_typesupport_cpp.so[0m
[3.466s] [ 76%] Built target mymsg__rosidl_typesupport_cpp
[3.742s] [ 77%] [32m[1mLinking CXX shared library libmymsg__rosidl_typesupport_fastrtps_c.so[0m
[3.831s] [ 79%] Built target mymsg__rosidl_typesupport_fastrtps_c
[3.853s] [ 79%] Built target mymsg
[3.864s] [35m[1mScanning dependencies of target mymsg__py[0m
[3.877s] [ 80%] Built target mymsg__py
[3.891s] [35m[1mScanning dependencies of target mymsg__python[0m
[3.920s] [ 82%] [32mBuilding C object CMakeFiles/mymsg__python.dir/rosidl_generator_py/mymsg/msg/_pose_s.c.o[0m
[3.920s] [ 84%] [32mBuilding C object CMakeFiles/mymsg__python.dir/rosidl_generator_py/mymsg/msg/_poses_s.c.o[0m
[3.921s] [ 85%] [32mBuilding C object CMakeFiles/mymsg__python.dir/rosidl_generator_py/mymsg/msg/_transform_s.c.o[0m
[3.922s] [ 87%] [32mBuilding C object CMakeFiles/mymsg__python.dir/rosidl_generator_py/mymsg/srv/_imagedata_s.c.o[0m
[3.924s] [ 88%] [32mBuilding C object CMakeFiles/mymsg__python.dir/rosidl_generator_py/mymsg/msg/_multi_transform_s.c.o[0m
[4.058s] [ 90%] [32m[1mLinking C shared library rosidl_generator_py/mymsg/libmymsg__python.so[0m
[4.111s] [ 90%] Built target mymsg__python
[4.124s] [35m[1mScanning dependencies of target mymsg__rosidl_typesupport_introspection_c__pyext[0m
[4.124s] [35m[1mScanning dependencies of target mymsg__rosidl_typesupport_fastrtps_c__pyext[0m
[4.124s] [35m[1mScanning dependencies of target mymsg__rosidl_typesupport_c__pyext[0m
[4.144s] [ 92%] [32mBuilding C object CMakeFiles/mymsg__rosidl_typesupport_c__pyext.dir/rosidl_generator_py/mymsg/_mymsg_s.ep.rosidl_typesupport_c.c.o[0m
[4.146s] [ 93%] [32mBuilding C object CMakeFiles/mymsg__rosidl_typesupport_introspection_c__pyext.dir/rosidl_generator_py/mymsg/_mymsg_s.ep.rosidl_typesupport_introspection_c.c.o[0m
[4.150s] [ 95%] [32mBuilding C object CMakeFiles/mymsg__rosidl_typesupport_fastrtps_c__pyext.dir/rosidl_generator_py/mymsg/_mymsg_s.ep.rosidl_typesupport_fastrtps_c.c.o[0m
[4.234s] [ 96%] [32m[1mLinking C shared library rosidl_generator_py/mymsg/mymsg_s__rosidl_typesupport_c.cpython-38-x86_64-linux-gnu.so[0m
[4.234s] [ 98%] [32m[1mLinking C shared library rosidl_generator_py/mymsg/mymsg_s__rosidl_typesupport_introspection_c.cpython-38-x86_64-linux-gnu.so[0m
[4.244s] [100%] [32m[1mLinking CXX shared library rosidl_generator_py/mymsg/mymsg_s__rosidl_typesupport_fastrtps_c.cpython-38-x86_64-linux-gnu.so[0m
[4.280s] [100%] Built target mymsg__rosidl_typesupport_introspection_c__pyext
[4.280s] [100%] Built target mymsg__rosidl_typesupport_c__pyext
[4.320s] [100%] Built target mymsg__rosidl_typesupport_fastrtps_c__pyext
[4.332s] Invoked command in '/root/research-1/build/mymsg' returned '0': CMAKE_PREFIX_PATH=${CMAKE_PREFIX_PATH}:/root/research/install/chaser_navigation_system:/root/Pose_waypointmaker/install/tf2_pifpaf:/root/Pose_waypointmaker/install/ros2_pifpaf:/root/Pose_waypointmaker/install/pifpaf_navi:/opt/ros/foxy _=/usr/bin/env /usr/bin/cmake --build /root/research-1/build/mymsg -- -j12 -l12
[4.650s] Invoking command in '/root/research-1/build/mymsg': CMAKE_PREFIX_PATH=${CMAKE_PREFIX_PATH}:/root/research/install/chaser_navigation_system:/root/Pose_waypointmaker/install/tf2_pifpaf:/root/Pose_waypointmaker/install/ros2_pifpaf:/root/Pose_waypointmaker/install/pifpaf_navi:/opt/ros/foxy _=/usr/bin/env /usr/bin/cmake --install /root/research-1/build/mymsg
[4.663s] -- Install configuration: ""
[4.663s] -- Up-to-date: /root/research-1/install/mymsg/share/ament_index/resource_index/rosidl_interfaces/mymsg
[4.664s] -- Up-to-date: /root/research-1/install/mymsg/include/mymsg
[4.664s] -- Up-to-date: /root/research-1/install/mymsg/include/mymsg/srv
[4.664s] -- Up-to-date: /root/research-1/install/mymsg/include/mymsg/srv/imagedata.h
[4.664s] -- Up-to-date: /root/research-1/install/mymsg/include/mymsg/srv/detail
[4.665s] -- Up-to-date: /root/research-1/install/mymsg/include/mymsg/srv/detail/imagedata__functions.c
[4.665s] -- Up-to-date: /root/research-1/install/mymsg/include/mymsg/srv/detail/imagedata__functions.h
[4.665s] -- Up-to-date: /root/research-1/install/mymsg/include/mymsg/srv/detail/imagedata__struct.h
[4.665s] -- Up-to-date: /root/research-1/install/mymsg/include/mymsg/srv/detail/imagedata__type_support.h
[4.665s] -- Up-to-date: /root/research-1/install/mymsg/include/mymsg/msg
[4.666s] -- Up-to-date: /root/research-1/install/mymsg/include/mymsg/msg/multi_transform.h
[4.666s] -- Up-to-date: /root/research-1/install/mymsg/include/mymsg/msg/rosidl_generator_c__visibility_control.h
[4.666s] -- Up-to-date: /root/research-1/install/mymsg/include/mymsg/msg/poses.h
[4.666s] -- Up-to-date: /root/research-1/install/mymsg/include/mymsg/msg/detail
[4.667s] -- Up-to-date: /root/research-1/install/mymsg/include/mymsg/msg/detail/multi_transform__type_support.h
[4.667s] -- Up-to-date: /root/research-1/install/mymsg/include/mymsg/msg/detail/pose__functions.h
[4.667s] -- Up-to-date: /root/research-1/install/mymsg/include/mymsg/msg/detail/multi_transform__functions.h
[4.667s] -- Up-to-date: /root/research-1/install/mymsg/include/mymsg/msg/detail/transform__functions.c
[4.667s] -- Up-to-date: /root/research-1/install/mymsg/include/mymsg/msg/detail/pose__struct.h
[4.668s] -- Up-to-date: /root/research-1/install/mymsg/include/mymsg/msg/detail/multi_transform__struct.h
[4.668s] -- Up-to-date: /root/research-1/install/mymsg/include/mymsg/msg/detail/pose__type_support.h
[4.668s] -- Up-to-date: /root/research-1/install/mymsg/include/mymsg/msg/detail/poses__type_support.h
[4.668s] -- Up-to-date: /root/research-1/install/mymsg/include/mymsg/msg/detail/transform__type_support.h
[4.669s] -- Up-to-date: /root/research-1/install/mymsg/include/mymsg/msg/detail/transform__struct.h
[4.669s] -- Up-to-date: /root/research-1/install/mymsg/include/mymsg/msg/detail/poses__functions.c
[4.669s] -- Up-to-date: /root/research-1/install/mymsg/include/mymsg/msg/detail/multi_transform__functions.c
[4.669s] -- Up-to-date: /root/research-1/install/mymsg/include/mymsg/msg/detail/transform__functions.h
[4.669s] -- Up-to-date: /root/research-1/install/mymsg/include/mymsg/msg/detail/poses__struct.h
[4.669s] -- Up-to-date: /root/research-1/install/mymsg/include/mymsg/msg/detail/pose__functions.c
[4.670s] -- Up-to-date: /root/research-1/install/mymsg/include/mymsg/msg/detail/poses__functions.h
[4.670s] -- Up-to-date: /root/research-1/install/mymsg/include/mymsg/msg/transform.h
[4.670s] -- Up-to-date: /root/research-1/install/mymsg/include/mymsg/msg/pose.h
[4.670s] -- Installing: /root/research-1/install/mymsg/share/mymsg/environment/library_path.sh
[4.671s] -- Installing: /root/research-1/install/mymsg/share/mymsg/environment/library_path.dsv
[4.671s] -- Installing: /root/research-1/install/mymsg/lib/libmymsg__rosidl_generator_c.so
[4.671s] -- Set runtime path of "/root/research-1/install/mymsg/lib/libmymsg__rosidl_generator_c.so" to ""
[4.671s] -- Up-to-date: /root/research-1/install/mymsg/include/mymsg
[4.671s] -- Up-to-date: /root/research-1/install/mymsg/include/mymsg/srv
[4.671s] -- Up-to-date: /root/research-1/install/mymsg/include/mymsg/srv/detail
[4.672s] -- Up-to-date: /root/research-1/install/mymsg/include/mymsg/srv/detail/imagedata__rosidl_typesupport_fastrtps_c.h
[4.672s] -- Up-to-date: /root/research-1/install/mymsg/include/mymsg/msg
[4.672s] -- Up-to-date: /root/research-1/install/mymsg/include/mymsg/msg/detail
[4.672s] -- Up-to-date: /root/research-1/install/mymsg/include/mymsg/msg/detail/poses__rosidl_typesupport_fastrtps_c.h
[4.672s] -- Up-to-date: /root/research-1/install/mymsg/include/mymsg/msg/detail/multi_transform__rosidl_typesupport_fastrtps_c.h
[4.672s] -- Up-to-date: /root/research-1/install/mymsg/include/mymsg/msg/detail/transform__rosidl_typesupport_fastrtps_c.h
[4.673s] -- Up-to-date: /root/research-1/install/mymsg/include/mymsg/msg/detail/pose__rosidl_typesupport_fastrtps_c.h
[4.673s] -- Up-to-date: /root/research-1/install/mymsg/include/mymsg/msg/rosidl_typesupport_fastrtps_c__visibility_control.h
[4.673s] -- Installing: /root/research-1/install/mymsg/lib/libmymsg__rosidl_typesupport_fastrtps_c.so
[4.673s] -- Set runtime path of "/root/research-1/install/mymsg/lib/libmymsg__rosidl_typesupport_fastrtps_c.so" to ""
[4.674s] -- Up-to-date: /root/research-1/install/mymsg/include/mymsg
[4.674s] -- Up-to-date: /root/research-1/install/mymsg/include/mymsg/srv
[4.674s] -- Up-to-date: /root/research-1/install/mymsg/include/mymsg/srv/detail
[4.674s] -- Up-to-date: /root/research-1/install/mymsg/include/mymsg/srv/detail/imagedata__rosidl_typesupport_fastrtps_cpp.hpp
[4.674s] -- Installing: /root/research-1/install/mymsg/include/mymsg/srv/detail/dds_fastrtps
[4.675s] -- Up-to-date: /root/research-1/install/mymsg/include/mymsg/msg
[4.675s] -- Up-to-date: /root/research-1/install/mymsg/include/mymsg/msg/detail
[4.675s] -- Up-to-date: /root/research-1/install/mymsg/include/mymsg/msg/detail/multi_transform__rosidl_typesupport_fastrtps_cpp.hpp
[4.675s] -- Up-to-date: /root/research-1/install/mymsg/include/mymsg/msg/detail/pose__rosidl_typesupport_fastrtps_cpp.hpp
[4.675s] -- Up-to-date: /root/research-1/install/mymsg/include/mymsg/msg/detail/transform__rosidl_typesupport_fastrtps_cpp.hpp
[4.675s] -- Up-to-date: /root/research-1/install/mymsg/include/mymsg/msg/detail/poses__rosidl_typesupport_fastrtps_cpp.hpp
[4.676s] -- Installing: /root/research-1/install/mymsg/include/mymsg/msg/detail/dds_fastrtps
[4.676s] -- Up-to-date: /root/research-1/install/mymsg/include/mymsg/msg/rosidl_typesupport_fastrtps_cpp__visibility_control.h
[4.676s] -- Installing: /root/research-1/install/mymsg/lib/libmymsg__rosidl_typesupport_fastrtps_cpp.so
[4.676s] -- Set runtime path of "/root/research-1/install/mymsg/lib/libmymsg__rosidl_typesupport_fastrtps_cpp.so" to ""
[4.676s] -- Up-to-date: /root/research-1/install/mymsg/include/mymsg
[4.676s] -- Up-to-date: /root/research-1/install/mymsg/include/mymsg/srv
[4.676s] -- Up-to-date: /root/research-1/install/mymsg/include/mymsg/srv/detail
[4.677s] -- Up-to-date: /root/research-1/install/mymsg/include/mymsg/srv/detail/imagedata__type_support.c
[4.677s] -- Up-to-date: /root/research-1/install/mymsg/include/mymsg/srv/detail/imagedata__rosidl_typesupport_introspection_c.h
[4.677s] -- Up-to-date: /root/research-1/install/mymsg/include/mymsg/msg
[4.677s] -- Up-to-date: /root/research-1/install/mymsg/include/mymsg/msg/detail
[4.677s] -- Up-to-date: /root/research-1/install/mymsg/include/mymsg/msg/detail/pose__rosidl_typesupport_introspection_c.h
[4.677s] -- Up-to-date: /root/research-1/install/mymsg/include/mymsg/msg/detail/transform__type_support.c
[4.678s] -- Up-to-date: /root/research-1/install/mymsg/include/mymsg/msg/detail/multi_transform__rosidl_typesupport_introspection_c.h
[4.678s] -- Up-to-date: /root/research-1/install/mymsg/include/mymsg/msg/detail/transform__rosidl_typesupport_introspection_c.h
[4.678s] -- Up-to-date: /root/research-1/install/mymsg/include/mymsg/msg/detail/multi_transform__type_support.c
[4.678s] -- Up-to-date: /root/research-1/install/mymsg/include/mymsg/msg/detail/poses__type_support.c
[4.678s] -- Up-to-date: /root/research-1/install/mymsg/include/mymsg/msg/detail/pose__type_support.c
[4.678s] -- Up-to-date: /root/research-1/install/mymsg/include/mymsg/msg/detail/poses__rosidl_typesupport_introspection_c.h
[4.678s] -- Up-to-date: /root/research-1/install/mymsg/include/mymsg/msg/rosidl_typesupport_introspection_c__visibility_control.h
[4.678s] -- Installing: /root/research-1/install/mymsg/lib/libmymsg__rosidl_typesupport_introspection_c.so
[4.679s] -- Set runtime path of "/root/research-1/install/mymsg/lib/libmymsg__rosidl_typesupport_introspection_c.so" to ""
[4.679s] -- Installing: /root/research-1/install/mymsg/lib/libmymsg__rosidl_typesupport_c.so
[4.679s] -- Set runtime path of "/root/research-1/install/mymsg/lib/libmymsg__rosidl_typesupport_c.so" to ""
[4.679s] -- Up-to-date: /root/research-1/install/mymsg/include/mymsg
[4.679s] -- Up-to-date: /root/research-1/install/mymsg/include/mymsg/srv
[4.679s] -- Up-to-date: /root/research-1/install/mymsg/include/mymsg/srv/detail
[4.679s] -- Up-to-date: /root/research-1/install/mymsg/include/mymsg/srv/detail/imagedata__traits.hpp
[4.679s] -- Up-to-date: /root/research-1/install/mymsg/include/mymsg/srv/detail/imagedata__builder.hpp
[4.680s] -- Up-to-date: /root/research-1/install/mymsg/include/mymsg/srv/detail/imagedata__struct.hpp
[4.680s] -- Up-to-date: /root/research-1/install/mymsg/include/mymsg/srv/imagedata.hpp
[4.680s] -- Up-to-date: /root/research-1/install/mymsg/include/mymsg/msg
[4.680s] -- Up-to-date: /root/research-1/install/mymsg/include/mymsg/msg/multi_transform.hpp
[4.680s] -- Up-to-date: /root/research-1/install/mymsg/include/mymsg/msg/transform.hpp
[4.680s] -- Up-to-date: /root/research-1/install/mymsg/include/mymsg/msg/detail
[4.680s] -- Up-to-date: /root/research-1/install/mymsg/include/mymsg/msg/detail/poses__struct.hpp
[4.680s] -- Installing: /root/research-1/install/mymsg/include/mymsg/msg/detail/multi_transform__struct.hpp
[4.681s] -- Installing: /root/research-1/install/mymsg/include/mymsg/msg/detail/multi_transform__traits.hpp
[4.681s] -- Up-to-date: /root/research-1/install/mymsg/include/mymsg/msg/detail/poses__builder.hpp
[4.681s] -- Up-to-date: /root/research-1/install/mymsg/include/mymsg/msg/detail/transform__struct.hpp
[4.681s] -- Up-to-date: /root/research-1/install/mymsg/include/mymsg/msg/detail/pose__struct.hpp
[4.681s] -- Up-to-date: /root/research-1/install/mymsg/include/mymsg/msg/detail/pose__traits.hpp
[4.681s] -- Up-to-date: /root/research-1/install/mymsg/include/mymsg/msg/detail/transform__traits.hpp
[4.681s] -- Up-to-date: /root/research-1/install/mymsg/include/mymsg/msg/detail/poses__traits.hpp
[4.682s] -- Up-to-date: /root/research-1/install/mymsg/include/mymsg/msg/detail/transform__builder.hpp
[4.682s] -- Installing: /root/research-1/install/mymsg/include/mymsg/msg/detail/multi_transform__builder.hpp
[4.682s] -- Installing: /root/research-1/install/mymsg/include/mymsg/msg/detail/pose__builder.hpp
[4.682s] -- Up-to-date: /root/research-1/install/mymsg/include/mymsg/msg/pose.hpp
[4.682s] -- Up-to-date: /root/research-1/install/mymsg/include/mymsg/msg/poses.hpp
[4.682s] -- Up-to-date: /root/research-1/install/mymsg/include/mymsg
[4.682s] -- Up-to-date: /root/research-1/install/mymsg/include/mymsg/srv
[4.683s] -- Up-to-date: /root/research-1/install/mymsg/include/mymsg/srv/detail
[4.683s] -- Up-to-date: /root/research-1/install/mymsg/include/mymsg/srv/detail/imagedata__rosidl_typesupport_introspection_cpp.hpp
[4.683s] -- Up-to-date: /root/research-1/install/mymsg/include/mymsg/srv/detail/imagedata__type_support.cpp
[4.683s] -- Up-to-date: /root/research-1/install/mymsg/include/mymsg/msg
[4.683s] -- Up-to-date: /root/research-1/install/mymsg/include/mymsg/msg/detail
[4.683s] -- Up-to-date: /root/research-1/install/mymsg/include/mymsg/msg/detail/poses__type_support.cpp
[4.683s] -- Up-to-date: /root/research-1/install/mymsg/include/mymsg/msg/detail/multi_transform__type_support.cpp
[4.683s] -- Up-to-date: /root/research-1/install/mymsg/include/mymsg/msg/detail/transform__type_support.cpp
[4.684s] -- Up-to-date: /root/research-1/install/mymsg/include/mymsg/msg/detail/pose__type_support.cpp
[4.684s] -- Up-to-date: /root/research-1/install/mymsg/include/mymsg/msg/detail/multi_transform__rosidl_typesupport_introspection_cpp.hpp
[4.684s] -- Up-to-date: /root/research-1/install/mymsg/include/mymsg/msg/detail/pose__rosidl_typesupport_introspection_cpp.hpp
[4.684s] -- Up-to-date: /root/research-1/install/mymsg/include/mymsg/msg/detail/transform__rosidl_typesupport_introspection_cpp.hpp
[4.684s] -- Up-to-date: /root/research-1/install/mymsg/include/mymsg/msg/detail/poses__rosidl_typesupport_introspection_cpp.hpp
[4.684s] -- Installing: /root/research-1/install/mymsg/lib/libmymsg__rosidl_typesupport_introspection_cpp.so
[4.684s] -- Set runtime path of "/root/research-1/install/mymsg/lib/libmymsg__rosidl_typesupport_introspection_cpp.so" to ""
[4.684s] -- Installing: /root/research-1/install/mymsg/lib/libmymsg__rosidl_typesupport_cpp.so
[4.685s] -- Set runtime path of "/root/research-1/install/mymsg/lib/libmymsg__rosidl_typesupport_cpp.so" to ""
[4.685s] -- Up-to-date: /root/research-1/install/mymsg/share/mymsg/environment/pythonpath.sh
[4.685s] -- Installing: /root/research-1/install/mymsg/share/mymsg/environment/pythonpath.dsv
[4.685s] -- Installing: /root/research-1/install/mymsg/lib/python3.8/site-packages/mymsg/__init__.py
[4.709s] Compiling '/root/research-1/install/mymsg/lib/python3.8/site-packages/mymsg/__init__.py'...
[4.712s] -- Up-to-date: /root/research-1/install/mymsg/lib/python3.8/site-packages/mymsg/msg
[4.713s] -- Up-to-date: /root/research-1/install/mymsg/lib/python3.8/site-packages/mymsg/msg/_transform_s.c
[4.713s] -- Up-to-date: /root/research-1/install/mymsg/lib/python3.8/site-packages/mymsg/msg/_multi_transform_s.c
[4.713s] -- Up-to-date: /root/research-1/install/mymsg/lib/python3.8/site-packages/mymsg/msg/_pose_s.c
[4.713s] -- Up-to-date: /root/research-1/install/mymsg/lib/python3.8/site-packages/mymsg/msg/_transform.py
[4.713s] -- Up-to-date: /root/research-1/install/mymsg/lib/python3.8/site-packages/mymsg/msg/_poses_s.c
[4.713s] -- Up-to-date: /root/research-1/install/mymsg/lib/python3.8/site-packages/mymsg/msg/_poses.py
[4.713s] -- Up-to-date: /root/research-1/install/mymsg/lib/python3.8/site-packages/mymsg/msg/__init__.py
[4.713s] -- Up-to-date: /root/research-1/install/mymsg/lib/python3.8/site-packages/mymsg/msg/_pose.py
[4.713s] -- Up-to-date: /root/research-1/install/mymsg/lib/python3.8/site-packages/mymsg/msg/_multi_transform.py
[4.713s] -- Up-to-date: /root/research-1/install/mymsg/lib/python3.8/site-packages/mymsg/srv
[4.714s] -- Up-to-date: /root/research-1/install/mymsg/lib/python3.8/site-packages/mymsg/srv/_imagedata_s.c
[4.714s] -- Up-to-date: /root/research-1/install/mymsg/lib/python3.8/site-packages/mymsg/srv/_imagedata.py
[4.714s] -- Up-to-date: /root/research-1/install/mymsg/lib/python3.8/site-packages/mymsg/srv/__init__.py
[4.714s] -- Installing: /root/research-1/install/mymsg/lib/python3.8/site-packages/mymsg/mymsg_s__rosidl_typesupport_fastrtps_c.cpython-38-x86_64-linux-gnu.so
[4.714s] -- Set runtime path of "/root/research-1/install/mymsg/lib/python3.8/site-packages/mymsg/mymsg_s__rosidl_typesupport_fastrtps_c.cpython-38-x86_64-linux-gnu.so" to ""
[4.714s] -- Installing: /root/research-1/install/mymsg/lib/python3.8/site-packages/mymsg/mymsg_s__rosidl_typesupport_introspection_c.cpython-38-x86_64-linux-gnu.so
[4.715s] -- Set runtime path of "/root/research-1/install/mymsg/lib/python3.8/site-packages/mymsg/mymsg_s__rosidl_typesupport_introspection_c.cpython-38-x86_64-linux-gnu.so" to ""
[4.715s] -- Installing: /root/research-1/install/mymsg/lib/python3.8/site-packages/mymsg/mymsg_s__rosidl_typesupport_c.cpython-38-x86_64-linux-gnu.so
[4.716s] -- Set runtime path of "/root/research-1/install/mymsg/lib/python3.8/site-packages/mymsg/mymsg_s__rosidl_typesupport_c.cpython-38-x86_64-linux-gnu.so" to ""
[4.716s] -- Installing: /root/research-1/install/mymsg/lib/libmymsg__python.so
[4.716s] -- Set runtime path of "/root/research-1/install/mymsg/lib/libmymsg__python.so" to ""
[4.717s] -- Up-to-date: /root/research-1/install/mymsg/share/mymsg/msg/Pose.idl
[4.717s] -- Up-to-date: /root/research-1/install/mymsg/share/mymsg/msg/Poses.idl
[4.717s] -- Up-to-date: /root/research-1/install/mymsg/share/mymsg/msg/Transform.idl
[4.717s] -- Up-to-date: /root/research-1/install/mymsg/share/mymsg/msg/MultiTransform.idl
[4.717s] -- Up-to-date: /root/research-1/install/mymsg/share/mymsg/srv/Imagedata.idl
[4.717s] -- Up-to-date: /root/research-1/install/mymsg/share/mymsg/msg/Pose.msg
[4.717s] -- Up-to-date: /root/research-1/install/mymsg/share/mymsg/msg/Poses.msg
[4.717s] -- Up-to-date: /root/research-1/install/mymsg/share/mymsg/msg/Transform.msg
[4.717s] -- Up-to-date: /root/research-1/install/mymsg/share/mymsg/msg/MultiTransform.msg
[4.717s] -- Up-to-date: /root/research-1/install/mymsg/share/mymsg/srv/Imagedata.srv
[4.718s] -- Up-to-date: /root/research-1/install/mymsg/share/mymsg/srv/Imagedata_Request.msg
[4.718s] -- Up-to-date: /root/research-1/install/mymsg/share/mymsg/srv/Imagedata_Response.msg
[4.718s] -- Up-to-date: /root/research-1/install/mymsg/share/ament_index/resource_index/package_run_dependencies/mymsg
[4.718s] -- Installing: /root/research-1/install/mymsg/share/ament_index/resource_index/parent_prefix_path/mymsg
[4.718s] -- Installing: /root/research-1/install/mymsg/share/mymsg/environment/ament_prefix_path.sh
[4.718s] -- Installing: /root/research-1/install/mymsg/share/mymsg/environment/ament_prefix_path.dsv
[4.718s] -- Installing: /root/research-1/install/mymsg/share/mymsg/environment/path.sh
[4.718s] -- Installing: /root/research-1/install/mymsg/share/mymsg/environment/path.dsv
[4.718s] -- Up-to-date: /root/research-1/install/mymsg/share/mymsg/local_setup.bash
[4.718s] -- Up-to-date: /root/research-1/install/mymsg/share/mymsg/local_setup.sh
[4.718s] -- Up-to-date: /root/research-1/install/mymsg/share/mymsg/local_setup.zsh
[4.718s] -- Installing: /root/research-1/install/mymsg/share/mymsg/local_setup.dsv
[4.718s] -- Installing: /root/research-1/install/mymsg/share/mymsg/package.dsv
[4.719s] -- Up-to-date: /root/research-1/install/mymsg/share/ament_index/resource_index/packages/mymsg
[4.719s] -- Up-to-date: /root/research-1/install/mymsg/share/mymsg/cmake/mymsg__rosidl_generator_cExport.cmake
[4.719s] -- Installing: /root/research-1/install/mymsg/share/mymsg/cmake/mymsg__rosidl_generator_cExport-noconfig.cmake
[4.719s] -- Up-to-date: /root/research-1/install/mymsg/share/mymsg/cmake/mymsg__rosidl_typesupport_introspection_cExport.cmake
[4.719s] -- Installing: /root/research-1/install/mymsg/share/mymsg/cmake/mymsg__rosidl_typesupport_introspection_cExport-noconfig.cmake
[4.719s] -- Up-to-date: /root/research-1/install/mymsg/share/mymsg/cmake/mymsg__rosidl_typesupport_cExport.cmake
[4.720s] -- Installing: /root/research-1/install/mymsg/share/mymsg/cmake/mymsg__rosidl_typesupport_cExport-noconfig.cmake
[4.720s] -- Up-to-date: /root/research-1/install/mymsg/share/mymsg/cmake/mymsg__rosidl_generator_cppExport.cmake
[4.720s] -- Up-to-date: /root/research-1/install/mymsg/share/mymsg/cmake/mymsg__rosidl_typesupport_introspection_cppExport.cmake
[4.720s] -- Installing: /root/research-1/install/mymsg/share/mymsg/cmake/mymsg__rosidl_typesupport_introspection_cppExport-noconfig.cmake
[4.720s] -- Up-to-date: /root/research-1/install/mymsg/share/mymsg/cmake/mymsg__rosidl_typesupport_cppExport.cmake
[4.720s] -- Installing: /root/research-1/install/mymsg/share/mymsg/cmake/mymsg__rosidl_typesupport_cppExport-noconfig.cmake
[4.720s] -- Up-to-date: /root/research-1/install/mymsg/share/mymsg/cmake/rosidl_cmake-extras.cmake
[4.721s] -- Up-to-date: /root/research-1/install/mymsg/share/mymsg/cmake/ament_cmake_export_dependencies-extras.cmake
[4.721s] -- Up-to-date: /root/research-1/install/mymsg/share/mymsg/cmake/ament_cmake_export_libraries-extras.cmake
[4.721s] -- Up-to-date: /root/research-1/install/mymsg/share/mymsg/cmake/ament_cmake_export_targets-extras.cmake
[4.721s] -- Up-to-date: /root/research-1/install/mymsg/share/mymsg/cmake/ament_cmake_export_include_directories-extras.cmake
[4.721s] -- Installing: /root/research-1/install/mymsg/share/mymsg/cmake/rosidl_cmake_export_typesupport_libraries-extras.cmake
[4.721s] -- Up-to-date: /root/research-1/install/mymsg/share/mymsg/cmake/rosidl_cmake_export_typesupport_targets-extras.cmake
[4.721s] -- Up-to-date: /root/research-1/install/mymsg/share/mymsg/cmake/mymsgConfig.cmake
[4.721s] -- Up-to-date: /root/research-1/install/mymsg/share/mymsg/cmake/mymsgConfig-version.cmake
[4.721s] -- Up-to-date: /root/research-1/install/mymsg/share/mymsg/package.xml
[4.725s] Invoked command in '/root/research-1/build/mymsg' returned '0': CMAKE_PREFIX_PATH=${CMAKE_PREFIX_PATH}:/root/research/install/chaser_navigation_system:/root/Pose_waypointmaker/install/tf2_pifpaf:/root/Pose_waypointmaker/install/ros2_pifpaf:/root/Pose_waypointmaker/install/pifpaf_navi:/opt/ros/foxy _=/usr/bin/env /usr/bin/cmake --install /root/research-1/build/mymsg
