[0.129s] DEBUG:colcon:Command line arguments: ['/usr/bin/colcon', 'build', '--symlink-install']
[0.129s] DEBUG:colcon:Parsed command line arguments: Namespace(allow_overriding=[], ament_cmake_args=None, base_paths=['.'], build_base='build', catkin_cmake_args=None, catkin_skip_building_tests=False, cmake_args=None, cmake_clean_cache=False, cmake_clean_first=False, cmake_force_configure=False, cmake_target=None, cmake_target_skip_unavailable=False, continue_on_error=False, event_handlers=None, executor='parallel', ignore_user_meta=False, install_base='install', log_base=None, log_level=None, main=<bound method BuildVerb.main of <colcon_core.verb.build.BuildVerb object at 0x7fd1b824c490>>, merge_install=False, metas=['./colcon.meta'], packages_above=None, packages_above_and_dependencies=None, packages_above_depth=None, packages_end=None, packages_ignore=None, packages_ignore_regex=None, packages_select=None, packages_select_build_failed=False, packages_select_by_dep=None, packages_select_regex=None, packages_select_test_failures=False, packages_skip=None, packages_skip_build_finished=False, packages_skip_by_dep=None, packages_skip_regex=None, packages_skip_test_passed=False, packages_skip_up_to=None, packages_start=None, packages_up_to=None, packages_up_to_regex=None, parallel_workers=12, paths=None, symlink_install=True, test_result_base=None, verb_extension=<colcon_core.verb.build.BuildVerb object at 0x7fd1b824c490>, verb_name='build', verb_parser=<colcon_defaults.argument_parser.defaults.DefaultArgumentsDecorator object at 0x7fd1b824c9d0>)
[0.149s] Level 1:colcon.colcon_core.package_discovery:discover_packages(colcon_meta) check parameters
[0.149s] Level 1:colcon.colcon_core.package_discovery:discover_packages(recursive) check parameters
[0.149s] Level 1:colcon.colcon_core.package_discovery:discover_packages(ignore) check parameters
[0.149s] Level 1:colcon.colcon_core.package_discovery:discover_packages(path) check parameters
[0.149s] Level 1:colcon.colcon_core.package_discovery:discover_packages(colcon_meta) discover
[0.149s] Level 1:colcon.colcon_core.package_discovery:discover_packages(recursive) discover
[0.149s] INFO:colcon.colcon_core.package_discovery:Crawling recursively for packages in '/root/research-1'
[0.149s] Level 1:colcon.colcon_core.package_identification:_identify(.) by extensions ['ignore', 'ignore_ament_install']
[0.150s] Level 1:colcon.colcon_core.package_identification:_identify(.) by extension 'ignore'
[0.150s] Level 1:colcon.colcon_core.package_identification:_identify(.) by extension 'ignore_ament_install'
[0.150s] Level 1:colcon.colcon_core.package_identification:_identify(.) by extensions ['colcon_pkg']
[0.150s] Level 1:colcon.colcon_core.package_identification:_identify(.) by extension 'colcon_pkg'
[0.150s] Level 1:colcon.colcon_core.package_identification:_identify(.) by extensions ['colcon_meta']
[0.150s] Level 1:colcon.colcon_core.package_identification:_identify(.) by extension 'colcon_meta'
[0.150s] Level 1:colcon.colcon_core.package_identification:_identify(.) by extensions ['ros']
[0.150s] Level 1:colcon.colcon_core.package_identification:_identify(.) by extension 'ros'
[0.171s] Level 1:colcon.colcon_core.package_identification:_identify(.) by extensions ['cmake', 'python']
[0.171s] Level 1:colcon.colcon_core.package_identification:_identify(.) by extension 'cmake'
[0.171s] Level 1:colcon.colcon_core.package_identification:_identify(.) by extension 'python'
[0.171s] Level 1:colcon.colcon_core.package_identification:_identify(.) by extensions ['python_setup_py']
[0.171s] Level 1:colcon.colcon_core.package_identification:_identify(.) by extension 'python_setup_py'
[0.171s] Level 1:colcon.colcon_core.package_identification:_identify(build) by extensions ['ignore', 'ignore_ament_install']
[0.171s] Level 1:colcon.colcon_core.package_identification:_identify(build) by extension 'ignore'
[0.171s] Level 1:colcon.colcon_core.package_identification:_identify(build) ignored
[0.171s] Level 1:colcon.colcon_core.package_identification:_identify(install) by extensions ['ignore', 'ignore_ament_install']
[0.172s] Level 1:colcon.colcon_core.package_identification:_identify(install) by extension 'ignore'
[0.172s] Level 1:colcon.colcon_core.package_identification:_identify(install) ignored
[0.172s] Level 1:colcon.colcon_core.package_identification:_identify(log) by extensions ['ignore', 'ignore_ament_install']
[0.172s] Level 1:colcon.colcon_core.package_identification:_identify(log) by extension 'ignore'
[0.172s] Level 1:colcon.colcon_core.package_identification:_identify(log) ignored
[0.172s] Level 1:colcon.colcon_core.package_identification:_identify(src) by extensions ['ignore', 'ignore_ament_install']
[0.172s] Level 1:colcon.colcon_core.package_identification:_identify(src) by extension 'ignore'
[0.172s] Level 1:colcon.colcon_core.package_identification:_identify(src) by extension 'ignore_ament_install'
[0.172s] Level 1:colcon.colcon_core.package_identification:_identify(src) by extensions ['colcon_pkg']
[0.172s] Level 1:colcon.colcon_core.package_identification:_identify(src) by extension 'colcon_pkg'
[0.172s] Level 1:colcon.colcon_core.package_identification:_identify(src) by extensions ['colcon_meta']
[0.172s] Level 1:colcon.colcon_core.package_identification:_identify(src) by extension 'colcon_meta'
[0.172s] Level 1:colcon.colcon_core.package_identification:_identify(src) by extensions ['ros']
[0.172s] Level 1:colcon.colcon_core.package_identification:_identify(src) by extension 'ros'
[0.172s] Level 1:colcon.colcon_core.package_identification:_identify(src) by extensions ['cmake', 'python']
[0.172s] Level 1:colcon.colcon_core.package_identification:_identify(src) by extension 'cmake'
[0.172s] Level 1:colcon.colcon_core.package_identification:_identify(src) by extension 'python'
[0.172s] Level 1:colcon.colcon_core.package_identification:_identify(src) by extensions ['python_setup_py']
[0.173s] Level 1:colcon.colcon_core.package_identification:_identify(src) by extension 'python_setup_py'
[0.173s] Level 1:colcon.colcon_core.package_identification:_identify(src/chaser_navigation_system) by extensions ['ignore', 'ignore_ament_install']
[0.173s] Level 1:colcon.colcon_core.package_identification:_identify(src/chaser_navigation_system) by extension 'ignore'
[0.173s] Level 1:colcon.colcon_core.package_identification:_identify(src/chaser_navigation_system) by extension 'ignore_ament_install'
[0.173s] Level 1:colcon.colcon_core.package_identification:_identify(src/chaser_navigation_system) by extensions ['colcon_pkg']
[0.173s] Level 1:colcon.colcon_core.package_identification:_identify(src/chaser_navigation_system) by extension 'colcon_pkg'
[0.173s] Level 1:colcon.colcon_core.package_identification:_identify(src/chaser_navigation_system) by extensions ['colcon_meta']
[0.173s] Level 1:colcon.colcon_core.package_identification:_identify(src/chaser_navigation_system) by extension 'colcon_meta'
[0.173s] Level 1:colcon.colcon_core.package_identification:_identify(src/chaser_navigation_system) by extensions ['ros']
[0.173s] Level 1:colcon.colcon_core.package_identification:_identify(src/chaser_navigation_system) by extension 'ros'
[0.175s] DEBUG:colcon.colcon_core.package_identification:Package 'src/chaser_navigation_system' with type 'ros.ament_python' and name 'chaser_navigation_system'
[0.175s] Level 1:colcon.colcon_core.package_identification:_identify(src/mymsg) by extensions ['ignore', 'ignore_ament_install']
[0.175s] Level 1:colcon.colcon_core.package_identification:_identify(src/mymsg) by extension 'ignore'
[0.175s] Level 1:colcon.colcon_core.package_identification:_identify(src/mymsg) by extension 'ignore_ament_install'
[0.175s] Level 1:colcon.colcon_core.package_identification:_identify(src/mymsg) by extensions ['colcon_pkg']
[0.175s] Level 1:colcon.colcon_core.package_identification:_identify(src/mymsg) by extension 'colcon_pkg'
[0.175s] Level 1:colcon.colcon_core.package_identification:_identify(src/mymsg) by extensions ['colcon_meta']
[0.175s] Level 1:colcon.colcon_core.package_identification:_identify(src/mymsg) by extension 'colcon_meta'
[0.175s] Level 1:colcon.colcon_core.package_identification:_identify(src/mymsg) by extensions ['ros']
[0.175s] Level 1:colcon.colcon_core.package_identification:_identify(src/mymsg) by extension 'ros'
[0.176s] DEBUG:colcon.colcon_core.package_identification:Package 'src/mymsg' with type 'ros.ament_cmake' and name 'mymsg'
[0.176s] Level 1:colcon.colcon_core.package_discovery:discover_packages(recursive) using defaults
[0.176s] Level 1:colcon.colcon_core.package_discovery:discover_packages(ignore) discover
[0.176s] Level 1:colcon.colcon_core.package_discovery:discover_packages(ignore) using defaults
[0.176s] Level 1:colcon.colcon_core.package_discovery:discover_packages(path) discover
[0.176s] Level 1:colcon.colcon_core.package_discovery:discover_packages(path) using defaults
[0.193s] Level 1:colcon.colcon_core.package_discovery:discover_packages(prefix_path) check parameters
[0.193s] Level 1:colcon.colcon_core.package_discovery:discover_packages(prefix_path) discover
[0.196s] DEBUG:colcon.colcon_installed_package_information.package_discovery:Found 8 installed packages in /root/Pose_waypointmaker/install
[0.198s] DEBUG:colcon.colcon_installed_package_information.package_discovery:Found 23 installed packages in /root/sirius/sirius_ws/install
[0.200s] DEBUG:colcon.colcon_installed_package_information.package_discovery:Found 341 installed packages in /opt/ros/foxy
[0.201s] Level 1:colcon.colcon_core.package_discovery:discover_packages(prefix_path) using defaults
[0.266s] Level 5:colcon.colcon_core.verb:set package 'mymsg' build argument 'cmake_args' from command line to 'None'
[0.266s] Level 5:colcon.colcon_core.verb:set package 'mymsg' build argument 'cmake_target' from command line to 'None'
[0.266s] Level 5:colcon.colcon_core.verb:set package 'mymsg' build argument 'cmake_target_skip_unavailable' from command line to 'False'
[0.266s] Level 5:colcon.colcon_core.verb:set package 'mymsg' build argument 'cmake_clean_cache' from command line to 'False'
[0.266s] Level 5:colcon.colcon_core.verb:set package 'mymsg' build argument 'cmake_clean_first' from command line to 'False'
[0.266s] Level 5:colcon.colcon_core.verb:set package 'mymsg' build argument 'cmake_force_configure' from command line to 'False'
[0.266s] Level 5:colcon.colcon_core.verb:set package 'mymsg' build argument 'ament_cmake_args' from command line to 'None'
[0.266s] Level 5:colcon.colcon_core.verb:set package 'mymsg' build argument 'catkin_cmake_args' from command line to 'None'
[0.266s] Level 5:colcon.colcon_core.verb:set package 'mymsg' build argument 'catkin_skip_building_tests' from command line to 'False'
[0.266s] DEBUG:colcon.colcon_core.verb:Building package 'mymsg' with the following arguments: {'ament_cmake_args': None, 'build_base': '/root/research-1/build/mymsg', 'catkin_cmake_args': None, 'catkin_skip_building_tests': False, 'cmake_args': None, 'cmake_clean_cache': False, 'cmake_clean_first': False, 'cmake_force_configure': False, 'cmake_target': None, 'cmake_target_skip_unavailable': False, 'install_base': '/root/research-1/install/mymsg', 'merge_install': False, 'path': '/root/research-1/src/mymsg', 'symlink_install': True, 'test_result_base': None}
[0.267s] Level 5:colcon.colcon_core.verb:set package 'chaser_navigation_system' build argument 'cmake_args' from command line to 'None'
[0.267s] Level 5:colcon.colcon_core.verb:set package 'chaser_navigation_system' build argument 'cmake_target' from command line to 'None'
[0.267s] Level 5:colcon.colcon_core.verb:set package 'chaser_navigation_system' build argument 'cmake_target_skip_unavailable' from command line to 'False'
[0.267s] Level 5:colcon.colcon_core.verb:set package 'chaser_navigation_system' build argument 'cmake_clean_cache' from command line to 'False'
[0.267s] Level 5:colcon.colcon_core.verb:set package 'chaser_navigation_system' build argument 'cmake_clean_first' from command line to 'False'
[0.267s] Level 5:colcon.colcon_core.verb:set package 'chaser_navigation_system' build argument 'cmake_force_configure' from command line to 'False'
[0.267s] Level 5:colcon.colcon_core.verb:set package 'chaser_navigation_system' build argument 'ament_cmake_args' from command line to 'None'
[0.267s] Level 5:colcon.colcon_core.verb:set package 'chaser_navigation_system' build argument 'catkin_cmake_args' from command line to 'None'
[0.267s] Level 5:colcon.colcon_core.verb:set package 'chaser_navigation_system' build argument 'catkin_skip_building_tests' from command line to 'False'
[0.268s] DEBUG:colcon.colcon_core.verb:Building package 'chaser_navigation_system' with the following arguments: {'ament_cmake_args': None, 'build_base': '/root/research-1/build/chaser_navigation_system', 'catkin_cmake_args': None, 'catkin_skip_building_tests': False, 'cmake_args': None, 'cmake_clean_cache': False, 'cmake_clean_first': False, 'cmake_force_configure': False, 'cmake_target': None, 'cmake_target_skip_unavailable': False, 'install_base': '/root/research-1/install/chaser_navigation_system', 'merge_install': False, 'path': '/root/research-1/src/chaser_navigation_system', 'symlink_install': True, 'test_result_base': None}
[0.268s] INFO:colcon.colcon_core.executor:Executing jobs using 'parallel' executor
[0.272s] DEBUG:colcon.colcon_parallel_executor.executor.parallel:run_until_complete
[0.272s] INFO:colcon.colcon_ros.task.ament_cmake.build:Building ROS package in '/root/research-1/src/mymsg' with build type 'ament_cmake'
[0.272s] INFO:colcon.colcon_cmake.task.cmake.build:Building CMake package in '/root/research-1/src/mymsg'
[0.276s] INFO:colcon.colcon_core.plugin_system:Skipping extension 'colcon_core.shell.bat': Not used on non-Windows systems
[0.276s] INFO:colcon.colcon_core.shell:Skip shell extension 'powershell' for command environment: Not usable outside of PowerShell
[0.276s] DEBUG:colcon.colcon_core.shell:Skip shell extension 'dsv' for command environment
[0.290s] DEBUG:colcon.colcon_core.event_handler.log_command:Invoking command in '/root/research-1/build/mymsg': CMAKE_PREFIX_PATH=${CMAKE_PREFIX_PATH}:/root/Pose_waypointmaker/install/tf2_pifpaf:/root/Pose_waypointmaker/install/ros2_pifpaf:/root/Pose_waypointmaker/install/pifpaf_navi:/root/sirius/sirius_ws/install/turtlebot3_teleop:/root/sirius/sirius_ws/install/turtlebot3_example:/opt/ros/foxy /usr/bin/cmake /root/research-1/src/mymsg -DAMENT_CMAKE_SYMLINK_INSTALL=1 -DCMAKE_INSTALL_PREFIX=/root/research-1/install/mymsg
[1.851s] DEBUG:colcon.colcon_core.event_handler.log_command:Invoked command in '/root/research-1/build/mymsg' returned '0': CMAKE_PREFIX_PATH=${CMAKE_PREFIX_PATH}:/root/Pose_waypointmaker/install/tf2_pifpaf:/root/Pose_waypointmaker/install/ros2_pifpaf:/root/Pose_waypointmaker/install/pifpaf_navi:/root/sirius/sirius_ws/install/turtlebot3_teleop:/root/sirius/sirius_ws/install/turtlebot3_example:/opt/ros/foxy /usr/bin/cmake /root/research-1/src/mymsg -DAMENT_CMAKE_SYMLINK_INSTALL=1 -DCMAKE_INSTALL_PREFIX=/root/research-1/install/mymsg
[1.854s] DEBUG:colcon.colcon_core.event_handler.log_command:Invoking command in '/root/research-1/build/mymsg': CMAKE_PREFIX_PATH=${CMAKE_PREFIX_PATH}:/root/Pose_waypointmaker/install/tf2_pifpaf:/root/Pose_waypointmaker/install/ros2_pifpaf:/root/Pose_waypointmaker/install/pifpaf_navi:/root/sirius/sirius_ws/install/turtlebot3_teleop:/root/sirius/sirius_ws/install/turtlebot3_example:/opt/ros/foxy /usr/bin/cmake --build /root/research-1/build/mymsg -- -j12 -l12
[2.439s] DEBUG:colcon.colcon_core.event_handler.log_command:Invoked command in '/root/research-1/build/mymsg' returned '0': CMAKE_PREFIX_PATH=${CMAKE_PREFIX_PATH}:/root/Pose_waypointmaker/install/tf2_pifpaf:/root/Pose_waypointmaker/install/ros2_pifpaf:/root/Pose_waypointmaker/install/pifpaf_navi:/root/sirius/sirius_ws/install/turtlebot3_teleop:/root/sirius/sirius_ws/install/turtlebot3_example:/opt/ros/foxy /usr/bin/cmake --build /root/research-1/build/mymsg -- -j12 -l12
[2.649s] DEBUG:colcon.colcon_core.event_handler.log_command:Invoking command in '/root/research-1/build/mymsg': CMAKE_PREFIX_PATH=${CMAKE_PREFIX_PATH}:/root/Pose_waypointmaker/install/tf2_pifpaf:/root/Pose_waypointmaker/install/ros2_pifpaf:/root/Pose_waypointmaker/install/pifpaf_navi:/root/sirius/sirius_ws/install/turtlebot3_teleop:/root/sirius/sirius_ws/install/turtlebot3_example:/opt/ros/foxy /usr/bin/cmake --install /root/research-1/build/mymsg
[3.852s] Level 1:colcon.colcon_core.environment:create_environment_scripts_only(mymsg)
[3.852s] DEBUG:colcon.colcon_core.event_handler.log_command:Invoked command in '/root/research-1/build/mymsg' returned '0': CMAKE_PREFIX_PATH=${CMAKE_PREFIX_PATH}:/root/Pose_waypointmaker/install/tf2_pifpaf:/root/Pose_waypointmaker/install/ros2_pifpaf:/root/Pose_waypointmaker/install/pifpaf_navi:/root/sirius/sirius_ws/install/turtlebot3_teleop:/root/sirius/sirius_ws/install/turtlebot3_example:/opt/ros/foxy /usr/bin/cmake --install /root/research-1/build/mymsg
[3.858s] Level 1:colcon.colcon_core.environment:checking '/root/research-1/install/mymsg' for CMake module files
[3.859s] Level 1:colcon.colcon_core.environment:checking '/root/research-1/install/mymsg' for CMake config files
[3.860s] Level 1:colcon.colcon_core.shell:create_environment_hook('mymsg', 'cmake_prefix_path')
[3.861s] INFO:colcon.colcon_core.shell:Creating environment hook '/root/research-1/install/mymsg/share/mymsg/hook/cmake_prefix_path.ps1'
[3.861s] INFO:colcon.colcon_core.shell:Creating environment descriptor '/root/research-1/install/mymsg/share/mymsg/hook/cmake_prefix_path.dsv'
[3.862s] INFO:colcon.colcon_core.shell:Creating environment hook '/root/research-1/install/mymsg/share/mymsg/hook/cmake_prefix_path.sh'
[3.863s] Level 1:colcon.colcon_core.environment:checking '/root/research-1/install/mymsg/lib'
[3.863s] Level 1:colcon.colcon_core.shell:create_environment_hook('mymsg', 'ld_library_path_lib')
[3.864s] INFO:colcon.colcon_core.shell:Creating environment hook '/root/research-1/install/mymsg/share/mymsg/hook/ld_library_path_lib.ps1'
[3.864s] INFO:colcon.colcon_core.shell:Creating environment descriptor '/root/research-1/install/mymsg/share/mymsg/hook/ld_library_path_lib.dsv'
[3.864s] INFO:colcon.colcon_core.shell:Creating environment hook '/root/research-1/install/mymsg/share/mymsg/hook/ld_library_path_lib.sh'
[3.865s] Level 1:colcon.colcon_core.environment:checking '/root/research-1/install/mymsg/bin'
[3.865s] Level 1:colcon.colcon_core.environment:checking '/root/research-1/install/mymsg/lib/pkgconfig/mymsg.pc'
[3.865s] Level 1:colcon.colcon_core.environment:checking '/root/research-1/install/mymsg/lib/python3.8/site-packages'
[3.865s] Level 1:colcon.colcon_core.shell:create_environment_hook('mymsg', 'pythonpath')
[3.866s] INFO:colcon.colcon_core.shell:Creating environment hook '/root/research-1/install/mymsg/share/mymsg/hook/pythonpath.ps1'
[3.866s] INFO:colcon.colcon_core.shell:Creating environment descriptor '/root/research-1/install/mymsg/share/mymsg/hook/pythonpath.dsv'
[3.867s] INFO:colcon.colcon_core.shell:Creating environment hook '/root/research-1/install/mymsg/share/mymsg/hook/pythonpath.sh'
[3.867s] Level 1:colcon.colcon_core.environment:checking '/root/research-1/install/mymsg/bin'
[3.868s] INFO:colcon.colcon_core.shell:Creating package script '/root/research-1/install/mymsg/share/mymsg/package.ps1'
[3.869s] INFO:colcon.colcon_core.shell:Creating package descriptor '/root/research-1/install/mymsg/share/mymsg/package.dsv'
[3.869s] INFO:colcon.colcon_core.shell:Creating package script '/root/research-1/install/mymsg/share/mymsg/package.sh'
[3.870s] INFO:colcon.colcon_core.shell:Creating package script '/root/research-1/install/mymsg/share/mymsg/package.bash'
[3.871s] INFO:colcon.colcon_core.shell:Creating package script '/root/research-1/install/mymsg/share/mymsg/package.zsh'
[3.871s] Level 1:colcon.colcon_core.environment:create_file_with_runtime_dependencies(/root/research-1/install/mymsg/share/colcon-core/packages/mymsg)
[4.076s] Level 1:colcon.colcon_core.environment:create_environment_scripts_only(mymsg)
[4.080s] Level 1:colcon.colcon_core.environment:checking '/root/research-1/install/mymsg' for CMake module files
[4.081s] Level 1:colcon.colcon_core.environment:checking '/root/research-1/install/mymsg' for CMake config files
[4.082s] Level 1:colcon.colcon_core.shell:create_environment_hook('mymsg', 'cmake_prefix_path')
[4.084s] INFO:colcon.colcon_core.shell:Creating environment hook '/root/research-1/install/mymsg/share/mymsg/hook/cmake_prefix_path.ps1'
[4.085s] INFO:colcon.colcon_core.shell:Creating environment descriptor '/root/research-1/install/mymsg/share/mymsg/hook/cmake_prefix_path.dsv'
[4.086s] INFO:colcon.colcon_core.shell:Creating environment hook '/root/research-1/install/mymsg/share/mymsg/hook/cmake_prefix_path.sh'
[4.087s] Level 1:colcon.colcon_core.environment:checking '/root/research-1/install/mymsg/lib'
[4.087s] Level 1:colcon.colcon_core.shell:create_environment_hook('mymsg', 'ld_library_path_lib')
[4.089s] INFO:colcon.colcon_core.shell:Creating environment hook '/root/research-1/install/mymsg/share/mymsg/hook/ld_library_path_lib.ps1'
[4.090s] INFO:colcon.colcon_core.shell:Creating environment descriptor '/root/research-1/install/mymsg/share/mymsg/hook/ld_library_path_lib.dsv'
[4.090s] INFO:colcon.colcon_core.shell:Creating environment hook '/root/research-1/install/mymsg/share/mymsg/hook/ld_library_path_lib.sh'
[4.091s] Level 1:colcon.colcon_core.environment:checking '/root/research-1/install/mymsg/bin'
[4.091s] Level 1:colcon.colcon_core.environment:checking '/root/research-1/install/mymsg/lib/pkgconfig/mymsg.pc'
[4.091s] Level 1:colcon.colcon_core.environment:checking '/root/research-1/install/mymsg/lib/python3.8/site-packages'
[4.091s] Level 1:colcon.colcon_core.shell:create_environment_hook('mymsg', 'pythonpath')
[4.093s] INFO:colcon.colcon_core.shell:Creating environment hook '/root/research-1/install/mymsg/share/mymsg/hook/pythonpath.ps1'
[4.094s] INFO:colcon.colcon_core.shell:Creating environment descriptor '/root/research-1/install/mymsg/share/mymsg/hook/pythonpath.dsv'
[4.094s] INFO:colcon.colcon_core.shell:Creating environment hook '/root/research-1/install/mymsg/share/mymsg/hook/pythonpath.sh'
[4.095s] Level 1:colcon.colcon_core.environment:checking '/root/research-1/install/mymsg/bin'
[4.097s] INFO:colcon.colcon_core.shell:Creating package script '/root/research-1/install/mymsg/share/mymsg/package.ps1'
[4.098s] INFO:colcon.colcon_core.shell:Creating package descriptor '/root/research-1/install/mymsg/share/mymsg/package.dsv'
[4.099s] INFO:colcon.colcon_core.shell:Creating package script '/root/research-1/install/mymsg/share/mymsg/package.sh'
[4.100s] INFO:colcon.colcon_core.shell:Creating package script '/root/research-1/install/mymsg/share/mymsg/package.bash'
[4.100s] INFO:colcon.colcon_core.shell:Creating package script '/root/research-1/install/mymsg/share/mymsg/package.zsh'
[4.101s] Level 1:colcon.colcon_core.environment:create_file_with_runtime_dependencies(/root/research-1/install/mymsg/share/colcon-core/packages/mymsg)
[4.101s] INFO:colcon.colcon_ros.task.ament_python.build:Building ROS package in '/root/research-1/src/chaser_navigation_system' with build type 'ament_python'
[4.102s] Level 1:colcon.colcon_core.shell:create_environment_hook('chaser_navigation_system', 'ament_prefix_path')
[4.104s] INFO:colcon.colcon_core.shell:Creating environment hook '/root/research-1/install/chaser_navigation_system/share/chaser_navigation_system/hook/ament_prefix_path.ps1'
[4.104s] INFO:colcon.colcon_core.shell:Creating environment descriptor '/root/research-1/install/chaser_navigation_system/share/chaser_navigation_system/hook/ament_prefix_path.dsv'
[4.105s] INFO:colcon.colcon_core.shell:Creating environment hook '/root/research-1/install/chaser_navigation_system/share/chaser_navigation_system/hook/ament_prefix_path.sh'
[4.107s] INFO:colcon.colcon_core.shell:Skip shell extension 'powershell' for command environment: Not usable outside of PowerShell
[4.107s] DEBUG:colcon.colcon_core.shell:Skip shell extension 'dsv' for command environment
[4.349s] INFO:colcon.colcon_core.task.python.build:Building Python package in '/root/research-1/src/chaser_navigation_system'
[4.351s] INFO:colcon.colcon_core.shell:Skip shell extension 'powershell' for command environment: Not usable outside of PowerShell
[4.351s] DEBUG:colcon.colcon_core.shell:Skip shell extension 'dsv' for command environment
[4.750s] DEBUG:colcon.colcon_core.task.python.build:While undoing a previous installation files outside the Python library path are being ignored: /root/research-1/install/chaser_navigation_system/share/ament_index/resource_index/packages/chaser_navigation_system
[4.750s] DEBUG:colcon.colcon_core.task.python.build:While undoing a previous installation files outside the Python library path are being ignored: /root/research-1/install/chaser_navigation_system/share/chaser_navigation_system/package.xml
[4.750s] DEBUG:colcon.colcon_core.task.python.build:While undoing a previous installation files outside the Python library path are being ignored: /root/research-1/install/chaser_navigation_system/lib/chaser_navigation_system/image_cutter
[4.750s] DEBUG:colcon.colcon_core.task.python.build:While undoing a previous installation files outside the Python library path are being ignored: /root/research-1/install/chaser_navigation_system/lib/chaser_navigation_system/image_inputer
[4.754s] DEBUG:colcon.colcon_core.event_handler.log_command:Invoking command in '/root/research-1/build/chaser_navigation_system': AMENT_PREFIX_PATH=/root/research-1/install/mymsg:${AMENT_PREFIX_PATH} CMAKE_PREFIX_PATH=/root/research-1/install/mymsg:${CMAKE_PREFIX_PATH} LD_LIBRARY_PATH=/root/research-1/install/mymsg/lib:${LD_LIBRARY_PATH} PYTHONPATH=/root/research-1/build/chaser_navigation_system/prefix_override:/root/research-1/install/chaser_navigation_system/lib/python3.8/site-packages:/root/research-1/install/mymsg/lib/python3.8/site-packages:${PYTHONPATH} /usr/bin/python3 setup.py develop --editable --build-directory /root/research-1/build/chaser_navigation_system/build --no-deps install_data
[5.239s] Level 1:colcon.colcon_core.shell:create_environment_hook('chaser_navigation_system', 'pythonpath_develop')
[5.241s] INFO:colcon.colcon_core.shell:Creating environment hook '/root/research-1/build/chaser_navigation_system/share/chaser_navigation_system/hook/pythonpath_develop.ps1'
[5.241s] DEBUG:colcon.colcon_core.event_handler.log_command:Invoked command in '/root/research-1/build/chaser_navigation_system' returned '0': AMENT_PREFIX_PATH=/root/research-1/install/mymsg:${AMENT_PREFIX_PATH} CMAKE_PREFIX_PATH=/root/research-1/install/mymsg:${CMAKE_PREFIX_PATH} LD_LIBRARY_PATH=/root/research-1/install/mymsg/lib:${LD_LIBRARY_PATH} PYTHONPATH=/root/research-1/build/chaser_navigation_system/prefix_override:/root/research-1/install/chaser_navigation_system/lib/python3.8/site-packages:/root/research-1/install/mymsg/lib/python3.8/site-packages:${PYTHONPATH} /usr/bin/python3 setup.py develop --editable --build-directory /root/research-1/build/chaser_navigation_system/build --no-deps install_data
[5.242s] INFO:colcon.colcon_core.shell:Creating environment descriptor '/root/research-1/build/chaser_navigation_system/share/chaser_navigation_system/hook/pythonpath_develop.dsv'
[5.242s] INFO:colcon.colcon_core.shell:Creating environment hook '/root/research-1/build/chaser_navigation_system/share/chaser_navigation_system/hook/pythonpath_develop.sh'
[5.245s] Level 1:colcon.colcon_core.environment:checking '/root/research-1/install/chaser_navigation_system' for CMake module files
[5.245s] Level 1:colcon.colcon_core.environment:checking '/root/research-1/install/chaser_navigation_system' for CMake config files
[5.246s] Level 1:colcon.colcon_core.environment:checking '/root/research-1/install/chaser_navigation_system/lib'
[5.246s] Level 1:colcon.colcon_core.environment:checking '/root/research-1/install/chaser_navigation_system/bin'
[5.246s] Level 1:colcon.colcon_core.environment:checking '/root/research-1/install/chaser_navigation_system/lib/pkgconfig/chaser_navigation_system.pc'
[5.246s] Level 1:colcon.colcon_core.environment:checking '/root/research-1/install/chaser_navigation_system/lib/python3.8/site-packages'
[5.246s] Level 1:colcon.colcon_core.shell:create_environment_hook('chaser_navigation_system', 'pythonpath')
[5.247s] INFO:colcon.colcon_core.shell:Creating environment hook '/root/research-1/install/chaser_navigation_system/share/chaser_navigation_system/hook/pythonpath.ps1'
[5.248s] INFO:colcon.colcon_core.shell:Creating environment descriptor '/root/research-1/install/chaser_navigation_system/share/chaser_navigation_system/hook/pythonpath.dsv'
[5.248s] INFO:colcon.colcon_core.shell:Creating environment hook '/root/research-1/install/chaser_navigation_system/share/chaser_navigation_system/hook/pythonpath.sh'
[5.249s] Level 1:colcon.colcon_core.environment:checking '/root/research-1/install/chaser_navigation_system/bin'
[5.249s] Level 1:colcon.colcon_core.environment:create_environment_scripts_only(chaser_navigation_system)
[5.250s] INFO:colcon.colcon_core.shell:Creating package script '/root/research-1/install/chaser_navigation_system/share/chaser_navigation_system/package.ps1'
[5.250s] INFO:colcon.colcon_core.shell:Creating package descriptor '/root/research-1/install/chaser_navigation_system/share/chaser_navigation_system/package.dsv'
[5.251s] INFO:colcon.colcon_core.shell:Creating package script '/root/research-1/install/chaser_navigation_system/share/chaser_navigation_system/package.sh'
[5.251s] INFO:colcon.colcon_core.shell:Creating package script '/root/research-1/install/chaser_navigation_system/share/chaser_navigation_system/package.bash'
[5.252s] INFO:colcon.colcon_core.shell:Creating package script '/root/research-1/install/chaser_navigation_system/share/chaser_navigation_system/package.zsh'
[5.252s] Level 1:colcon.colcon_core.environment:create_file_with_runtime_dependencies(/root/research-1/install/chaser_navigation_system/share/colcon-core/packages/chaser_navigation_system)
[5.252s] DEBUG:colcon.colcon_parallel_executor.executor.parallel:closing loop
[5.252s] DEBUG:colcon.colcon_parallel_executor.executor.parallel:loop closed
[5.252s] DEBUG:colcon.colcon_parallel_executor.executor.parallel:run_until_complete finished with '0'
[5.252s] DEBUG:colcon.colcon_core.event_reactor:joining thread
[5.259s] INFO:colcon.colcon_core.plugin_system:Skipping extension 'colcon_notification.desktop_notification.notify_send': Could not find 'notify-send'
[5.259s] INFO:colcon.colcon_core.plugin_system:Skipping extension 'colcon_notification.desktop_notification.terminal_notifier': Not used on non-Darwin systems
[5.259s] INFO:colcon.colcon_core.plugin_system:Skipping extension 'colcon_notification.desktop_notification.win32': Not used on non-Windows systems
[5.259s] INFO:colcon.colcon_notification.desktop_notification:Sending desktop notification using 'notify2'
[5.265s] DEBUG:colcon.colcon_notification.desktop_notification.notify2:Failed to initialize notify2: org.freedesktop.DBus.Error.ServiceUnknown: The name org.freedesktop.Notifications was not provided by any .service files
[5.266s] DEBUG:colcon.colcon_core.event_reactor:joined thread
[5.267s] INFO:colcon.colcon_core.shell:Creating prefix script '/root/research-1/install/local_setup.ps1'
[5.268s] INFO:colcon.colcon_core.shell:Creating prefix util module '/root/research-1/install/_local_setup_util_ps1.py'
[5.269s] INFO:colcon.colcon_core.shell:Creating prefix chain script '/root/research-1/install/setup.ps1'
[5.272s] INFO:colcon.colcon_core.shell:Creating prefix script '/root/research-1/install/local_setup.sh'
[5.272s] INFO:colcon.colcon_core.shell:Creating prefix util module '/root/research-1/install/_local_setup_util_sh.py'
[5.273s] INFO:colcon.colcon_core.shell:Creating prefix chain script '/root/research-1/install/setup.sh'
[5.275s] INFO:colcon.colcon_core.shell:Creating prefix script '/root/research-1/install/local_setup.bash'
[5.275s] INFO:colcon.colcon_core.shell:Creating prefix chain script '/root/research-1/install/setup.bash'
[5.278s] INFO:colcon.colcon_core.shell:Creating prefix script '/root/research-1/install/local_setup.zsh'
[5.278s] INFO:colcon.colcon_core.shell:Creating prefix chain script '/root/research-1/install/setup.zsh'
