[0.034s] Invoking command in '/root/research-1/build/mymsg': CMAKE_PREFIX_PATH=${CMAKE_PREFIX_PATH}:/root/Pose_waypointmaker/install/tf2_pifpaf:/root/Pose_waypointmaker/install/ros2_pifpaf:/root/Pose_waypointmaker/install/pifpaf_navi:/root/sirius/sirius_ws/install/turtlebot3_teleop:/root/sirius/sirius_ws/install/turtlebot3_example:/opt/ros/foxy /usr/bin/cmake /root/research-1/src/mymsg -DCMAKE_INSTALL_PREFIX=/root/research-1/install/mymsg
[0.262s] -- The C compiler identification is GNU 9.4.0
[0.435s] -- The CXX compiler identification is GNU 9.4.0
[0.450s] -- Check for working C compiler: /usr/bin/cc
[0.557s] -- Check for working C compiler: /usr/bin/cc -- works
[0.560s] -- Detecting C compiler ABI info
[0.658s] -- Detecting C compiler ABI info - done
[0.669s] -- Detecting C compile features
[0.670s] -- Detecting C compile features - done
[0.674s] -- Check for working CXX compiler: /usr/bin/c++
[0.776s] -- Check for working CXX compiler: /usr/bin/c++ -- works
[0.777s] -- Detecting CXX compiler ABI info
[0.905s] -- Detecting CXX compiler ABI info - done
[0.923s] -- Detecting CXX compile features
[0.924s] -- Detecting CXX compile features - done
[0.952s] -- Found ament_cmake: 0.9.11 (/opt/ros/foxy/share/ament_cmake/cmake)
[1.027s] -- Found PythonInterp: /usr/bin/python3 (found suitable version "3.8.10", minimum required is "3") 
[1.027s] -- Using PYTHON_EXECUTABLE: /usr/bin/python3
[1.471s] -- Found geometry_msgs: 2.0.5 (/opt/ros/foxy/share/geometry_msgs/cmake)
[1.594s] -- Using all available rosidl_typesupport_c: rosidl_typesupport_fastrtps_c;rosidl_typesupport_introspection_c
[1.625s] -- Found rosidl_adapter: 1.3.0 (/opt/ros/foxy/share/rosidl_adapter/cmake)
[1.853s] -- Found OpenSSL: /usr/lib/x86_64-linux-gnu/libcrypto.so (found version "1.1.1f")  
[1.923s] -- Found FastRTPS: /opt/ros/foxy/include  
[2.121s] -- Using all available rosidl_typesupport_cpp: rosidl_typesupport_fastrtps_cpp;rosidl_typesupport_introspection_cpp
[2.311s] -- Found rosidl_default_generators: 1.0.1 (/opt/ros/foxy/share/rosidl_default_generators/cmake)
[2.351s] -- Found sensor_msgs: 2.0.5 (/opt/ros/foxy/share/sensor_msgs/cmake)
[2.493s] -- Found visualization_msgs: 2.0.5 (/opt/ros/foxy/share/visualization_msgs/cmake)
[2.668s] -- Found PythonInterp: /usr/bin/python3 (found version "3.8.10") 
[3.059s] -- Found ament_cmake_ros: 0.9.2 (/opt/ros/foxy/share/ament_cmake_ros/cmake)
[3.677s] -- Using all available rosidl_typesupport_c: rosidl_typesupport_fastrtps_c;rosidl_typesupport_introspection_c
[3.959s] -- Using all available rosidl_typesupport_cpp: rosidl_typesupport_fastrtps_cpp;rosidl_typesupport_introspection_cpp
[4.020s] -- Found PythonInterp: /usr/bin/python3 (found suitable version "3.8.10", minimum required is "3.5") 
[4.027s] -- Found python_cmake_module: 0.8.1 (/opt/ros/foxy/share/python_cmake_module/cmake)
[4.068s] -- Found PythonLibs: /usr/lib/x86_64-linux-gnu/libpython3.8.so (found suitable version "3.8.10", minimum required is "3.5") 
[4.068s] -- Using PYTHON_EXECUTABLE: /usr/bin/python3
[4.068s] -- Using PYTHON_INCLUDE_DIRS: /usr/include/python3.8
[4.068s] -- Using PYTHON_LIBRARIES: /usr/lib/x86_64-linux-gnu/libpython3.8.so
[4.098s] -- Found PythonExtra: .so  
[4.252s] -- Found ament_lint_auto: 0.9.7 (/opt/ros/foxy/share/ament_lint_auto/cmake)
[4.342s] -- Added test 'copyright' to check source files copyright and LICENSE
[4.347s] -- Added test 'lint_cmake' to check CMake code style
[4.351s] -- Added test 'xmllint' to check XML markup files
[4.364s] -- Configuring done
[4.500s] -- Generating done
[4.506s] -- Build files have been written to: /root/research-1/build/mymsg
[4.517s] Invoked command in '/root/research-1/build/mymsg' returned '0': CMAKE_PREFIX_PATH=${CMAKE_PREFIX_PATH}:/root/Pose_waypointmaker/install/tf2_pifpaf:/root/Pose_waypointmaker/install/ros2_pifpaf:/root/Pose_waypointmaker/install/pifpaf_navi:/root/sirius/sirius_ws/install/turtlebot3_teleop:/root/sirius/sirius_ws/install/turtlebot3_example:/opt/ros/foxy /usr/bin/cmake /root/research-1/src/mymsg -DCMAKE_INSTALL_PREFIX=/root/research-1/install/mymsg
[4.521s] Invoking command in '/root/research-1/build/mymsg': CMAKE_PREFIX_PATH=${CMAKE_PREFIX_PATH}:/root/Pose_waypointmaker/install/tf2_pifpaf:/root/Pose_waypointmaker/install/ros2_pifpaf:/root/Pose_waypointmaker/install/pifpaf_navi:/root/sirius/sirius_ws/install/turtlebot3_teleop:/root/sirius/sirius_ws/install/turtlebot3_example:/opt/ros/foxy /usr/bin/cmake --build /root/research-1/build/mymsg -- -j12 -l12
[4.589s] [35m[1mScanning dependencies of target mymsg__cpp[0m
[4.590s] [  2%] [34m[1mGenerating C code for ROS interfaces[0m
[4.609s] [  5%] [34m[1mGenerating C++ code for ROS interfaces[0m
[5.071s] [  5%] Built target mymsg__cpp
[5.081s] [35m[1mScanning dependencies of target mymsg__rosidl_generator_c[0m
[5.089s] [ 10%] [34m[1mGenerating C++ introspection for ROS interfaces[0m
[5.089s] [ 10%] [34m[1mGenerating C++ type support for eProsima Fast-RTPS[0m
[5.090s] [ 12%] [34m[1mGenerating C++ type support dispatch for ROS interfaces[0m
[5.113s] [ 15%] [32mBuilding C object CMakeFiles/mymsg__rosidl_generator_c.dir/rosidl_generator_c/mymsg/msg/detail/pose__functions.c.o[0m
[5.118s] [ 17%] [32mBuilding C object CMakeFiles/mymsg__rosidl_generator_c.dir/rosidl_generator_c/mymsg/msg/detail/poses__functions.c.o[0m
[5.211s] [ 20%] [32m[1mLinking C shared library libmymsg__rosidl_generator_c.so[0m
[5.294s] [ 20%] Built target mymsg__rosidl_generator_c
[5.313s] [ 25%] [34m[1mGenerating C introspection for ROS interfaces[0m
[5.313s] [ 25%] [34m[1mGenerating C type support dispatch for ROS interfaces[0m
[5.489s] [35m[1mScanning dependencies of target mymsg__rosidl_typesupport_introspection_cpp[0m
[5.497s] [35m[1mScanning dependencies of target mymsg__rosidl_typesupport_cpp[0m
[5.522s] [ 28%] [32mBuilding CXX object CMakeFiles/mymsg__rosidl_typesupport_introspection_cpp.dir/rosidl_typesupport_introspection_cpp/mymsg/msg/detail/pose__type_support.cpp.o[0m
[5.524s] [ 30%] [32mBuilding CXX object CMakeFiles/mymsg__rosidl_typesupport_introspection_cpp.dir/rosidl_typesupport_introspection_cpp/mymsg/msg/detail/poses__type_support.cpp.o[0m
[5.529s] [ 33%] [32mBuilding CXX object CMakeFiles/mymsg__rosidl_typesupport_cpp.dir/rosidl_typesupport_cpp/mymsg/msg/pose__type_support.cpp.o[0m
[5.530s] [ 35%] [32mBuilding CXX object CMakeFiles/mymsg__rosidl_typesupport_cpp.dir/rosidl_typesupport_cpp/mymsg/msg/poses__type_support.cpp.o[0m
[5.532s] [35m[1mScanning dependencies of target mymsg__rosidl_typesupport_fastrtps_cpp[0m
[5.569s] [ 38%] [32mBuilding CXX object CMakeFiles/mymsg__rosidl_typesupport_fastrtps_cpp.dir/rosidl_typesupport_fastrtps_cpp/mymsg/msg/detail/dds_fastrtps/pose__type_support.cpp.o[0m
[5.569s] [ 41%] [32mBuilding CXX object CMakeFiles/mymsg__rosidl_typesupport_fastrtps_cpp.dir/rosidl_typesupport_fastrtps_cpp/mymsg/msg/detail/dds_fastrtps/poses__type_support.cpp.o[0m
[5.696s] [35m[1mScanning dependencies of target mymsg__rosidl_typesupport_c[0m
[5.741s] [ 43%] [32mBuilding CXX object CMakeFiles/mymsg__rosidl_typesupport_c.dir/rosidl_typesupport_c/mymsg/msg/pose__type_support.cpp.o[0m
[5.745s] [ 46%] [32mBuilding CXX object CMakeFiles/mymsg__rosidl_typesupport_c.dir/rosidl_typesupport_c/mymsg/msg/poses__type_support.cpp.o[0m
[5.756s] [35m[1mScanning dependencies of target mymsg__rosidl_typesupport_introspection_c[0m
[5.806s] [ 48%] [32mBuilding C object CMakeFiles/mymsg__rosidl_typesupport_introspection_c.dir/rosidl_typesupport_introspection_c/mymsg/msg/detail/poses__type_support.c.o[0m
[5.809s] [ 51%] [32mBuilding C object CMakeFiles/mymsg__rosidl_typesupport_introspection_c.dir/rosidl_typesupport_introspection_c/mymsg/msg/detail/pose__type_support.c.o[0m
[5.811s] [ 53%] [32m[1mLinking CXX shared library libmymsg__rosidl_typesupport_c.so[0m
[5.882s] [ 56%] [32m[1mLinking C shared library libmymsg__rosidl_typesupport_introspection_c.so[0m
[5.901s] [ 56%] Built target mymsg__rosidl_typesupport_c
[5.949s] [ 56%] Built target mymsg__rosidl_typesupport_introspection_c
[6.018s] [ 58%] [32m[1mLinking CXX shared library libmymsg__rosidl_typesupport_cpp.so[0m
[6.088s] [ 58%] Built target mymsg__rosidl_typesupport_cpp
[6.103s] [ 61%] [32m[1mLinking CXX shared library libmymsg__rosidl_typesupport_introspection_cpp.so[0m
[6.224s] [ 61%] Built target mymsg__rosidl_typesupport_introspection_cpp
[6.282s] [ 64%] [32m[1mLinking CXX shared library libmymsg__rosidl_typesupport_fastrtps_cpp.so[0m
[6.445s] [ 64%] Built target mymsg__rosidl_typesupport_fastrtps_cpp
[6.462s] [ 66%] [34m[1mGenerating C type support for eProsima Fast-RTPS[0m
[6.904s] [35m[1mScanning dependencies of target mymsg__rosidl_typesupport_fastrtps_c[0m
[6.936s] [ 69%] [32mBuilding CXX object CMakeFiles/mymsg__rosidl_typesupport_fastrtps_c.dir/rosidl_typesupport_fastrtps_c/mymsg/msg/detail/pose__type_support_c.cpp.o[0m
[6.936s] [ 71%] [32mBuilding CXX object CMakeFiles/mymsg__rosidl_typesupport_fastrtps_c.dir/rosidl_typesupport_fastrtps_c/mymsg/msg/detail/poses__type_support_c.cpp.o[0m
[7.385s] [ 74%] [32m[1mLinking CXX shared library libmymsg__rosidl_typesupport_fastrtps_c.so[0m
[7.512s] [ 74%] Built target mymsg__rosidl_typesupport_fastrtps_c
[7.529s] [35m[1mScanning dependencies of target mymsg[0m
[7.547s] [ 74%] Built target mymsg
[7.564s] [35m[1mScanning dependencies of target mymsg__py[0m
[7.583s] [ 76%] [34m[1mGenerating Python code for ROS interfaces[0m
[8.502s] [ 76%] Built target mymsg__py
[8.518s] [35m[1mScanning dependencies of target mymsg__python[0m
[8.583s] [ 79%] [32mBuilding C object CMakeFiles/mymsg__python.dir/rosidl_generator_py/mymsg/msg/_pose_s.c.o[0m
[8.583s] [ 82%] [32mBuilding C object CMakeFiles/mymsg__python.dir/rosidl_generator_py/mymsg/msg/_poses_s.c.o[0m
[8.712s] [ 84%] [32m[1mLinking C shared library rosidl_generator_py/mymsg/libmymsg__python.so[0m
[8.770s] [ 84%] Built target mymsg__python
[8.786s] [35m[1mScanning dependencies of target mymsg__rosidl_typesupport_c__pyext[0m
[8.787s] [35m[1mScanning dependencies of target mymsg__rosidl_typesupport_introspection_c__pyext[0m
[8.787s] [35m[1mScanning dependencies of target mymsg__rosidl_typesupport_fastrtps_c__pyext[0m
[8.820s] [ 89%] [32mBuilding C object CMakeFiles/mymsg__rosidl_typesupport_c__pyext.dir/rosidl_generator_py/mymsg/_mymsg_s.ep.rosidl_typesupport_c.c.o[0m
[8.820s] [ 89%] [32mBuilding C object CMakeFiles/mymsg__rosidl_typesupport_introspection_c__pyext.dir/rosidl_generator_py/mymsg/_mymsg_s.ep.rosidl_typesupport_introspection_c.c.o[0m
[8.821s] [ 92%] [32mBuilding C object CMakeFiles/mymsg__rosidl_typesupport_fastrtps_c__pyext.dir/rosidl_generator_py/mymsg/_mymsg_s.ep.rosidl_typesupport_fastrtps_c.c.o[0m
[8.947s] [ 94%] [32m[1mLinking C shared library rosidl_generator_py/mymsg/mymsg_s__rosidl_typesupport_introspection_c.cpython-38-x86_64-linux-gnu.so[0m
[8.953s] [ 97%] [32m[1mLinking C shared library rosidl_generator_py/mymsg/mymsg_s__rosidl_typesupport_c.cpython-38-x86_64-linux-gnu.so[0m
[8.958s] [100%] [32m[1mLinking CXX shared library rosidl_generator_py/mymsg/mymsg_s__rosidl_typesupport_fastrtps_c.cpython-38-x86_64-linux-gnu.so[0m
[9.012s] [100%] Built target mymsg__rosidl_typesupport_introspection_c__pyext
[9.017s] [100%] Built target mymsg__rosidl_typesupport_c__pyext
[9.072s] [100%] Built target mymsg__rosidl_typesupport_fastrtps_c__pyext
[9.091s] Invoked command in '/root/research-1/build/mymsg' returned '0': CMAKE_PREFIX_PATH=${CMAKE_PREFIX_PATH}:/root/Pose_waypointmaker/install/tf2_pifpaf:/root/Pose_waypointmaker/install/ros2_pifpaf:/root/Pose_waypointmaker/install/pifpaf_navi:/root/sirius/sirius_ws/install/turtlebot3_teleop:/root/sirius/sirius_ws/install/turtlebot3_example:/opt/ros/foxy /usr/bin/cmake --build /root/research-1/build/mymsg -- -j12 -l12
[9.241s] Invoking command in '/root/research-1/build/mymsg': CMAKE_PREFIX_PATH=${CMAKE_PREFIX_PATH}:/root/Pose_waypointmaker/install/tf2_pifpaf:/root/Pose_waypointmaker/install/ros2_pifpaf:/root/Pose_waypointmaker/install/pifpaf_navi:/root/sirius/sirius_ws/install/turtlebot3_teleop:/root/sirius/sirius_ws/install/turtlebot3_example:/opt/ros/foxy /usr/bin/cmake --install /root/research-1/build/mymsg
[9.254s] -- Install configuration: ""
[9.254s] -- Installing: /root/research-1/install/mymsg/share/ament_index/resource_index/rosidl_interfaces/mymsg
[9.254s] -- Installing: /root/research-1/install/mymsg/include/mymsg
[9.254s] -- Installing: /root/research-1/install/mymsg/include/mymsg/msg
[9.254s] -- Installing: /root/research-1/install/mymsg/include/mymsg/msg/rosidl_generator_c__visibility_control.h
[9.255s] -- Installing: /root/research-1/install/mymsg/include/mymsg/msg/poses.h
[9.255s] -- Installing: /root/research-1/install/mymsg/include/mymsg/msg/detail
[9.255s] -- Installing: /root/research-1/install/mymsg/include/mymsg/msg/detail/pose__functions.h
[9.255s] -- Installing: /root/research-1/install/mymsg/include/mymsg/msg/detail/pose__struct.h
[9.255s] -- Installing: /root/research-1/install/mymsg/include/mymsg/msg/detail/pose__type_support.h
[9.255s] -- Installing: /root/research-1/install/mymsg/include/mymsg/msg/detail/poses__type_support.h
[9.256s] -- Installing: /root/research-1/install/mymsg/include/mymsg/msg/detail/poses__functions.c
[9.256s] -- Installing: /root/research-1/install/mymsg/include/mymsg/msg/detail/poses__struct.h
[9.256s] -- Installing: /root/research-1/install/mymsg/include/mymsg/msg/detail/pose__functions.c
[9.256s] -- Installing: /root/research-1/install/mymsg/include/mymsg/msg/detail/poses__functions.h
[9.256s] -- Installing: /root/research-1/install/mymsg/include/mymsg/msg/pose.h
[9.257s] -- Installing: /root/research-1/install/mymsg/share/mymsg/environment/library_path.sh
[9.257s] -- Installing: /root/research-1/install/mymsg/share/mymsg/environment/library_path.dsv
[9.257s] -- Installing: /root/research-1/install/mymsg/lib/libmymsg__rosidl_generator_c.so
[9.258s] -- Set runtime path of "/root/research-1/install/mymsg/lib/libmymsg__rosidl_generator_c.so" to ""
[9.258s] -- Up-to-date: /root/research-1/install/mymsg/include/mymsg
[9.258s] -- Up-to-date: /root/research-1/install/mymsg/include/mymsg/msg
[9.258s] -- Up-to-date: /root/research-1/install/mymsg/include/mymsg/msg/detail
[9.259s] -- Installing: /root/research-1/install/mymsg/include/mymsg/msg/detail/poses__rosidl_typesupport_fastrtps_c.h
[9.259s] -- Installing: /root/research-1/install/mymsg/include/mymsg/msg/detail/pose__rosidl_typesupport_fastrtps_c.h
[9.259s] -- Installing: /root/research-1/install/mymsg/include/mymsg/msg/rosidl_typesupport_fastrtps_c__visibility_control.h
[9.259s] -- Installing: /root/research-1/install/mymsg/lib/libmymsg__rosidl_typesupport_fastrtps_c.so
[9.260s] -- Set runtime path of "/root/research-1/install/mymsg/lib/libmymsg__rosidl_typesupport_fastrtps_c.so" to ""
[9.260s] -- Up-to-date: /root/research-1/install/mymsg/include/mymsg
[9.260s] -- Up-to-date: /root/research-1/install/mymsg/include/mymsg/msg
[9.260s] -- Up-to-date: /root/research-1/install/mymsg/include/mymsg/msg/detail
[9.261s] -- Installing: /root/research-1/install/mymsg/include/mymsg/msg/detail/pose__rosidl_typesupport_fastrtps_cpp.hpp
[9.261s] -- Installing: /root/research-1/install/mymsg/include/mymsg/msg/detail/poses__rosidl_typesupport_fastrtps_cpp.hpp
[9.261s] -- Installing: /root/research-1/install/mymsg/include/mymsg/msg/detail/dds_fastrtps
[9.261s] -- Installing: /root/research-1/install/mymsg/include/mymsg/msg/rosidl_typesupport_fastrtps_cpp__visibility_control.h
[9.261s] -- Installing: /root/research-1/install/mymsg/lib/libmymsg__rosidl_typesupport_fastrtps_cpp.so
[9.262s] -- Set runtime path of "/root/research-1/install/mymsg/lib/libmymsg__rosidl_typesupport_fastrtps_cpp.so" to ""
[9.262s] -- Up-to-date: /root/research-1/install/mymsg/include/mymsg
[9.262s] -- Up-to-date: /root/research-1/install/mymsg/include/mymsg/msg
[9.262s] -- Up-to-date: /root/research-1/install/mymsg/include/mymsg/msg/detail
[9.263s] -- Installing: /root/research-1/install/mymsg/include/mymsg/msg/detail/pose__rosidl_typesupport_introspection_c.h
[9.263s] -- Installing: /root/research-1/install/mymsg/include/mymsg/msg/detail/poses__type_support.c
[9.263s] -- Installing: /root/research-1/install/mymsg/include/mymsg/msg/detail/pose__type_support.c
[9.263s] -- Installing: /root/research-1/install/mymsg/include/mymsg/msg/detail/poses__rosidl_typesupport_introspection_c.h
[9.263s] -- Installing: /root/research-1/install/mymsg/include/mymsg/msg/rosidl_typesupport_introspection_c__visibility_control.h
[9.263s] -- Installing: /root/research-1/install/mymsg/lib/libmymsg__rosidl_typesupport_introspection_c.so
[9.264s] -- Set runtime path of "/root/research-1/install/mymsg/lib/libmymsg__rosidl_typesupport_introspection_c.so" to ""
[9.264s] -- Installing: /root/research-1/install/mymsg/lib/libmymsg__rosidl_typesupport_c.so
[9.265s] -- Set runtime path of "/root/research-1/install/mymsg/lib/libmymsg__rosidl_typesupport_c.so" to ""
[9.265s] -- Up-to-date: /root/research-1/install/mymsg/include/mymsg
[9.265s] -- Up-to-date: /root/research-1/install/mymsg/include/mymsg/msg
[9.265s] -- Up-to-date: /root/research-1/install/mymsg/include/mymsg/msg/detail
[9.265s] -- Installing: /root/research-1/install/mymsg/include/mymsg/msg/detail/poses__struct.hpp
[9.265s] -- Installing: /root/research-1/install/mymsg/include/mymsg/msg/detail/poses__builder.hpp
[9.266s] -- Installing: /root/research-1/install/mymsg/include/mymsg/msg/detail/pose__struct.hpp
[9.266s] -- Installing: /root/research-1/install/mymsg/include/mymsg/msg/detail/pose__traits.hpp
[9.266s] -- Installing: /root/research-1/install/mymsg/include/mymsg/msg/detail/poses__traits.hpp
[9.266s] -- Installing: /root/research-1/install/mymsg/include/mymsg/msg/detail/pose__builder.hpp
[9.266s] -- Installing: /root/research-1/install/mymsg/include/mymsg/msg/pose.hpp
[9.266s] -- Installing: /root/research-1/install/mymsg/include/mymsg/msg/poses.hpp
[9.267s] -- Up-to-date: /root/research-1/install/mymsg/include/mymsg
[9.267s] -- Up-to-date: /root/research-1/install/mymsg/include/mymsg/msg
[9.267s] -- Up-to-date: /root/research-1/install/mymsg/include/mymsg/msg/detail
[9.267s] -- Installing: /root/research-1/install/mymsg/include/mymsg/msg/detail/poses__type_support.cpp
[9.267s] -- Installing: /root/research-1/install/mymsg/include/mymsg/msg/detail/pose__type_support.cpp
[9.267s] -- Installing: /root/research-1/install/mymsg/include/mymsg/msg/detail/pose__rosidl_typesupport_introspection_cpp.hpp
[9.267s] -- Installing: /root/research-1/install/mymsg/include/mymsg/msg/detail/poses__rosidl_typesupport_introspection_cpp.hpp
[9.268s] -- Installing: /root/research-1/install/mymsg/lib/libmymsg__rosidl_typesupport_introspection_cpp.so
[9.269s] -- Set runtime path of "/root/research-1/install/mymsg/lib/libmymsg__rosidl_typesupport_introspection_cpp.so" to ""
[9.269s] -- Installing: /root/research-1/install/mymsg/lib/libmymsg__rosidl_typesupport_cpp.so
[9.269s] -- Set runtime path of "/root/research-1/install/mymsg/lib/libmymsg__rosidl_typesupport_cpp.so" to ""
[9.270s] -- Installing: /root/research-1/install/mymsg/share/mymsg/environment/pythonpath.sh
[9.270s] -- Installing: /root/research-1/install/mymsg/share/mymsg/environment/pythonpath.dsv
[9.270s] -- Installing: /root/research-1/install/mymsg/lib/python3.8/site-packages/mymsg/__init__.py
[9.325s] Compiling '/root/research-1/install/mymsg/lib/python3.8/site-packages/mymsg/__init__.py'...
[9.331s] -- Installing: /root/research-1/install/mymsg/lib/python3.8/site-packages/mymsg/msg
[9.331s] -- Installing: /root/research-1/install/mymsg/lib/python3.8/site-packages/mymsg/msg/_pose_s.c
[9.332s] -- Installing: /root/research-1/install/mymsg/lib/python3.8/site-packages/mymsg/msg/_poses_s.c
[9.332s] -- Installing: /root/research-1/install/mymsg/lib/python3.8/site-packages/mymsg/msg/_poses.py
[9.332s] -- Installing: /root/research-1/install/mymsg/lib/python3.8/site-packages/mymsg/msg/__init__.py
[9.332s] -- Installing: /root/research-1/install/mymsg/lib/python3.8/site-packages/mymsg/msg/_pose.py
[9.332s] -- Installing: /root/research-1/install/mymsg/lib/python3.8/site-packages/mymsg/mymsg_s__rosidl_typesupport_fastrtps_c.cpython-38-x86_64-linux-gnu.so
[9.333s] -- Set runtime path of "/root/research-1/install/mymsg/lib/python3.8/site-packages/mymsg/mymsg_s__rosidl_typesupport_fastrtps_c.cpython-38-x86_64-linux-gnu.so" to ""
[9.333s] -- Installing: /root/research-1/install/mymsg/lib/python3.8/site-packages/mymsg/mymsg_s__rosidl_typesupport_introspection_c.cpython-38-x86_64-linux-gnu.so
[9.334s] -- Set runtime path of "/root/research-1/install/mymsg/lib/python3.8/site-packages/mymsg/mymsg_s__rosidl_typesupport_introspection_c.cpython-38-x86_64-linux-gnu.so" to ""
[9.335s] -- Installing: /root/research-1/install/mymsg/lib/python3.8/site-packages/mymsg/mymsg_s__rosidl_typesupport_c.cpython-38-x86_64-linux-gnu.so
[9.335s] -- Set runtime path of "/root/research-1/install/mymsg/lib/python3.8/site-packages/mymsg/mymsg_s__rosidl_typesupport_c.cpython-38-x86_64-linux-gnu.so" to ""
[9.336s] -- Installing: /root/research-1/install/mymsg/lib/libmymsg__python.so
[9.336s] -- Set runtime path of "/root/research-1/install/mymsg/lib/libmymsg__python.so" to ""
[9.337s] -- Installing: /root/research-1/install/mymsg/share/mymsg/msg/Pose.idl
[9.337s] -- Installing: /root/research-1/install/mymsg/share/mymsg/msg/Poses.idl
[9.337s] -- Installing: /root/research-1/install/mymsg/share/mymsg/msg/Pose.msg
[9.337s] -- Installing: /root/research-1/install/mymsg/share/mymsg/msg/Poses.msg
[9.338s] -- Installing: /root/research-1/install/mymsg/share/ament_index/resource_index/package_run_dependencies/mymsg
[9.338s] -- Installing: /root/research-1/install/mymsg/share/ament_index/resource_index/parent_prefix_path/mymsg
[9.338s] -- Installing: /root/research-1/install/mymsg/share/mymsg/environment/ament_prefix_path.sh
[9.338s] -- Installing: /root/research-1/install/mymsg/share/mymsg/environment/ament_prefix_path.dsv
[9.339s] -- Installing: /root/research-1/install/mymsg/share/mymsg/environment/path.sh
[9.339s] -- Installing: /root/research-1/install/mymsg/share/mymsg/environment/path.dsv
[9.339s] -- Installing: /root/research-1/install/mymsg/share/mymsg/local_setup.bash
[9.340s] -- Installing: /root/research-1/install/mymsg/share/mymsg/local_setup.sh
[9.340s] -- Installing: /root/research-1/install/mymsg/share/mymsg/local_setup.zsh
[9.340s] -- Installing: /root/research-1/install/mymsg/share/mymsg/local_setup.dsv
[9.340s] -- Installing: /root/research-1/install/mymsg/share/mymsg/package.dsv
[9.341s] -- Installing: /root/research-1/install/mymsg/share/ament_index/resource_index/packages/mymsg
[9.341s] -- Installing: /root/research-1/install/mymsg/share/mymsg/cmake/mymsg__rosidl_generator_cExport.cmake
[9.342s] -- Installing: /root/research-1/install/mymsg/share/mymsg/cmake/mymsg__rosidl_generator_cExport-noconfig.cmake
[9.342s] -- Installing: /root/research-1/install/mymsg/share/mymsg/cmake/mymsg__rosidl_typesupport_introspection_cExport.cmake
[9.343s] -- Installing: /root/research-1/install/mymsg/share/mymsg/cmake/mymsg__rosidl_typesupport_introspection_cExport-noconfig.cmake
[9.343s] -- Installing: /root/research-1/install/mymsg/share/mymsg/cmake/mymsg__rosidl_typesupport_cExport.cmake
[9.343s] -- Installing: /root/research-1/install/mymsg/share/mymsg/cmake/mymsg__rosidl_typesupport_cExport-noconfig.cmake
[9.344s] -- Installing: /root/research-1/install/mymsg/share/mymsg/cmake/mymsg__rosidl_generator_cppExport.cmake
[9.344s] -- Installing: /root/research-1/install/mymsg/share/mymsg/cmake/mymsg__rosidl_typesupport_introspection_cppExport.cmake
[9.344s] -- Installing: /root/research-1/install/mymsg/share/mymsg/cmake/mymsg__rosidl_typesupport_introspection_cppExport-noconfig.cmake
[9.345s] -- Installing: /root/research-1/install/mymsg/share/mymsg/cmake/mymsg__rosidl_typesupport_cppExport.cmake
[9.345s] -- Installing: /root/research-1/install/mymsg/share/mymsg/cmake/mymsg__rosidl_typesupport_cppExport-noconfig.cmake
[9.345s] -- Installing: /root/research-1/install/mymsg/share/mymsg/cmake/rosidl_cmake-extras.cmake
[9.345s] -- Installing: /root/research-1/install/mymsg/share/mymsg/cmake/ament_cmake_export_dependencies-extras.cmake
[9.346s] -- Installing: /root/research-1/install/mymsg/share/mymsg/cmake/ament_cmake_export_libraries-extras.cmake
[9.346s] -- Installing: /root/research-1/install/mymsg/share/mymsg/cmake/ament_cmake_export_targets-extras.cmake
[9.346s] -- Installing: /root/research-1/install/mymsg/share/mymsg/cmake/ament_cmake_export_include_directories-extras.cmake
[9.347s] -- Installing: /root/research-1/install/mymsg/share/mymsg/cmake/rosidl_cmake_export_typesupport_libraries-extras.cmake
[9.347s] -- Installing: /root/research-1/install/mymsg/share/mymsg/cmake/rosidl_cmake_export_typesupport_targets-extras.cmake
[9.347s] -- Installing: /root/research-1/install/mymsg/share/mymsg/cmake/mymsgConfig.cmake
[9.347s] -- Installing: /root/research-1/install/mymsg/share/mymsg/cmake/mymsgConfig-version.cmake
[9.347s] -- Installing: /root/research-1/install/mymsg/share/mymsg/package.xml
[9.351s] Invoked command in '/root/research-1/build/mymsg' returned '0': CMAKE_PREFIX_PATH=${CMAKE_PREFIX_PATH}:/root/Pose_waypointmaker/install/tf2_pifpaf:/root/Pose_waypointmaker/install/ros2_pifpaf:/root/Pose_waypointmaker/install/pifpaf_navi:/root/sirius/sirius_ws/install/turtlebot3_teleop:/root/sirius/sirius_ws/install/turtlebot3_example:/opt/ros/foxy /usr/bin/cmake --install /root/research-1/build/mymsg
