[0.363s] Invoking command in '/root/research-1/build/mymsg': CMAKE_PREFIX_PATH=${CMAKE_PREFIX_PATH}:/root/Pose_waypointmaker/install/tf2_pifpaf:/root/Pose_waypointmaker/install/ros2_pifpaf:/root/Pose_waypointmaker/install/pifpaf_navi:/root/sirius/sirius_ws/install/turtlebot3_teleop:/root/sirius/sirius_ws/install/turtlebot3_example:/opt/ros/foxy /usr/bin/cmake --build /root/research-1/build/mymsg -- -j12 -l12
[0.410s] -- Found ament_cmake: 0.9.11 (/opt/ros/foxy/share/ament_cmake/cmake)
[0.462s] -- Found PythonInterp: /usr/bin/python3 (found suitable version "3.8.10", minimum required is "3") 
[0.462s] -- Using PYTHON_EXECUTABLE: /usr/bin/python3
[0.733s] -- Found geometry_msgs: 2.0.5 (/opt/ros/foxy/share/geometry_msgs/cmake)
[0.779s] -- Using all available rosidl_typesupport_c: rosidl_typesupport_fastrtps_c;rosidl_typesupport_introspection_c
[0.787s] -- Found rosidl_adapter: 1.3.0 (/opt/ros/foxy/share/rosidl_adapter/cmake)
[1.045s] -- Using all available rosidl_typesupport_cpp: rosidl_typesupport_fastrtps_cpp;rosidl_typesupport_introspection_cpp
[1.162s] -- Found rosidl_default_generators: 1.0.1 (/opt/ros/foxy/share/rosidl_default_generators/cmake)
[1.187s] -- Found sensor_msgs: 2.0.5 (/opt/ros/foxy/share/sensor_msgs/cmake)
[1.271s] -- Found visualization_msgs: 2.0.5 (/opt/ros/foxy/share/visualization_msgs/cmake)
[1.442s] -- Found PythonInterp: /usr/bin/python3 (found version "3.8.10") 
[1.658s] -- Found ament_cmake_ros: 0.9.2 (/opt/ros/foxy/share/ament_cmake_ros/cmake)
[2.230s] -- Using all available rosidl_typesupport_c: rosidl_typesupport_fastrtps_c;rosidl_typesupport_introspection_c
[2.502s] -- Using all available rosidl_typesupport_cpp: rosidl_typesupport_fastrtps_cpp;rosidl_typesupport_introspection_cpp
[2.568s] -- Found PythonInterp: /usr/bin/python3 (found suitable version "3.8.10", minimum required is "3.5") 
[2.569s] -- Found python_cmake_module: 0.8.1 (/opt/ros/foxy/share/python_cmake_module/cmake)
[2.619s] -- Using PYTHON_EXECUTABLE: /usr/bin/python3
[2.619s] -- Using PYTHON_INCLUDE_DIRS: /usr/include/python3.8
[2.619s] -- Using PYTHON_LIBRARIES: /usr/lib/x86_64-linux-gnu/libpython3.8.so
[2.771s] -- Found ament_lint_auto: 0.9.7 (/opt/ros/foxy/share/ament_lint_auto/cmake)
[2.791s] -- Added test 'copyright' to check source files copyright and LICENSE
[2.795s] -- Added test 'lint_cmake' to check CMake code style
[2.797s] -- Added test 'xmllint' to check XML markup files
[2.804s] -- Configuring done
[2.924s] -- Generating done
[2.931s] -- Build files have been written to: /root/research-1/build/mymsg
[2.988s] [  2%] Built target mymsg__cpp
[2.993s] [ 12%] Built target mymsg__rosidl_generator_c
[3.033s] [ 23%] Built target mymsg__rosidl_typesupport_introspection_cpp
[3.034s] [ 33%] Built target mymsg__rosidl_typesupport_cpp
[3.036s] [ 43%] Built target mymsg__rosidl_typesupport_c
[3.037s] [ 53%] Built target mymsg__rosidl_typesupport_introspection_c
[3.040s] [ 64%] Built target mymsg__rosidl_typesupport_fastrtps_cpp
[3.090s] [ 74%] Built target mymsg__rosidl_typesupport_fastrtps_c
[3.123s] [ 74%] Built target mymsg
[3.156s] [ 76%] Built target mymsg__py
[3.199s] [ 84%] Built target mymsg__python
[3.238s] [100%] Built target mymsg__rosidl_typesupport_c__pyext
[3.238s] [100%] Built target mymsg__rosidl_typesupport_fastrtps_c__pyext
[3.238s] [100%] Built target mymsg__rosidl_typesupport_introspection_c__pyext
[3.254s] Invoked command in '/root/research-1/build/mymsg' returned '0': CMAKE_PREFIX_PATH=${CMAKE_PREFIX_PATH}:/root/Pose_waypointmaker/install/tf2_pifpaf:/root/Pose_waypointmaker/install/ros2_pifpaf:/root/Pose_waypointmaker/install/pifpaf_navi:/root/sirius/sirius_ws/install/turtlebot3_teleop:/root/sirius/sirius_ws/install/turtlebot3_example:/opt/ros/foxy /usr/bin/cmake --build /root/research-1/build/mymsg -- -j12 -l12
[3.385s] Invoking command in '/root/research-1/build/mymsg': CMAKE_PREFIX_PATH=${CMAKE_PREFIX_PATH}:/root/Pose_waypointmaker/install/tf2_pifpaf:/root/Pose_waypointmaker/install/ros2_pifpaf:/root/Pose_waypointmaker/install/pifpaf_navi:/root/sirius/sirius_ws/install/turtlebot3_teleop:/root/sirius/sirius_ws/install/turtlebot3_example:/opt/ros/foxy /usr/bin/cmake --install /root/research-1/build/mymsg
[3.396s] -- Install configuration: ""
[3.396s] -- Up-to-date: /root/research-1/install/mymsg/share/ament_index/resource_index/rosidl_interfaces/mymsg
[3.397s] -- Up-to-date: /root/research-1/install/mymsg/include/mymsg
[3.397s] -- Up-to-date: /root/research-1/install/mymsg/include/mymsg/msg
[3.397s] -- Up-to-date: /root/research-1/install/mymsg/include/mymsg/msg/rosidl_generator_c__visibility_control.h
[3.397s] -- Up-to-date: /root/research-1/install/mymsg/include/mymsg/msg/poses.h
[3.397s] -- Up-to-date: /root/research-1/install/mymsg/include/mymsg/msg/detail
[3.397s] -- Up-to-date: /root/research-1/install/mymsg/include/mymsg/msg/detail/pose__functions.h
[3.397s] -- Up-to-date: /root/research-1/install/mymsg/include/mymsg/msg/detail/pose__struct.h
[3.397s] -- Up-to-date: /root/research-1/install/mymsg/include/mymsg/msg/detail/pose__type_support.h
[3.398s] -- Up-to-date: /root/research-1/install/mymsg/include/mymsg/msg/detail/poses__type_support.h
[3.398s] -- Up-to-date: /root/research-1/install/mymsg/include/mymsg/msg/detail/poses__functions.c
[3.398s] -- Up-to-date: /root/research-1/install/mymsg/include/mymsg/msg/detail/poses__struct.h
[3.398s] -- Up-to-date: /root/research-1/install/mymsg/include/mymsg/msg/detail/pose__functions.c
[3.398s] -- Up-to-date: /root/research-1/install/mymsg/include/mymsg/msg/detail/poses__functions.h
[3.398s] -- Up-to-date: /root/research-1/install/mymsg/include/mymsg/msg/pose.h
[3.398s] -- Up-to-date: /root/research-1/install/mymsg/share/mymsg/environment/library_path.sh
[3.399s] -- Installing: /root/research-1/install/mymsg/share/mymsg/environment/library_path.dsv
[3.399s] -- Up-to-date: /root/research-1/install/mymsg/lib/libmymsg__rosidl_generator_c.so
[3.399s] -- Up-to-date: /root/research-1/install/mymsg/include/mymsg
[3.399s] -- Up-to-date: /root/research-1/install/mymsg/include/mymsg/msg
[3.399s] -- Up-to-date: /root/research-1/install/mymsg/include/mymsg/msg/detail
[3.399s] -- Up-to-date: /root/research-1/install/mymsg/include/mymsg/msg/detail/poses__rosidl_typesupport_fastrtps_c.h
[3.399s] -- Up-to-date: /root/research-1/install/mymsg/include/mymsg/msg/detail/pose__rosidl_typesupport_fastrtps_c.h
[3.399s] -- Up-to-date: /root/research-1/install/mymsg/include/mymsg/msg/rosidl_typesupport_fastrtps_c__visibility_control.h
[3.400s] -- Up-to-date: /root/research-1/install/mymsg/lib/libmymsg__rosidl_typesupport_fastrtps_c.so
[3.400s] -- Up-to-date: /root/research-1/install/mymsg/include/mymsg
[3.400s] -- Up-to-date: /root/research-1/install/mymsg/include/mymsg/msg
[3.400s] -- Up-to-date: /root/research-1/install/mymsg/include/mymsg/msg/detail
[3.400s] -- Up-to-date: /root/research-1/install/mymsg/include/mymsg/msg/detail/pose__rosidl_typesupport_fastrtps_cpp.hpp
[3.400s] -- Up-to-date: /root/research-1/install/mymsg/include/mymsg/msg/detail/poses__rosidl_typesupport_fastrtps_cpp.hpp
[3.400s] -- Up-to-date: /root/research-1/install/mymsg/include/mymsg/msg/detail/dds_fastrtps
[3.400s] -- Up-to-date: /root/research-1/install/mymsg/include/mymsg/msg/rosidl_typesupport_fastrtps_cpp__visibility_control.h
[3.401s] -- Up-to-date: /root/research-1/install/mymsg/lib/libmymsg__rosidl_typesupport_fastrtps_cpp.so
[3.401s] -- Up-to-date: /root/research-1/install/mymsg/include/mymsg
[3.401s] -- Up-to-date: /root/research-1/install/mymsg/include/mymsg/msg
[3.401s] -- Up-to-date: /root/research-1/install/mymsg/include/mymsg/msg/detail
[3.401s] -- Up-to-date: /root/research-1/install/mymsg/include/mymsg/msg/detail/pose__rosidl_typesupport_introspection_c.h
[3.401s] -- Up-to-date: /root/research-1/install/mymsg/include/mymsg/msg/detail/poses__type_support.c
[3.402s] -- Up-to-date: /root/research-1/install/mymsg/include/mymsg/msg/detail/pose__type_support.c
[3.402s] -- Up-to-date: /root/research-1/install/mymsg/include/mymsg/msg/detail/poses__rosidl_typesupport_introspection_c.h
[3.402s] -- Up-to-date: /root/research-1/install/mymsg/include/mymsg/msg/rosidl_typesupport_introspection_c__visibility_control.h
[3.402s] -- Up-to-date: /root/research-1/install/mymsg/lib/libmymsg__rosidl_typesupport_introspection_c.so
[3.402s] -- Up-to-date: /root/research-1/install/mymsg/lib/libmymsg__rosidl_typesupport_c.so
[3.402s] -- Up-to-date: /root/research-1/install/mymsg/include/mymsg
[3.402s] -- Up-to-date: /root/research-1/install/mymsg/include/mymsg/msg
[3.402s] -- Up-to-date: /root/research-1/install/mymsg/include/mymsg/msg/detail
[3.402s] -- Up-to-date: /root/research-1/install/mymsg/include/mymsg/msg/detail/poses__struct.hpp
[3.403s] -- Up-to-date: /root/research-1/install/mymsg/include/mymsg/msg/detail/poses__builder.hpp
[3.403s] -- Up-to-date: /root/research-1/install/mymsg/include/mymsg/msg/detail/pose__struct.hpp
[3.403s] -- Up-to-date: /root/research-1/install/mymsg/include/mymsg/msg/detail/pose__traits.hpp
[3.403s] -- Up-to-date: /root/research-1/install/mymsg/include/mymsg/msg/detail/poses__traits.hpp
[3.403s] -- Up-to-date: /root/research-1/install/mymsg/include/mymsg/msg/detail/pose__builder.hpp
[3.403s] -- Up-to-date: /root/research-1/install/mymsg/include/mymsg/msg/pose.hpp
[3.403s] -- Up-to-date: /root/research-1/install/mymsg/include/mymsg/msg/poses.hpp
[3.403s] -- Up-to-date: /root/research-1/install/mymsg/include/mymsg
[3.404s] -- Up-to-date: /root/research-1/install/mymsg/include/mymsg/msg
[3.404s] -- Up-to-date: /root/research-1/install/mymsg/include/mymsg/msg/detail
[3.404s] -- Up-to-date: /root/research-1/install/mymsg/include/mymsg/msg/detail/poses__type_support.cpp
[3.404s] -- Up-to-date: /root/research-1/install/mymsg/include/mymsg/msg/detail/pose__type_support.cpp
[3.404s] -- Up-to-date: /root/research-1/install/mymsg/include/mymsg/msg/detail/pose__rosidl_typesupport_introspection_cpp.hpp
[3.404s] -- Up-to-date: /root/research-1/install/mymsg/include/mymsg/msg/detail/poses__rosidl_typesupport_introspection_cpp.hpp
[3.404s] -- Up-to-date: /root/research-1/install/mymsg/lib/libmymsg__rosidl_typesupport_introspection_cpp.so
[3.404s] -- Up-to-date: /root/research-1/install/mymsg/lib/libmymsg__rosidl_typesupport_cpp.so
[3.404s] -- Up-to-date: /root/research-1/install/mymsg/share/mymsg/environment/pythonpath.sh
[3.405s] -- Installing: /root/research-1/install/mymsg/share/mymsg/environment/pythonpath.dsv
[3.405s] -- Installing: /root/research-1/install/mymsg/lib/python3.8/site-packages/mymsg/__init__.py
[3.440s] Compiling '/root/research-1/install/mymsg/lib/python3.8/site-packages/mymsg/__init__.py'...
[3.445s] -- Up-to-date: /root/research-1/install/mymsg/lib/python3.8/site-packages/mymsg/msg
[3.445s] -- Up-to-date: /root/research-1/install/mymsg/lib/python3.8/site-packages/mymsg/msg/_pose_s.c
[3.445s] -- Up-to-date: /root/research-1/install/mymsg/lib/python3.8/site-packages/mymsg/msg/_poses_s.c
[3.445s] -- Up-to-date: /root/research-1/install/mymsg/lib/python3.8/site-packages/mymsg/msg/_poses.py
[3.445s] -- Up-to-date: /root/research-1/install/mymsg/lib/python3.8/site-packages/mymsg/msg/__init__.py
[3.445s] -- Up-to-date: /root/research-1/install/mymsg/lib/python3.8/site-packages/mymsg/msg/_pose.py
[3.445s] -- Up-to-date: /root/research-1/install/mymsg/lib/python3.8/site-packages/mymsg/mymsg_s__rosidl_typesupport_fastrtps_c.cpython-38-x86_64-linux-gnu.so
[3.446s] -- Up-to-date: /root/research-1/install/mymsg/lib/python3.8/site-packages/mymsg/mymsg_s__rosidl_typesupport_introspection_c.cpython-38-x86_64-linux-gnu.so
[3.446s] -- Up-to-date: /root/research-1/install/mymsg/lib/python3.8/site-packages/mymsg/mymsg_s__rosidl_typesupport_c.cpython-38-x86_64-linux-gnu.so
[3.447s] -- Up-to-date: /root/research-1/install/mymsg/lib/libmymsg__python.so
[3.447s] -- Up-to-date: /root/research-1/install/mymsg/share/mymsg/msg/Pose.idl
[3.447s] -- Up-to-date: /root/research-1/install/mymsg/share/mymsg/msg/Poses.idl
[3.447s] -- Up-to-date: /root/research-1/install/mymsg/share/mymsg/msg/Pose.msg
[3.448s] -- Up-to-date: /root/research-1/install/mymsg/share/mymsg/msg/Poses.msg
[3.448s] -- Up-to-date: /root/research-1/install/mymsg/share/ament_index/resource_index/package_run_dependencies/mymsg
[3.448s] -- Up-to-date: /root/research-1/install/mymsg/share/ament_index/resource_index/parent_prefix_path/mymsg
[3.448s] -- Up-to-date: /root/research-1/install/mymsg/share/mymsg/environment/ament_prefix_path.sh
[3.448s] -- Installing: /root/research-1/install/mymsg/share/mymsg/environment/ament_prefix_path.dsv
[3.448s] -- Up-to-date: /root/research-1/install/mymsg/share/mymsg/environment/path.sh
[3.448s] -- Installing: /root/research-1/install/mymsg/share/mymsg/environment/path.dsv
[3.449s] -- Up-to-date: /root/research-1/install/mymsg/share/mymsg/local_setup.bash
[3.449s] -- Up-to-date: /root/research-1/install/mymsg/share/mymsg/local_setup.sh
[3.449s] -- Up-to-date: /root/research-1/install/mymsg/share/mymsg/local_setup.zsh
[3.449s] -- Installing: /root/research-1/install/mymsg/share/mymsg/local_setup.dsv
[3.449s] -- Installing: /root/research-1/install/mymsg/share/mymsg/package.dsv
[3.449s] -- Up-to-date: /root/research-1/install/mymsg/share/ament_index/resource_index/packages/mymsg
[3.449s] -- Up-to-date: /root/research-1/install/mymsg/share/mymsg/cmake/mymsg__rosidl_generator_cExport.cmake
[3.449s] -- Installing: /root/research-1/install/mymsg/share/mymsg/cmake/mymsg__rosidl_generator_cExport-noconfig.cmake
[3.450s] -- Up-to-date: /root/research-1/install/mymsg/share/mymsg/cmake/mymsg__rosidl_typesupport_introspection_cExport.cmake
[3.450s] -- Installing: /root/research-1/install/mymsg/share/mymsg/cmake/mymsg__rosidl_typesupport_introspection_cExport-noconfig.cmake
[3.450s] -- Up-to-date: /root/research-1/install/mymsg/share/mymsg/cmake/mymsg__rosidl_typesupport_cExport.cmake
[3.450s] -- Installing: /root/research-1/install/mymsg/share/mymsg/cmake/mymsg__rosidl_typesupport_cExport-noconfig.cmake
[3.450s] -- Up-to-date: /root/research-1/install/mymsg/share/mymsg/cmake/mymsg__rosidl_generator_cppExport.cmake
[3.451s] -- Up-to-date: /root/research-1/install/mymsg/share/mymsg/cmake/mymsg__rosidl_typesupport_introspection_cppExport.cmake
[3.451s] -- Installing: /root/research-1/install/mymsg/share/mymsg/cmake/mymsg__rosidl_typesupport_introspection_cppExport-noconfig.cmake
[3.451s] -- Up-to-date: /root/research-1/install/mymsg/share/mymsg/cmake/mymsg__rosidl_typesupport_cppExport.cmake
[3.451s] -- Installing: /root/research-1/install/mymsg/share/mymsg/cmake/mymsg__rosidl_typesupport_cppExport-noconfig.cmake
[3.451s] -- Up-to-date: /root/research-1/install/mymsg/share/mymsg/cmake/rosidl_cmake-extras.cmake
[3.452s] -- Up-to-date: /root/research-1/install/mymsg/share/mymsg/cmake/ament_cmake_export_dependencies-extras.cmake
[3.452s] -- Up-to-date: /root/research-1/install/mymsg/share/mymsg/cmake/ament_cmake_export_libraries-extras.cmake
[3.452s] -- Up-to-date: /root/research-1/install/mymsg/share/mymsg/cmake/ament_cmake_export_targets-extras.cmake
[3.452s] -- Up-to-date: /root/research-1/install/mymsg/share/mymsg/cmake/ament_cmake_export_include_directories-extras.cmake
[3.452s] -- Up-to-date: /root/research-1/install/mymsg/share/mymsg/cmake/rosidl_cmake_export_typesupport_libraries-extras.cmake
[3.452s] -- Up-to-date: /root/research-1/install/mymsg/share/mymsg/cmake/rosidl_cmake_export_typesupport_targets-extras.cmake
[3.452s] -- Up-to-date: /root/research-1/install/mymsg/share/mymsg/cmake/mymsgConfig.cmake
[3.452s] -- Up-to-date: /root/research-1/install/mymsg/share/mymsg/cmake/mymsgConfig-version.cmake
[3.452s] -- Up-to-date: /root/research-1/install/mymsg/share/mymsg/package.xml
[3.457s] Invoked command in '/root/research-1/build/mymsg' returned '0': CMAKE_PREFIX_PATH=${CMAKE_PREFIX_PATH}:/root/Pose_waypointmaker/install/tf2_pifpaf:/root/Pose_waypointmaker/install/ros2_pifpaf:/root/Pose_waypointmaker/install/pifpaf_navi:/root/sirius/sirius_ws/install/turtlebot3_teleop:/root/sirius/sirius_ws/install/turtlebot3_example:/opt/ros/foxy /usr/bin/cmake --install /root/research-1/build/mymsg
