[0.642s] Invoking command in '/root/research-1/src/chaser_navigation_system': AMENT_PREFIX_PATH=/root/research-1/install/mymsg:${AMENT_PREFIX_PATH} CMAKE_PREFIX_PATH=/root/research-1/install/mymsg:${CMAKE_PREFIX_PATH} LD_LIBRARY_PATH=/root/research-1/install/mymsg/lib:${LD_LIBRARY_PATH} PYTHONPATH=/root/research-1/build/chaser_navigation_system/prefix_override:/root/research-1/install/chaser_navigation_system/lib/python3.8/site-packages:/root/research-1/install/mymsg/lib/python3.8/site-packages:${PYTHONPATH} /usr/bin/python3 setup.py egg_info --egg-base ../../build/chaser_navigation_system build --build-base /root/research-1/build/chaser_navigation_system/build install --record /root/research-1/build/chaser_navigation_system/install.log --install-scripts $base/lib/chaser_navigation_system --single-version-externally-managed
[0.855s] running egg_info
[0.855s] writing ../../build/chaser_navigation_system/chaser_navigation_system.egg-info/PKG-INFO
[0.856s] writing dependency_links to ../../build/chaser_navigation_system/chaser_navigation_system.egg-info/dependency_links.txt
[0.856s] writing entry points to ../../build/chaser_navigation_system/chaser_navigation_system.egg-info/entry_points.txt
[0.856s] writing requirements to ../../build/chaser_navigation_system/chaser_navigation_system.egg-info/requires.txt
[0.856s] writing top-level names to ../../build/chaser_navigation_system/chaser_navigation_system.egg-info/top_level.txt
[0.885s] reading manifest file '../../build/chaser_navigation_system/chaser_navigation_system.egg-info/SOURCES.txt'
[0.885s] writing manifest file '../../build/chaser_navigation_system/chaser_navigation_system.egg-info/SOURCES.txt'
[0.886s] running build
[0.886s] running build_py
[0.886s] running install
[0.886s] running install_lib
[0.888s] running install_data
[0.888s] running install_egg_info
[0.889s] removing '/root/research-1/install/chaser_navigation_system/lib/python3.8/site-packages/chaser_navigation_system-0.0.0-py3.8.egg-info' (and everything under it)
[0.890s] Copying ../../build/chaser_navigation_system/chaser_navigation_system.egg-info to /root/research-1/install/chaser_navigation_system/lib/python3.8/site-packages/chaser_navigation_system-0.0.0-py3.8.egg-info
[0.890s] running install_scripts
[0.904s] Installing image_cutter script to /root/research-1/install/chaser_navigation_system/lib/chaser_navigation_system
[0.904s] Installing image_inputer script to /root/research-1/install/chaser_navigation_system/lib/chaser_navigation_system
[0.904s] writing list of installed files to '/root/research-1/build/chaser_navigation_system/install.log'
[0.921s] Invoked command in '/root/research-1/src/chaser_navigation_system' returned '0': AMENT_PREFIX_PATH=/root/research-1/install/mymsg:${AMENT_PREFIX_PATH} CMAKE_PREFIX_PATH=/root/research-1/install/mymsg:${CMAKE_PREFIX_PATH} LD_LIBRARY_PATH=/root/research-1/install/mymsg/lib:${LD_LIBRARY_PATH} PYTHONPATH=/root/research-1/build/chaser_navigation_system/prefix_override:/root/research-1/install/chaser_navigation_system/lib/python3.8/site-packages:/root/research-1/install/mymsg/lib/python3.8/site-packages:${PYTHONPATH} /usr/bin/python3 setup.py egg_info --egg-base ../../build/chaser_navigation_system build --build-base /root/research-1/build/chaser_navigation_system/build install --record /root/research-1/build/chaser_navigation_system/install.log --install-scripts $base/lib/chaser_navigation_system --single-version-externally-managed
