[0.017s] Invoking command in '/root/research-1/build/mymsg': /usr/bin/cmake --build /root/research-1/build/mymsg -- -j12 -l12
[0.049s] -- Found ament_cmake: 0.9.11 (/opt/ros/foxy/share/ament_cmake/cmake)
[0.077s] -- Found PythonInterp: /usr/bin/python3 (found suitable version "3.8.10", minimum required is "3") 
[0.077s] -- Using PYTHON_EXECUTABLE: /usr/bin/python3
[0.261s] -- Found geometry_msgs: 2.0.5 (/opt/ros/foxy/share/geometry_msgs/cmake)
[0.285s] -- Using all available rosidl_typesupport_c: rosidl_typesupport_fastrtps_c;rosidl_typesupport_introspection_c
[0.288s] -- Found rosidl_adapter: 1.3.0 (/opt/ros/foxy/share/rosidl_adapter/cmake)
[0.452s] -- Using all available rosidl_typesupport_cpp: rosidl_typesupport_fastrtps_cpp;rosidl_typesupport_introspection_cpp
[0.533s] -- Found rosidl_default_generators: 1.0.1 (/opt/ros/foxy/share/rosidl_default_generators/cmake)
[0.546s] -- Found sensor_msgs: 2.0.5 (/opt/ros/foxy/share/sensor_msgs/cmake)
[0.616s] -- Found visualization_msgs: 2.0.5 (/opt/ros/foxy/share/visualization_msgs/cmake)
[0.713s] -- Found PythonInterp: /usr/bin/python3 (found version "3.8.10") 
[0.867s] Error parsing '/root/research-1/src/mymsg/package.xml':
[0.966s] Traceback (most recent call last):
[0.966s]   File "/opt/ros/foxy/share/ament_cmake_core/cmake/core/package_xml_2_cmake.py", line 143, in <module>
[0.966s]     main()
[0.966s]   File "/opt/ros/foxy/share/ament_cmake_core/cmake/core/package_xml_2_cmake.py", line 52, in main
[0.967s]     raise e
[0.967s]   File "/opt/ros/foxy/share/ament_cmake_core/cmake/core/package_xml_2_cmake.py", line 48, in main
[0.967s]     package = parse_package_string(
[0.967s]   File "/usr/lib/python3/dist-packages/catkin_pkg/package.py", line 788, in parse_package_string
[0.967s]     pkg.validate(warnings=warnings)
[0.967s]   File "/usr/lib/python3/dist-packages/catkin_pkg/package.py", line 330, in validate
[0.967s]     raise InvalidPackage('\n'.join(errors), self.filename)
[0.967s] catkin_pkg.package.InvalidPackage: Error(s) in package '/root/research-1/src/mymsg/package.xml':
[0.968s] The package "mymsg" must not "build_depend" on a package with the same name as this package
[0.968s] The package "mymsg" must not "exec_depend" on a package with the same name as this package
[0.986s] CMake Error at /opt/ros/foxy/share/ament_cmake_core/cmake/core/ament_package_xml.cmake:94 (message):
[0.986s]   execute_process(/usr/bin/python3
[0.986s]   /opt/ros/foxy/share/ament_cmake_core/cmake/core/package_xml_2_cmake.py
[0.987s]   /root/research-1/src/mymsg/package.xml
[0.987s]   /root/research-1/build/mymsg/ament_cmake_core/package.cmake) returned error
[0.987s]   code 1
[0.987s] Call Stack (most recent call first):
[0.987s]   /opt/ros/foxy/share/ament_cmake_core/cmake/core/ament_package_xml.cmake:49 (_ament_package_xml)
[0.987s]   /opt/ros/foxy/share/rosidl_cmake/cmake/rosidl_generate_interfaces.cmake:226 (ament_package_xml)
[0.987s]   CMakeLists.txt:40 (rosidl_generate_interfaces)
[0.987s] 
[0.988s] 
[0.989s] -- Configuring incomplete, errors occurred!
[0.989s] See also "/root/research-1/build/mymsg/CMakeFiles/CMakeOutput.log".
[0.994s] make: *** [Makefile:1468: cmake_check_build_system] Error 1
[0.996s] Invoked command in '/root/research-1/build/mymsg' returned '2': /usr/bin/cmake --build /root/research-1/build/mymsg -- -j12 -l12
