[0.136s] [34mcolcon[0m [1;30mDEBUG[0m [32mCommand line arguments: ['/usr/bin/colcon', 'build'][0m
[0.136s] [34mcolcon[0m [1;30mDEBUG[0m [32mParsed command line arguments: Namespace(ament_cmake_args=None, base_paths=['.'], build_base='build', catkin_cmake_args=None, catkin_skip_building_tests=False, cmake_args=None, cmake_clean_cache=False, cmake_clean_first=False, cmake_force_configure=False, cmake_target=None, cmake_target_skip_unavailable=False, continue_on_error=False, event_handlers=None, executor='parallel', ignore_user_meta=False, install_base='install', log_base=None, log_level=None, main=<bound method BuildVerb.main of <colcon_core.verb.build.BuildVerb object at 0x7f4c0f2557c0>>, merge_install=False, metas=['./colcon.meta'], packages_above=None, packages_above_and_dependencies=None, packages_above_depth=None, packages_end=None, packages_ignore=None, packages_ignore_regex=None, packages_select=None, packages_select_build_failed=False, packages_select_by_dep=None, packages_select_regex=None, packages_select_test_failures=False, packages_skip=None, packages_skip_build_finished=False, packages_skip_by_dep=None, packages_skip_regex=None, packages_skip_test_passed=False, packages_skip_up_to=None, packages_start=None, packages_up_to=None, packages_up_to_regex=None, parallel_workers=12, paths=None, symlink_install=False, test_result_base=None, verb_extension=<colcon_core.verb.build.BuildVerb object at 0x7f4c0f2557c0>, verb_name='build', verb_parser=<colcon_defaults.argument_parser.defaults.DefaultArgumentsDecorator object at 0x7f4c0f2634c0>)[0m
[0.161s] [34mcolcon.colcon_core.package_discovery[0m [1;30mLevel 1[0m discover_packages(colcon_meta) check parameters
[0.161s] [34mcolcon.colcon_core.package_discovery[0m [1;30mLevel 1[0m discover_packages(recursive) check parameters
[0.161s] [34mcolcon.colcon_core.package_discovery[0m [1;30mLevel 1[0m discover_packages(ignore) check parameters
[0.161s] [34mcolcon.colcon_core.package_discovery[0m [1;30mLevel 1[0m discover_packages(path) check parameters
[0.161s] [34mcolcon.colcon_core.package_discovery[0m [1;30mLevel 1[0m discover_packages(colcon_meta) discover
[0.161s] [34mcolcon.colcon_core.package_discovery[0m [1;30mLevel 1[0m discover_packages(recursive) discover
[0.161s] [34mcolcon.colcon_core.package_discovery[0m [1;30mINFO[0m Crawling recursively for packages in '/root/research-1'
[0.161s] [34mcolcon.colcon_core.package_identification[0m [1;30mLevel 1[0m _identify(.) by extensions ['ignore', 'ignore_ament_install']
[0.162s] [34mcolcon.colcon_core.package_identification[0m [1;30mLevel 1[0m _identify(.) by extension 'ignore'
[0.162s] [34mcolcon.colcon_core.package_identification[0m [1;30mLevel 1[0m _identify(.) by extension 'ignore_ament_install'
[0.162s] [34mcolcon.colcon_core.package_identification[0m [1;30mLevel 1[0m _identify(.) by extensions ['colcon_pkg']
[0.162s] [34mcolcon.colcon_core.package_identification[0m [1;30mLevel 1[0m _identify(.) by extension 'colcon_pkg'
[0.162s] [34mcolcon.colcon_core.package_identification[0m [1;30mLevel 1[0m _identify(.) by extensions ['colcon_meta']
[0.162s] [34mcolcon.colcon_core.package_identification[0m [1;30mLevel 1[0m _identify(.) by extension 'colcon_meta'
[0.162s] [34mcolcon.colcon_core.package_identification[0m [1;30mLevel 1[0m _identify(.) by extensions ['ros']
[0.162s] [34mcolcon.colcon_core.package_identification[0m [1;30mLevel 1[0m _identify(.) by extension 'ros'
[0.177s] [34mcolcon.colcon_core.package_identification[0m [1;30mLevel 1[0m _identify(.) by extensions ['cmake', 'python']
[0.177s] [34mcolcon.colcon_core.package_identification[0m [1;30mLevel 1[0m _identify(.) by extension 'cmake'
[0.177s] [34mcolcon.colcon_core.package_identification[0m [1;30mLevel 1[0m _identify(.) by extension 'python'
[0.177s] [34mcolcon.colcon_core.package_identification[0m [1;30mLevel 1[0m _identify(.) by extensions ['python_setup_py']
[0.177s] [34mcolcon.colcon_core.package_identification[0m [1;30mLevel 1[0m _identify(.) by extension 'python_setup_py'
[0.177s] [34mcolcon.colcon_core.package_identification[0m [1;30mLevel 1[0m _identify(build) by extensions ['ignore', 'ignore_ament_install']
[0.177s] [34mcolcon.colcon_core.package_identification[0m [1;30mLevel 1[0m _identify(build) by extension 'ignore'
[0.177s] [34mcolcon.colcon_core.package_identification[0m [1;30mLevel 1[0m _identify(build) ignored
[0.178s] [34mcolcon.colcon_core.package_identification[0m [1;30mLevel 1[0m _identify(install) by extensions ['ignore', 'ignore_ament_install']
[0.178s] [34mcolcon.colcon_core.package_identification[0m [1;30mLevel 1[0m _identify(install) by extension 'ignore'
[0.178s] [34mcolcon.colcon_core.package_identification[0m [1;30mLevel 1[0m _identify(install) ignored
[0.178s] [34mcolcon.colcon_core.package_identification[0m [1;30mLevel 1[0m _identify(log) by extensions ['ignore', 'ignore_ament_install']
[0.178s] [34mcolcon.colcon_core.package_identification[0m [1;30mLevel 1[0m _identify(log) by extension 'ignore'
[0.178s] [34mcolcon.colcon_core.package_identification[0m [1;30mLevel 1[0m _identify(log) ignored
[0.178s] [34mcolcon.colcon_core.package_identification[0m [1;30mLevel 1[0m _identify(src) by extensions ['ignore', 'ignore_ament_install']
[0.178s] [34mcolcon.colcon_core.package_identification[0m [1;30mLevel 1[0m _identify(src) by extension 'ignore'
[0.178s] [34mcolcon.colcon_core.package_identification[0m [1;30mLevel 1[0m _identify(src) by extension 'ignore_ament_install'
[0.178s] [34mcolcon.colcon_core.package_identification[0m [1;30mLevel 1[0m _identify(src) by extensions ['colcon_pkg']
[0.179s] [34mcolcon.colcon_core.package_identification[0m [1;30mLevel 1[0m _identify(src) by extension 'colcon_pkg'
[0.179s] [34mcolcon.colcon_core.package_identification[0m [1;30mLevel 1[0m _identify(src) by extensions ['colcon_meta']
[0.179s] [34mcolcon.colcon_core.package_identification[0m [1;30mLevel 1[0m _identify(src) by extension 'colcon_meta'
[0.179s] [34mcolcon.colcon_core.package_identification[0m [1;30mLevel 1[0m _identify(src) by extensions ['ros']
[0.179s] [34mcolcon.colcon_core.package_identification[0m [1;30mLevel 1[0m _identify(src) by extension 'ros'
[0.179s] [34mcolcon.colcon_core.package_identification[0m [1;30mLevel 1[0m _identify(src) by extensions ['cmake', 'python']
[0.179s] [34mcolcon.colcon_core.package_identification[0m [1;30mLevel 1[0m _identify(src) by extension 'cmake'
[0.179s] [34mcolcon.colcon_core.package_identification[0m [1;30mLevel 1[0m _identify(src) by extension 'python'
[0.179s] [34mcolcon.colcon_core.package_identification[0m [1;30mLevel 1[0m _identify(src) by extensions ['python_setup_py']
[0.179s] [34mcolcon.colcon_core.package_identification[0m [1;30mLevel 1[0m _identify(src) by extension 'python_setup_py'
[0.179s] [34mcolcon.colcon_core.package_identification[0m [1;30mLevel 1[0m _identify(src/chaser_navigation_system) by extensions ['ignore', 'ignore_ament_install']
[0.179s] [34mcolcon.colcon_core.package_identification[0m [1;30mLevel 1[0m _identify(src/chaser_navigation_system) by extension 'ignore'
[0.179s] [34mcolcon.colcon_core.package_identification[0m [1;30mLevel 1[0m _identify(src/chaser_navigation_system) by extension 'ignore_ament_install'
[0.179s] [34mcolcon.colcon_core.package_identification[0m [1;30mLevel 1[0m _identify(src/chaser_navigation_system) by extensions ['colcon_pkg']
[0.180s] [34mcolcon.colcon_core.package_identification[0m [1;30mLevel 1[0m _identify(src/chaser_navigation_system) by extension 'colcon_pkg'
[0.180s] [34mcolcon.colcon_core.package_identification[0m [1;30mLevel 1[0m _identify(src/chaser_navigation_system) by extensions ['colcon_meta']
[0.180s] [34mcolcon.colcon_core.package_identification[0m [1;30mLevel 1[0m _identify(src/chaser_navigation_system) by extension 'colcon_meta'
[0.180s] [34mcolcon.colcon_core.package_identification[0m [1;30mLevel 1[0m _identify(src/chaser_navigation_system) by extensions ['ros']
[0.180s] [34mcolcon.colcon_core.package_identification[0m [1;30mLevel 1[0m _identify(src/chaser_navigation_system) by extension 'ros'
[0.181s] [34mcolcon.colcon_core.package_identification[0m [1;30mDEBUG[0m [32mFailed to parse potential ROS package manifest in'src/chaser_navigation_system': Error(s) in package 'src/chaser_navigation_system/package.xml':
The manifest contains invalid XML:
mismatched tag: line 25, column 2[0m
[0.181s] [34mcolcon.colcon_core.package_identification[0m [1;30mLevel 1[0m _identify(src/chaser_navigation_system) by extensions ['cmake', 'python']
[0.181s] [34mcolcon.colcon_core.package_identification[0m [1;30mLevel 1[0m _identify(src/chaser_navigation_system) by extension 'cmake'
[0.182s] [34mcolcon.colcon_core.package_identification[0m [1;30mLevel 1[0m _identify(src/chaser_navigation_system) by extension 'python'
[0.182s] [34mcolcon.colcon_core.package_identification[0m [1;30mDEBUG[0m [32mPython package in 'src/chaser_navigation_system' passes arguments to the setup() function which requires a different identification extension than 'python'[0m
[0.182s] [34mcolcon.colcon_core.package_identification[0m [1;30mLevel 1[0m _identify(src/chaser_navigation_system) by extensions ['python_setup_py']
[0.182s] [34mcolcon.colcon_core.package_identification[0m [1;30mLevel 1[0m _identify(src/chaser_navigation_system) by extension 'python_setup_py'
[0.399s] [34mcolcon.colcon_core.package_identification[0m [1;30mDEBUG[0m [32mPackage 'src/chaser_navigation_system' with type 'python' and name 'chaser_navigation_system'[0m
[0.399s] [34mcolcon.colcon_core.package_identification[0m [1;30mLevel 1[0m _identify(src/mymsg) by extensions ['ignore', 'ignore_ament_install']
[0.400s] [34mcolcon.colcon_core.package_identification[0m [1;30mLevel 1[0m _identify(src/mymsg) by extension 'ignore'
[0.400s] [34mcolcon.colcon_core.package_identification[0m [1;30mLevel 1[0m _identify(src/mymsg) by extension 'ignore_ament_install'
[0.400s] [34mcolcon.colcon_core.package_identification[0m [1;30mLevel 1[0m _identify(src/mymsg) by extensions ['colcon_pkg']
[0.400s] [34mcolcon.colcon_core.package_identification[0m [1;30mLevel 1[0m _identify(src/mymsg) by extension 'colcon_pkg'
[0.400s] [34mcolcon.colcon_core.package_identification[0m [1;30mLevel 1[0m _identify(src/mymsg) by extensions ['colcon_meta']
[0.400s] [34mcolcon.colcon_core.package_identification[0m [1;30mLevel 1[0m _identify(src/mymsg) by extension 'colcon_meta'
[0.400s] [34mcolcon.colcon_core.package_identification[0m [1;30mLevel 1[0m _identify(src/mymsg) by extensions ['ros']
[0.400s] [34mcolcon.colcon_core.package_identification[0m [1;30mLevel 1[0m _identify(src/mymsg) by extension 'ros'
[0.404s] [34mcolcon.colcon_core.package_identification[0m [1;30mDEBUG[0m [32mPackage 'src/mymsg' with type 'ros.ament_cmake' and name 'mymsg'[0m
[0.405s] [34mcolcon.colcon_core.package_discovery[0m [1;30mLevel 1[0m discover_packages(recursive) using defaults
[0.405s] [34mcolcon.colcon_core.package_discovery[0m [1;30mLevel 1[0m discover_packages(ignore) discover
[0.405s] [34mcolcon.colcon_core.package_discovery[0m [1;30mLevel 1[0m discover_packages(ignore) using defaults
[0.405s] [34mcolcon.colcon_core.package_discovery[0m [1;30mLevel 1[0m discover_packages(path) discover
[0.405s] [34mcolcon.colcon_core.package_discovery[0m [1;30mLevel 1[0m discover_packages(path) using defaults
[0.439s] [34mcolcon.colcon_core.verb[0m [1;30mLevel 5[0m set package 'chaser_navigation_system' build argument 'cmake_args' from command line to 'None'
[0.439s] [34mcolcon.colcon_core.verb[0m [1;30mLevel 5[0m set package 'chaser_navigation_system' build argument 'cmake_target' from command line to 'None'
[0.439s] [34mcolcon.colcon_core.verb[0m [1;30mLevel 5[0m set package 'chaser_navigation_system' build argument 'cmake_target_skip_unavailable' from command line to 'False'
[0.439s] [34mcolcon.colcon_core.verb[0m [1;30mLevel 5[0m set package 'chaser_navigation_system' build argument 'cmake_clean_cache' from command line to 'False'
[0.439s] [34mcolcon.colcon_core.verb[0m [1;30mLevel 5[0m set package 'chaser_navigation_system' build argument 'cmake_clean_first' from command line to 'False'
[0.439s] [34mcolcon.colcon_core.verb[0m [1;30mLevel 5[0m set package 'chaser_navigation_system' build argument 'cmake_force_configure' from command line to 'False'
[0.439s] [34mcolcon.colcon_core.verb[0m [1;30mLevel 5[0m set package 'chaser_navigation_system' build argument 'ament_cmake_args' from command line to 'None'
[0.439s] [34mcolcon.colcon_core.verb[0m [1;30mLevel 5[0m set package 'chaser_navigation_system' build argument 'catkin_cmake_args' from command line to 'None'
[0.439s] [34mcolcon.colcon_core.verb[0m [1;30mLevel 5[0m set package 'chaser_navigation_system' build argument 'catkin_skip_building_tests' from command line to 'False'
[0.439s] [34mcolcon.colcon_core.verb[0m [1;30mDEBUG[0m [32mBuilding package 'chaser_navigation_system' with the following arguments: {'ament_cmake_args': None, 'build_base': '/root/research-1/build/chaser_navigation_system', 'catkin_cmake_args': None, 'catkin_skip_building_tests': False, 'cmake_args': None, 'cmake_clean_cache': False, 'cmake_clean_first': False, 'cmake_force_configure': False, 'cmake_target': None, 'cmake_target_skip_unavailable': False, 'install_base': '/root/research-1/install/chaser_navigation_system', 'merge_install': False, 'path': '/root/research-1/src/chaser_navigation_system', 'symlink_install': False, 'test_result_base': None}[0m
[0.441s] [34mcolcon.colcon_core.verb[0m [1;30mLevel 5[0m set package 'mymsg' build argument 'cmake_args' from command line to 'None'
[0.441s] [34mcolcon.colcon_core.verb[0m [1;30mLevel 5[0m set package 'mymsg' build argument 'cmake_target' from command line to 'None'
[0.441s] [34mcolcon.colcon_core.verb[0m [1;30mLevel 5[0m set package 'mymsg' build argument 'cmake_target_skip_unavailable' from command line to 'False'
[0.441s] [34mcolcon.colcon_core.verb[0m [1;30mLevel 5[0m set package 'mymsg' build argument 'cmake_clean_cache' from command line to 'False'
[0.441s] [34mcolcon.colcon_core.verb[0m [1;30mLevel 5[0m set package 'mymsg' build argument 'cmake_clean_first' from command line to 'False'
[0.441s] [34mcolcon.colcon_core.verb[0m [1;30mLevel 5[0m set package 'mymsg' build argument 'cmake_force_configure' from command line to 'False'
[0.441s] [34mcolcon.colcon_core.verb[0m [1;30mLevel 5[0m set package 'mymsg' build argument 'ament_cmake_args' from command line to 'None'
[0.441s] [34mcolcon.colcon_core.verb[0m [1;30mLevel 5[0m set package 'mymsg' build argument 'catkin_cmake_args' from command line to 'None'
[0.441s] [34mcolcon.colcon_core.verb[0m [1;30mLevel 5[0m set package 'mymsg' build argument 'catkin_skip_building_tests' from command line to 'False'
[0.442s] [34mcolcon.colcon_core.verb[0m [1;30mDEBUG[0m [32mBuilding package 'mymsg' with the following arguments: {'ament_cmake_args': None, 'build_base': '/root/research-1/build/mymsg', 'catkin_cmake_args': None, 'catkin_skip_building_tests': False, 'cmake_args': None, 'cmake_clean_cache': False, 'cmake_clean_first': False, 'cmake_force_configure': False, 'cmake_target': None, 'cmake_target_skip_unavailable': False, 'install_base': '/root/research-1/install/mymsg', 'merge_install': False, 'path': '/root/research-1/src/mymsg', 'symlink_install': False, 'test_result_base': None}[0m
[0.443s] [34mcolcon.colcon_core.executor[0m [1;30mINFO[0m Executing jobs using 'parallel' executor
[0.448s] [34mcolcon.colcon_parallel_executor.executor.parallel[0m [1;30mDEBUG[0m [32mrun_until_complete[0m
[0.448s] [34mcolcon.colcon_core.task.python.build[0m [1;30mINFO[0m Building Python package in '/root/research-1/src/chaser_navigation_system'
[0.455s] [34mcolcon.colcon_core.plugin_system[0m [1;30mINFO[0m Skipping extension 'colcon_core.shell.bat': Not used on non-Windows systems
[0.455s] [34mcolcon.colcon_core.shell[0m [1;30mINFO[0m Skip shell extension 'powershell' for command environment: Not usable outside of PowerShell
[0.455s] [34mcolcon.colcon_core.shell[0m [1;30mDEBUG[0m [32mSkip shell extension 'dsv' for command environment[0m
[0.471s] [34mcolcon.colcon_ros.task.ament_cmake.build[0m [1;30mINFO[0m Building ROS package in '/root/research-1/src/mymsg' with build type 'ament_cmake'
[0.471s] [34mcolcon.colcon_cmake.task.cmake.build[0m [1;30mINFO[0m Building CMake package in '/root/research-1/src/mymsg'
[0.474s] [34mcolcon.colcon_core.shell[0m [1;30mINFO[0m Skip shell extension 'powershell' for command environment: Not usable outside of PowerShell
[0.474s] [34mcolcon.colcon_core.shell[0m [1;30mDEBUG[0m [32mSkip shell extension 'dsv' for command environment[0m
[0.733s] [34mcolcon.colcon_core.event_handler.log_command[0m [1;30mDEBUG[0m [32mInvoking command in '/root/research-1/build/mymsg': CMAKE_PREFIX_PATH=${CMAKE_PREFIX_PATH}:/root/research/install/chaser_navigation_system:/root/Pose_waypointmaker/install/tf2_pifpaf:/root/Pose_waypointmaker/install/ros2_pifpaf:/root/Pose_waypointmaker/install/pifpaf_navi:/opt/ros/foxy _=/usr/bin/env /usr/bin/cmake --build /root/research-1/build/mymsg -- -j12 -l12[0m
[1.083s] [34mcolcon.colcon_core.event_handler.log_command[0m [1;30mDEBUG[0m [32mInvoked command in '/root/research-1/build/mymsg' returned '0': CMAKE_PREFIX_PATH=${CMAKE_PREFIX_PATH}:/root/research/install/chaser_navigation_system:/root/Pose_waypointmaker/install/tf2_pifpaf:/root/Pose_waypointmaker/install/ros2_pifpaf:/root/Pose_waypointmaker/install/pifpaf_navi:/opt/ros/foxy _=/usr/bin/env /usr/bin/cmake --build /root/research-1/build/mymsg -- -j12 -l12[0m
[1.279s] [34mcolcon.colcon_core.event_handler.log_command[0m [1;30mDEBUG[0m [32mInvoking command in '/root/research-1/src/chaser_navigation_system': PYTHONPATH=/root/research-1/install/chaser_navigation_system/lib/python3.8/site-packages:${PYTHONPATH} _=/usr/bin/env /usr/bin/python3 setup.py egg_info --egg-base ../../build/chaser_navigation_system build --build-base /root/research-1/build/chaser_navigation_system/build install --prefix /root/research-1/install/chaser_navigation_system --record /root/research-1/build/chaser_navigation_system/install.log --single-version-externally-managed[0m
[1.345s] [34mcolcon.colcon_core.event_handler.log_command[0m [1;30mDEBUG[0m [32mInvoking command in '/root/research-1/build/mymsg': CMAKE_PREFIX_PATH=${CMAKE_PREFIX_PATH}:/root/research/install/chaser_navigation_system:/root/Pose_waypointmaker/install/tf2_pifpaf:/root/Pose_waypointmaker/install/ros2_pifpaf:/root/Pose_waypointmaker/install/pifpaf_navi:/opt/ros/foxy _=/usr/bin/env /usr/bin/cmake --install /root/research-1/build/mymsg[0m
[1.428s] [34mcolcon.colcon_core.environment[0m [1;30mLevel 1[0m create_environment_scripts_only(mymsg)
[1.429s] [34mcolcon.colcon_core.event_handler.log_command[0m [1;30mDEBUG[0m [32mInvoked command in '/root/research-1/build/mymsg' returned '0': CMAKE_PREFIX_PATH=${CMAKE_PREFIX_PATH}:/root/research/install/chaser_navigation_system:/root/Pose_waypointmaker/install/tf2_pifpaf:/root/Pose_waypointmaker/install/ros2_pifpaf:/root/Pose_waypointmaker/install/pifpaf_navi:/opt/ros/foxy _=/usr/bin/env /usr/bin/cmake --install /root/research-1/build/mymsg[0m
[1.437s] [34mcolcon.colcon_core.environment[0m [1;30mLevel 1[0m checking '/root/research-1/install/mymsg' for CMake module files
[1.438s] [34mcolcon.colcon_core.environment[0m [1;30mLevel 1[0m checking '/root/research-1/install/mymsg' for CMake config files
[1.438s] [34mcolcon.colcon_core.shell[0m [1;30mLevel 1[0m create_environment_hook('mymsg', 'cmake_prefix_path')
[1.441s] [34mcolcon.colcon_core.shell[0m [1;30mINFO[0m Creating environment hook '/root/research-1/install/mymsg/share/mymsg/hook/cmake_prefix_path.ps1'
[1.442s] [34mcolcon.colcon_core.shell[0m [1;30mINFO[0m Creating environment descriptor '/root/research-1/install/mymsg/share/mymsg/hook/cmake_prefix_path.dsv'
[1.442s] [34mcolcon.colcon_core.shell[0m [1;30mINFO[0m Creating environment hook '/root/research-1/install/mymsg/share/mymsg/hook/cmake_prefix_path.sh'
[1.444s] [34mcolcon.colcon_core.environment[0m [1;30mLevel 1[0m checking '/root/research-1/install/mymsg/lib'
[1.444s] [34mcolcon.colcon_core.shell[0m [1;30mLevel 1[0m create_environment_hook('mymsg', 'ld_library_path_lib')
[1.446s] [34mcolcon.colcon_core.shell[0m [1;30mINFO[0m Creating environment hook '/root/research-1/install/mymsg/share/mymsg/hook/ld_library_path_lib.ps1'
[1.447s] [34mcolcon.colcon_core.shell[0m [1;30mINFO[0m Creating environment descriptor '/root/research-1/install/mymsg/share/mymsg/hook/ld_library_path_lib.dsv'
[1.447s] [34mcolcon.colcon_core.shell[0m [1;30mINFO[0m Creating environment hook '/root/research-1/install/mymsg/share/mymsg/hook/ld_library_path_lib.sh'
[1.447s] [34mcolcon.colcon_core.environment[0m [1;30mLevel 1[0m checking '/root/research-1/install/mymsg/bin'
[1.447s] [34mcolcon.colcon_core.environment[0m [1;30mLevel 1[0m checking '/root/research-1/install/mymsg/lib/pkgconfig/mymsg.pc'
[1.448s] [34mcolcon.colcon_core.environment[0m [1;30mLevel 1[0m checking '/root/research-1/install/mymsg/lib/python3.8/site-packages'
[1.448s] [34mcolcon.colcon_core.shell[0m [1;30mLevel 1[0m create_environment_hook('mymsg', 'pythonpath')
[1.450s] [34mcolcon.colcon_core.shell[0m [1;30mINFO[0m Creating environment hook '/root/research-1/install/mymsg/share/mymsg/hook/pythonpath.ps1'
[1.451s] [34mcolcon.colcon_core.shell[0m [1;30mINFO[0m Creating environment descriptor '/root/research-1/install/mymsg/share/mymsg/hook/pythonpath.dsv'
[1.451s] [34mcolcon.colcon_core.shell[0m [1;30mINFO[0m Creating environment hook '/root/research-1/install/mymsg/share/mymsg/hook/pythonpath.sh'
[1.452s] [34mcolcon.colcon_core.environment[0m [1;30mLevel 1[0m checking '/root/research-1/install/mymsg/bin'
[1.454s] [34mcolcon.colcon_core.shell[0m [1;30mINFO[0m Creating package script '/root/research-1/install/mymsg/share/mymsg/package.ps1'
[1.456s] [34mcolcon.colcon_core.shell[0m [1;30mINFO[0m Creating package descriptor '/root/research-1/install/mymsg/share/mymsg/package.dsv'
[1.456s] [34mcolcon.colcon_core.shell[0m [1;30mINFO[0m Creating package script '/root/research-1/install/mymsg/share/mymsg/package.sh'
[1.457s] [34mcolcon.colcon_core.shell[0m [1;30mINFO[0m Creating package script '/root/research-1/install/mymsg/share/mymsg/package.bash'
[1.458s] [34mcolcon.colcon_core.shell[0m [1;30mINFO[0m Creating package script '/root/research-1/install/mymsg/share/mymsg/package.zsh'
[1.460s] [34mcolcon.colcon_core.environment[0m [1;30mLevel 1[0m create_file_with_runtime_dependencies(/root/research-1/install/mymsg/share/colcon-core/packages/mymsg)
[1.708s] [34mcolcon.colcon_core.environment[0m [1;30mLevel 1[0m checking '/root/research-1/install/chaser_navigation_system' for CMake module files
[1.709s] [34mcolcon.colcon_core.event_handler.log_command[0m [1;30mDEBUG[0m [32mInvoked command in '/root/research-1/src/chaser_navigation_system' returned '0': PYTHONPATH=/root/research-1/install/chaser_navigation_system/lib/python3.8/site-packages:${PYTHONPATH} _=/usr/bin/env /usr/bin/python3 setup.py egg_info --egg-base ../../build/chaser_navigation_system build --build-base /root/research-1/build/chaser_navigation_system/build install --prefix /root/research-1/install/chaser_navigation_system --record /root/research-1/build/chaser_navigation_system/install.log --single-version-externally-managed[0m
[1.710s] [34mcolcon.colcon_core.environment[0m [1;30mLevel 1[0m checking '/root/research-1/install/chaser_navigation_system' for CMake config files
[1.711s] [34mcolcon.colcon_core.environment[0m [1;30mLevel 1[0m checking '/root/research-1/install/chaser_navigation_system/lib'
[1.711s] [34mcolcon.colcon_core.environment[0m [1;30mLevel 1[0m checking '/root/research-1/install/chaser_navigation_system/bin'
[1.711s] [34mcolcon.colcon_core.environment[0m [1;30mLevel 1[0m checking '/root/research-1/install/chaser_navigation_system/lib/pkgconfig/chaser_navigation_system.pc'
[1.712s] [34mcolcon.colcon_core.environment[0m [1;30mLevel 1[0m checking '/root/research-1/install/chaser_navigation_system/lib/python3.8/site-packages'
[1.712s] [34mcolcon.colcon_core.shell[0m [1;30mLevel 1[0m create_environment_hook('chaser_navigation_system', 'pythonpath')
[1.714s] [34mcolcon.colcon_core.shell[0m [1;30mINFO[0m Creating environment hook '/root/research-1/install/chaser_navigation_system/share/chaser_navigation_system/hook/pythonpath.ps1'
[1.715s] [34mcolcon.colcon_core.shell[0m [1;30mINFO[0m Creating environment descriptor '/root/research-1/install/chaser_navigation_system/share/chaser_navigation_system/hook/pythonpath.dsv'
[1.715s] [34mcolcon.colcon_core.shell[0m [1;30mINFO[0m Creating environment hook '/root/research-1/install/chaser_navigation_system/share/chaser_navigation_system/hook/pythonpath.sh'
[1.716s] [34mcolcon.colcon_core.environment[0m [1;30mLevel 1[0m checking '/root/research-1/install/chaser_navigation_system/bin'
[1.716s] [34mcolcon.colcon_core.environment[0m [1;30mLevel 1[0m create_environment_scripts_only(chaser_navigation_system)
[1.718s] [34mcolcon.colcon_core.shell[0m [1;30mINFO[0m Creating package script '/root/research-1/install/chaser_navigation_system/share/chaser_navigation_system/package.ps1'
[1.719s] [34mcolcon.colcon_core.shell[0m [1;30mINFO[0m Creating package descriptor '/root/research-1/install/chaser_navigation_system/share/chaser_navigation_system/package.dsv'
[1.719s] [34mcolcon.colcon_core.shell[0m [1;30mINFO[0m Creating package script '/root/research-1/install/chaser_navigation_system/share/chaser_navigation_system/package.sh'
[1.720s] [34mcolcon.colcon_core.shell[0m [1;30mINFO[0m Creating package script '/root/research-1/install/chaser_navigation_system/share/chaser_navigation_system/package.bash'
[1.720s] [34mcolcon.colcon_core.shell[0m [1;30mINFO[0m Creating package script '/root/research-1/install/chaser_navigation_system/share/chaser_navigation_system/package.zsh'
[1.721s] [34mcolcon.colcon_core.environment[0m [1;30mLevel 1[0m create_file_with_runtime_dependencies(/root/research-1/install/chaser_navigation_system/share/colcon-core/packages/chaser_navigation_system)
[1.740s] [34mcolcon.colcon_core.environment[0m [1;30mLevel 1[0m create_environment_scripts_only(mymsg)
[1.743s] [34mcolcon.colcon_core.environment[0m [1;30mLevel 1[0m checking '/root/research-1/install/mymsg' for CMake module files
[1.744s] [34mcolcon.colcon_core.environment[0m [1;30mLevel 1[0m checking '/root/research-1/install/mymsg' for CMake config files
[1.745s] [34mcolcon.colcon_core.shell[0m [1;30mLevel 1[0m create_environment_hook('mymsg', 'cmake_prefix_path')
[1.746s] [34mcolcon.colcon_core.shell[0m [1;30mINFO[0m Creating environment hook '/root/research-1/install/mymsg/share/mymsg/hook/cmake_prefix_path.ps1'
[1.747s] [34mcolcon.colcon_core.shell[0m [1;30mINFO[0m Creating environment descriptor '/root/research-1/install/mymsg/share/mymsg/hook/cmake_prefix_path.dsv'
[1.747s] [34mcolcon.colcon_core.shell[0m [1;30mINFO[0m Creating environment hook '/root/research-1/install/mymsg/share/mymsg/hook/cmake_prefix_path.sh'
[1.747s] [34mcolcon.colcon_core.environment[0m [1;30mLevel 1[0m checking '/root/research-1/install/mymsg/lib'
[1.748s] [34mcolcon.colcon_core.shell[0m [1;30mLevel 1[0m create_environment_hook('mymsg', 'ld_library_path_lib')
[1.749s] [34mcolcon.colcon_core.shell[0m [1;30mINFO[0m Creating environment hook '/root/research-1/install/mymsg/share/mymsg/hook/ld_library_path_lib.ps1'
[1.749s] [34mcolcon.colcon_core.shell[0m [1;30mINFO[0m Creating environment descriptor '/root/research-1/install/mymsg/share/mymsg/hook/ld_library_path_lib.dsv'
[1.750s] [34mcolcon.colcon_core.shell[0m [1;30mINFO[0m Creating environment hook '/root/research-1/install/mymsg/share/mymsg/hook/ld_library_path_lib.sh'
[1.750s] [34mcolcon.colcon_core.environment[0m [1;30mLevel 1[0m checking '/root/research-1/install/mymsg/bin'
[1.750s] [34mcolcon.colcon_core.environment[0m [1;30mLevel 1[0m checking '/root/research-1/install/mymsg/lib/pkgconfig/mymsg.pc'
[1.750s] [34mcolcon.colcon_core.environment[0m [1;30mLevel 1[0m checking '/root/research-1/install/mymsg/lib/python3.8/site-packages'
[1.751s] [34mcolcon.colcon_core.shell[0m [1;30mLevel 1[0m create_environment_hook('mymsg', 'pythonpath')
[1.752s] [34mcolcon.colcon_core.shell[0m [1;30mINFO[0m Creating environment hook '/root/research-1/install/mymsg/share/mymsg/hook/pythonpath.ps1'
[1.752s] [34mcolcon.colcon_core.shell[0m [1;30mINFO[0m Creating environment descriptor '/root/research-1/install/mymsg/share/mymsg/hook/pythonpath.dsv'
[1.753s] [34mcolcon.colcon_core.shell[0m [1;30mINFO[0m Creating environment hook '/root/research-1/install/mymsg/share/mymsg/hook/pythonpath.sh'
[1.753s] [34mcolcon.colcon_core.environment[0m [1;30mLevel 1[0m checking '/root/research-1/install/mymsg/bin'
[1.755s] [34mcolcon.colcon_core.shell[0m [1;30mINFO[0m Creating package script '/root/research-1/install/mymsg/share/mymsg/package.ps1'
[1.755s] [34mcolcon.colcon_core.shell[0m [1;30mINFO[0m Creating package descriptor '/root/research-1/install/mymsg/share/mymsg/package.dsv'
[1.756s] [34mcolcon.colcon_core.shell[0m [1;30mINFO[0m Creating package script '/root/research-1/install/mymsg/share/mymsg/package.sh'
[1.756s] [34mcolcon.colcon_core.shell[0m [1;30mINFO[0m Creating package script '/root/research-1/install/mymsg/share/mymsg/package.bash'
[1.757s] [34mcolcon.colcon_core.shell[0m [1;30mINFO[0m Creating package script '/root/research-1/install/mymsg/share/mymsg/package.zsh'
[1.757s] [34mcolcon.colcon_core.environment[0m [1;30mLevel 1[0m create_file_with_runtime_dependencies(/root/research-1/install/mymsg/share/colcon-core/packages/mymsg)
[1.757s] [34mcolcon.colcon_parallel_executor.executor.parallel[0m [1;30mDEBUG[0m [32mclosing loop[0m
[1.758s] [34mcolcon.colcon_parallel_executor.executor.parallel[0m [1;30mDEBUG[0m [32mloop closed[0m
[1.758s] [34mcolcon.colcon_parallel_executor.executor.parallel[0m [1;30mDEBUG[0m [32mrun_until_complete finished with '0'[0m
[1.758s] [34mcolcon.colcon_core.event_reactor[0m [1;30mDEBUG[0m [32mjoining thread[0m
[1.766s] [34mcolcon.colcon_core.plugin_system[0m [1;30mINFO[0m Skipping extension 'colcon_notification.desktop_notification.notify_send': Could not find 'notify-send'
[1.766s] [34mcolcon.colcon_core.plugin_system[0m [1;30mINFO[0m Skipping extension 'colcon_notification.desktop_notification.terminal_notifier': Not used on non-Darwin systems
[1.766s] [34mcolcon.colcon_core.plugin_system[0m [1;30mINFO[0m Skipping extension 'colcon_notification.desktop_notification.win32': Not used on non-Windows systems
[1.766s] [34mcolcon.colcon_notification.desktop_notification[0m [1;30mINFO[0m Sending desktop notification using 'notify2'
[1.772s] [34mcolcon.colcon_notification.desktop_notification.notify2[0m [1;30mDEBUG[0m [32mFailed to initialize notify2: org.freedesktop.DBus.Error.ServiceUnknown: The name org.freedesktop.Notifications was not provided by any .service files[0m
[1.773s] [34mcolcon.colcon_core.event_reactor[0m [1;30mDEBUG[0m [32mjoined thread[0m
[1.775s] [34mcolcon.colcon_core.shell[0m [1;30mINFO[0m Creating prefix script '/root/research-1/install/local_setup.ps1'
[1.776s] [34mcolcon.colcon_core.shell[0m [1;30mINFO[0m Creating prefix util module '/root/research-1/install/_local_setup_util_ps1.py'
[1.777s] [34mcolcon.colcon_core.shell[0m [1;30mINFO[0m Creating prefix chain script '/root/research-1/install/setup.ps1'
[1.779s] [34mcolcon.colcon_core.shell[0m [1;30mINFO[0m Creating prefix script '/root/research-1/install/local_setup.sh'
[1.779s] [34mcolcon.colcon_core.shell[0m [1;30mINFO[0m Creating prefix util module '/root/research-1/install/_local_setup_util_sh.py'
[1.780s] [34mcolcon.colcon_core.shell[0m [1;30mINFO[0m Creating prefix chain script '/root/research-1/install/setup.sh'
[1.782s] [34mcolcon.colcon_core.shell[0m [1;30mINFO[0m Creating prefix script '/root/research-1/install/local_setup.bash'
[1.782s] [34mcolcon.colcon_core.shell[0m [1;30mINFO[0m Creating prefix chain script '/root/research-1/install/setup.bash'
[1.784s] [34mcolcon.colcon_core.shell[0m [1;30mINFO[0m Creating prefix script '/root/research-1/install/local_setup.zsh'
[1.785s] [34mcolcon.colcon_core.shell[0m [1;30mINFO[0m Creating prefix chain script '/root/research-1/install/setup.zsh'
