[0.022s] Invoking command in '/root/research-1/build/mymsg': CMAKE_PREFIX_PATH=${CMAKE_PREFIX_PATH}:/root/research_version_two/install/pose_chaser:/root/Pose_waypointmaker/install/tf2_pifpaf:/root/Pose_waypointmaker/install/ros2_pifpaf:/root/Pose_waypointmaker/install/pifpaf_navi:/root/sirius/sirius_ws/install/turtlebot3_teleop:/root/sirius/sirius_ws/install/turtlebot3_example:/opt/ros/foxy /usr/bin/cmake /root/research-1/src/mymsg -DCMAKE_INSTALL_PREFIX=/root/research-1/install/mymsg
[0.102s] -- The C compiler identification is GNU 9.4.0
[0.186s] -- The CXX compiler identification is GNU 9.4.0
[0.196s] -- Check for working C compiler: /usr/bin/cc
[0.291s] -- Check for working C compiler: /usr/bin/cc -- works
[0.292s] -- Detecting C compiler ABI info
[0.389s] -- Detecting C compiler ABI info - done
[0.400s] -- Detecting C compile features
[0.400s] -- Detecting C compile features - done
[0.403s] -- Check for working CXX compiler: /usr/bin/c++
[0.515s] -- Check for working CXX compiler: /usr/bin/c++ -- works
[0.516s] -- Detecting CXX compiler ABI info
[0.627s] -- Detecting CXX compiler ABI info - done
[0.648s] -- Detecting CXX compile features
[0.649s] -- Detecting CXX compile features - done
[0.657s] -- Found ament_cmake: 0.9.11 (/opt/ros/foxy/share/ament_cmake/cmake)
[0.717s] -- Found PythonInterp: /usr/bin/python3 (found suitable version "3.8.10", minimum required is "3") 
[0.717s] -- Using PYTHON_EXECUTABLE: /usr/bin/python3
[1.072s] -- Found geometry_msgs: 2.0.5 (/opt/ros/foxy/share/geometry_msgs/cmake)
[1.151s] -- Using all available rosidl_typesupport_c: rosidl_typesupport_connext_c;rosidl_typesupport_fastrtps_c;rosidl_typesupport_introspection_c
[1.170s] -- Found rosidl_adapter: 1.3.0 (/opt/ros/foxy/share/rosidl_adapter/cmake)
[1.183s] -- Found RTI Connext: /opt/rti.com/rti_connext_dds-5.3.1
[2.410s] -- Found OpenSSL: /usr/lib/x86_64-linux-gnu/libcrypto.so (found version "1.1.1f")  
[2.470s] -- Found FastRTPS: /opt/ros/foxy/include  
[2.615s] -- Using all available rosidl_typesupport_cpp: rosidl_typesupport_connext_cpp;rosidl_typesupport_fastrtps_cpp;rosidl_typesupport_introspection_cpp
[2.775s] -- Found rosidl_default_generators: 1.0.1 (/opt/ros/foxy/share/rosidl_default_generators/cmake)
[2.810s] -- Found sensor_msgs: 2.0.5 (/opt/ros/foxy/share/sensor_msgs/cmake)
[2.937s] -- Found visualization_msgs: 2.0.5 (/opt/ros/foxy/share/visualization_msgs/cmake)
[3.068s] -- Found PythonInterp: /usr/bin/python3 (found version "3.8.10") 
[3.727s] -- Found ament_cmake_ros: 0.9.2 (/opt/ros/foxy/share/ament_cmake_ros/cmake)
[4.163s] -- Using all available rosidl_typesupport_c: rosidl_typesupport_connext_c;rosidl_typesupport_fastrtps_c;rosidl_typesupport_introspection_c
[4.402s] -- Using all available rosidl_typesupport_cpp: rosidl_typesupport_connext_cpp;rosidl_typesupport_fastrtps_cpp;rosidl_typesupport_introspection_cpp
[4.460s] -- Found PythonInterp: /usr/bin/python3 (found suitable version "3.8.10", minimum required is "3.5") 
[4.467s] -- Found python_cmake_module: 0.8.1 (/opt/ros/foxy/share/python_cmake_module/cmake)
[4.525s] -- Found PythonLibs: /usr/lib/x86_64-linux-gnu/libpython3.8.so (found suitable version "3.8.10", minimum required is "3.5") 
[4.525s] -- Using PYTHON_EXECUTABLE: /usr/bin/python3
[4.525s] -- Using PYTHON_INCLUDE_DIRS: /usr/include/python3.8
[4.525s] -- Using PYTHON_LIBRARIES: /usr/lib/x86_64-linux-gnu/libpython3.8.so
[4.573s] -- Found PythonExtra: .so  
[4.780s] -- Found ament_lint_auto: 0.9.7 (/opt/ros/foxy/share/ament_lint_auto/cmake)
[4.839s] -- Added test 'copyright' to check source files copyright and LICENSE
[4.843s] -- Added test 'flake8' to check Python code syntax and style conventions
[4.845s] -- Added test 'lint_cmake' to check CMake code style
[4.846s] -- Added test 'pep257' to check Python code against some of the style conventions in PEP 257
[4.848s] -- Added test 'xmllint' to check XML markup files
[4.856s] -- Configuring done
[5.032s] -- Generating done
[5.038s] -- Build files have been written to: /root/research-1/build/mymsg
[5.049s] Invoked command in '/root/research-1/build/mymsg' returned '0': CMAKE_PREFIX_PATH=${CMAKE_PREFIX_PATH}:/root/research_version_two/install/pose_chaser:/root/Pose_waypointmaker/install/tf2_pifpaf:/root/Pose_waypointmaker/install/ros2_pifpaf:/root/Pose_waypointmaker/install/pifpaf_navi:/root/sirius/sirius_ws/install/turtlebot3_teleop:/root/sirius/sirius_ws/install/turtlebot3_example:/opt/ros/foxy /usr/bin/cmake /root/research-1/src/mymsg -DCMAKE_INSTALL_PREFIX=/root/research-1/install/mymsg
[5.053s] Invoking command in '/root/research-1/build/mymsg': CMAKE_PREFIX_PATH=${CMAKE_PREFIX_PATH}:/root/research_version_two/install/pose_chaser:/root/Pose_waypointmaker/install/tf2_pifpaf:/root/Pose_waypointmaker/install/ros2_pifpaf:/root/Pose_waypointmaker/install/pifpaf_navi:/root/sirius/sirius_ws/install/turtlebot3_teleop:/root/sirius/sirius_ws/install/turtlebot3_example:/opt/ros/foxy /usr/bin/cmake --build /root/research-1/build/mymsg -- -j12 -l12
[5.117s] [35m[1mScanning dependencies of target mymsg__dds_connext_idl[0m
[5.117s] [35m[1mScanning dependencies of target mymsg__cpp[0m
[5.118s] [  1%] [34m[1mGenerating C code for ROS interfaces[0m
[5.135s] [  2%] [34m[1mGenerating C++ code for ROS interfaces[0m
[5.135s] [  2%] [34m[1mGenerating DDS interfaces[0m
[5.577s] [  2%] Built target mymsg__dds_connext_idl
[5.838s] [  2%] Built target mymsg__cpp
[5.858s] [  4%] [34m[1mGenerating C++ type support dispatch for ROS interfaces[0m
[5.858s] [  4%] [34m[1mGenerating C++ type support for eProsima Fast-RTPS[0m
[5.860s] [  5%] [34m[1mGenerating C++ introspection for ROS interfaces[0m
[5.863s] [  6%] [34m[1mGenerating C++ type support for RTI Connext (using '/opt/rti.com/rti_connext_dds-5.3.1/bin/rtiddsgen_server')[0m
[5.997s] [35m[1mScanning dependencies of target mymsg__rosidl_generator_c[0m
[6.032s] [  8%] [32mBuilding C object CMakeFiles/mymsg__rosidl_generator_c.dir/rosidl_generator_c/mymsg/msg/detail/poses__functions.c.o[0m
[6.032s] [  8%] [32mBuilding C object CMakeFiles/mymsg__rosidl_generator_c.dir/rosidl_generator_c/mymsg/msg/detail/pose__functions.c.o[0m
[6.034s] [  9%] [32mBuilding C object CMakeFiles/mymsg__rosidl_generator_c.dir/rosidl_generator_c/mymsg/msg/detail/multi_transform__functions.c.o[0m
[6.042s] [ 10%] [32mBuilding C object CMakeFiles/mymsg__rosidl_generator_c.dir/rosidl_generator_c/mymsg/msg/detail/transform__functions.c.o[0m
[6.046s] [ 11%] [32mBuilding C object CMakeFiles/mymsg__rosidl_generator_c.dir/rosidl_generator_c/mymsg/srv/detail/imagedata__functions.c.o[0m
[6.139s] [ 12%] [32m[1mLinking C shared library libmymsg__rosidl_generator_c.so[0m
[6.208s] [ 12%] Built target mymsg__rosidl_generator_c
[6.230s] [ 14%] [34m[1mGenerating C type support dispatch for ROS interfaces[0m
[6.230s] [ 14%] [34m[1mGenerating C introspection for ROS interfaces[0m
[6.313s] [35m[1mScanning dependencies of target mymsg__rosidl_typesupport_cpp[0m
[6.350s] [ 14%] [32mBuilding CXX object CMakeFiles/mymsg__rosidl_typesupport_cpp.dir/rosidl_typesupport_cpp/mymsg/msg/multi_transform__type_support.cpp.o[0m
[6.350s] [ 15%] [32mBuilding CXX object CMakeFiles/mymsg__rosidl_typesupport_cpp.dir/rosidl_typesupport_cpp/mymsg/msg/poses__type_support.cpp.o[0m
[6.352s] [ 17%] [32mBuilding CXX object CMakeFiles/mymsg__rosidl_typesupport_cpp.dir/rosidl_typesupport_cpp/mymsg/msg/pose__type_support.cpp.o[0m
[6.352s] [ 17%] [32mBuilding CXX object CMakeFiles/mymsg__rosidl_typesupport_cpp.dir/rosidl_typesupport_cpp/mymsg/msg/transform__type_support.cpp.o[0m
[6.362s] [ 18%] [32mBuilding CXX object CMakeFiles/mymsg__rosidl_typesupport_cpp.dir/rosidl_typesupport_cpp/mymsg/srv/imagedata__type_support.cpp.o[0m
[6.557s] [35m[1mScanning dependencies of target mymsg__rosidl_typesupport_introspection_cpp[0m
[6.610s] [ 19%] [32mBuilding CXX object CMakeFiles/mymsg__rosidl_typesupport_introspection_cpp.dir/rosidl_typesupport_introspection_cpp/mymsg/msg/detail/pose__type_support.cpp.o[0m
[6.611s] [ 20%] [32mBuilding CXX object CMakeFiles/mymsg__rosidl_typesupport_introspection_cpp.dir/rosidl_typesupport_introspection_cpp/mymsg/msg/detail/poses__type_support.cpp.o[0m
[6.618s] [35m[1mScanning dependencies of target mymsg__rosidl_typesupport_fastrtps_cpp[0m
[6.638s] [ 21%] [32mBuilding CXX object CMakeFiles/mymsg__rosidl_typesupport_introspection_cpp.dir/rosidl_typesupport_introspection_cpp/mymsg/msg/detail/transform__type_support.cpp.o[0m
[6.673s] [ 22%] [32mBuilding CXX object CMakeFiles/mymsg__rosidl_typesupport_fastrtps_cpp.dir/rosidl_typesupport_fastrtps_cpp/mymsg/msg/detail/dds_fastrtps/pose__type_support.cpp.o[0m
[6.816s] [ 23%] [32mBuilding CXX object CMakeFiles/mymsg__rosidl_typesupport_fastrtps_cpp.dir/rosidl_typesupport_fastrtps_cpp/mymsg/msg/detail/dds_fastrtps/poses__type_support.cpp.o[0m
[6.828s] [ 24%] [32mBuilding CXX object CMakeFiles/mymsg__rosidl_typesupport_fastrtps_cpp.dir/rosidl_typesupport_fastrtps_cpp/mymsg/msg/detail/dds_fastrtps/multi_transform__type_support.cpp.o[0m
[6.835s] [ 25%] [32mBuilding CXX object CMakeFiles/mymsg__rosidl_typesupport_fastrtps_cpp.dir/rosidl_typesupport_fastrtps_cpp/mymsg/msg/detail/dds_fastrtps/transform__type_support.cpp.o[0m
[6.840s] [ 26%] [32m[1mLinking CXX shared library libmymsg__rosidl_typesupport_cpp.so[0m
[6.847s] [ 26%] [32mBuilding CXX object CMakeFiles/mymsg__rosidl_typesupport_fastrtps_cpp.dir/rosidl_typesupport_fastrtps_cpp/mymsg/srv/detail/dds_fastrtps/imagedata__type_support.cpp.o[0m
[6.854s] [35m[1mScanning dependencies of target mymsg__rosidl_typesupport_c[0m
[6.924s] [ 26%] [32mBuilding CXX object CMakeFiles/mymsg__rosidl_typesupport_c.dir/rosidl_typesupport_c/mymsg/msg/pose__type_support.cpp.o[0m
[6.979s] [ 26%] Built target mymsg__rosidl_typesupport_cpp
[6.984s] [ 27%] [32mBuilding CXX object CMakeFiles/mymsg__rosidl_typesupport_c.dir/rosidl_typesupport_c/mymsg/msg/poses__type_support.cpp.o[0m
[7.000s] [ 28%] [32mBuilding CXX object CMakeFiles/mymsg__rosidl_typesupport_c.dir/rosidl_typesupport_c/mymsg/msg/transform__type_support.cpp.o[0m
[7.079s] [ 29%] [32mBuilding CXX object CMakeFiles/mymsg__rosidl_typesupport_c.dir/rosidl_typesupport_c/mymsg/msg/multi_transform__type_support.cpp.o[0m
[7.082s] [ 30%] [32mBuilding CXX object CMakeFiles/mymsg__rosidl_typesupport_c.dir/rosidl_typesupport_c/mymsg/srv/imagedata__type_support.cpp.o[0m
[7.098s] [ 31%] [32mBuilding CXX object CMakeFiles/mymsg__rosidl_typesupport_introspection_cpp.dir/rosidl_typesupport_introspection_cpp/mymsg/msg/detail/multi_transform__type_support.cpp.o[0m
[7.099s] [35m[1mScanning dependencies of target mymsg__rosidl_typesupport_introspection_c[0m
[7.136s] [ 32%] [32mBuilding CXX object CMakeFiles/mymsg__rosidl_typesupport_introspection_cpp.dir/rosidl_typesupport_introspection_cpp/mymsg/srv/detail/imagedata__type_support.cpp.o[0m
[7.172s] [ 33%] [32m[1mLinking CXX shared library libmymsg__rosidl_typesupport_c.so[0m
[7.182s] [ 34%] [32mBuilding C object CMakeFiles/mymsg__rosidl_typesupport_introspection_c.dir/rosidl_typesupport_introspection_c/mymsg/msg/detail/pose__type_support.c.o[0m
[7.186s] [ 35%] [32mBuilding C object CMakeFiles/mymsg__rosidl_typesupport_introspection_c.dir/rosidl_typesupport_introspection_c/mymsg/msg/detail/poses__type_support.c.o[0m
[7.273s] [ 36%] [32mBuilding C object CMakeFiles/mymsg__rosidl_typesupport_introspection_c.dir/rosidl_typesupport_introspection_c/mymsg/msg/detail/transform__type_support.c.o[0m
[7.290s] [ 37%] [32mBuilding C object CMakeFiles/mymsg__rosidl_typesupport_introspection_c.dir/rosidl_typesupport_introspection_c/mymsg/srv/detail/imagedata__type_support.c.o[0m
[7.311s] [ 38%] [32mBuilding C object CMakeFiles/mymsg__rosidl_typesupport_introspection_c.dir/rosidl_typesupport_introspection_c/mymsg/msg/detail/multi_transform__type_support.c.o[0m
[7.347s] [ 38%] Built target mymsg__rosidl_typesupport_c
[7.408s] [ 39%] [32m[1mLinking C shared library libmymsg__rosidl_typesupport_introspection_c.so[0m
[7.498s] [ 39%] Built target mymsg__rosidl_typesupport_introspection_c
[7.640s] [ 40%] [32m[1mLinking CXX shared library libmymsg__rosidl_typesupport_fastrtps_cpp.so[0m
[7.680s] [ 41%] [32m[1mLinking CXX shared library libmymsg__rosidl_typesupport_introspection_cpp.so[0m
[7.802s] [ 41%] Built target mymsg__rosidl_typesupport_fastrtps_cpp
[7.819s] [ 41%] Built target mymsg__rosidl_typesupport_introspection_cpp
[7.821s] [ 42%] [34m[1mGenerating C type support for eProsima Fast-RTPS[0m
[8.013s] INFO com.rti.ndds.nddsgen.Main Running rtiddsgen version 2.5.2, please wait ...
[8.013s] INFO com.rti.ndds.nddsgen.Main Done
[8.234s] INFO com.rti.ndds.nddsgen.Main Running rtiddsgen version 2.5.2, please wait ...
[8.234s] INFO com.rti.ndds.nddsgen.Main Done
[8.401s] [35m[1mScanning dependencies of target mymsg__rosidl_typesupport_fastrtps_c[0m
[8.449s] [ 43%] [32mBuilding CXX object CMakeFiles/mymsg__rosidl_typesupport_fastrtps_c.dir/rosidl_typesupport_fastrtps_c/mymsg/msg/detail/pose__type_support_c.cpp.o[0m
[8.452s] [ 45%] [32mBuilding CXX object CMakeFiles/mymsg__rosidl_typesupport_fastrtps_c.dir/rosidl_typesupport_fastrtps_c/mymsg/msg/detail/transform__type_support_c.cpp.o[0m
[8.452s] [ 45%] [32mBuilding CXX object CMakeFiles/mymsg__rosidl_typesupport_fastrtps_c.dir/rosidl_typesupport_fastrtps_c/mymsg/msg/detail/multi_transform__type_support_c.cpp.o[0m
[8.452s] [ 46%] [32mBuilding CXX object CMakeFiles/mymsg__rosidl_typesupport_fastrtps_c.dir/rosidl_typesupport_fastrtps_c/mymsg/msg/detail/poses__type_support_c.cpp.o[0m
[8.457s] INFO com.rti.ndds.nddsgen.Main Running rtiddsgen version 2.5.2, please wait ...
[8.457s] INFO com.rti.ndds.nddsgen.Main Done
[8.466s] [ 46%] [32mBuilding CXX object CMakeFiles/mymsg__rosidl_typesupport_fastrtps_c.dir/rosidl_typesupport_fastrtps_c/mymsg/srv/detail/imagedata__type_support_c.cpp.o[0m
[8.748s] INFO com.rti.ndds.nddsgen.Main Running rtiddsgen version 2.5.2, please wait ...
[8.748s] INFO com.rti.ndds.nddsgen.Main Done
[9.005s] [ 47%] [32m[1mLinking CXX shared library libmymsg__rosidl_typesupport_fastrtps_c.so[0m
[9.020s] INFO com.rti.ndds.nddsgen.Main Running rtiddsgen version 2.5.2, please wait ...
[9.020s] INFO com.rti.ndds.nddsgen.Main Done
[9.169s] [ 47%] Built target mymsg__rosidl_typesupport_fastrtps_c
[9.228s] [35m[1mScanning dependencies of target mymsg__rosidl_typesupport_connext_cpp[0m
[9.472s] [ 48%] [32mBuilding CXX object CMakeFiles/mymsg__rosidl_typesupport_connext_cpp.dir/rosidl_typesupport_connext_cpp/mymsg/msg/dds_connext/pose__type_support.cpp.o[0m
[9.472s] [ 49%] [32mBuilding CXX object CMakeFiles/mymsg__rosidl_typesupport_connext_cpp.dir/rosidl_typesupport_connext_cpp/mymsg/msg/dds_connext/poses__type_support.cpp.o[0m
[9.473s] [ 50%] [32mBuilding CXX object CMakeFiles/mymsg__rosidl_typesupport_connext_cpp.dir/rosidl_typesupport_connext_cpp/mymsg/msg/dds_connext/transform__type_support.cpp.o[0m
[9.473s] [ 51%] [32mBuilding CXX object CMakeFiles/mymsg__rosidl_typesupport_connext_cpp.dir/rosidl_typesupport_connext_cpp/mymsg/msg/dds_connext/multi_transform__type_support.cpp.o[0m
[9.476s] [ 52%] [32mBuilding CXX object CMakeFiles/mymsg__rosidl_typesupport_connext_cpp.dir/rosidl_typesupport_connext_cpp/mymsg/msg/dds_connext/Pose_Plugin.cxx.o[0m
[9.476s] [ 53%] [32mBuilding CXX object CMakeFiles/mymsg__rosidl_typesupport_connext_cpp.dir/rosidl_typesupport_connext_cpp/mymsg/srv/dds_connext/imagedata__type_support.cpp.o[0m
[9.478s] [ 54%] [32mBuilding CXX object CMakeFiles/mymsg__rosidl_typesupport_connext_cpp.dir/rosidl_typesupport_connext_cpp/mymsg/msg/dds_connext/Poses_.cxx.o[0m
[9.478s] [ 55%] [32mBuilding CXX object CMakeFiles/mymsg__rosidl_typesupport_connext_cpp.dir/rosidl_typesupport_connext_cpp/mymsg/msg/dds_connext/Pose_.cxx.o[0m
[9.479s] [ 57%] [32mBuilding CXX object CMakeFiles/mymsg__rosidl_typesupport_connext_cpp.dir/rosidl_typesupport_connext_cpp/mymsg/msg/dds_connext/Transform_.cxx.o[0m
[9.480s] [ 57%] [32mBuilding CXX object CMakeFiles/mymsg__rosidl_typesupport_connext_cpp.dir/rosidl_typesupport_connext_cpp/mymsg/msg/dds_connext/Poses_Support.cxx.o[0m
[9.489s] [ 58%] [32mBuilding CXX object CMakeFiles/mymsg__rosidl_typesupport_connext_cpp.dir/rosidl_typesupport_connext_cpp/mymsg/msg/dds_connext/Poses_Plugin.cxx.o[0m
[9.491s] [ 58%] [32mBuilding CXX object CMakeFiles/mymsg__rosidl_typesupport_connext_cpp.dir/rosidl_typesupport_connext_cpp/mymsg/msg/dds_connext/Pose_Support.cxx.o[0m
[10.310s] [ 59%] [32mBuilding CXX object CMakeFiles/mymsg__rosidl_typesupport_connext_cpp.dir/rosidl_typesupport_connext_cpp/mymsg/msg/dds_connext/Transform_Plugin.cxx.o[0m
[10.401s] [ 60%] [32mBuilding CXX object CMakeFiles/mymsg__rosidl_typesupport_connext_cpp.dir/rosidl_typesupport_connext_cpp/mymsg/msg/dds_connext/Transform_Support.cxx.o[0m
[10.425s] [ 61%] [32mBuilding CXX object CMakeFiles/mymsg__rosidl_typesupport_connext_cpp.dir/rosidl_typesupport_connext_cpp/mymsg/msg/dds_connext/MultiTransform_.cxx.o[0m
[10.441s] [ 62%] [32mBuilding CXX object CMakeFiles/mymsg__rosidl_typesupport_connext_cpp.dir/rosidl_typesupport_connext_cpp/mymsg/msg/dds_connext/MultiTransform_Plugin.cxx.o[0m
[10.457s] [ 63%] [32mBuilding CXX object CMakeFiles/mymsg__rosidl_typesupport_connext_cpp.dir/rosidl_typesupport_connext_cpp/mymsg/srv/dds_connext/Imagedata_.cxx.o[0m
[10.458s] [ 63%] [32mBuilding CXX object CMakeFiles/mymsg__rosidl_typesupport_connext_cpp.dir/rosidl_typesupport_connext_cpp/mymsg/msg/dds_connext/MultiTransform_Support.cxx.o[0m
[10.532s] [ 64%] [32mBuilding CXX object CMakeFiles/mymsg__rosidl_typesupport_connext_cpp.dir/rosidl_typesupport_connext_cpp/mymsg/srv/dds_connext/Imagedata_Plugin.cxx.o[0m
[10.586s] [ 65%] [32mBuilding CXX object CMakeFiles/mymsg__rosidl_typesupport_connext_cpp.dir/rosidl_typesupport_connext_cpp/mymsg/srv/dds_connext/Imagedata_Support.cxx.o[0m
[11.391s] [ 66%] [32m[1mLinking CXX shared library libmymsg__rosidl_typesupport_connext_cpp.so[0m
[11.724s] [ 66%] Built target mymsg__rosidl_typesupport_connext_cpp
[11.741s] [ 67%] [34m[1mGenerating C type support for RTI Connext[0m
[12.233s] [35m[1mScanning dependencies of target mymsg__rosidl_typesupport_connext_c[0m
[12.509s] [ 68%] [32mBuilding CXX object CMakeFiles/mymsg__rosidl_typesupport_connext_c.dir/rosidl_typesupport_connext_c/mymsg/msg/dds_connext/poses__type_support_c.cpp.o[0m
[12.509s] [ 69%] [32mBuilding CXX object CMakeFiles/mymsg__rosidl_typesupport_connext_c.dir/rosidl_typesupport_connext_c/mymsg/msg/dds_connext/pose__type_support_c.cpp.o[0m
[12.510s] [ 70%] [32mBuilding CXX object CMakeFiles/mymsg__rosidl_typesupport_connext_c.dir/rosidl_typesupport_connext_c/mymsg/msg/dds_connext/transform__type_support_c.cpp.o[0m
[12.511s] [ 71%] [32mBuilding CXX object CMakeFiles/mymsg__rosidl_typesupport_connext_c.dir/rosidl_typesupport_connext_c/mymsg/msg/dds_connext/multi_transform__type_support_c.cpp.o[0m
[12.513s] [ 72%] [32mBuilding CXX object CMakeFiles/mymsg__rosidl_typesupport_connext_c.dir/rosidl_typesupport_connext_cpp/mymsg/msg/dds_connext/Pose_Plugin.cxx.o[0m
[12.514s] [ 72%] [32mBuilding CXX object CMakeFiles/mymsg__rosidl_typesupport_connext_c.dir/rosidl_typesupport_connext_cpp/mymsg/msg/dds_connext/Pose_.cxx.o[0m
[12.514s] [ 73%] [32mBuilding CXX object CMakeFiles/mymsg__rosidl_typesupport_connext_c.dir/rosidl_typesupport_connext_c/mymsg/srv/dds_connext/imagedata__type_support_c.cpp.o[0m
[12.514s] [ 74%] [32mBuilding CXX object CMakeFiles/mymsg__rosidl_typesupport_connext_c.dir/rosidl_typesupport_connext_cpp/mymsg/msg/dds_connext/Poses_.cxx.o[0m
[12.515s] [ 75%] [32mBuilding CXX object CMakeFiles/mymsg__rosidl_typesupport_connext_c.dir/rosidl_typesupport_connext_cpp/mymsg/msg/dds_connext/Pose_Support.cxx.o[0m
[12.515s] [ 76%] [32mBuilding CXX object CMakeFiles/mymsg__rosidl_typesupport_connext_c.dir/rosidl_typesupport_connext_cpp/mymsg/msg/dds_connext/Poses_Plugin.cxx.o[0m
[12.528s] [ 77%] [32mBuilding CXX object CMakeFiles/mymsg__rosidl_typesupport_connext_c.dir/rosidl_typesupport_connext_cpp/mymsg/msg/dds_connext/Transform_.cxx.o[0m
[12.536s] [ 78%] [32mBuilding CXX object CMakeFiles/mymsg__rosidl_typesupport_connext_c.dir/rosidl_typesupport_connext_cpp/mymsg/msg/dds_connext/Poses_Support.cxx.o[0m
[13.253s] [ 79%] [32mBuilding CXX object CMakeFiles/mymsg__rosidl_typesupport_connext_c.dir/rosidl_typesupport_connext_cpp/mymsg/msg/dds_connext/Transform_Plugin.cxx.o[0m
[13.283s] [ 80%] [32mBuilding CXX object CMakeFiles/mymsg__rosidl_typesupport_connext_c.dir/rosidl_typesupport_connext_cpp/mymsg/msg/dds_connext/Transform_Support.cxx.o[0m
[13.308s] [ 81%] [32mBuilding CXX object CMakeFiles/mymsg__rosidl_typesupport_connext_c.dir/rosidl_typesupport_connext_cpp/mymsg/msg/dds_connext/MultiTransform_.cxx.o[0m
[13.332s] [ 81%] [32mBuilding CXX object CMakeFiles/mymsg__rosidl_typesupport_connext_c.dir/rosidl_typesupport_connext_cpp/mymsg/msg/dds_connext/MultiTransform_Plugin.cxx.o[0m
[13.417s] [ 82%] [32mBuilding CXX object CMakeFiles/mymsg__rosidl_typesupport_connext_c.dir/rosidl_typesupport_connext_cpp/mymsg/msg/dds_connext/MultiTransform_Support.cxx.o[0m
[13.428s] [ 83%] [32mBuilding CXX object CMakeFiles/mymsg__rosidl_typesupport_connext_c.dir/rosidl_typesupport_connext_cpp/mymsg/srv/dds_connext/Imagedata_.cxx.o[0m
[13.536s] [ 84%] [32mBuilding CXX object CMakeFiles/mymsg__rosidl_typesupport_connext_c.dir/rosidl_typesupport_connext_cpp/mymsg/srv/dds_connext/Imagedata_Support.cxx.o[0m
[13.543s] [ 85%] [32mBuilding CXX object CMakeFiles/mymsg__rosidl_typesupport_connext_c.dir/rosidl_typesupport_connext_cpp/mymsg/srv/dds_connext/Imagedata_Plugin.cxx.o[0m
[14.345s] [ 86%] [32m[1mLinking CXX shared library libmymsg__rosidl_typesupport_connext_c.so[0m
[14.723s] [ 87%] Built target mymsg__rosidl_typesupport_connext_c
[14.738s] [35m[1mScanning dependencies of target mymsg[0m
[14.755s] [ 87%] Built target mymsg
[14.770s] [35m[1mScanning dependencies of target mymsg__py[0m
[14.788s] [ 88%] [34m[1mGenerating Python code for ROS interfaces[0m
[15.832s] [ 88%] Built target mymsg__py
[15.846s] [35m[1mScanning dependencies of target mymsg__python[0m
[15.891s] [ 89%] [32mBuilding C object CMakeFiles/mymsg__python.dir/rosidl_generator_py/mymsg/msg/_poses_s.c.o[0m
[15.891s] [ 91%] [32mBuilding C object CMakeFiles/mymsg__python.dir/rosidl_generator_py/mymsg/msg/_multi_transform_s.c.o[0m
[15.892s] [ 91%] [32mBuilding C object CMakeFiles/mymsg__python.dir/rosidl_generator_py/mymsg/msg/_transform_s.c.o[0m
[15.892s] [ 92%] [32mBuilding C object CMakeFiles/mymsg__python.dir/rosidl_generator_py/mymsg/msg/_pose_s.c.o[0m
[15.895s] [ 93%] [32mBuilding C object CMakeFiles/mymsg__python.dir/rosidl_generator_py/mymsg/srv/_imagedata_s.c.o[0m
[16.041s] [ 93%] [32m[1mLinking C shared library rosidl_generator_py/mymsg/libmymsg__python.so[0m
[16.110s] [ 93%] Built target mymsg__python
[16.125s] [35m[1mScanning dependencies of target mymsg__rosidl_typesupport_c__pyext[0m
[16.125s] [35m[1mScanning dependencies of target mymsg__rosidl_typesupport_introspection_c__pyext[0m
[16.125s] [35m[1mScanning dependencies of target mymsg__rosidl_typesupport_connext_c__pyext[0m
[16.125s] [35m[1mScanning dependencies of target mymsg__rosidl_typesupport_fastrtps_c__pyext[0m
[16.160s] [ 93%] [32mBuilding C object CMakeFiles/mymsg__rosidl_typesupport_introspection_c__pyext.dir/rosidl_generator_py/mymsg/_mymsg_s.ep.rosidl_typesupport_introspection_c.c.o[0m
[16.162s] [ 94%] [32mBuilding C object CMakeFiles/mymsg__rosidl_typesupport_c__pyext.dir/rosidl_generator_py/mymsg/_mymsg_s.ep.rosidl_typesupport_c.c.o[0m
[16.167s] [ 95%] [32mBuilding C object CMakeFiles/mymsg__rosidl_typesupport_fastrtps_c__pyext.dir/rosidl_generator_py/mymsg/_mymsg_s.ep.rosidl_typesupport_fastrtps_c.c.o[0m
[16.169s] [ 96%] [32mBuilding C object CMakeFiles/mymsg__rosidl_typesupport_connext_c__pyext.dir/rosidl_generator_py/mymsg/_mymsg_s.ep.rosidl_typesupport_connext_c.c.o[0m
[16.301s] [ 97%] [32m[1mLinking C shared library rosidl_generator_py/mymsg/mymsg_s__rosidl_typesupport_c.cpython-38-x86_64-linux-gnu.so[0m
[16.301s] [ 98%] [32m[1mLinking C shared library rosidl_generator_py/mymsg/mymsg_s__rosidl_typesupport_introspection_c.cpython-38-x86_64-linux-gnu.so[0m
[16.312s] [ 99%] [32m[1mLinking C shared library rosidl_generator_py/mymsg/mymsg_s__rosidl_typesupport_connext_c.cpython-38-x86_64-linux-gnu.so[0m
[16.313s] [100%] [32m[1mLinking CXX shared library rosidl_generator_py/mymsg/mymsg_s__rosidl_typesupport_fastrtps_c.cpython-38-x86_64-linux-gnu.so[0m
[16.363s] [100%] Built target mymsg__rosidl_typesupport_introspection_c__pyext
[16.363s] [100%] Built target mymsg__rosidl_typesupport_c__pyext
[16.413s] [100%] Built target mymsg__rosidl_typesupport_fastrtps_c__pyext
[16.454s] [100%] Built target mymsg__rosidl_typesupport_connext_c__pyext
[29.169s] Invoked command in '/root/research-1/build/mymsg' returned '0': CMAKE_PREFIX_PATH=${CMAKE_PREFIX_PATH}:/root/research_version_two/install/pose_chaser:/root/Pose_waypointmaker/install/tf2_pifpaf:/root/Pose_waypointmaker/install/ros2_pifpaf:/root/Pose_waypointmaker/install/pifpaf_navi:/root/sirius/sirius_ws/install/turtlebot3_teleop:/root/sirius/sirius_ws/install/turtlebot3_example:/opt/ros/foxy /usr/bin/cmake --build /root/research-1/build/mymsg -- -j12 -l12
[29.477s] Invoking command in '/root/research-1/build/mymsg': CMAKE_PREFIX_PATH=${CMAKE_PREFIX_PATH}:/root/research_version_two/install/pose_chaser:/root/Pose_waypointmaker/install/tf2_pifpaf:/root/Pose_waypointmaker/install/ros2_pifpaf:/root/Pose_waypointmaker/install/pifpaf_navi:/root/sirius/sirius_ws/install/turtlebot3_teleop:/root/sirius/sirius_ws/install/turtlebot3_example:/opt/ros/foxy /usr/bin/cmake --install /root/research-1/build/mymsg
[29.490s] -- Install configuration: ""
[29.490s] -- Installing: /root/research-1/install/mymsg/share/ament_index/resource_index/rosidl_interfaces/mymsg
[29.490s] -- Installing: /root/research-1/install/mymsg/include/mymsg
[29.491s] -- Installing: /root/research-1/install/mymsg/include/mymsg/srv
[29.491s] -- Installing: /root/research-1/install/mymsg/include/mymsg/srv/imagedata.h
[29.491s] -- Installing: /root/research-1/install/mymsg/include/mymsg/srv/detail
[29.491s] -- Installing: /root/research-1/install/mymsg/include/mymsg/srv/detail/imagedata__functions.c
[29.491s] -- Installing: /root/research-1/install/mymsg/include/mymsg/srv/detail/imagedata__functions.h
[29.491s] -- Installing: /root/research-1/install/mymsg/include/mymsg/srv/detail/imagedata__struct.h
[29.492s] -- Installing: /root/research-1/install/mymsg/include/mymsg/srv/detail/imagedata__type_support.h
[29.492s] -- Installing: /root/research-1/install/mymsg/include/mymsg/msg
[29.492s] -- Installing: /root/research-1/install/mymsg/include/mymsg/msg/multi_transform.h
[29.492s] -- Installing: /root/research-1/install/mymsg/include/mymsg/msg/rosidl_generator_c__visibility_control.h
[29.492s] -- Installing: /root/research-1/install/mymsg/include/mymsg/msg/poses.h
[29.492s] -- Installing: /root/research-1/install/mymsg/include/mymsg/msg/detail
[29.493s] -- Installing: /root/research-1/install/mymsg/include/mymsg/msg/detail/multi_transform__type_support.h
[29.493s] -- Installing: /root/research-1/install/mymsg/include/mymsg/msg/detail/pose__functions.h
[29.493s] -- Installing: /root/research-1/install/mymsg/include/mymsg/msg/detail/multi_transform__functions.h
[29.493s] -- Installing: /root/research-1/install/mymsg/include/mymsg/msg/detail/transform__functions.c
[29.493s] -- Installing: /root/research-1/install/mymsg/include/mymsg/msg/detail/pose__struct.h
[29.493s] -- Installing: /root/research-1/install/mymsg/include/mymsg/msg/detail/multi_transform__struct.h
[29.494s] -- Installing: /root/research-1/install/mymsg/include/mymsg/msg/detail/pose__type_support.h
[29.494s] -- Installing: /root/research-1/install/mymsg/include/mymsg/msg/detail/poses__type_support.h
[29.494s] -- Installing: /root/research-1/install/mymsg/include/mymsg/msg/detail/transform__type_support.h
[29.494s] -- Installing: /root/research-1/install/mymsg/include/mymsg/msg/detail/transform__struct.h
[29.494s] -- Installing: /root/research-1/install/mymsg/include/mymsg/msg/detail/poses__functions.c
[29.495s] -- Installing: /root/research-1/install/mymsg/include/mymsg/msg/detail/multi_transform__functions.c
[29.495s] -- Installing: /root/research-1/install/mymsg/include/mymsg/msg/detail/transform__functions.h
[29.495s] -- Installing: /root/research-1/install/mymsg/include/mymsg/msg/detail/poses__struct.h
[29.495s] -- Installing: /root/research-1/install/mymsg/include/mymsg/msg/detail/pose__functions.c
[29.496s] -- Installing: /root/research-1/install/mymsg/include/mymsg/msg/detail/poses__functions.h
[29.496s] -- Installing: /root/research-1/install/mymsg/include/mymsg/msg/transform.h
[29.496s] -- Installing: /root/research-1/install/mymsg/include/mymsg/msg/pose.h
[29.496s] -- Installing: /root/research-1/install/mymsg/share/mymsg/environment/library_path.sh
[29.497s] -- Installing: /root/research-1/install/mymsg/share/mymsg/environment/library_path.dsv
[29.497s] -- Installing: /root/research-1/install/mymsg/lib/libmymsg__rosidl_generator_c.so
[29.498s] -- Set runtime path of "/root/research-1/install/mymsg/lib/libmymsg__rosidl_generator_c.so" to ""
[29.498s] -- Up-to-date: /root/research-1/install/mymsg/include/mymsg
[29.498s] -- Up-to-date: /root/research-1/install/mymsg/include/mymsg/srv
[29.498s] -- Installing: /root/research-1/install/mymsg/include/mymsg/srv/dds_connext
[29.498s] -- Installing: /root/research-1/install/mymsg/include/mymsg/srv/imagedata__rosidl_typesupport_connext_c.h
[29.499s] -- Up-to-date: /root/research-1/install/mymsg/include/mymsg/msg
[29.499s] -- Installing: /root/research-1/install/mymsg/include/mymsg/msg/rosidl_typesupport_connext_c__visibility_control.h
[29.499s] -- Installing: /root/research-1/install/mymsg/include/mymsg/msg/pose__rosidl_typesupport_connext_c.h
[29.499s] -- Installing: /root/research-1/install/mymsg/include/mymsg/msg/poses__rosidl_typesupport_connext_c.h
[29.499s] -- Installing: /root/research-1/install/mymsg/include/mymsg/msg/multi_transform__rosidl_typesupport_connext_c.h
[29.499s] -- Installing: /root/research-1/install/mymsg/include/mymsg/msg/dds_connext
[29.499s] -- Installing: /root/research-1/install/mymsg/include/mymsg/msg/transform__rosidl_typesupport_connext_c.h
[29.500s] -- Installing: /root/research-1/install/mymsg/lib/libmymsg__rosidl_typesupport_connext_c.so
[29.502s] -- Set runtime path of "/root/research-1/install/mymsg/lib/libmymsg__rosidl_typesupport_connext_c.so" to ""
[29.503s] -- Installing: /root/research-1/install/mymsg/share/mymsg/msg/dds_connext
[29.503s] -- Installing: /root/research-1/install/mymsg/share/mymsg/msg/dds_connext/Poses_.idl
[29.503s] -- Installing: /root/research-1/install/mymsg/share/mymsg/msg/dds_connext/Pose_.idl
[29.503s] -- Installing: /root/research-1/install/mymsg/share/mymsg/msg/dds_connext/MultiTransform_.idl
[29.503s] -- Installing: /root/research-1/install/mymsg/share/mymsg/msg/dds_connext/Transform_.idl
[29.503s] -- Installing: /root/research-1/install/mymsg/share/mymsg/srv/dds_connext
[29.504s] -- Installing: /root/research-1/install/mymsg/share/mymsg/srv/dds_connext/Imagedata_.idl
[29.504s] -- Up-to-date: /root/research-1/install/mymsg/include/mymsg
[29.504s] -- Up-to-date: /root/research-1/install/mymsg/include/mymsg/srv
[29.504s] -- Installing: /root/research-1/install/mymsg/include/mymsg/srv/imagedata__rosidl_typesupport_connext_cpp.hpp
[29.505s] -- Up-to-date: /root/research-1/install/mymsg/include/mymsg/srv/dds_connext
[29.505s] -- Installing: /root/research-1/install/mymsg/include/mymsg/srv/dds_connext/Imagedata_.cxx
[29.505s] -- Installing: /root/research-1/install/mymsg/include/mymsg/srv/dds_connext/Imagedata_Support.h
[29.505s] -- Installing: /root/research-1/install/mymsg/include/mymsg/srv/dds_connext/Imagedata_Plugin.cxx
[29.505s] -- Installing: /root/research-1/install/mymsg/include/mymsg/srv/dds_connext/Imagedata_.h
[29.505s] -- Installing: /root/research-1/install/mymsg/include/mymsg/srv/dds_connext/Imagedata_Plugin.h
[29.506s] -- Installing: /root/research-1/install/mymsg/include/mymsg/srv/dds_connext/Imagedata_Support.cxx
[29.506s] -- Up-to-date: /root/research-1/install/mymsg/include/mymsg/msg
[29.506s] -- Installing: /root/research-1/install/mymsg/include/mymsg/msg/rosidl_typesupport_connext_cpp__visibility_control.h
[29.507s] -- Installing: /root/research-1/install/mymsg/include/mymsg/msg/multi_transform__rosidl_typesupport_connext_cpp.hpp
[29.507s] -- Installing: /root/research-1/install/mymsg/include/mymsg/msg/transform__rosidl_typesupport_connext_cpp.hpp
[29.507s] -- Up-to-date: /root/research-1/install/mymsg/include/mymsg/msg/dds_connext
[29.507s] -- Installing: /root/research-1/install/mymsg/include/mymsg/msg/dds_connext/Transform_Support.cxx
[29.507s] -- Installing: /root/research-1/install/mymsg/include/mymsg/msg/dds_connext/Transform_.cxx
[29.508s] -- Installing: /root/research-1/install/mymsg/include/mymsg/msg/dds_connext/Poses_Plugin.cxx
[29.508s] -- Installing: /root/research-1/install/mymsg/include/mymsg/msg/dds_connext/Poses_.h
[29.508s] -- Installing: /root/research-1/install/mymsg/include/mymsg/msg/dds_connext/Pose_Support.h
[29.508s] -- Installing: /root/research-1/install/mymsg/include/mymsg/msg/dds_connext/Transform_Support.h
[29.509s] -- Installing: /root/research-1/install/mymsg/include/mymsg/msg/dds_connext/Transform_Plugin.h
[29.509s] -- Installing: /root/research-1/install/mymsg/include/mymsg/msg/dds_connext/MultiTransform_Plugin.cxx
[29.509s] -- Installing: /root/research-1/install/mymsg/include/mymsg/msg/dds_connext/Poses_Support.h
[29.509s] -- Installing: /root/research-1/install/mymsg/include/mymsg/msg/dds_connext/Pose_.h
[29.509s] -- Installing: /root/research-1/install/mymsg/include/mymsg/msg/dds_connext/Poses_.cxx
[29.510s] -- Installing: /root/research-1/install/mymsg/include/mymsg/msg/dds_connext/Pose_Support.cxx
[29.510s] -- Installing: /root/research-1/install/mymsg/include/mymsg/msg/dds_connext/Poses_Plugin.h
[29.510s] -- Installing: /root/research-1/install/mymsg/include/mymsg/msg/dds_connext/Transform_Plugin.cxx
[29.510s] -- Installing: /root/research-1/install/mymsg/include/mymsg/msg/dds_connext/MultiTransform_.h
[29.511s] -- Installing: /root/research-1/install/mymsg/include/mymsg/msg/dds_connext/Pose_.cxx
[29.511s] -- Installing: /root/research-1/install/mymsg/include/mymsg/msg/dds_connext/Transform_.h
[29.511s] -- Installing: /root/research-1/install/mymsg/include/mymsg/msg/dds_connext/MultiTransform_.cxx
[29.511s] -- Installing: /root/research-1/install/mymsg/include/mymsg/msg/dds_connext/Pose_Plugin.cxx
[29.511s] -- Installing: /root/research-1/install/mymsg/include/mymsg/msg/dds_connext/Poses_Support.cxx
[29.512s] -- Installing: /root/research-1/install/mymsg/include/mymsg/msg/dds_connext/MultiTransform_Support.cxx
[29.512s] -- Installing: /root/research-1/install/mymsg/include/mymsg/msg/dds_connext/Pose_Plugin.h
[29.512s] -- Installing: /root/research-1/install/mymsg/include/mymsg/msg/dds_connext/MultiTransform_Support.h
[29.512s] -- Installing: /root/research-1/install/mymsg/include/mymsg/msg/dds_connext/MultiTransform_Plugin.h
[29.513s] -- Installing: /root/research-1/install/mymsg/include/mymsg/msg/pose__rosidl_typesupport_connext_cpp.hpp
[29.513s] -- Installing: /root/research-1/install/mymsg/include/mymsg/msg/poses__rosidl_typesupport_connext_cpp.hpp
[29.513s] -- Installing: /root/research-1/install/mymsg/lib/libmymsg__rosidl_typesupport_connext_cpp.so
[29.516s] -- Set runtime path of "/root/research-1/install/mymsg/lib/libmymsg__rosidl_typesupport_connext_cpp.so" to ""
[29.516s] -- Up-to-date: /root/research-1/install/mymsg/include/mymsg
[29.516s] -- Up-to-date: /root/research-1/install/mymsg/include/mymsg/srv
[29.517s] -- Up-to-date: /root/research-1/install/mymsg/include/mymsg/srv/detail
[29.517s] -- Installing: /root/research-1/install/mymsg/include/mymsg/srv/detail/imagedata__rosidl_typesupport_fastrtps_c.h
[29.517s] -- Up-to-date: /root/research-1/install/mymsg/include/mymsg/msg
[29.517s] -- Up-to-date: /root/research-1/install/mymsg/include/mymsg/msg/detail
[29.517s] -- Installing: /root/research-1/install/mymsg/include/mymsg/msg/detail/poses__rosidl_typesupport_fastrtps_c.h
[29.517s] -- Installing: /root/research-1/install/mymsg/include/mymsg/msg/detail/multi_transform__rosidl_typesupport_fastrtps_c.h
[29.517s] -- Installing: /root/research-1/install/mymsg/include/mymsg/msg/detail/transform__rosidl_typesupport_fastrtps_c.h
[29.518s] -- Installing: /root/research-1/install/mymsg/include/mymsg/msg/detail/pose__rosidl_typesupport_fastrtps_c.h
[29.518s] -- Installing: /root/research-1/install/mymsg/include/mymsg/msg/rosidl_typesupport_fastrtps_c__visibility_control.h
[29.518s] -- Installing: /root/research-1/install/mymsg/lib/libmymsg__rosidl_typesupport_fastrtps_c.so
[29.519s] -- Set runtime path of "/root/research-1/install/mymsg/lib/libmymsg__rosidl_typesupport_fastrtps_c.so" to ""
[29.519s] -- Up-to-date: /root/research-1/install/mymsg/include/mymsg
[29.519s] -- Up-to-date: /root/research-1/install/mymsg/include/mymsg/srv
[29.519s] -- Up-to-date: /root/research-1/install/mymsg/include/mymsg/srv/detail
[29.519s] -- Installing: /root/research-1/install/mymsg/include/mymsg/srv/detail/imagedata__rosidl_typesupport_fastrtps_cpp.hpp
[29.519s] -- Installing: /root/research-1/install/mymsg/include/mymsg/srv/detail/dds_fastrtps
[29.520s] -- Up-to-date: /root/research-1/install/mymsg/include/mymsg/msg
[29.520s] -- Up-to-date: /root/research-1/install/mymsg/include/mymsg/msg/detail
[29.520s] -- Installing: /root/research-1/install/mymsg/include/mymsg/msg/detail/multi_transform__rosidl_typesupport_fastrtps_cpp.hpp
[29.520s] -- Installing: /root/research-1/install/mymsg/include/mymsg/msg/detail/pose__rosidl_typesupport_fastrtps_cpp.hpp
[29.520s] -- Installing: /root/research-1/install/mymsg/include/mymsg/msg/detail/transform__rosidl_typesupport_fastrtps_cpp.hpp
[29.520s] -- Installing: /root/research-1/install/mymsg/include/mymsg/msg/detail/poses__rosidl_typesupport_fastrtps_cpp.hpp
[29.520s] -- Installing: /root/research-1/install/mymsg/include/mymsg/msg/detail/dds_fastrtps
[29.521s] -- Installing: /root/research-1/install/mymsg/include/mymsg/msg/rosidl_typesupport_fastrtps_cpp__visibility_control.h
[29.521s] -- Installing: /root/research-1/install/mymsg/lib/libmymsg__rosidl_typesupport_fastrtps_cpp.so
[29.522s] -- Set runtime path of "/root/research-1/install/mymsg/lib/libmymsg__rosidl_typesupport_fastrtps_cpp.so" to ""
[29.522s] -- Up-to-date: /root/research-1/install/mymsg/include/mymsg
[29.522s] -- Up-to-date: /root/research-1/install/mymsg/include/mymsg/srv
[29.522s] -- Up-to-date: /root/research-1/install/mymsg/include/mymsg/srv/detail
[29.522s] -- Installing: /root/research-1/install/mymsg/include/mymsg/srv/detail/imagedata__type_support.c
[29.522s] -- Installing: /root/research-1/install/mymsg/include/mymsg/srv/detail/imagedata__rosidl_typesupport_introspection_c.h
[29.523s] -- Up-to-date: /root/research-1/install/mymsg/include/mymsg/msg
[29.523s] -- Up-to-date: /root/research-1/install/mymsg/include/mymsg/msg/detail
[29.523s] -- Installing: /root/research-1/install/mymsg/include/mymsg/msg/detail/pose__rosidl_typesupport_introspection_c.h
[29.523s] -- Installing: /root/research-1/install/mymsg/include/mymsg/msg/detail/transform__type_support.c
[29.523s] -- Installing: /root/research-1/install/mymsg/include/mymsg/msg/detail/multi_transform__rosidl_typesupport_introspection_c.h
[29.523s] -- Installing: /root/research-1/install/mymsg/include/mymsg/msg/detail/transform__rosidl_typesupport_introspection_c.h
[29.523s] -- Installing: /root/research-1/install/mymsg/include/mymsg/msg/detail/multi_transform__type_support.c
[29.524s] -- Installing: /root/research-1/install/mymsg/include/mymsg/msg/detail/poses__type_support.c
[29.524s] -- Installing: /root/research-1/install/mymsg/include/mymsg/msg/detail/pose__type_support.c
[29.524s] -- Installing: /root/research-1/install/mymsg/include/mymsg/msg/detail/poses__rosidl_typesupport_introspection_c.h
[29.524s] -- Installing: /root/research-1/install/mymsg/include/mymsg/msg/rosidl_typesupport_introspection_c__visibility_control.h
[29.524s] -- Installing: /root/research-1/install/mymsg/lib/libmymsg__rosidl_typesupport_introspection_c.so
[29.525s] -- Set runtime path of "/root/research-1/install/mymsg/lib/libmymsg__rosidl_typesupport_introspection_c.so" to ""
[29.525s] -- Installing: /root/research-1/install/mymsg/lib/libmymsg__rosidl_typesupport_c.so
[29.526s] -- Set runtime path of "/root/research-1/install/mymsg/lib/libmymsg__rosidl_typesupport_c.so" to ""
[29.526s] -- Up-to-date: /root/research-1/install/mymsg/include/mymsg
[29.526s] -- Up-to-date: /root/research-1/install/mymsg/include/mymsg/srv
[29.526s] -- Up-to-date: /root/research-1/install/mymsg/include/mymsg/srv/detail
[29.527s] -- Installing: /root/research-1/install/mymsg/include/mymsg/srv/detail/imagedata__traits.hpp
[29.527s] -- Installing: /root/research-1/install/mymsg/include/mymsg/srv/detail/imagedata__builder.hpp
[29.527s] -- Installing: /root/research-1/install/mymsg/include/mymsg/srv/detail/imagedata__struct.hpp
[29.527s] -- Installing: /root/research-1/install/mymsg/include/mymsg/srv/imagedata.hpp
[29.527s] -- Up-to-date: /root/research-1/install/mymsg/include/mymsg/msg
[29.527s] -- Installing: /root/research-1/install/mymsg/include/mymsg/msg/multi_transform.hpp
[29.527s] -- Installing: /root/research-1/install/mymsg/include/mymsg/msg/transform.hpp
[29.528s] -- Up-to-date: /root/research-1/install/mymsg/include/mymsg/msg/detail
[29.528s] -- Installing: /root/research-1/install/mymsg/include/mymsg/msg/detail/poses__struct.hpp
[29.528s] -- Installing: /root/research-1/install/mymsg/include/mymsg/msg/detail/multi_transform__struct.hpp
[29.528s] -- Installing: /root/research-1/install/mymsg/include/mymsg/msg/detail/multi_transform__traits.hpp
[29.528s] -- Installing: /root/research-1/install/mymsg/include/mymsg/msg/detail/poses__builder.hpp
[29.528s] -- Installing: /root/research-1/install/mymsg/include/mymsg/msg/detail/transform__struct.hpp
[29.528s] -- Installing: /root/research-1/install/mymsg/include/mymsg/msg/detail/pose__struct.hpp
[29.529s] -- Installing: /root/research-1/install/mymsg/include/mymsg/msg/detail/pose__traits.hpp
[29.529s] -- Installing: /root/research-1/install/mymsg/include/mymsg/msg/detail/transform__traits.hpp
[29.529s] -- Installing: /root/research-1/install/mymsg/include/mymsg/msg/detail/poses__traits.hpp
[29.529s] -- Installing: /root/research-1/install/mymsg/include/mymsg/msg/detail/transform__builder.hpp
[29.529s] -- Installing: /root/research-1/install/mymsg/include/mymsg/msg/detail/multi_transform__builder.hpp
[29.530s] -- Installing: /root/research-1/install/mymsg/include/mymsg/msg/detail/pose__builder.hpp
[29.530s] -- Installing: /root/research-1/install/mymsg/include/mymsg/msg/pose.hpp
[29.530s] -- Installing: /root/research-1/install/mymsg/include/mymsg/msg/poses.hpp
[29.530s] -- Up-to-date: /root/research-1/install/mymsg/include/mymsg
[29.530s] -- Up-to-date: /root/research-1/install/mymsg/include/mymsg/srv
[29.531s] -- Up-to-date: /root/research-1/install/mymsg/include/mymsg/srv/detail
[29.531s] -- Installing: /root/research-1/install/mymsg/include/mymsg/srv/detail/imagedata__rosidl_typesupport_introspection_cpp.hpp
[29.531s] -- Installing: /root/research-1/install/mymsg/include/mymsg/srv/detail/imagedata__type_support.cpp
[29.531s] -- Up-to-date: /root/research-1/install/mymsg/include/mymsg/msg
[29.531s] -- Up-to-date: /root/research-1/install/mymsg/include/mymsg/msg/detail
[29.531s] -- Installing: /root/research-1/install/mymsg/include/mymsg/msg/detail/poses__type_support.cpp
[29.531s] -- Installing: /root/research-1/install/mymsg/include/mymsg/msg/detail/multi_transform__type_support.cpp
[29.532s] -- Installing: /root/research-1/install/mymsg/include/mymsg/msg/detail/transform__type_support.cpp
[29.532s] -- Installing: /root/research-1/install/mymsg/include/mymsg/msg/detail/pose__type_support.cpp
[29.532s] -- Installing: /root/research-1/install/mymsg/include/mymsg/msg/detail/multi_transform__rosidl_typesupport_introspection_cpp.hpp
[29.532s] -- Installing: /root/research-1/install/mymsg/include/mymsg/msg/detail/pose__rosidl_typesupport_introspection_cpp.hpp
[29.532s] -- Installing: /root/research-1/install/mymsg/include/mymsg/msg/detail/transform__rosidl_typesupport_introspection_cpp.hpp
[29.532s] -- Installing: /root/research-1/install/mymsg/include/mymsg/msg/detail/poses__rosidl_typesupport_introspection_cpp.hpp
[29.533s] -- Installing: /root/research-1/install/mymsg/lib/libmymsg__rosidl_typesupport_introspection_cpp.so
[29.534s] -- Set runtime path of "/root/research-1/install/mymsg/lib/libmymsg__rosidl_typesupport_introspection_cpp.so" to ""
[29.534s] -- Installing: /root/research-1/install/mymsg/lib/libmymsg__rosidl_typesupport_cpp.so
[29.535s] -- Set runtime path of "/root/research-1/install/mymsg/lib/libmymsg__rosidl_typesupport_cpp.so" to ""
[29.535s] -- Installing: /root/research-1/install/mymsg/share/mymsg/environment/pythonpath.sh
[29.535s] -- Installing: /root/research-1/install/mymsg/share/mymsg/environment/pythonpath.dsv
[29.535s] -- Installing: /root/research-1/install/mymsg/lib/python3.8/site-packages/mymsg/__init__.py
[29.593s] Compiling '/root/research-1/install/mymsg/lib/python3.8/site-packages/mymsg/__init__.py'...
[29.598s] -- Installing: /root/research-1/install/mymsg/lib/python3.8/site-packages/mymsg/msg
[29.598s] -- Installing: /root/research-1/install/mymsg/lib/python3.8/site-packages/mymsg/msg/_transform_s.c
[29.599s] -- Installing: /root/research-1/install/mymsg/lib/python3.8/site-packages/mymsg/msg/_multi_transform_s.c
[29.599s] -- Installing: /root/research-1/install/mymsg/lib/python3.8/site-packages/mymsg/msg/_pose_s.c
[29.599s] -- Installing: /root/research-1/install/mymsg/lib/python3.8/site-packages/mymsg/msg/_transform.py
[29.599s] -- Installing: /root/research-1/install/mymsg/lib/python3.8/site-packages/mymsg/msg/_poses_s.c
[29.599s] -- Installing: /root/research-1/install/mymsg/lib/python3.8/site-packages/mymsg/msg/_poses.py
[29.600s] -- Installing: /root/research-1/install/mymsg/lib/python3.8/site-packages/mymsg/msg/__init__.py
[29.600s] -- Installing: /root/research-1/install/mymsg/lib/python3.8/site-packages/mymsg/msg/_pose.py
[29.600s] -- Installing: /root/research-1/install/mymsg/lib/python3.8/site-packages/mymsg/msg/_multi_transform.py
[29.600s] -- Installing: /root/research-1/install/mymsg/lib/python3.8/site-packages/mymsg/srv
[29.600s] -- Installing: /root/research-1/install/mymsg/lib/python3.8/site-packages/mymsg/srv/_imagedata_s.c
[29.601s] -- Installing: /root/research-1/install/mymsg/lib/python3.8/site-packages/mymsg/srv/_imagedata.py
[29.601s] -- Installing: /root/research-1/install/mymsg/lib/python3.8/site-packages/mymsg/srv/__init__.py
[29.601s] -- Installing: /root/research-1/install/mymsg/lib/python3.8/site-packages/mymsg/mymsg_s__rosidl_typesupport_connext_c.cpython-38-x86_64-linux-gnu.so
[29.602s] -- Set runtime path of "/root/research-1/install/mymsg/lib/python3.8/site-packages/mymsg/mymsg_s__rosidl_typesupport_connext_c.cpython-38-x86_64-linux-gnu.so" to ""
[29.603s] -- Installing: /root/research-1/install/mymsg/lib/python3.8/site-packages/mymsg/mymsg_s__rosidl_typesupport_fastrtps_c.cpython-38-x86_64-linux-gnu.so
[29.603s] -- Set runtime path of "/root/research-1/install/mymsg/lib/python3.8/site-packages/mymsg/mymsg_s__rosidl_typesupport_fastrtps_c.cpython-38-x86_64-linux-gnu.so" to ""
[29.604s] -- Installing: /root/research-1/install/mymsg/lib/python3.8/site-packages/mymsg/mymsg_s__rosidl_typesupport_introspection_c.cpython-38-x86_64-linux-gnu.so
[29.605s] -- Set runtime path of "/root/research-1/install/mymsg/lib/python3.8/site-packages/mymsg/mymsg_s__rosidl_typesupport_introspection_c.cpython-38-x86_64-linux-gnu.so" to ""
[29.605s] -- Installing: /root/research-1/install/mymsg/lib/python3.8/site-packages/mymsg/mymsg_s__rosidl_typesupport_c.cpython-38-x86_64-linux-gnu.so
[29.606s] -- Set runtime path of "/root/research-1/install/mymsg/lib/python3.8/site-packages/mymsg/mymsg_s__rosidl_typesupport_c.cpython-38-x86_64-linux-gnu.so" to ""
[29.606s] -- Installing: /root/research-1/install/mymsg/lib/libmymsg__python.so
[29.607s] -- Set runtime path of "/root/research-1/install/mymsg/lib/libmymsg__python.so" to ""
[29.607s] -- Installing: /root/research-1/install/mymsg/share/mymsg/msg/Pose.idl
[29.607s] -- Installing: /root/research-1/install/mymsg/share/mymsg/msg/Poses.idl
[29.607s] -- Installing: /root/research-1/install/mymsg/share/mymsg/msg/Transform.idl
[29.607s] -- Installing: /root/research-1/install/mymsg/share/mymsg/msg/MultiTransform.idl
[29.608s] -- Installing: /root/research-1/install/mymsg/share/mymsg/srv/Imagedata.idl
[29.608s] -- Installing: /root/research-1/install/mymsg/share/mymsg/msg/Pose.msg
[29.608s] -- Installing: /root/research-1/install/mymsg/share/mymsg/msg/Poses.msg
[29.608s] -- Installing: /root/research-1/install/mymsg/share/mymsg/msg/Transform.msg
[29.609s] -- Installing: /root/research-1/install/mymsg/share/mymsg/msg/MultiTransform.msg
[29.609s] -- Installing: /root/research-1/install/mymsg/share/mymsg/srv/Imagedata.srv
[29.609s] -- Installing: /root/research-1/install/mymsg/share/mymsg/srv/Imagedata_Request.msg
[29.609s] -- Installing: /root/research-1/install/mymsg/share/mymsg/srv/Imagedata_Response.msg
[29.610s] -- Installing: /root/research-1/install/mymsg/share/ament_index/resource_index/package_run_dependencies/mymsg
[29.610s] -- Installing: /root/research-1/install/mymsg/share/ament_index/resource_index/parent_prefix_path/mymsg
[29.610s] -- Installing: /root/research-1/install/mymsg/share/mymsg/environment/ament_prefix_path.sh
[29.611s] -- Installing: /root/research-1/install/mymsg/share/mymsg/environment/ament_prefix_path.dsv
[29.611s] -- Installing: /root/research-1/install/mymsg/share/mymsg/environment/path.sh
[29.611s] -- Installing: /root/research-1/install/mymsg/share/mymsg/environment/path.dsv
[29.611s] -- Installing: /root/research-1/install/mymsg/share/mymsg/local_setup.bash
[29.612s] -- Installing: /root/research-1/install/mymsg/share/mymsg/local_setup.sh
[29.612s] -- Installing: /root/research-1/install/mymsg/share/mymsg/local_setup.zsh
[29.612s] -- Installing: /root/research-1/install/mymsg/share/mymsg/local_setup.dsv
[29.612s] -- Installing: /root/research-1/install/mymsg/share/mymsg/package.dsv
[29.613s] -- Installing: /root/research-1/install/mymsg/share/ament_index/resource_index/packages/mymsg
[29.613s] -- Installing: /root/research-1/install/mymsg/share/mymsg/cmake/mymsg__rosidl_generator_cExport.cmake
[29.613s] -- Installing: /root/research-1/install/mymsg/share/mymsg/cmake/mymsg__rosidl_generator_cExport-noconfig.cmake
[29.614s] -- Installing: /root/research-1/install/mymsg/share/mymsg/cmake/mymsg__rosidl_typesupport_introspection_cExport.cmake
[29.614s] -- Installing: /root/research-1/install/mymsg/share/mymsg/cmake/mymsg__rosidl_typesupport_introspection_cExport-noconfig.cmake
[29.614s] -- Installing: /root/research-1/install/mymsg/share/mymsg/cmake/mymsg__rosidl_typesupport_cExport.cmake
[29.614s] -- Installing: /root/research-1/install/mymsg/share/mymsg/cmake/mymsg__rosidl_typesupport_cExport-noconfig.cmake
[29.615s] -- Installing: /root/research-1/install/mymsg/share/mymsg/cmake/mymsg__rosidl_generator_cppExport.cmake
[29.615s] -- Installing: /root/research-1/install/mymsg/share/mymsg/cmake/mymsg__rosidl_typesupport_introspection_cppExport.cmake
[29.615s] -- Installing: /root/research-1/install/mymsg/share/mymsg/cmake/mymsg__rosidl_typesupport_introspection_cppExport-noconfig.cmake
[29.616s] -- Installing: /root/research-1/install/mymsg/share/mymsg/cmake/mymsg__rosidl_typesupport_cppExport.cmake
[29.616s] -- Installing: /root/research-1/install/mymsg/share/mymsg/cmake/mymsg__rosidl_typesupport_cppExport-noconfig.cmake
[29.616s] -- Installing: /root/research-1/install/mymsg/share/mymsg/cmake/rosidl_cmake-extras.cmake
[29.616s] -- Installing: /root/research-1/install/mymsg/share/mymsg/cmake/ament_cmake_export_dependencies-extras.cmake
[29.617s] -- Installing: /root/research-1/install/mymsg/share/mymsg/cmake/ament_cmake_export_libraries-extras.cmake
[29.617s] -- Installing: /root/research-1/install/mymsg/share/mymsg/cmake/ament_cmake_export_targets-extras.cmake
[29.617s] -- Installing: /root/research-1/install/mymsg/share/mymsg/cmake/ament_cmake_export_include_directories-extras.cmake
[29.617s] -- Installing: /root/research-1/install/mymsg/share/mymsg/cmake/rosidl_cmake_export_typesupport_libraries-extras.cmake
[29.618s] -- Installing: /root/research-1/install/mymsg/share/mymsg/cmake/rosidl_cmake_export_typesupport_targets-extras.cmake
[29.618s] -- Installing: /root/research-1/install/mymsg/share/mymsg/cmake/mymsgConfig.cmake
[29.618s] -- Installing: /root/research-1/install/mymsg/share/mymsg/cmake/mymsgConfig-version.cmake
[29.618s] -- Installing: /root/research-1/install/mymsg/share/mymsg/package.xml
[29.622s] Invoked command in '/root/research-1/build/mymsg' returned '0': CMAKE_PREFIX_PATH=${CMAKE_PREFIX_PATH}:/root/research_version_two/install/pose_chaser:/root/Pose_waypointmaker/install/tf2_pifpaf:/root/Pose_waypointmaker/install/ros2_pifpaf:/root/Pose_waypointmaker/install/pifpaf_navi:/root/sirius/sirius_ws/install/turtlebot3_teleop:/root/sirius/sirius_ws/install/turtlebot3_example:/opt/ros/foxy /usr/bin/cmake --install /root/research-1/build/mymsg
